[32mINFO    [0m pytest_operator.plugin:plugin.py:951 Model status:

Model    Controller          Cloud/Region        Version  SLA          Timestamp
testing  concierge-microk8s  microk8s/localhost  3.6.14   unsupported  01:39:42Z

App             Version  Status   Scale  Charm            Channel      Rev  Address         Exposed  Message
finos-waltz              blocked      1  finos-waltz-k8s  latest/edge   33  10.152.183.160  no       Waiting for database configuration.
pgbouncer-k8s   1.21.0   error        3  pgbouncer-k8s                   0  10.152.183.229  no       hook failed: "pgb-peers-relation-changed"
postgresql-k8s  14.20    active       3  postgresql-k8s   14/edge      745  10.152.183.105  no       

Unit               Workload  Agent      Address      Ports  Message
finos-waltz/0*     blocked   idle       10.1.119.12         Waiting for database configuration.
pgbouncer-k8s/0    blocked   idle       10.1.119.9          PgBouncer service metrics_server not running: service status = ServiceStatus.INACTIVE
pgbouncer-k8s/1    error     idle       10.1.119.11         hook failed: "pgb-peers-relation-changed"
pgbouncer-k8s/2*   active    executing  10.1.119.10         
postgresql-k8s/0   active    executing  10.1.119.17         
postgresql-k8s/1   active    executing  10.1.119.18         
postgresql-k8s/2*  active    executing  10.1.119.19         Primary

[32mINFO    [0m pytest_operator.plugin:plugin.py:957 Juju error logs:

unit-pgbouncer-k8s-1: 01:39:41 ERROR unit.pgbouncer-k8s/1.juju-log pgb-peers:0: Uncaught exception while in charm code:
Traceback (most recent call last):
  File "/var/lib/juju/agents/unit-pgbouncer-k8s-1/charm/venv/lib/python3.10/site-packages/ops/model.py", line 3570, in _wrap_hookcmd
    yield
  File "/var/lib/juju/agents/unit-pgbouncer-k8s-1/charm/venv/lib/python3.10/site-packages/ops/model.py", line 3921, in secret_get
    return hookcmds.secret_get(
  File "/var/lib/juju/agents/unit-pgbouncer-k8s-1/charm/venv/lib/python3.10/site-packages/ops/hookcmds/_secret.py", line 153, in secret_get
    stdout = run('secret-get', '--format=json', *args)
  File "/var/lib/juju/agents/unit-pgbouncer-k8s-1/charm/venv/lib/python3.10/site-packages/ops/hookcmds/_utils.py", line 53, in run
    raise Error(returncode=e.returncode, cmd=e.cmd, stdout=e.stdout, stderr=e.stderr) from None
ops.hookcmds._utils.Error: command ('secret-get', '--format=json', '--label', 'pgb-peers.pgbouncer-k8s.app') exited with status 1

The above exception was the direct cause of the following exception:

Traceback (most recent call last):
  File "/var/lib/juju/agents/unit-pgbouncer-k8s-1/charm/src/charm.py", line 1176, in <module>
    main(PgBouncerK8sCharm)
  File "/var/lib/juju/agents/unit-pgbouncer-k8s-1/charm/venv/lib/python3.10/site-packages/ops/__init__.py", line 360, in __call__
    return _main.main(charm_class=charm_class, use_juju_for_storage=use_juju_for_storage)
  File "/var/lib/juju/agents/unit-pgbouncer-k8s-1/charm/venv/lib/python3.10/site-packages/ops/_main.py", line 507, in main
    manager.run()
  File "/var/lib/juju/agents/unit-pgbouncer-k8s-1/charm/venv/lib/python3.10/site-packages/ops/_main.py", line 491, in run
    self._emit()
  File "/var/lib/juju/agents/unit-pgbouncer-k8s-1/charm/venv/lib/python3.10/site-packages/ops/_main.py", line 426, in _emit
    self._emit_charm_event(self.dispatcher.event_name)
  File "/var/lib/juju/agents/unit-pgbouncer-k8s-1/charm/venv/lib/python3.10/site-packages/ops/_main.py", line 470, in _emit_charm_event
    event_to_emit.emit(*args, **kwargs)
  File "/var/lib/juju/agents/unit-pgbouncer-k8s-1/charm/venv/lib/python3.10/site-packages/ops/framework.py", line 337, in emit
    framework._emit(event)
  File "/var/lib/juju/agents/unit-pgbouncer-k8s-1/charm/venv/lib/python3.10/site-packages/ops/framework.py", line 910, in _emit
    self._reemit(event_path)
  File "/var/lib/juju/agents/unit-pgbouncer-k8s-1/charm/venv/lib/python3.10/site-packages/ops/framework.py", line 1028, in _reemit
    custom_handler(event)
  File "/var/lib/juju/agents/unit-pgbouncer-k8s-1/charm/lib/charms/tempo_coordinator_k8s/v0/charm_tracing.py", line 946, in wrapped_function
    return callable(*args, **kwargs)  # type: ignore
  File "/var/lib/juju/agents/unit-pgbouncer-k8s-1/charm/src/relations/peers.py", line 137, in _on_changed
    self.charm.render_pgb_config()
  File "/var/lib/juju/agents/unit-pgbouncer-k8s-1/charm/lib/charms/tempo_coordinator_k8s/v0/charm_tracing.py", line 946, in wrapped_function
    return callable(*args, **kwargs)  # type: ignore
  File "/var/lib/juju/agents/unit-pgbouncer-k8s-1/charm/src/charm.py", line 1118, in render_pgb_config
    self.check_pgb_running()
  File "/var/lib/juju/agents/unit-pgbouncer-k8s-1/charm/lib/charms/tempo_coordinator_k8s/v0/charm_tracing.py", line 946, in wrapped_function
    return callable(*args, **kwargs)  # type: ignore
  File "/var/lib/juju/agents/unit-pgbouncer-k8s-1/charm/src/charm.py", line 735, in check_pgb_running
    if self.backend.ready:
  File "/var/lib/juju/agents/unit-pgbouncer-k8s-1/charm/src/relations/backend_database.py", line 225, in ready
    if not self.charm.get_secret(APP_SCOPE, AUTH_FILE_DATABAG_KEY):
  File "/var/lib/juju/agents/unit-pgbouncer-k8s-1/charm/lib/charms/tempo_coordinator_k8s/v0/charm_tracing.py", line 946, in wrapped_function
    return callable(*args, **kwargs)  # type: ignore
  File "/var/lib/juju/agents/unit-pgbouncer-k8s-1/charm/src/charm.py", line 804, in get_secret
    return self.peer_relation_data(scope).get_secret(peers.id, secret_key)
  File "/var/lib/juju/agents/unit-pgbouncer-k8s-1/charm/lib/charms/data_platform_libs/v0/data_interfaces.py", line 649, in wrapper
    return f(self, *args, **kwargs)
  File "/var/lib/juju/agents/unit-pgbouncer-k8s-1/charm/lib/charms/data_platform_libs/v0/data_interfaces.py", line 2541, in get_secret
    and full_field not in self.current_secret_fields
  File "/var/lib/juju/agents/unit-pgbouncer-k8s-1/charm/lib/charms/data_platform_libs/v0/data_interfaces.py", line 2498, in current_secret_fields
    if content := self._get_group_secret_contents(relation, group):
  File "/var/lib/juju/agents/unit-pgbouncer-k8s-1/charm/lib/charms/data_platform_libs/v0/data_interfaces.py", line 2839, in _get_group_secret_contents
    result = super()._get_group_secret_contents(relation, group, secret_fields)
  File "/var/lib/juju/agents/unit-pgbouncer-k8s-1/charm/lib/charms/data_platform_libs/v0/data_interfaces.py", line 1499, in _get_group_secret_contents
    if (secret := self._get_relation_secret(relation.id, group)) and (
  File "/var/lib/juju/agents/unit-pgbouncer-k8s-1/charm/lib/charms/data_platform_libs/v0/data_interfaces.py", line 636, in wrapper
    return f(self, *args, **kwargs)
  File "/var/lib/juju/agents/unit-pgbouncer-k8s-1/charm/lib/charms/data_platform_libs/v0/data_interfaces.py", line 2826, in _get_relation_secret
    return self.secrets.get(
  File "/var/lib/juju/agents/unit-pgbouncer-k8s-1/charm/lib/charms/data_platform_libs/v0/data_interfaces.py", line 981, in get
    if secret.meta:
  File "/var/lib/juju/agents/unit-pgbouncer-k8s-1/charm/lib/charms/data_platform_libs/v0/data_interfaces.py", line 804, in meta
    self._secret_meta = self._model.get_secret(label=self.label)
  File "/var/lib/juju/agents/unit-pgbouncer-k8s-1/charm/venv/lib/python3.10/site-packages/ops/model.py", line 309, in get_secret
    content = self._backend.secret_get(id=id, label=label)
  File "/var/lib/juju/agents/unit-pgbouncer-k8s-1/charm/venv/lib/python3.10/site-packages/ops/model.py", line 3920, in secret_get
    with self._wrap_hookcmd('secret-get', id=id, label=label, refresh=refresh, peek=peek):
  File "/usr/lib/python3.10/contextlib.py", line 153, in __exit__
    self.gen.throw(typ, value, traceback)
  File "/var/lib/juju/agents/unit-pgbouncer-k8s-1/charm/venv/lib/python3.10/site-packages/ops/model.py", line 3580, in _wrap_hookcmd
    raise ModelError(e.stderr) from e
ops.model.ModelError: ERROR permission denied


[32mINFO    [0m pytest_operator.plugin:plugin.py:1039 Forgetting model main...