{"uid":"307c96918c971096","name":"test_mattermost_db","fullName":"tests.integration.test_tls#test_mattermost_db","historyId":"cdae414860de0e7068bea24175d8d4b0","time":{"start":1724550300537,"stop":1724550409993,"duration":109456},"description":"Deploy Mattermost to test the 'db' relation.\n\n    Mattermost needs TLS enabled on PgBouncer to correctly connect to it.\n\n    Args:\n        ops_test: The ops test framework\n    ","descriptionHtml":"<p>Deploy Mattermost to test the 'db' relation.</p>\n<pre><code>Mattermost needs TLS enabled on PgBouncer to correctly connect to it.\n\nArgs:\n    ops_test: The ops test framework\n</code></pre>\n","status":"broken","statusMessage":"juju.errors.JujuUnitError: Unit in error: mattermost-k8s/1","statusTrace":"Traceback (most recent call last):\n  File \"/home/runner/work/pgbouncer-k8s-operator/pgbouncer-k8s-operator/.tox/integration/lib/python3.10/site-packages/_pytest/runner.py\", line 341, in from_call\n    result: TResult | None = func()\n  File \"/home/runner/work/pgbouncer-k8s-operator/pgbouncer-k8s-operator/.tox/integration/lib/python3.10/site-packages/_pytest/runner.py\", line 242, in <lambda>\n    lambda: runtest_hook(item=item, **kwds), when=when, reraise=reraise\n  File \"/home/runner/work/pgbouncer-k8s-operator/pgbouncer-k8s-operator/.tox/integration/lib/python3.10/site-packages/pluggy/_hooks.py\", line 513, in __call__\n    return self._hookexec(self.name, self._hookimpls.copy(), kwargs, firstresult)\n  File \"/home/runner/work/pgbouncer-k8s-operator/pgbouncer-k8s-operator/.tox/integration/lib/python3.10/site-packages/pluggy/_manager.py\", line 120, in _hookexec\n    return self._inner_hookexec(hook_name, methods, kwargs, firstresult)\n  File \"/home/runner/work/pgbouncer-k8s-operator/pgbouncer-k8s-operator/.tox/integration/lib/python3.10/site-packages/pluggy/_callers.py\", line 182, in _multicall\n    return outcome.get_result()\n  File \"/home/runner/work/pgbouncer-k8s-operator/pgbouncer-k8s-operator/.tox/integration/lib/python3.10/site-packages/pluggy/_result.py\", line 100, in get_result\n    raise exc.with_traceback(exc.__traceback__)\n  File \"/home/runner/work/pgbouncer-k8s-operator/pgbouncer-k8s-operator/.tox/integration/lib/python3.10/site-packages/pluggy/_callers.py\", line 167, in _multicall\n    teardown.throw(outcome._exception)\n  File \"/home/runner/work/pgbouncer-k8s-operator/pgbouncer-k8s-operator/.tox/integration/lib/python3.10/site-packages/_pytest/threadexception.py\", line 92, in pytest_runtest_call\n    yield from thread_exception_runtest_hook()\n  File \"/home/runner/work/pgbouncer-k8s-operator/pgbouncer-k8s-operator/.tox/integration/lib/python3.10/site-packages/_pytest/threadexception.py\", line 68, in thread_exception_runtest_hook\n    yield\n  File \"/home/runner/work/pgbouncer-k8s-operator/pgbouncer-k8s-operator/.tox/integration/lib/python3.10/site-packages/pluggy/_callers.py\", line 167, in _multicall\n    teardown.throw(outcome._exception)\n  File \"/home/runner/work/pgbouncer-k8s-operator/pgbouncer-k8s-operator/.tox/integration/lib/python3.10/site-packages/_pytest/unraisableexception.py\", line 95, in pytest_runtest_call\n    yield from unraisable_exception_runtest_hook()\n  File \"/home/runner/work/pgbouncer-k8s-operator/pgbouncer-k8s-operator/.tox/integration/lib/python3.10/site-packages/_pytest/unraisableexception.py\", line 70, in unraisable_exception_runtest_hook\n    yield\n  File \"/home/runner/work/pgbouncer-k8s-operator/pgbouncer-k8s-operator/.tox/integration/lib/python3.10/site-packages/pluggy/_callers.py\", line 167, in _multicall\n    teardown.throw(outcome._exception)\n  File \"/home/runner/work/pgbouncer-k8s-operator/pgbouncer-k8s-operator/.tox/integration/lib/python3.10/site-packages/_pytest/logging.py\", line 848, in pytest_runtest_call\n    yield from self._runtest_for(item, \"call\")\n  File \"/home/runner/work/pgbouncer-k8s-operator/pgbouncer-k8s-operator/.tox/integration/lib/python3.10/site-packages/_pytest/logging.py\", line 831, in _runtest_for\n    yield\n  File \"/home/runner/work/pgbouncer-k8s-operator/pgbouncer-k8s-operator/.tox/integration/lib/python3.10/site-packages/pluggy/_callers.py\", line 167, in _multicall\n    teardown.throw(outcome._exception)\n  File \"/home/runner/work/pgbouncer-k8s-operator/pgbouncer-k8s-operator/.tox/integration/lib/python3.10/site-packages/_pytest/capture.py\", line 879, in pytest_runtest_call\n    return (yield)\n  File \"/home/runner/work/pgbouncer-k8s-operator/pgbouncer-k8s-operator/.tox/integration/lib/python3.10/site-packages/pluggy/_callers.py\", line 167, in _multicall\n    teardown.throw(outcome._exception)\n  File \"/home/runner/work/pgbouncer-k8s-operator/pgbouncer-k8s-operator/.tox/integration/lib/python3.10/site-packages/_pytest/skipping.py\", line 257, in pytest_runtest_call\n    return (yield)\n  File \"/home/runner/work/pgbouncer-k8s-operator/pgbouncer-k8s-operator/.tox/integration/lib/python3.10/site-packages/pluggy/_callers.py\", line 103, in _multicall\n    res = hook_impl.function(*args)\n  File \"/home/runner/work/pgbouncer-k8s-operator/pgbouncer-k8s-operator/.tox/integration/lib/python3.10/site-packages/_pytest/runner.py\", line 174, in pytest_runtest_call\n    item.runtest()\n  File \"/home/runner/work/pgbouncer-k8s-operator/pgbouncer-k8s-operator/.tox/integration/lib/python3.10/site-packages/_pytest/python.py\", line 1627, in runtest\n    self.ihook.pytest_pyfunc_call(pyfuncitem=self)\n  File \"/home/runner/work/pgbouncer-k8s-operator/pgbouncer-k8s-operator/.tox/integration/lib/python3.10/site-packages/pluggy/_hooks.py\", line 513, in __call__\n    return self._hookexec(self.name, self._hookimpls.copy(), kwargs, firstresult)\n  File \"/home/runner/work/pgbouncer-k8s-operator/pgbouncer-k8s-operator/.tox/integration/lib/python3.10/site-packages/pluggy/_manager.py\", line 120, in _hookexec\n    return self._inner_hookexec(hook_name, methods, kwargs, firstresult)\n  File \"/home/runner/work/pgbouncer-k8s-operator/pgbouncer-k8s-operator/.tox/integration/lib/python3.10/site-packages/pluggy/_callers.py\", line 182, in _multicall\n    return outcome.get_result()\n  File \"/home/runner/work/pgbouncer-k8s-operator/pgbouncer-k8s-operator/.tox/integration/lib/python3.10/site-packages/pluggy/_result.py\", line 100, in get_result\n    raise exc.with_traceback(exc.__traceback__)\n  File \"/home/runner/work/pgbouncer-k8s-operator/pgbouncer-k8s-operator/.tox/integration/lib/python3.10/site-packages/pluggy/_callers.py\", line 103, in _multicall\n    res = hook_impl.function(*args)\n  File \"/home/runner/work/pgbouncer-k8s-operator/pgbouncer-k8s-operator/.tox/integration/lib/python3.10/site-packages/_pytest/python.py\", line 159, in pytest_pyfunc_call\n    result = testfunction(**testargs)\n  File \"/home/runner/work/pgbouncer-k8s-operator/pgbouncer-k8s-operator/.tox/integration/lib/python3.10/site-packages/pytest_asyncio/plugin.py\", line 529, in inner\n    _loop.run_until_complete(task)\n  File \"/usr/lib/python3.10/asyncio/base_events.py\", line 649, in run_until_complete\n    return future.result()\n  File \"/home/runner/work/pgbouncer-k8s-operator/pgbouncer-k8s-operator/tests/integration/test_tls.py\", line 170, in test_mattermost_db\n    await deploy_and_relate_application_with_pgbouncer(\n  File \"/home/runner/work/pgbouncer-k8s-operator/pgbouncer-k8s-operator/tests/integration/helpers/helpers.py\", line 307, in deploy_and_relate_application_with_pgbouncer\n    await ops_test.model.wait_for_idle(\n  File \"/home/runner/work/pgbouncer-k8s-operator/pgbouncer-k8s-operator/.tox/integration/lib/python3.10/site-packages/juju/model.py\", line 2964, in wait_for_idle\n    _raise_for_status(errors, \"error\")\n  File \"/home/runner/work/pgbouncer-k8s-operator/pgbouncer-k8s-operator/.tox/integration/lib/python3.10/site-packages/juju/model.py\", line 2870, in _raise_for_status\n    raise error_type(\"{}{} in {}: {}\".format(\njuju.errors.JujuUnitError: Unit in error: mattermost-k8s/1","flaky":false,"newFailed":false,"newBroken":true,"newPassed":false,"retriesCount":1,"retriesStatusChange":true,"beforeStages":[{"name":"tmp_path_factory","time":{"start":1724549541071,"stop":1724549541071,"duration":0},"status":"passed","steps":[],"attachments":[],"parameters":[],"stepsCount":0,"shouldDisplayMessage":false,"attachmentsCount":0,"hasContent":false,"attachmentStep":false},{"name":"event_loop","time":{"start":1724549541071,"stop":1724549541071,"duration":0},"status":"passed","steps":[],"attachments":[],"parameters":[],"stepsCount":0,"shouldDisplayMessage":false,"attachmentsCount":0,"hasContent":false,"attachmentStep":false},{"name":"ops_test","time":{"start":1724549541071,"stop":1724549541318,"duration":247},"status":"passed","steps":[],"attachments":[],"parameters":[],"stepsCount":0,"shouldDisplayMessage":false,"attachmentsCount":0,"hasContent":false,"attachmentStep":false},{"name":"abort_on_fail","time":{"start":1724550300537,"stop":1724550300537,"duration":0},"status":"passed","steps":[],"attachments":[],"parameters":[],"stepsCount":0,"shouldDisplayMessage":false,"attachmentsCount":0,"hasContent":false,"attachmentStep":false}],"testStage":{"description":"Deploy Mattermost to test the 'db' relation.\n\n    Mattermost needs TLS enabled on PgBouncer to correctly connect to it.\n\n    Args:\n        ops_test: The ops test framework\n    ","status":"broken","statusMessage":"juju.errors.JujuUnitError: Unit in error: mattermost-k8s/1","statusTrace":"Traceback (most recent call last):\n  File \"/home/runner/work/pgbouncer-k8s-operator/pgbouncer-k8s-operator/.tox/integration/lib/python3.10/site-packages/_pytest/runner.py\", line 341, in from_call\n    result: TResult | None = func()\n  File \"/home/runner/work/pgbouncer-k8s-operator/pgbouncer-k8s-operator/.tox/integration/lib/python3.10/site-packages/_pytest/runner.py\", line 242, in <lambda>\n    lambda: runtest_hook(item=item, **kwds), when=when, reraise=reraise\n  File \"/home/runner/work/pgbouncer-k8s-operator/pgbouncer-k8s-operator/.tox/integration/lib/python3.10/site-packages/pluggy/_hooks.py\", line 513, in __call__\n    return self._hookexec(self.name, self._hookimpls.copy(), kwargs, firstresult)\n  File \"/home/runner/work/pgbouncer-k8s-operator/pgbouncer-k8s-operator/.tox/integration/lib/python3.10/site-packages/pluggy/_manager.py\", line 120, in _hookexec\n    return self._inner_hookexec(hook_name, methods, kwargs, firstresult)\n  File \"/home/runner/work/pgbouncer-k8s-operator/pgbouncer-k8s-operator/.tox/integration/lib/python3.10/site-packages/pluggy/_callers.py\", line 182, in _multicall\n    return outcome.get_result()\n  File \"/home/runner/work/pgbouncer-k8s-operator/pgbouncer-k8s-operator/.tox/integration/lib/python3.10/site-packages/pluggy/_result.py\", line 100, in get_result\n    raise exc.with_traceback(exc.__traceback__)\n  File \"/home/runner/work/pgbouncer-k8s-operator/pgbouncer-k8s-operator/.tox/integration/lib/python3.10/site-packages/pluggy/_callers.py\", line 167, in _multicall\n    teardown.throw(outcome._exception)\n  File \"/home/runner/work/pgbouncer-k8s-operator/pgbouncer-k8s-operator/.tox/integration/lib/python3.10/site-packages/_pytest/threadexception.py\", line 92, in pytest_runtest_call\n    yield from thread_exception_runtest_hook()\n  File \"/home/runner/work/pgbouncer-k8s-operator/pgbouncer-k8s-operator/.tox/integration/lib/python3.10/site-packages/_pytest/threadexception.py\", line 68, in thread_exception_runtest_hook\n    yield\n  File \"/home/runner/work/pgbouncer-k8s-operator/pgbouncer-k8s-operator/.tox/integration/lib/python3.10/site-packages/pluggy/_callers.py\", line 167, in _multicall\n    teardown.throw(outcome._exception)\n  File \"/home/runner/work/pgbouncer-k8s-operator/pgbouncer-k8s-operator/.tox/integration/lib/python3.10/site-packages/_pytest/unraisableexception.py\", line 95, in pytest_runtest_call\n    yield from unraisable_exception_runtest_hook()\n  File \"/home/runner/work/pgbouncer-k8s-operator/pgbouncer-k8s-operator/.tox/integration/lib/python3.10/site-packages/_pytest/unraisableexception.py\", line 70, in unraisable_exception_runtest_hook\n    yield\n  File \"/home/runner/work/pgbouncer-k8s-operator/pgbouncer-k8s-operator/.tox/integration/lib/python3.10/site-packages/pluggy/_callers.py\", line 167, in _multicall\n    teardown.throw(outcome._exception)\n  File \"/home/runner/work/pgbouncer-k8s-operator/pgbouncer-k8s-operator/.tox/integration/lib/python3.10/site-packages/_pytest/logging.py\", line 848, in pytest_runtest_call\n    yield from self._runtest_for(item, \"call\")\n  File \"/home/runner/work/pgbouncer-k8s-operator/pgbouncer-k8s-operator/.tox/integration/lib/python3.10/site-packages/_pytest/logging.py\", line 831, in _runtest_for\n    yield\n  File \"/home/runner/work/pgbouncer-k8s-operator/pgbouncer-k8s-operator/.tox/integration/lib/python3.10/site-packages/pluggy/_callers.py\", line 167, in _multicall\n    teardown.throw(outcome._exception)\n  File \"/home/runner/work/pgbouncer-k8s-operator/pgbouncer-k8s-operator/.tox/integration/lib/python3.10/site-packages/_pytest/capture.py\", line 879, in pytest_runtest_call\n    return (yield)\n  File \"/home/runner/work/pgbouncer-k8s-operator/pgbouncer-k8s-operator/.tox/integration/lib/python3.10/site-packages/pluggy/_callers.py\", line 167, in _multicall\n    teardown.throw(outcome._exception)\n  File \"/home/runner/work/pgbouncer-k8s-operator/pgbouncer-k8s-operator/.tox/integration/lib/python3.10/site-packages/_pytest/skipping.py\", line 257, in pytest_runtest_call\n    return (yield)\n  File \"/home/runner/work/pgbouncer-k8s-operator/pgbouncer-k8s-operator/.tox/integration/lib/python3.10/site-packages/pluggy/_callers.py\", line 103, in _multicall\n    res = hook_impl.function(*args)\n  File \"/home/runner/work/pgbouncer-k8s-operator/pgbouncer-k8s-operator/.tox/integration/lib/python3.10/site-packages/_pytest/runner.py\", line 174, in pytest_runtest_call\n    item.runtest()\n  File \"/home/runner/work/pgbouncer-k8s-operator/pgbouncer-k8s-operator/.tox/integration/lib/python3.10/site-packages/_pytest/python.py\", line 1627, in runtest\n    self.ihook.pytest_pyfunc_call(pyfuncitem=self)\n  File \"/home/runner/work/pgbouncer-k8s-operator/pgbouncer-k8s-operator/.tox/integration/lib/python3.10/site-packages/pluggy/_hooks.py\", line 513, in __call__\n    return self._hookexec(self.name, self._hookimpls.copy(), kwargs, firstresult)\n  File \"/home/runner/work/pgbouncer-k8s-operator/pgbouncer-k8s-operator/.tox/integration/lib/python3.10/site-packages/pluggy/_manager.py\", line 120, in _hookexec\n    return self._inner_hookexec(hook_name, methods, kwargs, firstresult)\n  File \"/home/runner/work/pgbouncer-k8s-operator/pgbouncer-k8s-operator/.tox/integration/lib/python3.10/site-packages/pluggy/_callers.py\", line 182, in _multicall\n    return outcome.get_result()\n  File \"/home/runner/work/pgbouncer-k8s-operator/pgbouncer-k8s-operator/.tox/integration/lib/python3.10/site-packages/pluggy/_result.py\", line 100, in get_result\n    raise exc.with_traceback(exc.__traceback__)\n  File \"/home/runner/work/pgbouncer-k8s-operator/pgbouncer-k8s-operator/.tox/integration/lib/python3.10/site-packages/pluggy/_callers.py\", line 103, in _multicall\n    res = hook_impl.function(*args)\n  File \"/home/runner/work/pgbouncer-k8s-operator/pgbouncer-k8s-operator/.tox/integration/lib/python3.10/site-packages/_pytest/python.py\", line 159, in pytest_pyfunc_call\n    result = testfunction(**testargs)\n  File \"/home/runner/work/pgbouncer-k8s-operator/pgbouncer-k8s-operator/.tox/integration/lib/python3.10/site-packages/pytest_asyncio/plugin.py\", line 529, in inner\n    _loop.run_until_complete(task)\n  File \"/usr/lib/python3.10/asyncio/base_events.py\", line 649, in run_until_complete\n    return future.result()\n  File \"/home/runner/work/pgbouncer-k8s-operator/pgbouncer-k8s-operator/tests/integration/test_tls.py\", line 170, in test_mattermost_db\n    await deploy_and_relate_application_with_pgbouncer(\n  File \"/home/runner/work/pgbouncer-k8s-operator/pgbouncer-k8s-operator/tests/integration/helpers/helpers.py\", line 307, in deploy_and_relate_application_with_pgbouncer\n    await ops_test.model.wait_for_idle(\n  File \"/home/runner/work/pgbouncer-k8s-operator/pgbouncer-k8s-operator/.tox/integration/lib/python3.10/site-packages/juju/model.py\", line 2964, in wait_for_idle\n    _raise_for_status(errors, \"error\")\n  File \"/home/runner/work/pgbouncer-k8s-operator/pgbouncer-k8s-operator/.tox/integration/lib/python3.10/site-packages/juju/model.py\", line 2870, in _raise_for_status\n    raise error_type(\"{}{} in {}: {}\".format(\njuju.errors.JujuUnitError: Unit in error: mattermost-k8s/1","steps":[],"attachments":[{"uid":"2e6039be6d4086ef","name":"log","source":"2e6039be6d4086ef.txt","type":"text/plain","size":3202}],"parameters":[],"stepsCount":0,"shouldDisplayMessage":true,"attachmentsCount":1,"hasContent":true,"attachmentStep":false},"afterStages":[{"name":"abort_on_fail::0","time":{"start":1724550409998,"stop":1724550409998,"duration":0},"status":"passed","steps":[],"attachments":[],"parameters":[],"stepsCount":0,"shouldDisplayMessage":false,"attachmentsCount":0,"hasContent":false,"attachmentStep":false},{"name":"ops_test::finalizer","time":{"start":1724550409999,"stop":1724550411041,"duration":1042},"status":"passed","steps":[],"attachments":[],"parameters":[],"stepsCount":0,"shouldDisplayMessage":false,"attachmentsCount":0,"hasContent":false,"attachmentStep":false},{"name":"event_loop::2","time":{"start":1724550411041,"stop":1724550411042,"duration":1},"status":"passed","steps":[],"attachments":[],"parameters":[],"stepsCount":0,"shouldDisplayMessage":false,"attachmentsCount":0,"hasContent":false,"attachmentStep":false},{"name":"event_loop::_close_event_loop","time":{"start":1724550411042,"stop":1724550411042,"duration":0},"status":"passed","steps":[],"attachments":[],"parameters":[],"stepsCount":0,"shouldDisplayMessage":false,"attachmentsCount":0,"hasContent":false,"attachmentStep":false},{"name":"event_loop::_provide_clean_event_loop","time":{"start":1724550411042,"stop":1724550411042,"duration":0},"status":"passed","steps":[],"attachments":[],"parameters":[],"stepsCount":0,"shouldDisplayMessage":false,"attachmentsCount":0,"hasContent":false,"attachmentStep":false}],"labels":[{"name":"tag","value":"@pytest.mark.skipif(False, reason='Requires amd64 architecture')"},{"name":"tag","value":"group(1)"},{"name":"tag","value":"asyncio"},{"name":"parentSuite","value":"tests.integration"},{"name":"suite","value":"test_tls"},{"name":"host","value":"fv-az887-303"},{"name":"thread","value":"13080-MainThread"},{"name":"framework","value":"pytest"},{"name":"language","value":"cpython3"},{"name":"package","value":"tests.integration.test_tls"},{"name":"resultFormat","value":"allure2"}],"parameters":[],"links":[],"hidden":false,"retry":false,"extra":{"severity":"normal","retries":[{"uid":"e74258d8b562dbbb","status":"unknown","time":{}}],"categories":[{"name":"Test defects","matchedStatuses":[],"flaky":false}],"history":{"statistic":{"failed":0,"broken":42,"skipped":42,"passed":108,"unknown":3,"total":195},"items":[{"uid":"29e1060a07c78a09","reportUrl":"../2109//#testresult/29e1060a07c78a09","status":"passed","time":{"start":1724463847759,"stop":1724464013483,"duration":165724}},{"uid":"d6d5a74101dc9772","reportUrl":"../2107//#testresult/d6d5a74101dc9772","status":"passed","time":{"start":1724377398672,"stop":1724377568847,"duration":170175}},{"uid":"2b84039225c74436","reportUrl":"../2102//#testresult/2b84039225c74436","status":"passed","time":{"start":1724291004913,"stop":1724291172193,"duration":167280}},{"uid":"7afbaeffae4038f0","reportUrl":"../2100//#testresult/7afbaeffae4038f0","status":"broken","statusDetails":"juju.errors.JujuUnitError: Unit in error: mattermost-k8s/0","time":{"start":1724204564784,"stop":1724204668490,"duration":103706}},{"uid":"bf28bf7f515a0e78","reportUrl":"../2094//#testresult/bf28bf7f515a0e78","status":"passed","time":{"start":1724118365337,"stop":1724118529854,"duration":164517}},{"uid":"45c1c74ffe4689f3","reportUrl":"../2084//#testresult/45c1c74ffe4689f3","status":"broken","statusDetails":"juju.errors.JujuUnitError: Unit in error: mattermost-k8s/1","time":{"start":1724031957580,"stop":1724032062246,"duration":104666}},{"uid":"f6bb10739a89ae41","reportUrl":"../2081//#testresult/f6bb10739a89ae41","status":"passed","time":{"start":1723945398741,"stop":1723945574163,"duration":175422}},{"uid":"d1a530a5227e48df","reportUrl":"../2080//#testresult/d1a530a5227e48df","status":"passed","time":{"start":1723858996877,"stop":1723859162155,"duration":165278}},{"uid":"1ae4f177acbd45a0","reportUrl":"../2076//#testresult/1ae4f177acbd45a0","status":"passed","time":{"start":1723772744193,"stop":1723772913451,"duration":169258}},{"uid":"c115b8f49db641f9","reportUrl":"../2073//#testresult/c115b8f49db641f9","status":"passed","time":{"start":1723686269549,"stop":1723686438796,"duration":169247}},{"uid":"8bb2da509d70c64b","reportUrl":"../2070//#testresult/8bb2da509d70c64b","status":"passed","time":{"start":1723599976917,"stop":1723600150825,"duration":173908}},{"uid":"ea458862bc363822","reportUrl":"../2067//#testresult/ea458862bc363822","status":"passed","time":{"start":1723514042480,"stop":1723514213318,"duration":170838}},{"uid":"f8bacdd1bf822d3a","reportUrl":"../2066//#testresult/f8bacdd1bf822d3a","status":"passed","time":{"start":1723427315771,"stop":1723427489645,"duration":173874}},{"uid":"45c6755a3f7599cc","reportUrl":"../2065//#testresult/45c6755a3f7599cc","status":"passed","time":{"start":1723340916326,"stop":1723341096210,"duration":179884}},{"uid":"eed30d5c0d8f7061","reportUrl":"../2064//#testresult/eed30d5c0d8f7061","status":"passed","time":{"start":1723254304343,"stop":1723254473699,"duration":169356}},{"uid":"4e3ea6b9d11caeba","reportUrl":"../2062//#testresult/4e3ea6b9d11caeba","status":"passed","time":{"start":1723168211136,"stop":1723168383111,"duration":171975}},{"uid":"cfc23578909402dd","reportUrl":"../2059//#testresult/cfc23578909402dd","status":"passed","time":{"start":1723081934400,"stop":1723082104348,"duration":169948}},{"uid":"a06e123c974355de","reportUrl":"../2058//#testresult/a06e123c974355de","status":"broken","statusDetails":"juju.errors.JujuUnitError: Unit in error: mattermost-k8s/0","time":{"start":1722995275010,"stop":1722995383935,"duration":108925}},{"uid":"4a05930eb13c4809","reportUrl":"../2056//#testresult/4a05930eb13c4809","status":"passed","time":{"start":1722908731172,"stop":1722908895685,"duration":164513}},{"uid":"efcba58aeeb3b65","reportUrl":"../2054//#testresult/efcba58aeeb3b65","status":"passed","time":{"start":1722822441510,"stop":1722822607611,"duration":166101}}]},"tags":["asyncio","@pytest.mark.skipif(False, reason='Requires amd64 architecture')","group(1)"]},"source":"307c96918c971096.json","parameterValues":[]}