[32mINFO    [0m juju.model:__init__.py:3254 Waiting for model:
  postgresql-k8s/0 [idle] active: 
  postgresql-k8s/1 [idle] active: 
  postgresql-k8s/2 [idle] active: Primary
  pgbouncer-k8s/0 [executing] active: 
  pgbouncer-k8s/1 [executing] active: 
[32mINFO    [0m juju.model:__init__.py:3254 Waiting for model:
  postgresql-k8s/0 [idle] active: 
  postgresql-k8s/1 [idle] active: 
  postgresql-k8s/2 [idle] active: Primary
  pgbouncer-k8s/0 [idle] active: 
  pgbouncer-k8s/1 [idle] active: 
[32mINFO    [0m juju.model:__init__.py:3254 Waiting for model:
  pgbouncer-k8s/0 [idle] active: 
  pgbouncer-k8s/1 [idle] active: 
[32mINFO    [0m juju.model:__init__.py:3254 Waiting for model:
  pgbouncer-k8s/0 [idle] waiting: waiting for backend-database relation to connect
[32mINFO    [0m pytest_operator.plugin:plugin.py:951 Model status:

Model    Controller          Cloud/Region        Version  SLA          Timestamp
testing  concierge-microk8s  microk8s/localhost  3.6.9    unsupported  01:44:28Z

App            Version  Status   Scale  Charm          Channel  Rev  Address         Exposed  Message
pgbouncer-k8s  1.21.0   blocked      2  pgbouncer-k8s             0  10.152.183.128  no       waiting for backend database relation to initialise

Unit              Workload  Agent  Address       Ports  Message
pgbouncer-k8s/0   blocked   idle   10.1.113.137         waiting for backend database relation to initialise
pgbouncer-k8s/1*  blocked   idle   10.1.113.139         waiting for backend database relation to initialise

[32mINFO    [0m pytest_operator.plugin:plugin.py:957 Juju error logs:

controller-0: 01:42:49 ERROR juju.worker.caasapplicationprovisioner.runner exited "finos-waltz": getting OCI image resources: unable to fetch OCI image resources for finos-waltz: application "finos-waltz" dying or dead
unit-pgbouncer-k8s-1: 01:43:11 ERROR juju.worker.dependency "log-sender" manifold worker returned unexpected error: sending log message: websocket: close 1005 (no status): websocket: close sent
unit-pgbouncer-k8s-0: 01:43:11 ERROR juju.worker.dependency "log-sender" manifold worker returned unexpected error: sending log message: websocket: close 1005 (no status): websocket: close sent
unit-postgresql-k8s-1: 01:43:11 ERROR juju.worker.dependency "log-sender" manifold worker returned unexpected error: sending log message: websocket: close 1005 (no status): websocket: close sent
unit-postgresql-k8s-0: 01:43:11 ERROR juju.worker.dependency "log-sender" manifold worker returned unexpected error: sending log message: websocket: close 1005 (no status): websocket: close sent
unit-postgresql-k8s-2: 01:43:11 ERROR juju.worker.dependency "log-sender" manifold worker returned unexpected error: sending log message: websocket: close 1005 (no status): websocket: close sent
unit-postgresql-k8s-1: 01:43:55 ERROR unit.postgresql-k8s/1.juju-log failed to patch k8s Endpoints patroni-postgresql-k8s-failover
Traceback (most recent call last):
  File "/var/lib/juju/agents/unit-postgresql-k8s-1/charm/venv/lib/python3.10/site-packages/lightkube/core/generic_client.py", line 300, in raise_for_status
    resp.raise_for_status()
  File "/var/lib/juju/agents/unit-postgresql-k8s-1/charm/venv/lib/python3.10/site-packages/httpx/_models.py", line 829, in raise_for_status
    raise HTTPStatusError(message, request=request, response=self)
httpx.HTTPStatusError: Client error '409 Conflict' for url 'https://10.152.183.1/api/v1/namespaces/testing/endpoints/patroni-postgresql-k8s-failover?force=true&fieldManager=postgresql-k8s'
For more information check: https://developer.mozilla.org/en-US/docs/Web/HTTP/Status/409

During handling of the above exception, another exception occurred:

Traceback (most recent call last):
  File "/var/lib/juju/agents/unit-postgresql-k8s-1/charm/src/charm.py", line 1446, in _on_stop
    client.apply(
  File "/var/lib/juju/agents/unit-postgresql-k8s-1/charm/venv/lib/python3.10/site-packages/lightkube/core/client.py", line 757, in apply
    return self.patch(
  File "/var/lib/juju/agents/unit-postgresql-k8s-1/charm/venv/lib/python3.10/site-packages/lightkube/core/client.py", line 493, in patch
    return self._client.request(
  File "/var/lib/juju/agents/unit-postgresql-k8s-1/charm/venv/lib/python3.10/site-packages/lightkube/core/generic_client.py", line 384, in request
    return self.handle_response(method, resp, br)
  File "/var/lib/juju/agents/unit-postgresql-k8s-1/charm/venv/lib/python3.10/site-packages/lightkube/core/generic_client.py", line 316, in handle_response
    self.raise_for_status(resp)
  File "/var/lib/juju/agents/unit-postgresql-k8s-1/charm/venv/lib/python3.10/site-packages/lightkube/core/generic_client.py", line 302, in raise_for_status
    raise transform_exception(e)
lightkube.core.exceptions.ApiError: Operation cannot be fulfilled on endpoints "patroni-postgresql-k8s-failover": the object has been modified; please apply your changes to the latest version and try again
unit-postgresql-k8s-1: 01:43:55 ERROR unit.postgresql-k8s/1.juju-log failed to patch k8s Endpoints patroni-postgresql-k8s-sync
Traceback (most recent call last):
  File "/var/lib/juju/agents/unit-postgresql-k8s-1/charm/venv/lib/python3.10/site-packages/lightkube/core/generic_client.py", line 300, in raise_for_status
    resp.raise_for_status()
  File "/var/lib/juju/agents/unit-postgresql-k8s-1/charm/venv/lib/python3.10/site-packages/httpx/_models.py", line 829, in raise_for_status
    raise HTTPStatusError(message, request=request, response=self)
httpx.HTTPStatusError: Client error '409 Conflict' for url 'https://10.152.183.1/api/v1/namespaces/testing/endpoints/patroni-postgresql-k8s-sync?force=true&fieldManager=postgresql-k8s'
For more information check: https://developer.mozilla.org/en-US/docs/Web/HTTP/Status/409

During handling of the above exception, another exception occurred:

Traceback (most recent call last):
  File "/var/lib/juju/agents/unit-postgresql-k8s-1/charm/src/charm.py", line 1446, in _on_stop
    client.apply(
  File "/var/lib/juju/agents/unit-postgresql-k8s-1/charm/venv/lib/python3.10/site-packages/lightkube/core/client.py", line 757, in apply
    return self.patch(
  File "/var/lib/juju/agents/unit-postgresql-k8s-1/charm/venv/lib/python3.10/site-packages/lightkube/core/client.py", line 493, in patch
    return self._client.request(
  File "/var/lib/juju/agents/unit-postgresql-k8s-1/charm/venv/lib/python3.10/site-packages/lightkube/core/generic_client.py", line 384, in request
    return self.handle_response(method, resp, br)
  File "/var/lib/juju/agents/unit-postgresql-k8s-1/charm/venv/lib/python3.10/site-packages/lightkube/core/generic_client.py", line 316, in handle_response
    self.raise_for_status(resp)
  File "/var/lib/juju/agents/unit-postgresql-k8s-1/charm/venv/lib/python3.10/site-packages/lightkube/core/generic_client.py", line 302, in raise_for_status
    raise transform_exception(e)
lightkube.core.exceptions.ApiError: Operation cannot be fulfilled on endpoints "patroni-postgresql-k8s-sync": the object has been modified; please apply your changes to the latest version and try again
unit-postgresql-k8s-1: 01:43:55 ERROR unit.postgresql-k8s/1.juju-log failed to patch k8s Endpoints postgresql-k8s-primary
Traceback (most recent call last):
  File "/var/lib/juju/agents/unit-postgresql-k8s-1/charm/venv/lib/python3.10/site-packages/lightkube/core/generic_client.py", line 300, in raise_for_status
    resp.raise_for_status()
  File "/var/lib/juju/agents/unit-postgresql-k8s-1/charm/venv/lib/python3.10/site-packages/httpx/_models.py", line 829, in raise_for_status
    raise HTTPStatusError(message, request=request, response=self)
httpx.HTTPStatusError: Client error '409 Conflict' for url 'https://10.152.183.1/api/v1/namespaces/testing/endpoints/postgresql-k8s-primary?force=true&fieldManager=postgresql-k8s'
For more information check: https://developer.mozilla.org/en-US/docs/Web/HTTP/Status/409

During handling of the above exception, another exception occurred:

Traceback (most recent call last):
  File "/var/lib/juju/agents/unit-postgresql-k8s-1/charm/src/charm.py", line 1446, in _on_stop
    client.apply(
  File "/var/lib/juju/agents/unit-postgresql-k8s-1/charm/venv/lib/python3.10/site-packages/lightkube/core/client.py", line 757, in apply
    return self.patch(
  File "/var/lib/juju/agents/unit-postgresql-k8s-1/charm/venv/lib/python3.10/site-packages/lightkube/core/client.py", line 493, in patch
    return self._client.request(
  File "/var/lib/juju/agents/unit-postgresql-k8s-1/charm/venv/lib/python3.10/site-packages/lightkube/core/generic_client.py", line 384, in request
    return self.handle_response(method, resp, br)
  File "/var/lib/juju/agents/unit-postgresql-k8s-1/charm/venv/lib/python3.10/site-packages/lightkube/core/generic_client.py", line 316, in handle_response
    self.raise_for_status(resp)
  File "/var/lib/juju/agents/unit-postgresql-k8s-1/charm/venv/lib/python3.10/site-packages/lightkube/core/generic_client.py", line 302, in raise_for_status
    raise transform_exception(e)
lightkube.core.exceptions.ApiError: Operation cannot be fulfilled on endpoints "postgresql-k8s-primary": the object has been modified; please apply your changes to the latest version and try again
unit-postgresql-k8s-1: 01:43:55 ERROR unit.postgresql-k8s/1.juju-log failed to patch k8s Endpoints postgresql-k8s-replicas
Traceback (most recent call last):
  File "/var/lib/juju/agents/unit-postgresql-k8s-1/charm/venv/lib/python3.10/site-packages/lightkube/core/generic_client.py", line 300, in raise_for_status
    resp.raise_for_status()
  File "/var/lib/juju/agents/unit-postgresql-k8s-1/charm/venv/lib/python3.10/site-packages/httpx/_models.py", line 829, in raise_for_status
    raise HTTPStatusError(message, request=request, response=self)
httpx.HTTPStatusError: Client error '409 Conflict' for url 'https://10.152.183.1/api/v1/namespaces/testing/endpoints/postgresql-k8s-replicas?force=true&fieldManager=postgresql-k8s'
For more information check: https://developer.mozilla.org/en-US/docs/Web/HTTP/Status/409

During handling of the above exception, another exception occurred:

Traceback (most recent call last):
  File "/var/lib/juju/agents/unit-postgresql-k8s-1/charm/src/charm.py", line 1446, in _on_stop
    client.apply(
  File "/var/lib/juju/agents/unit-postgresql-k8s-1/charm/venv/lib/python3.10/site-packages/lightkube/core/client.py", line 757, in apply
    return self.patch(
  File "/var/lib/juju/agents/unit-postgresql-k8s-1/charm/venv/lib/python3.10/site-packages/lightkube/core/client.py", line 493, in patch
    return self._client.request(
  File "/var/lib/juju/agents/unit-postgresql-k8s-1/charm/venv/lib/python3.10/site-packages/lightkube/core/generic_client.py", line 384, in request
    return self.handle_response(method, resp, br)
  File "/var/lib/juju/agents/unit-postgresql-k8s-1/charm/venv/lib/python3.10/site-packages/lightkube/core/generic_client.py", line 316, in handle_response
    self.raise_for_status(resp)
  File "/var/lib/juju/agents/unit-postgresql-k8s-1/charm/venv/lib/python3.10/site-packages/lightkube/core/generic_client.py", line 302, in raise_for_status
    raise transform_exception(e)
lightkube.core.exceptions.ApiError: Operation cannot be fulfilled on endpoints "postgresql-k8s-replicas": the object has been modified; please apply your changes to the latest version and try again

[32mINFO    [0m pytest_operator.plugin:plugin.py:1039 Forgetting model main...