[32mINFO    [0m pytest_operator.plugin:plugin.py:951 Model status:

Model    Controller          Cloud/Region        Version  SLA          Timestamp
testing  concierge-microk8s  microk8s/localhost  3.6.12   unsupported  01:40:21Z

App             Version  Status   Scale  Charm            Channel      Rev  Address         Exposed  Message
finos-waltz              blocked      1  finos-waltz-k8s  latest/edge   33  10.152.183.34   no       Waiting for database configuration.
pgbouncer-k8s   1.21.0   error        3  pgbouncer-k8s                   0  10.152.183.131  no       hook failed: "backend-database-relation-changed"
postgresql-k8s  14.20    active       3  postgresql-k8s   14/edge      711  10.152.183.100  no       

Unit               Workload  Agent      Address      Ports  Message
finos-waltz/0*     blocked   idle       10.1.206.76         Waiting for database configuration.
pgbouncer-k8s/0    error     idle       10.1.206.73         hook failed: "backend-database-relation-changed"
pgbouncer-k8s/1*   blocked   executing  10.1.206.75         PgBouncer service metrics_server not running: service status = ServiceStatus.INACTIVE
pgbouncer-k8s/2    blocked   idle       10.1.206.74         waiting for backend database relation to initialise
postgresql-k8s/0*  active    executing  10.1.206.80         Primary
postgresql-k8s/1   active    idle       10.1.206.81         
postgresql-k8s/2   active    idle       10.1.206.82         

[32mINFO    [0m pytest_operator.plugin:plugin.py:957 Juju error logs:

unit-pgbouncer-k8s-0: 01:40:20 ERROR unit.pgbouncer-k8s/0.juju-log backend-database:5: Uncaught exception while in charm code:
Traceback (most recent call last):
  File "/var/lib/juju/agents/unit-pgbouncer-k8s-0/charm/venv/lib/python3.10/site-packages/ops/model.py", line 3637, in _run
    result = subprocess.run(args, **kwargs)  # type: ignore
  File "/usr/lib/python3.10/subprocess.py", line 526, in run
    raise CalledProcessError(retcode, process.args,
subprocess.CalledProcessError: Command '('/var/lib/juju/tools/unit-pgbouncer-k8s-0/secret-get', 'secret://97af82dc-dcd6-40ab-833b-0778f674e262/d5c770242a4c7blnvqc0', '--label', 'backend-database.5.user.secret', '--format=json')' returned non-zero exit status 1.

The above exception was the direct cause of the following exception:

Traceback (most recent call last):
  File "/var/lib/juju/agents/unit-pgbouncer-k8s-0/charm/src/charm.py", line 1163, in <module>
    main(PgBouncerK8sCharm)
  File "/var/lib/juju/agents/unit-pgbouncer-k8s-0/charm/venv/lib/python3.10/site-packages/ops/__init__.py", line 356, in __call__
    return _main.main(charm_class=charm_class, use_juju_for_storage=use_juju_for_storage)
  File "/var/lib/juju/agents/unit-pgbouncer-k8s-0/charm/venv/lib/python3.10/site-packages/ops/_main.py", line 502, in main
    manager.run()
  File "/var/lib/juju/agents/unit-pgbouncer-k8s-0/charm/venv/lib/python3.10/site-packages/ops/_main.py", line 486, in run
    self._emit()
  File "/var/lib/juju/agents/unit-pgbouncer-k8s-0/charm/venv/lib/python3.10/site-packages/ops/_main.py", line 421, in _emit
    self._emit_charm_event(self.dispatcher.event_name)
  File "/var/lib/juju/agents/unit-pgbouncer-k8s-0/charm/venv/lib/python3.10/site-packages/ops/_main.py", line 465, in _emit_charm_event
    event_to_emit.emit(*args, **kwargs)
  File "/var/lib/juju/agents/unit-pgbouncer-k8s-0/charm/venv/lib/python3.10/site-packages/ops/framework.py", line 351, in emit
    framework._emit(event)
  File "/var/lib/juju/agents/unit-pgbouncer-k8s-0/charm/venv/lib/python3.10/site-packages/ops/framework.py", line 924, in _emit
    self._reemit(event_path)
  File "/var/lib/juju/agents/unit-pgbouncer-k8s-0/charm/venv/lib/python3.10/site-packages/ops/framework.py", line 1030, in _reemit
    custom_handler(event)
  File "/var/lib/juju/agents/unit-pgbouncer-k8s-0/charm/lib/charms/data_platform_libs/v0/data_interfaces.py", line 3614, in _on_relation_changed_event
    self.relation_data._register_secrets_to_relation(event.relation, diff.added)
  File "/var/lib/juju/agents/unit-pgbouncer-k8s-0/charm/lib/charms/data_platform_libs/v0/data_interfaces.py", line 1371, in _register_secrets_to_relation
    self._register_secret_to_relation(relation.name, relation.id, secret_uri, group)
  File "/var/lib/juju/agents/unit-pgbouncer-k8s-0/charm/lib/charms/data_platform_libs/v0/data_interfaces.py", line 1356, in _register_secret_to_relation
    CachedSecret(self._model, self.component, label, secret_id).meta
  File "/var/lib/juju/agents/unit-pgbouncer-k8s-0/charm/lib/charms/data_platform_libs/v0/data_interfaces.py", line 771, in meta
    self._secret_meta = self._model.get_secret(id=self._secret_uri, label=self.label)
  File "/var/lib/juju/agents/unit-pgbouncer-k8s-0/charm/venv/lib/python3.10/site-packages/ops/model.py", line 325, in get_secret
    content = self._backend.secret_get(id=id, label=label)
  File "/var/lib/juju/agents/unit-pgbouncer-k8s-0/charm/venv/lib/python3.10/site-packages/ops/model.py", line 4023, in secret_get
    result = self._run('secret-get', *args, return_output=True, use_json=True)
  File "/var/lib/juju/agents/unit-pgbouncer-k8s-0/charm/venv/lib/python3.10/site-packages/ops/model.py", line 3639, in _run
    raise ModelError(e.stderr) from e
ops.model.ModelError: ERROR secrets "d5c770242a4c7blnvqc0-1" is forbidden: User "system:serviceaccount:testing:unit-pgbouncer-k8s-0" cannot get resource "secrets" in API group "" in the namespace "testing"

unit-pgbouncer-k8s-0: 01:40:20 ERROR juju.worker.uniter.operation hook "backend-database-relation-changed" (via hook dispatching script: dispatch) failed: exit status 1

[32mINFO    [0m pytest_operator.plugin:plugin.py:1039 Forgetting model main...