{"uid":"d8b83653af4b2efb","name":"test_scaled_relations","fullName":"tests.integration.relations.test_peers#test_scaled_relations","historyId":"5942c6ae07b391e5af3de73e70fa8f6d","time":{"start":1739324964927,"stop":1739325968581,"duration":1003654},"description":"Test that the pgbouncer and postgres charms can relate to one another.","descriptionHtml":"<p>Test that the pgbouncer and postgres charms can relate to one another.</p>\n","status":"broken","statusMessage":"TimeoutError: Timed out waiting for model:\n  postgresql-k8s/0 [idle] unknown: \n  postgresql-k8s/1 [idle] unknown: \n  postgresql-k8s/2 [executing] waiting: awaiting for primary endpoint to be ready","statusTrace":"Traceback (most recent call last):\n  File \"/root/spread_project/.tox/integration/lib/python3.12/site-packages/_pytest/runner.py\", line 341, in from_call\n    result: TResult | None = func()\n                             ^^^^^^\n  File \"/root/spread_project/.tox/integration/lib/python3.12/site-packages/_pytest/runner.py\", line 242, in <lambda>\n    lambda: runtest_hook(item=item, **kwds), when=when, reraise=reraise\n            ^^^^^^^^^^^^^^^^^^^^^^^^^^^^^^^\n  File \"/root/spread_project/.tox/integration/lib/python3.12/site-packages/pluggy/_hooks.py\", line 513, in __call__\n    return self._hookexec(self.name, self._hookimpls.copy(), kwargs, firstresult)\n           ^^^^^^^^^^^^^^^^^^^^^^^^^^^^^^^^^^^^^^^^^^^^^^^^^^^^^^^^^^^^^^^^^^^^^^\n  File \"/root/spread_project/.tox/integration/lib/python3.12/site-packages/pluggy/_manager.py\", line 120, in _hookexec\n    return self._inner_hookexec(hook_name, methods, kwargs, firstresult)\n           ^^^^^^^^^^^^^^^^^^^^^^^^^^^^^^^^^^^^^^^^^^^^^^^^^^^^^^^^^^^^^\n  File \"/root/spread_project/.tox/integration/lib/python3.12/site-packages/pluggy/_callers.py\", line 182, in _multicall\n    return outcome.get_result()\n           ^^^^^^^^^^^^^^^^^^^^\n  File \"/root/spread_project/.tox/integration/lib/python3.12/site-packages/pluggy/_result.py\", line 100, in get_result\n    raise exc.with_traceback(exc.__traceback__)\n  File \"/root/spread_project/.tox/integration/lib/python3.12/site-packages/pluggy/_callers.py\", line 167, in _multicall\n    teardown.throw(outcome._exception)\n  File \"/root/spread_project/.tox/integration/lib/python3.12/site-packages/_pytest/threadexception.py\", line 92, in pytest_runtest_call\n    yield from thread_exception_runtest_hook()\n  File \"/root/spread_project/.tox/integration/lib/python3.12/site-packages/_pytest/threadexception.py\", line 68, in thread_exception_runtest_hook\n    yield\n  File \"/root/spread_project/.tox/integration/lib/python3.12/site-packages/pluggy/_callers.py\", line 167, in _multicall\n    teardown.throw(outcome._exception)\n  File \"/root/spread_project/.tox/integration/lib/python3.12/site-packages/_pytest/unraisableexception.py\", line 95, in pytest_runtest_call\n    yield from unraisable_exception_runtest_hook()\n  File \"/root/spread_project/.tox/integration/lib/python3.12/site-packages/_pytest/unraisableexception.py\", line 70, in unraisable_exception_runtest_hook\n    yield\n  File \"/root/spread_project/.tox/integration/lib/python3.12/site-packages/pluggy/_callers.py\", line 167, in _multicall\n    teardown.throw(outcome._exception)\n  File \"/root/spread_project/.tox/integration/lib/python3.12/site-packages/_pytest/logging.py\", line 846, in pytest_runtest_call\n    yield from self._runtest_for(item, \"call\")\n  File \"/root/spread_project/.tox/integration/lib/python3.12/site-packages/_pytest/logging.py\", line 829, in _runtest_for\n    yield\n  File \"/root/spread_project/.tox/integration/lib/python3.12/site-packages/pluggy/_callers.py\", line 167, in _multicall\n    teardown.throw(outcome._exception)\n  File \"/root/spread_project/.tox/integration/lib/python3.12/site-packages/_pytest/capture.py\", line 880, in pytest_runtest_call\n    return (yield)\n            ^^^^^\n  File \"/root/spread_project/.tox/integration/lib/python3.12/site-packages/pluggy/_callers.py\", line 167, in _multicall\n    teardown.throw(outcome._exception)\n  File \"/root/spread_project/.tox/integration/lib/python3.12/site-packages/_pytest/skipping.py\", line 257, in pytest_runtest_call\n    return (yield)\n            ^^^^^\n  File \"/root/spread_project/.tox/integration/lib/python3.12/site-packages/pluggy/_callers.py\", line 103, in _multicall\n    res = hook_impl.function(*args)\n          ^^^^^^^^^^^^^^^^^^^^^^^^^\n  File \"/root/spread_project/.tox/integration/lib/python3.12/site-packages/_pytest/runner.py\", line 174, in pytest_runtest_call\n    item.runtest()\n  File \"/root/spread_project/.tox/integration/lib/python3.12/site-packages/_pytest/python.py\", line 1627, in runtest\n    self.ihook.pytest_pyfunc_call(pyfuncitem=self)\n  File \"/root/spread_project/.tox/integration/lib/python3.12/site-packages/pluggy/_hooks.py\", line 513, in __call__\n    return self._hookexec(self.name, self._hookimpls.copy(), kwargs, firstresult)\n           ^^^^^^^^^^^^^^^^^^^^^^^^^^^^^^^^^^^^^^^^^^^^^^^^^^^^^^^^^^^^^^^^^^^^^^\n  File \"/root/spread_project/.tox/integration/lib/python3.12/site-packages/pluggy/_manager.py\", line 120, in _hookexec\n    return self._inner_hookexec(hook_name, methods, kwargs, firstresult)\n           ^^^^^^^^^^^^^^^^^^^^^^^^^^^^^^^^^^^^^^^^^^^^^^^^^^^^^^^^^^^^^\n  File \"/root/spread_project/.tox/integration/lib/python3.12/site-packages/pluggy/_callers.py\", line 182, in _multicall\n    return outcome.get_result()\n           ^^^^^^^^^^^^^^^^^^^^\n  File \"/root/spread_project/.tox/integration/lib/python3.12/site-packages/pluggy/_result.py\", line 100, in get_result\n    raise exc.with_traceback(exc.__traceback__)\n  File \"/root/spread_project/.tox/integration/lib/python3.12/site-packages/pluggy/_callers.py\", line 103, in _multicall\n    res = hook_impl.function(*args)\n          ^^^^^^^^^^^^^^^^^^^^^^^^^\n  File \"/root/spread_project/.tox/integration/lib/python3.12/site-packages/_pytest/python.py\", line 159, in pytest_pyfunc_call\n    result = testfunction(**testargs)\n             ^^^^^^^^^^^^^^^^^^^^^^^^\n  File \"/root/spread_project/.tox/integration/lib/python3.12/site-packages/pytest_asyncio/plugin.py\", line 529, in inner\n    _loop.run_until_complete(task)\n  File \"/usr/lib/python3.12/asyncio/base_events.py\", line 687, in run_until_complete\n    return future.result()\n           ^^^^^^^^^^^^^^^\n  File \"/root/spread_project/tests/integration/relations/test_peers.py\", line 63, in test_scaled_relations\n    await asyncio.gather(\n  File \"/root/spread_project/.tox/integration/lib/python3.12/site-packages/juju/model/__init__.py\", line 3250, in wait_for_idle\n    raise asyncio.TimeoutError(\nTimeoutError: Timed out waiting for model:\n  postgresql-k8s/0 [idle] unknown: \n  postgresql-k8s/1 [idle] unknown: \n  postgresql-k8s/2 [executing] waiting: awaiting for primary endpoint to be ready","flaky":false,"newFailed":false,"newBroken":true,"newPassed":false,"retriesCount":1,"retriesStatusChange":true,"beforeStages":[{"name":"event_loop","time":{"start":1739324901170,"stop":1739324901170,"duration":0},"status":"passed","steps":[],"attachments":[],"parameters":[],"shouldDisplayMessage":false,"stepsCount":0,"attachmentsCount":0,"hasContent":false,"attachmentStep":false},{"name":"ops_test","time":{"start":1739324901171,"stop":1739324901379,"duration":208},"status":"passed","steps":[],"attachments":[],"parameters":[],"shouldDisplayMessage":false,"stepsCount":0,"attachmentsCount":0,"hasContent":false,"attachmentStep":false},{"name":"tmp_path_factory","time":{"start":1739324901171,"stop":1739324901171,"duration":0},"status":"passed","steps":[],"attachments":[],"parameters":[],"shouldDisplayMessage":false,"stepsCount":0,"attachmentsCount":0,"hasContent":false,"attachmentStep":false},{"name":"abort_on_fail","time":{"start":1739324964927,"stop":1739324964927,"duration":0},"status":"passed","steps":[],"attachments":[],"parameters":[],"shouldDisplayMessage":false,"stepsCount":0,"attachmentsCount":0,"hasContent":false,"attachmentStep":false}],"testStage":{"description":"Test that the pgbouncer and postgres charms can relate to one another.","status":"broken","statusMessage":"TimeoutError: Timed out waiting for model:\n  postgresql-k8s/0 [idle] unknown: \n  postgresql-k8s/1 [idle] unknown: \n  postgresql-k8s/2 [executing] waiting: awaiting for primary endpoint to be ready","statusTrace":"Traceback (most recent call last):\n  File \"/root/spread_project/.tox/integration/lib/python3.12/site-packages/_pytest/runner.py\", line 341, in from_call\n    result: TResult | None = func()\n                             ^^^^^^\n  File \"/root/spread_project/.tox/integration/lib/python3.12/site-packages/_pytest/runner.py\", line 242, in <lambda>\n    lambda: runtest_hook(item=item, **kwds), when=when, reraise=reraise\n            ^^^^^^^^^^^^^^^^^^^^^^^^^^^^^^^\n  File \"/root/spread_project/.tox/integration/lib/python3.12/site-packages/pluggy/_hooks.py\", line 513, in __call__\n    return self._hookexec(self.name, self._hookimpls.copy(), kwargs, firstresult)\n           ^^^^^^^^^^^^^^^^^^^^^^^^^^^^^^^^^^^^^^^^^^^^^^^^^^^^^^^^^^^^^^^^^^^^^^\n  File \"/root/spread_project/.tox/integration/lib/python3.12/site-packages/pluggy/_manager.py\", line 120, in _hookexec\n    return self._inner_hookexec(hook_name, methods, kwargs, firstresult)\n           ^^^^^^^^^^^^^^^^^^^^^^^^^^^^^^^^^^^^^^^^^^^^^^^^^^^^^^^^^^^^^\n  File \"/root/spread_project/.tox/integration/lib/python3.12/site-packages/pluggy/_callers.py\", line 182, in _multicall\n    return outcome.get_result()\n           ^^^^^^^^^^^^^^^^^^^^\n  File \"/root/spread_project/.tox/integration/lib/python3.12/site-packages/pluggy/_result.py\", line 100, in get_result\n    raise exc.with_traceback(exc.__traceback__)\n  File \"/root/spread_project/.tox/integration/lib/python3.12/site-packages/pluggy/_callers.py\", line 167, in _multicall\n    teardown.throw(outcome._exception)\n  File \"/root/spread_project/.tox/integration/lib/python3.12/site-packages/_pytest/threadexception.py\", line 92, in pytest_runtest_call\n    yield from thread_exception_runtest_hook()\n  File \"/root/spread_project/.tox/integration/lib/python3.12/site-packages/_pytest/threadexception.py\", line 68, in thread_exception_runtest_hook\n    yield\n  File \"/root/spread_project/.tox/integration/lib/python3.12/site-packages/pluggy/_callers.py\", line 167, in _multicall\n    teardown.throw(outcome._exception)\n  File \"/root/spread_project/.tox/integration/lib/python3.12/site-packages/_pytest/unraisableexception.py\", line 95, in pytest_runtest_call\n    yield from unraisable_exception_runtest_hook()\n  File \"/root/spread_project/.tox/integration/lib/python3.12/site-packages/_pytest/unraisableexception.py\", line 70, in unraisable_exception_runtest_hook\n    yield\n  File \"/root/spread_project/.tox/integration/lib/python3.12/site-packages/pluggy/_callers.py\", line 167, in _multicall\n    teardown.throw(outcome._exception)\n  File \"/root/spread_project/.tox/integration/lib/python3.12/site-packages/_pytest/logging.py\", line 846, in pytest_runtest_call\n    yield from self._runtest_for(item, \"call\")\n  File \"/root/spread_project/.tox/integration/lib/python3.12/site-packages/_pytest/logging.py\", line 829, in _runtest_for\n    yield\n  File \"/root/spread_project/.tox/integration/lib/python3.12/site-packages/pluggy/_callers.py\", line 167, in _multicall\n    teardown.throw(outcome._exception)\n  File \"/root/spread_project/.tox/integration/lib/python3.12/site-packages/_pytest/capture.py\", line 880, in pytest_runtest_call\n    return (yield)\n            ^^^^^\n  File \"/root/spread_project/.tox/integration/lib/python3.12/site-packages/pluggy/_callers.py\", line 167, in _multicall\n    teardown.throw(outcome._exception)\n  File \"/root/spread_project/.tox/integration/lib/python3.12/site-packages/_pytest/skipping.py\", line 257, in pytest_runtest_call\n    return (yield)\n            ^^^^^\n  File \"/root/spread_project/.tox/integration/lib/python3.12/site-packages/pluggy/_callers.py\", line 103, in _multicall\n    res = hook_impl.function(*args)\n          ^^^^^^^^^^^^^^^^^^^^^^^^^\n  File \"/root/spread_project/.tox/integration/lib/python3.12/site-packages/_pytest/runner.py\", line 174, in pytest_runtest_call\n    item.runtest()\n  File \"/root/spread_project/.tox/integration/lib/python3.12/site-packages/_pytest/python.py\", line 1627, in runtest\n    self.ihook.pytest_pyfunc_call(pyfuncitem=self)\n  File \"/root/spread_project/.tox/integration/lib/python3.12/site-packages/pluggy/_hooks.py\", line 513, in __call__\n    return self._hookexec(self.name, self._hookimpls.copy(), kwargs, firstresult)\n           ^^^^^^^^^^^^^^^^^^^^^^^^^^^^^^^^^^^^^^^^^^^^^^^^^^^^^^^^^^^^^^^^^^^^^^\n  File \"/root/spread_project/.tox/integration/lib/python3.12/site-packages/pluggy/_manager.py\", line 120, in _hookexec\n    return self._inner_hookexec(hook_name, methods, kwargs, firstresult)\n           ^^^^^^^^^^^^^^^^^^^^^^^^^^^^^^^^^^^^^^^^^^^^^^^^^^^^^^^^^^^^^\n  File \"/root/spread_project/.tox/integration/lib/python3.12/site-packages/pluggy/_callers.py\", line 182, in _multicall\n    return outcome.get_result()\n           ^^^^^^^^^^^^^^^^^^^^\n  File \"/root/spread_project/.tox/integration/lib/python3.12/site-packages/pluggy/_result.py\", line 100, in get_result\n    raise exc.with_traceback(exc.__traceback__)\n  File \"/root/spread_project/.tox/integration/lib/python3.12/site-packages/pluggy/_callers.py\", line 103, in _multicall\n    res = hook_impl.function(*args)\n          ^^^^^^^^^^^^^^^^^^^^^^^^^\n  File \"/root/spread_project/.tox/integration/lib/python3.12/site-packages/_pytest/python.py\", line 159, in pytest_pyfunc_call\n    result = testfunction(**testargs)\n             ^^^^^^^^^^^^^^^^^^^^^^^^\n  File \"/root/spread_project/.tox/integration/lib/python3.12/site-packages/pytest_asyncio/plugin.py\", line 529, in inner\n    _loop.run_until_complete(task)\n  File \"/usr/lib/python3.12/asyncio/base_events.py\", line 687, in run_until_complete\n    return future.result()\n           ^^^^^^^^^^^^^^^\n  File \"/root/spread_project/tests/integration/relations/test_peers.py\", line 63, in test_scaled_relations\n    await asyncio.gather(\n  File \"/root/spread_project/.tox/integration/lib/python3.12/site-packages/juju/model/__init__.py\", line 3250, in wait_for_idle\n    raise asyncio.TimeoutError(\nTimeoutError: Timed out waiting for model:\n  postgresql-k8s/0 [idle] unknown: \n  postgresql-k8s/1 [idle] unknown: \n  postgresql-k8s/2 [executing] waiting: awaiting for primary endpoint to be ready","steps":[],"attachments":[{"uid":"6f60b06e166cf2cd","name":"log","source":"6f60b06e166cf2cd.txt","type":"text/plain","size":8044}],"parameters":[],"shouldDisplayMessage":true,"stepsCount":0,"attachmentsCount":1,"hasContent":true,"attachmentStep":false},"afterStages":[{"name":"abort_on_fail::0","time":{"start":1739325968587,"stop":1739325968587,"duration":0},"status":"passed","steps":[],"attachments":[],"parameters":[],"shouldDisplayMessage":false,"stepsCount":0,"attachmentsCount":0,"hasContent":false,"attachmentStep":false},{"name":"ops_test::finalizer","time":{"start":1739325968594,"stop":1739325968993,"duration":399},"status":"passed","steps":[],"attachments":[],"parameters":[],"shouldDisplayMessage":false,"stepsCount":0,"attachmentsCount":0,"hasContent":false,"attachmentStep":false},{"name":"event_loop::2","time":{"start":1739325968994,"stop":1739325968994,"duration":0},"status":"passed","steps":[],"attachments":[],"parameters":[],"shouldDisplayMessage":false,"stepsCount":0,"attachmentsCount":0,"hasContent":false,"attachmentStep":false},{"name":"event_loop::_close_event_loop","time":{"start":1739325968994,"stop":1739325968994,"duration":0},"status":"passed","steps":[],"attachments":[],"parameters":[],"shouldDisplayMessage":false,"stepsCount":0,"attachmentsCount":0,"hasContent":false,"attachmentStep":false},{"name":"event_loop::_provide_clean_event_loop","time":{"start":1739325968994,"stop":1739325968994,"duration":0},"status":"passed","steps":[],"attachments":[],"parameters":[],"shouldDisplayMessage":false,"stepsCount":0,"attachmentsCount":0,"hasContent":false,"attachmentStep":false}],"labels":[{"name":"tag","value":"abort_on_fail"},{"name":"tag","value":"@pytest.mark.skipif(False, reason='Requires amd64 architecture')"},{"name":"tag","value":"asyncio"},{"name":"parentSuite","value":"tests.integration.relations"},{"name":"suite","value":"test_peers"},{"name":"host","value":"fv-az1390-170"},{"name":"thread","value":"19863-MainThread"},{"name":"framework","value":"pytest"},{"name":"language","value":"cpython3"},{"name":"package","value":"tests.integration.relations.test_peers"},{"name":"resultFormat","value":"allure2"}],"parameters":[],"links":[],"hidden":false,"retry":false,"extra":{"severity":"normal","retries":[{"uid":"246cfd7ff70a516d","status":"unknown","time":{}}],"categories":[{"name":"Test defects","matchedStatuses":[],"flaky":false}],"history":{"statistic":{"failed":0,"broken":18,"skipped":1,"passed":334,"unknown":2,"total":355},"items":[{"uid":"856f83186032464e","reportUrl":"../2527//#testresult/856f83186032464e","status":"passed","time":{"start":1739237553390,"stop":1739237923622,"duration":370232}},{"uid":"a510752e0f4bc2d9","reportUrl":"../2518//#testresult/a510752e0f4bc2d9","status":"passed","time":{"start":1739151070727,"stop":1739151472340,"duration":401613}},{"uid":"892b18ca8d6d8d25","reportUrl":"../2517//#testresult/892b18ca8d6d8d25","status":"passed","time":{"start":1739064673977,"stop":1739065060019,"duration":386042}},{"uid":"a910887edc9fc197","reportUrl":"../2516//#testresult/a910887edc9fc197","status":"passed","time":{"start":1738978311694,"stop":1738978711283,"duration":399589}},{"uid":"b75184099832591a","reportUrl":"../2513//#testresult/b75184099832591a","status":"passed","time":{"start":1738891871804,"stop":1738892210635,"duration":338831}},{"uid":"58e1485d8e5f59ca","reportUrl":"../2507//#testresult/58e1485d8e5f59ca","status":"passed","time":{"start":1738805463169,"stop":1738805863505,"duration":400336}},{"uid":"535a165607dd943b","reportUrl":"../2503//#testresult/535a165607dd943b","status":"passed","time":{"start":1738719085518,"stop":1738719510421,"duration":424903}},{"uid":"5f08d41c30a283a1","reportUrl":"../2500//#testresult/5f08d41c30a283a1","status":"passed","time":{"start":1738632663119,"stop":1738633028052,"duration":364933}},{"uid":"6d1693bf58992e16","reportUrl":"../2496//#testresult/6d1693bf58992e16","status":"passed","time":{"start":1738546473544,"stop":1738546863063,"duration":389519}},{"uid":"587367c6aadba2c1","reportUrl":"../2495//#testresult/587367c6aadba2c1","status":"passed","time":{"start":1738459843986,"stop":1738460229828,"duration":385842}},{"uid":"d38aea1dbbb602c9","reportUrl":"../2494//#testresult/d38aea1dbbb602c9","status":"passed","time":{"start":1738373531745,"stop":1738373923204,"duration":391459}},{"uid":"4cb7db8c13498ed0","reportUrl":"../2488//#testresult/4cb7db8c13498ed0","status":"passed","time":{"start":1738287057237,"stop":1738287407781,"duration":350544}},{"uid":"d72a654b0c32bec2","reportUrl":"../2482//#testresult/d72a654b0c32bec2","status":"passed","time":{"start":1738200723050,"stop":1738201119939,"duration":396889}},{"uid":"b4c61ebac19f484c","reportUrl":"../2480//#testresult/b4c61ebac19f484c","status":"passed","time":{"start":1738114262706,"stop":1738114619960,"duration":357254}},{"uid":"8824cdcbaed02b01","reportUrl":"../2466//#testresult/8824cdcbaed02b01","status":"passed","time":{"start":1738027889306,"stop":1738028291060,"duration":401754}},{"uid":"d8ff3c3a34730f23","reportUrl":"../2464//#testresult/d8ff3c3a34730f23","status":"passed","time":{"start":1737941420784,"stop":1737941815344,"duration":394560}},{"uid":"a2b3fa904d81b3c2","reportUrl":"../2463//#testresult/a2b3fa904d81b3c2","status":"passed","time":{"start":1737855098003,"stop":1737855479390,"duration":381387}},{"uid":"fc915e3618a2864d","reportUrl":"../2462//#testresult/fc915e3618a2864d","status":"passed","time":{"start":1737768600596,"stop":1737769010613,"duration":410017}},{"uid":"7bdc1a8419deca87","reportUrl":"../2457//#testresult/7bdc1a8419deca87","status":"passed","time":{"start":1737682247041,"stop":1737682633742,"duration":386701}},{"uid":"5040738725e6d3ab","reportUrl":"../2452//#testresult/5040738725e6d3ab","status":"passed","time":{"start":1737595881239,"stop":1737596257587,"duration":376348}}]},"tags":["asyncio","abort_on_fail","@pytest.mark.skipif(False, reason='Requires amd64 architecture')"]},"source":"d8b83653af4b2efb.json","parameterValues":[]}