[32mINFO    [0m juju.model:model.py:2097 Deploying ch:amd64/focal/mattermost-k8s-27
[32mINFO    [0m juju.model:model.py:2971 Waiting for model:
  mattermost-k8s/0 [allocating] waiting: installing agent
  mattermost-k8s/1 [allocating] waiting: installing agent
[32mINFO    [0m juju.model:model.py:2971 Waiting for model:
  mattermost-k8s/0 [executing] waiting: Waiting for database relation
  mattermost-k8s/1 [executing] waiting: Waiting for database relation
[33mWARNING [0m juju.model:model.py:1563 relate is deprecated and will be removed. Use integrate instead.
[32mINFO    [0m juju.model:model.py:2971 Waiting for model:
  mattermost-k8s/0 [idle] waiting: Waiting for database relation
  mattermost-k8s/1 [idle] waiting: Waiting for database relation
[32mINFO    [0m juju.model:model.py:2971 Waiting for model:
  mattermost-k8s/0 [executing] active: 
  mattermost-k8s/1 [executing] active: 
[32mINFO    [0m juju.model:model.py:2971 Waiting for model:
  mattermost-k8s/0 [executing] active: 
  mattermost-k8s/1 [executing] active: 
[32mINFO    [0m juju.model:model.py:2971 Waiting for model:
  mattermost-k8s/0 [idle] active: 
  mattermost-k8s/1 [idle] active:
[32mINFO    [0m pytest_operator.plugin:plugin.py:862 Model status:

Model  Controller          Cloud/Region        Version  SLA          Timestamp
test   microk8s-localhost  microk8s/localhost  3.1.8    unsupported  01:49:39Z

App                       Version  Status  Scale  Charm                     Channel        Rev  Address         Exposed  Message
pgbouncer-k8s             1.21.0   active      2  pgbouncer-k8s                              0  10.152.183.21   no       
postgresql-k8s            14.11    active      3  postgresql-k8s            14/edge        290  10.152.183.137  no       
postgresql-test-app                active      1  postgresql-test-app       edge           166  10.152.183.52   no       received database credentials of the first database
self-signed-certificates           active      1  self-signed-certificates  latest/stable  151  10.152.183.116  no       

Unit                         Workload  Agent  Address       Ports  Message
pgbouncer-k8s/0              active    idle   10.1.233.136         
pgbouncer-k8s/1*             active    idle   10.1.233.137         
postgresql-k8s/0*            active    idle   10.1.233.143         Primary
postgresql-k8s/1             active    idle   10.1.233.144         
postgresql-k8s/2             active    idle   10.1.233.145         
postgresql-test-app/0*       active    idle   10.1.233.138         received database credentials of the first database
self-signed-certificates/0*  active    idle   10.1.233.142         

[32mINFO    [0m pytest_operator.plugin:plugin.py:868 Juju error logs:

unit-postgresql-k8s-2: 01:38:49 ERROR unit.postgresql-k8s/2.juju-log failed to change plugins: 
Traceback (most recent call last):
  File "/var/lib/juju/agents/unit-postgresql-k8s-2/charm/lib/charms/postgresql_k8s/v0/postgresql.py", line 303, in enable_disable_extensions
    with self._connect_to_database() as connection, connection.cursor() as cursor:
  File "/var/lib/juju/agents/unit-postgresql-k8s-2/charm/lib/charms/postgresql_k8s/v0/postgresql.py", line 127, in _connect_to_database
    connection = psycopg2.connect(
  File "/var/lib/juju/agents/unit-postgresql-k8s-2/charm/venv/psycopg2/__init__.py", line 122, in connect
    conn = _connect(dsn, connection_factory=connection_factory, **kwasync)
psycopg2.OperationalError: connection to server at "postgresql-k8s-primary.test.svc.cluster.local" (10.152.183.131), port 5432 failed: Connection refused
	Is the server running on that host and accepting TCP/IP connections?


During handling of the above exception, another exception occurred:

Traceback (most recent call last):
  File "/var/lib/juju/agents/unit-postgresql-k8s-2/charm/./src/charm.py", line 609, in enable_disable_extensions
    self.postgresql.enable_disable_extensions(extensions, database)
  File "/var/lib/juju/agents/unit-postgresql-k8s-2/charm/lib/charms/postgresql_k8s/v0/postgresql.py", line 327, in enable_disable_extensions
    raise PostgreSQLEnableDisableExtensionError()
charms.postgresql_k8s.v0.postgresql.PostgreSQLEnableDisableExtensionError

[32mINFO    [0m pytest_operator.plugin:plugin.py:947 Forgetting model main...