{"uid":"acf95c365c7affc1","name":"test_expose_external","fullName":"tests.integration.test_expose_external#test_expose_external","historyId":"7750323f37c67d2243b6ad910c6b49b1","time":{"start":1750470216727,"stop":1750471353808,"duration":1137081},"description":"Test the expose-external config option.","descriptionHtml":"<p>Test the expose-external config option.</p>\n","status":"broken","statusMessage":"psycopg2.OperationalError: connection to server at \"10.1.0.42\", port 30759 failed: FATAL:  no pg_hba.conf entry for host \"10.1.123.141\", user \"relation_id_7\", database \"testdatabase\", no encryption","statusTrace":"Traceback (most recent call last):\n  File \"/root/spread_project/.tox/integration/lib/python3.12/site-packages/_pytest/runner.py\", line 344, in from_call\n    result: TResult | None = func()\n                             ^^^^^^\n  File \"/root/spread_project/.tox/integration/lib/python3.12/site-packages/_pytest/runner.py\", line 246, in <lambda>\n    lambda: runtest_hook(item=item, **kwds), when=when, reraise=reraise\n            ^^^^^^^^^^^^^^^^^^^^^^^^^^^^^^^\n  File \"/root/spread_project/.tox/integration/lib/python3.12/site-packages/pluggy/_hooks.py\", line 512, in __call__\n    return self._hookexec(self.name, self._hookimpls.copy(), kwargs, firstresult)\n           ^^^^^^^^^^^^^^^^^^^^^^^^^^^^^^^^^^^^^^^^^^^^^^^^^^^^^^^^^^^^^^^^^^^^^^\n  File \"/root/spread_project/.tox/integration/lib/python3.12/site-packages/pluggy/_manager.py\", line 120, in _hookexec\n    return self._inner_hookexec(hook_name, methods, kwargs, firstresult)\n           ^^^^^^^^^^^^^^^^^^^^^^^^^^^^^^^^^^^^^^^^^^^^^^^^^^^^^^^^^^^^^\n  File \"/root/spread_project/.tox/integration/lib/python3.12/site-packages/pluggy/_callers.py\", line 167, in _multicall\n    raise exception\n  File \"/root/spread_project/.tox/integration/lib/python3.12/site-packages/pluggy/_callers.py\", line 139, in _multicall\n    teardown.throw(exception)\n  File \"/root/spread_project/.tox/integration/lib/python3.12/site-packages/_pytest/logging.py\", line 850, in pytest_runtest_call\n    yield\n  File \"/root/spread_project/.tox/integration/lib/python3.12/site-packages/pluggy/_callers.py\", line 139, in _multicall\n    teardown.throw(exception)\n  File \"/root/spread_project/.tox/integration/lib/python3.12/site-packages/pluggy/_callers.py\", line 53, in run_old_style_hookwrapper\n    return result.get_result()\n           ^^^^^^^^^^^^^^^^^^^\n  File \"/root/spread_project/.tox/integration/lib/python3.12/site-packages/pluggy/_result.py\", line 103, in get_result\n    raise exc.with_traceback(tb)\n  File \"/root/spread_project/.tox/integration/lib/python3.12/site-packages/pluggy/_callers.py\", line 38, in run_old_style_hookwrapper\n    res = yield\n          ^^^^^\n  File \"/root/spread_project/.tox/integration/lib/python3.12/site-packages/pluggy/_callers.py\", line 139, in _multicall\n    teardown.throw(exception)\n  File \"/root/spread_project/.tox/integration/lib/python3.12/site-packages/_pytest/capture.py\", line 900, in pytest_runtest_call\n    return (yield)\n            ^^^^^\n  File \"/root/spread_project/.tox/integration/lib/python3.12/site-packages/pluggy/_callers.py\", line 139, in _multicall\n    teardown.throw(exception)\n  File \"/root/spread_project/.tox/integration/lib/python3.12/site-packages/_pytest/skipping.py\", line 263, in pytest_runtest_call\n    return (yield)\n            ^^^^^\n  File \"/root/spread_project/.tox/integration/lib/python3.12/site-packages/pluggy/_callers.py\", line 121, in _multicall\n    res = hook_impl.function(*args)\n          ^^^^^^^^^^^^^^^^^^^^^^^^^\n  File \"/root/spread_project/.tox/integration/lib/python3.12/site-packages/_pytest/runner.py\", line 178, in pytest_runtest_call\n    item.runtest()\n  File \"/root/spread_project/.tox/integration/lib/python3.12/site-packages/_pytest/python.py\", line 1670, in runtest\n    self.ihook.pytest_pyfunc_call(pyfuncitem=self)\n  File \"/root/spread_project/.tox/integration/lib/python3.12/site-packages/pluggy/_hooks.py\", line 512, in __call__\n    return self._hookexec(self.name, self._hookimpls.copy(), kwargs, firstresult)\n           ^^^^^^^^^^^^^^^^^^^^^^^^^^^^^^^^^^^^^^^^^^^^^^^^^^^^^^^^^^^^^^^^^^^^^^\n  File \"/root/spread_project/.tox/integration/lib/python3.12/site-packages/pluggy/_manager.py\", line 120, in _hookexec\n    return self._inner_hookexec(hook_name, methods, kwargs, firstresult)\n           ^^^^^^^^^^^^^^^^^^^^^^^^^^^^^^^^^^^^^^^^^^^^^^^^^^^^^^^^^^^^^\n  File \"/root/spread_project/.tox/integration/lib/python3.12/site-packages/pluggy/_callers.py\", line 167, in _multicall\n    raise exception\n  File \"/root/spread_project/.tox/integration/lib/python3.12/site-packages/pluggy/_callers.py\", line 139, in _multicall\n    teardown.throw(exception)\n  File \"/root/spread_project/.tox/integration/lib/python3.12/site-packages/pluggy/_callers.py\", line 53, in run_old_style_hookwrapper\n    return result.get_result()\n           ^^^^^^^^^^^^^^^^^^^\n  File \"/root/spread_project/.tox/integration/lib/python3.12/site-packages/pluggy/_result.py\", line 103, in get_result\n    raise exc.with_traceback(tb)\n  File \"/root/spread_project/.tox/integration/lib/python3.12/site-packages/pluggy/_callers.py\", line 38, in run_old_style_hookwrapper\n    res = yield\n          ^^^^^\n  File \"/root/spread_project/.tox/integration/lib/python3.12/site-packages/pluggy/_callers.py\", line 121, in _multicall\n    res = hook_impl.function(*args)\n          ^^^^^^^^^^^^^^^^^^^^^^^^^\n  File \"/root/spread_project/.tox/integration/lib/python3.12/site-packages/_pytest/python.py\", line 156, in pytest_pyfunc_call\n    result = testfunction(**testargs)\n             ^^^^^^^^^^^^^^^^^^^^^^^^\n  File \"/root/spread_project/.tox/integration/lib/python3.12/site-packages/pytest_asyncio/plugin.py\", line 529, in inner\n    _loop.run_until_complete(task)\n  File \"/usr/lib/python3.12/asyncio/base_events.py\", line 687, in run_until_complete\n    return future.result()\n           ^^^^^^^^^^^^^^^\n  File \"/root/spread_project/tests/integration/test_expose_external.py\", line 155, in test_expose_external\n    nodeport_endpoints = await confirm_endpoint_connectivity(ops_test)\n                         ^^^^^^^^^^^^^^^^^^^^^^^^^^^^^^^^^^^^^^^^^^^^^\n  File \"/root/spread_project/tests/integration/test_expose_external.py\", line 65, in confirm_endpoint_connectivity\n    for attempt in tenacity.Retrying(\n  File \"/root/spread_project/.tox/integration/lib/python3.12/site-packages/tenacity/__init__.py\", line 445, in __iter__\n    do = self.iter(retry_state=retry_state)\n         ^^^^^^^^^^^^^^^^^^^^^^^^^^^^^^^^^^\n  File \"/root/spread_project/.tox/integration/lib/python3.12/site-packages/tenacity/__init__.py\", line 378, in iter\n    result = action(retry_state)\n             ^^^^^^^^^^^^^^^^^^^\n  File \"/root/spread_project/.tox/integration/lib/python3.12/site-packages/tenacity/__init__.py\", line 420, in exc_check\n    raise retry_exc.reraise()\n          ^^^^^^^^^^^^^^^^^^^\n  File \"/root/spread_project/.tox/integration/lib/python3.12/site-packages/tenacity/__init__.py\", line 187, in reraise\n    raise self.last_attempt.result()\n          ^^^^^^^^^^^^^^^^^^^^^^^^^^\n  File \"/usr/lib/python3.12/concurrent/futures/_base.py\", line 449, in result\n    return self.__get_result()\n           ^^^^^^^^^^^^^^^^^^^\n  File \"/usr/lib/python3.12/concurrent/futures/_base.py\", line 401, in __get_result\n    raise self._exception\n  File \"/root/spread_project/tests/integration/test_expose_external.py\", line 82, in confirm_endpoint_connectivity\n    psycopg2.connect(\n  File \"/root/spread_project/.tox/integration/lib/python3.12/site-packages/psycopg2/__init__.py\", line 122, in connect\n    conn = _connect(dsn, connection_factory=connection_factory, **kwasync)\n           ^^^^^^^^^^^^^^^^^^^^^^^^^^^^^^^^^^^^^^^^^^^^^^^^^^^^^^^^^^^^^^^\npsycopg2.OperationalError: connection to server at \"10.1.0.42\", port 30759 failed: FATAL:  no pg_hba.conf entry for host \"10.1.123.141\", user \"relation_id_7\", database \"testdatabase\", no encryption","flaky":false,"newFailed":false,"newBroken":true,"newPassed":false,"retriesCount":1,"retriesStatusChange":true,"beforeStages":[{"name":"event_loop","time":{"start":1750470216458,"stop":1750470216458,"duration":0},"status":"passed","steps":[],"attachments":[],"parameters":[],"shouldDisplayMessage":false,"stepsCount":0,"attachmentsCount":0,"hasContent":false,"attachmentStep":false},{"name":"ops_test","time":{"start":1750470216459,"stop":1750470216726,"duration":267},"status":"passed","steps":[],"attachments":[],"parameters":[],"shouldDisplayMessage":false,"stepsCount":0,"attachmentsCount":0,"hasContent":false,"attachmentStep":false},{"name":"charm","time":{"start":1750470216459,"stop":1750470216459,"duration":0},"status":"passed","steps":[],"attachments":[],"parameters":[],"shouldDisplayMessage":false,"stepsCount":0,"attachmentsCount":0,"hasContent":false,"attachmentStep":false},{"name":"tmp_path_factory","time":{"start":1750470216459,"stop":1750470216459,"duration":0},"status":"passed","steps":[],"attachments":[],"parameters":[],"shouldDisplayMessage":false,"stepsCount":0,"attachmentsCount":0,"hasContent":false,"attachmentStep":false},{"name":"abort_on_fail","time":{"start":1750470216726,"stop":1750470216726,"duration":0},"status":"passed","steps":[],"attachments":[],"parameters":[],"shouldDisplayMessage":false,"stepsCount":0,"attachmentsCount":0,"hasContent":false,"attachmentStep":false}],"testStage":{"description":"Test the expose-external config option.","status":"broken","statusMessage":"psycopg2.OperationalError: connection to server at \"10.1.0.42\", port 30759 failed: FATAL:  no pg_hba.conf entry for host \"10.1.123.141\", user \"relation_id_7\", database \"testdatabase\", no encryption","statusTrace":"Traceback (most recent call last):\n  File \"/root/spread_project/.tox/integration/lib/python3.12/site-packages/_pytest/runner.py\", line 344, in from_call\n    result: TResult | None = func()\n                             ^^^^^^\n  File \"/root/spread_project/.tox/integration/lib/python3.12/site-packages/_pytest/runner.py\", line 246, in <lambda>\n    lambda: runtest_hook(item=item, **kwds), when=when, reraise=reraise\n            ^^^^^^^^^^^^^^^^^^^^^^^^^^^^^^^\n  File \"/root/spread_project/.tox/integration/lib/python3.12/site-packages/pluggy/_hooks.py\", line 512, in __call__\n    return self._hookexec(self.name, self._hookimpls.copy(), kwargs, firstresult)\n           ^^^^^^^^^^^^^^^^^^^^^^^^^^^^^^^^^^^^^^^^^^^^^^^^^^^^^^^^^^^^^^^^^^^^^^\n  File \"/root/spread_project/.tox/integration/lib/python3.12/site-packages/pluggy/_manager.py\", line 120, in _hookexec\n    return self._inner_hookexec(hook_name, methods, kwargs, firstresult)\n           ^^^^^^^^^^^^^^^^^^^^^^^^^^^^^^^^^^^^^^^^^^^^^^^^^^^^^^^^^^^^^\n  File \"/root/spread_project/.tox/integration/lib/python3.12/site-packages/pluggy/_callers.py\", line 167, in _multicall\n    raise exception\n  File \"/root/spread_project/.tox/integration/lib/python3.12/site-packages/pluggy/_callers.py\", line 139, in _multicall\n    teardown.throw(exception)\n  File \"/root/spread_project/.tox/integration/lib/python3.12/site-packages/_pytest/logging.py\", line 850, in pytest_runtest_call\n    yield\n  File \"/root/spread_project/.tox/integration/lib/python3.12/site-packages/pluggy/_callers.py\", line 139, in _multicall\n    teardown.throw(exception)\n  File \"/root/spread_project/.tox/integration/lib/python3.12/site-packages/pluggy/_callers.py\", line 53, in run_old_style_hookwrapper\n    return result.get_result()\n           ^^^^^^^^^^^^^^^^^^^\n  File \"/root/spread_project/.tox/integration/lib/python3.12/site-packages/pluggy/_result.py\", line 103, in get_result\n    raise exc.with_traceback(tb)\n  File \"/root/spread_project/.tox/integration/lib/python3.12/site-packages/pluggy/_callers.py\", line 38, in run_old_style_hookwrapper\n    res = yield\n          ^^^^^\n  File \"/root/spread_project/.tox/integration/lib/python3.12/site-packages/pluggy/_callers.py\", line 139, in _multicall\n    teardown.throw(exception)\n  File \"/root/spread_project/.tox/integration/lib/python3.12/site-packages/_pytest/capture.py\", line 900, in pytest_runtest_call\n    return (yield)\n            ^^^^^\n  File \"/root/spread_project/.tox/integration/lib/python3.12/site-packages/pluggy/_callers.py\", line 139, in _multicall\n    teardown.throw(exception)\n  File \"/root/spread_project/.tox/integration/lib/python3.12/site-packages/_pytest/skipping.py\", line 263, in pytest_runtest_call\n    return (yield)\n            ^^^^^\n  File \"/root/spread_project/.tox/integration/lib/python3.12/site-packages/pluggy/_callers.py\", line 121, in _multicall\n    res = hook_impl.function(*args)\n          ^^^^^^^^^^^^^^^^^^^^^^^^^\n  File \"/root/spread_project/.tox/integration/lib/python3.12/site-packages/_pytest/runner.py\", line 178, in pytest_runtest_call\n    item.runtest()\n  File \"/root/spread_project/.tox/integration/lib/python3.12/site-packages/_pytest/python.py\", line 1670, in runtest\n    self.ihook.pytest_pyfunc_call(pyfuncitem=self)\n  File \"/root/spread_project/.tox/integration/lib/python3.12/site-packages/pluggy/_hooks.py\", line 512, in __call__\n    return self._hookexec(self.name, self._hookimpls.copy(), kwargs, firstresult)\n           ^^^^^^^^^^^^^^^^^^^^^^^^^^^^^^^^^^^^^^^^^^^^^^^^^^^^^^^^^^^^^^^^^^^^^^\n  File \"/root/spread_project/.tox/integration/lib/python3.12/site-packages/pluggy/_manager.py\", line 120, in _hookexec\n    return self._inner_hookexec(hook_name, methods, kwargs, firstresult)\n           ^^^^^^^^^^^^^^^^^^^^^^^^^^^^^^^^^^^^^^^^^^^^^^^^^^^^^^^^^^^^^\n  File \"/root/spread_project/.tox/integration/lib/python3.12/site-packages/pluggy/_callers.py\", line 167, in _multicall\n    raise exception\n  File \"/root/spread_project/.tox/integration/lib/python3.12/site-packages/pluggy/_callers.py\", line 139, in _multicall\n    teardown.throw(exception)\n  File \"/root/spread_project/.tox/integration/lib/python3.12/site-packages/pluggy/_callers.py\", line 53, in run_old_style_hookwrapper\n    return result.get_result()\n           ^^^^^^^^^^^^^^^^^^^\n  File \"/root/spread_project/.tox/integration/lib/python3.12/site-packages/pluggy/_result.py\", line 103, in get_result\n    raise exc.with_traceback(tb)\n  File \"/root/spread_project/.tox/integration/lib/python3.12/site-packages/pluggy/_callers.py\", line 38, in run_old_style_hookwrapper\n    res = yield\n          ^^^^^\n  File \"/root/spread_project/.tox/integration/lib/python3.12/site-packages/pluggy/_callers.py\", line 121, in _multicall\n    res = hook_impl.function(*args)\n          ^^^^^^^^^^^^^^^^^^^^^^^^^\n  File \"/root/spread_project/.tox/integration/lib/python3.12/site-packages/_pytest/python.py\", line 156, in pytest_pyfunc_call\n    result = testfunction(**testargs)\n             ^^^^^^^^^^^^^^^^^^^^^^^^\n  File \"/root/spread_project/.tox/integration/lib/python3.12/site-packages/pytest_asyncio/plugin.py\", line 529, in inner\n    _loop.run_until_complete(task)\n  File \"/usr/lib/python3.12/asyncio/base_events.py\", line 687, in run_until_complete\n    return future.result()\n           ^^^^^^^^^^^^^^^\n  File \"/root/spread_project/tests/integration/test_expose_external.py\", line 155, in test_expose_external\n    nodeport_endpoints = await confirm_endpoint_connectivity(ops_test)\n                         ^^^^^^^^^^^^^^^^^^^^^^^^^^^^^^^^^^^^^^^^^^^^^\n  File \"/root/spread_project/tests/integration/test_expose_external.py\", line 65, in confirm_endpoint_connectivity\n    for attempt in tenacity.Retrying(\n  File \"/root/spread_project/.tox/integration/lib/python3.12/site-packages/tenacity/__init__.py\", line 445, in __iter__\n    do = self.iter(retry_state=retry_state)\n         ^^^^^^^^^^^^^^^^^^^^^^^^^^^^^^^^^^\n  File \"/root/spread_project/.tox/integration/lib/python3.12/site-packages/tenacity/__init__.py\", line 378, in iter\n    result = action(retry_state)\n             ^^^^^^^^^^^^^^^^^^^\n  File \"/root/spread_project/.tox/integration/lib/python3.12/site-packages/tenacity/__init__.py\", line 420, in exc_check\n    raise retry_exc.reraise()\n          ^^^^^^^^^^^^^^^^^^^\n  File \"/root/spread_project/.tox/integration/lib/python3.12/site-packages/tenacity/__init__.py\", line 187, in reraise\n    raise self.last_attempt.result()\n          ^^^^^^^^^^^^^^^^^^^^^^^^^^\n  File \"/usr/lib/python3.12/concurrent/futures/_base.py\", line 449, in result\n    return self.__get_result()\n           ^^^^^^^^^^^^^^^^^^^\n  File \"/usr/lib/python3.12/concurrent/futures/_base.py\", line 401, in __get_result\n    raise self._exception\n  File \"/root/spread_project/tests/integration/test_expose_external.py\", line 82, in confirm_endpoint_connectivity\n    psycopg2.connect(\n  File \"/root/spread_project/.tox/integration/lib/python3.12/site-packages/psycopg2/__init__.py\", line 122, in connect\n    conn = _connect(dsn, connection_factory=connection_factory, **kwasync)\n           ^^^^^^^^^^^^^^^^^^^^^^^^^^^^^^^^^^^^^^^^^^^^^^^^^^^^^^^^^^^^^^^\npsycopg2.OperationalError: connection to server at \"10.1.0.42\", port 30759 failed: FATAL:  no pg_hba.conf entry for host \"10.1.123.141\", user \"relation_id_7\", database \"testdatabase\", no encryption","steps":[],"attachments":[{"uid":"482e7fff94d8fdf7","name":"log","source":"482e7fff94d8fdf7.txt","type":"text/plain","size":3716}],"parameters":[],"shouldDisplayMessage":true,"stepsCount":0,"attachmentsCount":1,"hasContent":true,"attachmentStep":false},"afterStages":[{"name":"abort_on_fail::0","time":{"start":1750471353832,"stop":1750471353832,"duration":0},"status":"passed","steps":[],"attachments":[],"parameters":[],"shouldDisplayMessage":false,"stepsCount":0,"attachmentsCount":0,"hasContent":false,"attachmentStep":false},{"name":"ops_test::finalizer","time":{"start":1750471353841,"stop":1750471354293,"duration":452},"status":"passed","steps":[],"attachments":[],"parameters":[],"shouldDisplayMessage":false,"stepsCount":0,"attachmentsCount":0,"hasContent":false,"attachmentStep":false},{"name":"event_loop::2","time":{"start":1750471354293,"stop":1750471354294,"duration":1},"status":"passed","steps":[],"attachments":[],"parameters":[],"shouldDisplayMessage":false,"stepsCount":0,"attachmentsCount":0,"hasContent":false,"attachmentStep":false},{"name":"event_loop::_close_event_loop","time":{"start":1750471354294,"stop":1750471354294,"duration":0},"status":"passed","steps":[],"attachments":[],"parameters":[],"shouldDisplayMessage":false,"stepsCount":0,"attachmentsCount":0,"hasContent":false,"attachmentStep":false},{"name":"event_loop::_provide_clean_event_loop","time":{"start":1750471354294,"stop":1750471354294,"duration":0},"status":"passed","steps":[],"attachments":[],"parameters":[],"shouldDisplayMessage":false,"stepsCount":0,"attachmentsCount":0,"hasContent":false,"attachmentStep":false}],"labels":[{"name":"tag","value":"abort_on_fail"},{"name":"tag","value":"asyncio"},{"name":"tag","value":"asyncio"},{"name":"parentSuite","value":"tests.integration"},{"name":"suite","value":"test_expose_external"},{"name":"host","value":"fv-az1048-749"},{"name":"thread","value":"26632-MainThread"},{"name":"framework","value":"pytest"},{"name":"language","value":"cpython3"},{"name":"package","value":"tests.integration.test_expose_external"},{"name":"resultFormat","value":"allure2"}],"parameters":[],"links":[],"hidden":false,"retry":false,"extra":{"severity":"normal","retries":[{"uid":"ef7ddef70f975a5b","status":"unknown","time":{}}],"categories":[{"name":"Test defects","matchedStatuses":[]}],"history":{"statistic":{"failed":0,"broken":2,"skipped":0,"passed":109,"unknown":15,"total":126},"items":[{"uid":"4a58addfc51a9014","reportUrl":"../2831//#testresult/4a58addfc51a9014","status":"passed","time":{"start":1750383167834,"stop":1750383392667,"duration":224833}},{"uid":"815efa150d6bb34d","reportUrl":"../2830//#testresult/815efa150d6bb34d","status":"passed","time":{"start":1750297262783,"stop":1750297545670,"duration":282887}},{"uid":"3a81f6b7be15cdcc","reportUrl":"../2829//#testresult/3a81f6b7be15cdcc","status":"passed","time":{"start":1750210955888,"stop":1750211240281,"duration":284393}},{"uid":"1dbbc060ba6598d6","reportUrl":"../2825//#testresult/1dbbc060ba6598d6","status":"passed","time":{"start":1750124178523,"stop":1750124469490,"duration":290967}},{"uid":"3c60aa0d01a697b6","reportUrl":"../2824//#testresult/3c60aa0d01a697b6","status":"unknown","time":{}},{"uid":"88869820ceb02218","reportUrl":"../2823//#testresult/88869820ceb02218","status":"passed","time":{"start":1749951496667,"stop":1749951746120,"duration":249453}},{"uid":"5270abc88d6442ec","reportUrl":"../2822//#testresult/5270abc88d6442ec","status":"passed","time":{"start":1749865125134,"stop":1749865360474,"duration":235340}},{"uid":"f4335fb2f08e041a","reportUrl":"../2821//#testresult/f4335fb2f08e041a","status":"passed","time":{"start":1749779024577,"stop":1749779266620,"duration":242043}},{"uid":"6aeb07f02693d764","reportUrl":"../2820//#testresult/6aeb07f02693d764","status":"passed","time":{"start":1749692558979,"stop":1749692805178,"duration":246199}},{"uid":"515b77978b210e1e","reportUrl":"../2819//#testresult/515b77978b210e1e","status":"passed","time":{"start":1749606180006,"stop":1749606480058,"duration":300052}},{"uid":"b3157bb1ce1bc7cf","reportUrl":"../2816//#testresult/b3157bb1ce1bc7cf","status":"passed","time":{"start":1749519794032,"stop":1749520089447,"duration":295415}},{"uid":"f7b81107b79a278a","reportUrl":"../2815//#testresult/f7b81107b79a278a","status":"passed","time":{"start":1749432942444,"stop":1749433161639,"duration":219195}},{"uid":"7ba4526c442c7981","reportUrl":"../2814//#testresult/7ba4526c442c7981","status":"passed","time":{"start":1749346579719,"stop":1749346884399,"duration":304680}},{"uid":"15f1f366b30b5e57","reportUrl":"../2813//#testresult/15f1f366b30b5e57","status":"passed","time":{"start":1749260062213,"stop":1749260335712,"duration":273499}},{"uid":"913cffaf2bcc0c79","reportUrl":"../2812//#testresult/913cffaf2bcc0c79","status":"passed","time":{"start":1749173904498,"stop":1749174140154,"duration":235656}},{"uid":"e4b23e6563f23b0c","reportUrl":"../2810//#testresult/e4b23e6563f23b0c","status":"passed","time":{"start":1749001197693,"stop":1749001468629,"duration":270936}},{"uid":"ef7911f63412ee88","reportUrl":"../2807//#testresult/ef7911f63412ee88","status":"passed","time":{"start":1748914984541,"stop":1748915215486,"duration":230945}},{"uid":"2342e517cd4d0cf0","reportUrl":"../2806//#testresult/2342e517cd4d0cf0","status":"passed","time":{"start":1748828649271,"stop":1748828924051,"duration":274780}},{"uid":"7829f0a154e908","reportUrl":"../2805//#testresult/7829f0a154e908","status":"passed","time":{"start":1748741578580,"stop":1748741808003,"duration":229423}},{"uid":"e6a7b25b0cc5ad0c","reportUrl":"../2804//#testresult/e6a7b25b0cc5ad0c","status":"passed","time":{"start":1748655764430,"stop":1748656060612,"duration":296182}}]},"tags":["asyncio","abort_on_fail"]},"source":"acf95c365c7affc1.json","parameterValues":[]}