{"uid":"e0ecd3c61982fdb7","name":"test_connection_is_possible_after_pod_deletion","fullName":"tests.integration.relations.pgbouncer_provider.test_pgbouncer_provider#test_connection_is_possible_after_pod_deletion","historyId":"9d05b0fab88ddbf3b0a737036f183d27","time":{"start":1762394140723,"stop":1762394795286,"duration":654563},"description":"Tests that the connection is possible after the pod is deleted.","descriptionHtml":"<p>Tests that the connection is possible after the pod is deleted.</p>\n","status":"broken","statusMessage":"TimeoutError: Timed out waiting for model:\n  indico/0 [idle] waiting: Waiting for redis-broker availability","statusTrace":"Traceback (most recent call last):\n  File \"/root/spread_project/.tox/integration/lib/python3.12/site-packages/_pytest/runner.py\", line 344, in from_call\n    result: TResult | None = func()\n                             ^^^^^^\n  File \"/root/spread_project/.tox/integration/lib/python3.12/site-packages/_pytest/runner.py\", line 246, in <lambda>\n    lambda: runtest_hook(item=item, **kwds), when=when, reraise=reraise\n            ^^^^^^^^^^^^^^^^^^^^^^^^^^^^^^^\n  File \"/root/spread_project/.tox/integration/lib/python3.12/site-packages/pluggy/_hooks.py\", line 512, in __call__\n    return self._hookexec(self.name, self._hookimpls.copy(), kwargs, firstresult)\n           ^^^^^^^^^^^^^^^^^^^^^^^^^^^^^^^^^^^^^^^^^^^^^^^^^^^^^^^^^^^^^^^^^^^^^^\n  File \"/root/spread_project/.tox/integration/lib/python3.12/site-packages/pluggy/_manager.py\", line 120, in _hookexec\n    return self._inner_hookexec(hook_name, methods, kwargs, firstresult)\n           ^^^^^^^^^^^^^^^^^^^^^^^^^^^^^^^^^^^^^^^^^^^^^^^^^^^^^^^^^^^^^\n  File \"/root/spread_project/.tox/integration/lib/python3.12/site-packages/pluggy/_callers.py\", line 167, in _multicall\n    raise exception\n  File \"/root/spread_project/.tox/integration/lib/python3.12/site-packages/pluggy/_callers.py\", line 139, in _multicall\n    teardown.throw(exception)\n  File \"/root/spread_project/.tox/integration/lib/python3.12/site-packages/_pytest/logging.py\", line 850, in pytest_runtest_call\n    yield\n  File \"/root/spread_project/.tox/integration/lib/python3.12/site-packages/pluggy/_callers.py\", line 139, in _multicall\n    teardown.throw(exception)\n  File \"/root/spread_project/.tox/integration/lib/python3.12/site-packages/pluggy/_callers.py\", line 53, in run_old_style_hookwrapper\n    return result.get_result()\n           ^^^^^^^^^^^^^^^^^^^\n  File \"/root/spread_project/.tox/integration/lib/python3.12/site-packages/pluggy/_result.py\", line 103, in get_result\n    raise exc.with_traceback(tb)\n  File \"/root/spread_project/.tox/integration/lib/python3.12/site-packages/pluggy/_callers.py\", line 38, in run_old_style_hookwrapper\n    res = yield\n          ^^^^^\n  File \"/root/spread_project/.tox/integration/lib/python3.12/site-packages/pluggy/_callers.py\", line 139, in _multicall\n    teardown.throw(exception)\n  File \"/root/spread_project/.tox/integration/lib/python3.12/site-packages/_pytest/capture.py\", line 900, in pytest_runtest_call\n    return (yield)\n            ^^^^^\n  File \"/root/spread_project/.tox/integration/lib/python3.12/site-packages/pluggy/_callers.py\", line 139, in _multicall\n    teardown.throw(exception)\n  File \"/root/spread_project/.tox/integration/lib/python3.12/site-packages/_pytest/skipping.py\", line 263, in pytest_runtest_call\n    return (yield)\n            ^^^^^\n  File \"/root/spread_project/.tox/integration/lib/python3.12/site-packages/pluggy/_callers.py\", line 121, in _multicall\n    res = hook_impl.function(*args)\n          ^^^^^^^^^^^^^^^^^^^^^^^^^\n  File \"/root/spread_project/.tox/integration/lib/python3.12/site-packages/_pytest/runner.py\", line 178, in pytest_runtest_call\n    item.runtest()\n  File \"/root/spread_project/.tox/integration/lib/python3.12/site-packages/_pytest/python.py\", line 1671, in runtest\n    self.ihook.pytest_pyfunc_call(pyfuncitem=self)\n  File \"/root/spread_project/.tox/integration/lib/python3.12/site-packages/pluggy/_hooks.py\", line 512, in __call__\n    return self._hookexec(self.name, self._hookimpls.copy(), kwargs, firstresult)\n           ^^^^^^^^^^^^^^^^^^^^^^^^^^^^^^^^^^^^^^^^^^^^^^^^^^^^^^^^^^^^^^^^^^^^^^\n  File \"/root/spread_project/.tox/integration/lib/python3.12/site-packages/pluggy/_manager.py\", line 120, in _hookexec\n    return self._inner_hookexec(hook_name, methods, kwargs, firstresult)\n           ^^^^^^^^^^^^^^^^^^^^^^^^^^^^^^^^^^^^^^^^^^^^^^^^^^^^^^^^^^^^^\n  File \"/root/spread_project/.tox/integration/lib/python3.12/site-packages/pluggy/_callers.py\", line 167, in _multicall\n    raise exception\n  File \"/root/spread_project/.tox/integration/lib/python3.12/site-packages/pluggy/_callers.py\", line 139, in _multicall\n    teardown.throw(exception)\n  File \"/root/spread_project/.tox/integration/lib/python3.12/site-packages/pluggy/_callers.py\", line 53, in run_old_style_hookwrapper\n    return result.get_result()\n           ^^^^^^^^^^^^^^^^^^^\n  File \"/root/spread_project/.tox/integration/lib/python3.12/site-packages/pluggy/_result.py\", line 103, in get_result\n    raise exc.with_traceback(tb)\n  File \"/root/spread_project/.tox/integration/lib/python3.12/site-packages/pluggy/_callers.py\", line 38, in run_old_style_hookwrapper\n    res = yield\n          ^^^^^\n  File \"/root/spread_project/.tox/integration/lib/python3.12/site-packages/pluggy/_callers.py\", line 121, in _multicall\n    res = hook_impl.function(*args)\n          ^^^^^^^^^^^^^^^^^^^^^^^^^\n  File \"/root/spread_project/.tox/integration/lib/python3.12/site-packages/_pytest/python.py\", line 157, in pytest_pyfunc_call\n    result = testfunction(**testargs)\n             ^^^^^^^^^^^^^^^^^^^^^^^^\n  File \"/root/spread_project/.tox/integration/lib/python3.12/site-packages/pytest_asyncio/plugin.py\", line 529, in inner\n    _loop.run_until_complete(task)\n  File \"/usr/lib/python3.12/asyncio/base_events.py\", line 687, in run_until_complete\n    return future.result()\n           ^^^^^^^^^^^^^^^\n  File \"/root/spread_project/tests/integration/relations/pgbouncer_provider/test_pgbouncer_provider.py\", line 539, in test_connection_is_possible_after_pod_deletion\n    await ops_test.model.wait_for_idle(status=\"active\", idle_period=3)\n  File \"/root/spread_project/.tox/integration/lib/python3.12/site-packages/juju/model/__init__.py\", line 3250, in wait_for_idle\n    raise asyncio.TimeoutError(\nTimeoutError: Timed out waiting for model:\n  indico/0 [idle] waiting: Waiting for redis-broker availability","flaky":false,"newFailed":false,"newBroken":false,"newPassed":false,"retriesCount":1,"retriesStatusChange":true,"beforeStages":[{"name":"tmp_path_factory","time":{"start":1762392829465,"stop":1762392829465,"duration":0},"status":"passed","steps":[],"attachments":[],"parameters":[],"shouldDisplayMessage":false,"stepsCount":0,"attachmentsCount":0,"hasContent":false,"attachmentStep":false},{"name":"ops_test","time":{"start":1762392829465,"stop":1762392829739,"duration":274},"status":"passed","steps":[],"attachments":[],"parameters":[],"shouldDisplayMessage":false,"stepsCount":0,"attachmentsCount":0,"hasContent":false,"attachmentStep":false},{"name":"event_loop","time":{"start":1762392829465,"stop":1762392829465,"duration":0},"status":"passed","steps":[],"attachments":[],"parameters":[],"shouldDisplayMessage":false,"stepsCount":0,"attachmentsCount":0,"hasContent":false,"attachmentStep":false},{"name":"abort_on_fail","time":{"start":1762394140723,"stop":1762394140723,"duration":0},"status":"passed","steps":[],"attachments":[],"parameters":[],"shouldDisplayMessage":false,"stepsCount":0,"attachmentsCount":0,"hasContent":false,"attachmentStep":false}],"testStage":{"description":"Tests that the connection is possible after the pod is deleted.","status":"broken","statusMessage":"TimeoutError: Timed out waiting for model:\n  indico/0 [idle] waiting: Waiting for redis-broker availability","statusTrace":"Traceback (most recent call last):\n  File \"/root/spread_project/.tox/integration/lib/python3.12/site-packages/_pytest/runner.py\", line 344, in from_call\n    result: TResult | None = func()\n                             ^^^^^^\n  File \"/root/spread_project/.tox/integration/lib/python3.12/site-packages/_pytest/runner.py\", line 246, in <lambda>\n    lambda: runtest_hook(item=item, **kwds), when=when, reraise=reraise\n            ^^^^^^^^^^^^^^^^^^^^^^^^^^^^^^^\n  File \"/root/spread_project/.tox/integration/lib/python3.12/site-packages/pluggy/_hooks.py\", line 512, in __call__\n    return self._hookexec(self.name, self._hookimpls.copy(), kwargs, firstresult)\n           ^^^^^^^^^^^^^^^^^^^^^^^^^^^^^^^^^^^^^^^^^^^^^^^^^^^^^^^^^^^^^^^^^^^^^^\n  File \"/root/spread_project/.tox/integration/lib/python3.12/site-packages/pluggy/_manager.py\", line 120, in _hookexec\n    return self._inner_hookexec(hook_name, methods, kwargs, firstresult)\n           ^^^^^^^^^^^^^^^^^^^^^^^^^^^^^^^^^^^^^^^^^^^^^^^^^^^^^^^^^^^^^\n  File \"/root/spread_project/.tox/integration/lib/python3.12/site-packages/pluggy/_callers.py\", line 167, in _multicall\n    raise exception\n  File \"/root/spread_project/.tox/integration/lib/python3.12/site-packages/pluggy/_callers.py\", line 139, in _multicall\n    teardown.throw(exception)\n  File \"/root/spread_project/.tox/integration/lib/python3.12/site-packages/_pytest/logging.py\", line 850, in pytest_runtest_call\n    yield\n  File \"/root/spread_project/.tox/integration/lib/python3.12/site-packages/pluggy/_callers.py\", line 139, in _multicall\n    teardown.throw(exception)\n  File \"/root/spread_project/.tox/integration/lib/python3.12/site-packages/pluggy/_callers.py\", line 53, in run_old_style_hookwrapper\n    return result.get_result()\n           ^^^^^^^^^^^^^^^^^^^\n  File \"/root/spread_project/.tox/integration/lib/python3.12/site-packages/pluggy/_result.py\", line 103, in get_result\n    raise exc.with_traceback(tb)\n  File \"/root/spread_project/.tox/integration/lib/python3.12/site-packages/pluggy/_callers.py\", line 38, in run_old_style_hookwrapper\n    res = yield\n          ^^^^^\n  File \"/root/spread_project/.tox/integration/lib/python3.12/site-packages/pluggy/_callers.py\", line 139, in _multicall\n    teardown.throw(exception)\n  File \"/root/spread_project/.tox/integration/lib/python3.12/site-packages/_pytest/capture.py\", line 900, in pytest_runtest_call\n    return (yield)\n            ^^^^^\n  File \"/root/spread_project/.tox/integration/lib/python3.12/site-packages/pluggy/_callers.py\", line 139, in _multicall\n    teardown.throw(exception)\n  File \"/root/spread_project/.tox/integration/lib/python3.12/site-packages/_pytest/skipping.py\", line 263, in pytest_runtest_call\n    return (yield)\n            ^^^^^\n  File \"/root/spread_project/.tox/integration/lib/python3.12/site-packages/pluggy/_callers.py\", line 121, in _multicall\n    res = hook_impl.function(*args)\n          ^^^^^^^^^^^^^^^^^^^^^^^^^\n  File \"/root/spread_project/.tox/integration/lib/python3.12/site-packages/_pytest/runner.py\", line 178, in pytest_runtest_call\n    item.runtest()\n  File \"/root/spread_project/.tox/integration/lib/python3.12/site-packages/_pytest/python.py\", line 1671, in runtest\n    self.ihook.pytest_pyfunc_call(pyfuncitem=self)\n  File \"/root/spread_project/.tox/integration/lib/python3.12/site-packages/pluggy/_hooks.py\", line 512, in __call__\n    return self._hookexec(self.name, self._hookimpls.copy(), kwargs, firstresult)\n           ^^^^^^^^^^^^^^^^^^^^^^^^^^^^^^^^^^^^^^^^^^^^^^^^^^^^^^^^^^^^^^^^^^^^^^\n  File \"/root/spread_project/.tox/integration/lib/python3.12/site-packages/pluggy/_manager.py\", line 120, in _hookexec\n    return self._inner_hookexec(hook_name, methods, kwargs, firstresult)\n           ^^^^^^^^^^^^^^^^^^^^^^^^^^^^^^^^^^^^^^^^^^^^^^^^^^^^^^^^^^^^^\n  File \"/root/spread_project/.tox/integration/lib/python3.12/site-packages/pluggy/_callers.py\", line 167, in _multicall\n    raise exception\n  File \"/root/spread_project/.tox/integration/lib/python3.12/site-packages/pluggy/_callers.py\", line 139, in _multicall\n    teardown.throw(exception)\n  File \"/root/spread_project/.tox/integration/lib/python3.12/site-packages/pluggy/_callers.py\", line 53, in run_old_style_hookwrapper\n    return result.get_result()\n           ^^^^^^^^^^^^^^^^^^^\n  File \"/root/spread_project/.tox/integration/lib/python3.12/site-packages/pluggy/_result.py\", line 103, in get_result\n    raise exc.with_traceback(tb)\n  File \"/root/spread_project/.tox/integration/lib/python3.12/site-packages/pluggy/_callers.py\", line 38, in run_old_style_hookwrapper\n    res = yield\n          ^^^^^\n  File \"/root/spread_project/.tox/integration/lib/python3.12/site-packages/pluggy/_callers.py\", line 121, in _multicall\n    res = hook_impl.function(*args)\n          ^^^^^^^^^^^^^^^^^^^^^^^^^\n  File \"/root/spread_project/.tox/integration/lib/python3.12/site-packages/_pytest/python.py\", line 157, in pytest_pyfunc_call\n    result = testfunction(**testargs)\n             ^^^^^^^^^^^^^^^^^^^^^^^^\n  File \"/root/spread_project/.tox/integration/lib/python3.12/site-packages/pytest_asyncio/plugin.py\", line 529, in inner\n    _loop.run_until_complete(task)\n  File \"/usr/lib/python3.12/asyncio/base_events.py\", line 687, in run_until_complete\n    return future.result()\n           ^^^^^^^^^^^^^^^\n  File \"/root/spread_project/tests/integration/relations/pgbouncer_provider/test_pgbouncer_provider.py\", line 539, in test_connection_is_possible_after_pod_deletion\n    await ops_test.model.wait_for_idle(status=\"active\", idle_period=3)\n  File \"/root/spread_project/.tox/integration/lib/python3.12/site-packages/juju/model/__init__.py\", line 3250, in wait_for_idle\n    raise asyncio.TimeoutError(\nTimeoutError: Timed out waiting for model:\n  indico/0 [idle] waiting: Waiting for redis-broker availability","steps":[],"attachments":[{"uid":"182449d3503bd37c","name":"log","source":"182449d3503bd37c.txt","type":"text/plain","size":12221}],"parameters":[],"shouldDisplayMessage":true,"stepsCount":0,"attachmentsCount":1,"hasContent":true,"attachmentStep":false},"afterStages":[{"name":"abort_on_fail::0","time":{"start":1762394795288,"stop":1762394795288,"duration":0},"status":"passed","steps":[],"attachments":[],"parameters":[],"shouldDisplayMessage":false,"stepsCount":0,"attachmentsCount":0,"hasContent":false,"attachmentStep":false},{"name":"ops_test::finalizer","time":{"start":1762394795289,"stop":1762394795785,"duration":496},"status":"passed","steps":[],"attachments":[],"parameters":[],"shouldDisplayMessage":false,"stepsCount":0,"attachmentsCount":0,"hasContent":false,"attachmentStep":false},{"name":"event_loop::2","time":{"start":1762394795785,"stop":1762394795785,"duration":0},"status":"passed","steps":[],"attachments":[],"parameters":[],"shouldDisplayMessage":false,"stepsCount":0,"attachmentsCount":0,"hasContent":false,"attachmentStep":false},{"name":"event_loop::_close_event_loop","time":{"start":1762394795785,"stop":1762394795786,"duration":1},"status":"passed","steps":[],"attachments":[],"parameters":[],"shouldDisplayMessage":false,"stepsCount":0,"attachmentsCount":0,"hasContent":false,"attachmentStep":false},{"name":"event_loop::_provide_clean_event_loop","time":{"start":1762394795786,"stop":1762394795786,"duration":0},"status":"passed","steps":[],"attachments":[],"parameters":[],"shouldDisplayMessage":false,"stepsCount":0,"attachmentsCount":0,"hasContent":false,"attachmentStep":false}],"labels":[{"name":"tag","value":"asyncio"},{"name":"parentSuite","value":"tests.integration.relations.pgbouncer_provider"},{"name":"suite","value":"test_pgbouncer_provider"},{"name":"host","value":"runnervmf2e7y"},{"name":"thread","value":"21802-MainThread"},{"name":"framework","value":"pytest"},{"name":"language","value":"cpython3"},{"name":"package","value":"tests.integration.relations.pgbouncer_provider.test_pgbouncer_provider"},{"name":"resultFormat","value":"allure2"}],"parameters":[],"links":[],"hidden":false,"retry":false,"extra":{"severity":"normal","retries":[{"uid":"cd6972d4aa89faf3","status":"unknown","time":{}}],"categories":[{"name":"Test defects","matchedStatuses":[]}],"history":{"statistic":{"failed":0,"broken":37,"skipped":13,"passed":522,"unknown":35,"total":607},"items":[{"uid":"9a013d08222ac3c4","reportUrl":"../3060//#testresult/9a013d08222ac3c4","status":"broken","statusDetails":"TimeoutError: Timed out waiting for model:\n  indico/0 [idle] waiting: Waiting for redis-broker availability","time":{"start":1762307655687,"stop":1762308311250,"duration":655563}},{"uid":"de134d841af22d4d","reportUrl":"../3056//#testresult/de134d841af22d4d","status":"broken","statusDetails":"TimeoutError: Timed out waiting for model:\n  indico/0 [idle] waiting: Waiting for redis-broker availability","time":{"start":1762221460245,"stop":1762222114601,"duration":654356}},{"uid":"7fad5c9dad85b284","reportUrl":"../3055//#testresult/7fad5c9dad85b284","status":"broken","statusDetails":"TimeoutError: Timed out waiting for model:\n  indico/0 [idle] waiting: Waiting for redis-broker availability","time":{"start":1762135007294,"stop":1762135663755,"duration":656461}},{"uid":"e645a42867fdd1f5","reportUrl":"../3054//#testresult/e645a42867fdd1f5","status":"broken","statusDetails":"TimeoutError: Timed out waiting for model:\n  indico/0 [idle] waiting: Waiting for redis-broker availability","time":{"start":1762048312289,"stop":1762048968109,"duration":655820}},{"uid":"ab7b5d2bdbc233bd","reportUrl":"../3053//#testresult/ab7b5d2bdbc233bd","status":"skipped","statusDetails":"XFAIL aborted\n\n_pytest.outcomes.XFailed: aborted","time":{"start":1761960941197,"stop":1761960941197,"duration":0}},{"uid":"b149fc60e1888dd2","reportUrl":"../3052//#testresult/b149fc60e1888dd2","status":"broken","statusDetails":"TimeoutError: Timed out waiting for model:\n  indico/0 [idle] waiting: Waiting for redis-broker availability","time":{"start":1761875631002,"stop":1761876286959,"duration":655957}},{"uid":"951b2b706aebe502","reportUrl":"../3051//#testresult/951b2b706aebe502","status":"broken","statusDetails":"TimeoutError: Timed out waiting for model:\n  indico/0 [idle] waiting: Waiting for redis-broker availability","time":{"start":1761789288279,"stop":1761789943262,"duration":654983}},{"uid":"63e58f88547780f5","reportUrl":"../3049//#testresult/63e58f88547780f5","status":"broken","statusDetails":"TimeoutError: Timed out waiting for model:\n  indico/0 [idle] waiting: Waiting for redis-broker availability","time":{"start":1761702855576,"stop":1761703511047,"duration":655471}},{"uid":"873497ba28c12caf","reportUrl":"../3043//#testresult/873497ba28c12caf","status":"broken","statusDetails":"TimeoutError: Timed out waiting for model:\n  indico/0 [idle] waiting: Waiting for redis-broker availability","time":{"start":1761530006190,"stop":1761530662666,"duration":656476}},{"uid":"db428b5a5d6b1c79","reportUrl":"../3042//#testresult/db428b5a5d6b1c79","status":"broken","statusDetails":"TimeoutError: Timed out waiting for model:\n  indico/0 [idle] waiting: Waiting for redis-broker availability","time":{"start":1761443617879,"stop":1761444272687,"duration":654808}},{"uid":"5939fe0c6c5f5ebf","reportUrl":"../3041//#testresult/5939fe0c6c5f5ebf","status":"broken","statusDetails":"TimeoutError: Timed out waiting for model:\n  indico/0 [idle] waiting: Waiting for redis-broker availability","time":{"start":1761357221047,"stop":1761357875751,"duration":654704}},{"uid":"62be97b945a46a1f","reportUrl":"../3040//#testresult/62be97b945a46a1f","status":"broken","statusDetails":"TimeoutError: Timed out waiting for model:\n  indico/0 [idle] waiting: Waiting for redis-broker availability","time":{"start":1761270829430,"stop":1761271485361,"duration":655931}},{"uid":"c18f0963ea32e3ed","reportUrl":"../3036//#testresult/c18f0963ea32e3ed","status":"broken","statusDetails":"TimeoutError: Timed out waiting for model:\n  indico/0 [idle] waiting: Waiting for redis-broker availability","time":{"start":1761184398177,"stop":1761185053935,"duration":655758}},{"uid":"d1116a5939999c42","reportUrl":"../3035//#testresult/d1116a5939999c42","status":"broken","statusDetails":"TimeoutError: Timed out waiting for model:\n  indico/0 [idle] waiting: Waiting for redis-broker availability","time":{"start":1761098152166,"stop":1761098808157,"duration":655991}},{"uid":"6a9f67df99583c66","reportUrl":"../3031//#testresult/6a9f67df99583c66","status":"broken","statusDetails":"TimeoutError: Timed out waiting for model:\n  indico/0 [idle] waiting: Waiting for redis-broker availability","time":{"start":1761011652941,"stop":1761012307317,"duration":654376}},{"uid":"1d85d6c1859714e8","reportUrl":"../3028//#testresult/1d85d6c1859714e8","status":"broken","statusDetails":"TimeoutError: Timed out waiting for model:\n  indico/0 [idle] waiting: Waiting for redis-broker availability","time":{"start":1760925357995,"stop":1760926015912,"duration":657917}},{"uid":"80e5b29aa2e1f786","reportUrl":"../3027//#testresult/80e5b29aa2e1f786","status":"broken","statusDetails":"TimeoutError: Timed out waiting for model:\n  indico/0 [idle] waiting: Waiting for redis-broker availability","time":{"start":1760838743468,"stop":1760839398973,"duration":655505}},{"uid":"6cbccb306ffa0c5e","reportUrl":"../3026//#testresult/6cbccb306ffa0c5e","status":"broken","statusDetails":"TimeoutError: Timed out waiting for model:\n  indico/0 [idle] waiting: Waiting for redis-broker availability","time":{"start":1760752326043,"stop":1760752983442,"duration":657399}},{"uid":"4a5396bd65c900d4","reportUrl":"../3025//#testresult/4a5396bd65c900d4","status":"skipped","statusDetails":"XFAIL aborted\n\n_pytest.outcomes.XFailed: aborted","time":{"start":1760664958371,"stop":1760664958371,"duration":0}},{"uid":"e3e6f263e537933e","reportUrl":"../3024//#testresult/e3e6f263e537933e","status":"broken","statusDetails":"TimeoutError: Timed out waiting for model:\n  indico/0 [idle] waiting: Waiting for redis-broker availability","time":{"start":1760579549663,"stop":1760580204322,"duration":654659}}]},"tags":["asyncio"]},"source":"e0ecd3c61982fdb7.json","parameterValues":[]}