{"uid":"c9656ff509241fee","name":"test_build_and_deploy","fullName":"tests.integration.test_node_port#test_build_and_deploy","historyId":"8e5b0ff388919a946524d5696c2557e5","time":{"start":1720316206515,"stop":1720317421226,"duration":1214711},"description":"Test the deployment of the charm.","descriptionHtml":"<p>Test the deployment of the charm.</p>\n","status":"broken","statusMessage":"asyncio.exceptions.TimeoutError: Timed out waiting for model:\npostgresql-k8s/0 [executing] waiting: awaiting for member to start\n  postgresql-k8s/1 [idle] waiting: Awaiting restart operation\n  postgresql-k8s/2 [idle] active: Primary","statusTrace":"Traceback (most recent call last):\n  File \"/home/runner/work/pgbouncer-k8s-operator/pgbouncer-k8s-operator/.tox/integration/lib/python3.10/site-packages/_pytest/runner.py\", line 341, in from_call\n    result: Optional[TResult] = func()\n  File \"/home/runner/work/pgbouncer-k8s-operator/pgbouncer-k8s-operator/.tox/integration/lib/python3.10/site-packages/_pytest/runner.py\", line 241, in <lambda>\n    lambda: runtest_hook(item=item, **kwds), when=when, reraise=reraise\n  File \"/home/runner/work/pgbouncer-k8s-operator/pgbouncer-k8s-operator/.tox/integration/lib/python3.10/site-packages/pluggy/_hooks.py\", line 513, in __call__\n    return self._hookexec(self.name, self._hookimpls.copy(), kwargs, firstresult)\n  File \"/home/runner/work/pgbouncer-k8s-operator/pgbouncer-k8s-operator/.tox/integration/lib/python3.10/site-packages/pluggy/_manager.py\", line 120, in _hookexec\n    return self._inner_hookexec(hook_name, methods, kwargs, firstresult)\n  File \"/home/runner/work/pgbouncer-k8s-operator/pgbouncer-k8s-operator/.tox/integration/lib/python3.10/site-packages/pluggy/_callers.py\", line 182, in _multicall\n    return outcome.get_result()\n  File \"/home/runner/work/pgbouncer-k8s-operator/pgbouncer-k8s-operator/.tox/integration/lib/python3.10/site-packages/pluggy/_result.py\", line 100, in get_result\n    raise exc.with_traceback(exc.__traceback__)\n  File \"/home/runner/work/pgbouncer-k8s-operator/pgbouncer-k8s-operator/.tox/integration/lib/python3.10/site-packages/pluggy/_callers.py\", line 167, in _multicall\n    teardown.throw(outcome._exception)\n  File \"/home/runner/work/pgbouncer-k8s-operator/pgbouncer-k8s-operator/.tox/integration/lib/python3.10/site-packages/_pytest/threadexception.py\", line 87, in pytest_runtest_call\n    yield from thread_exception_runtest_hook()\n  File \"/home/runner/work/pgbouncer-k8s-operator/pgbouncer-k8s-operator/.tox/integration/lib/python3.10/site-packages/_pytest/threadexception.py\", line 63, in thread_exception_runtest_hook\n    yield\n  File \"/home/runner/work/pgbouncer-k8s-operator/pgbouncer-k8s-operator/.tox/integration/lib/python3.10/site-packages/pluggy/_callers.py\", line 167, in _multicall\n    teardown.throw(outcome._exception)\n  File \"/home/runner/work/pgbouncer-k8s-operator/pgbouncer-k8s-operator/.tox/integration/lib/python3.10/site-packages/_pytest/unraisableexception.py\", line 90, in pytest_runtest_call\n    yield from unraisable_exception_runtest_hook()\n  File \"/home/runner/work/pgbouncer-k8s-operator/pgbouncer-k8s-operator/.tox/integration/lib/python3.10/site-packages/_pytest/unraisableexception.py\", line 65, in unraisable_exception_runtest_hook\n    yield\n  File \"/home/runner/work/pgbouncer-k8s-operator/pgbouncer-k8s-operator/.tox/integration/lib/python3.10/site-packages/pluggy/_callers.py\", line 167, in _multicall\n    teardown.throw(outcome._exception)\n  File \"/home/runner/work/pgbouncer-k8s-operator/pgbouncer-k8s-operator/.tox/integration/lib/python3.10/site-packages/_pytest/logging.py\", line 850, in pytest_runtest_call\n    yield from self._runtest_for(item, \"call\")\n  File \"/home/runner/work/pgbouncer-k8s-operator/pgbouncer-k8s-operator/.tox/integration/lib/python3.10/site-packages/_pytest/logging.py\", line 833, in _runtest_for\n    yield\n  File \"/home/runner/work/pgbouncer-k8s-operator/pgbouncer-k8s-operator/.tox/integration/lib/python3.10/site-packages/pluggy/_callers.py\", line 167, in _multicall\n    teardown.throw(outcome._exception)\n  File \"/home/runner/work/pgbouncer-k8s-operator/pgbouncer-k8s-operator/.tox/integration/lib/python3.10/site-packages/_pytest/capture.py\", line 878, in pytest_runtest_call\n    return (yield)\n  File \"/home/runner/work/pgbouncer-k8s-operator/pgbouncer-k8s-operator/.tox/integration/lib/python3.10/site-packages/pluggy/_callers.py\", line 167, in _multicall\n    teardown.throw(outcome._exception)\n  File \"/home/runner/work/pgbouncer-k8s-operator/pgbouncer-k8s-operator/.tox/integration/lib/python3.10/site-packages/_pytest/skipping.py\", line 257, in pytest_runtest_call\n    return (yield)\n  File \"/home/runner/work/pgbouncer-k8s-operator/pgbouncer-k8s-operator/.tox/integration/lib/python3.10/site-packages/pluggy/_callers.py\", line 103, in _multicall\n    res = hook_impl.function(*args)\n  File \"/home/runner/work/pgbouncer-k8s-operator/pgbouncer-k8s-operator/.tox/integration/lib/python3.10/site-packages/_pytest/runner.py\", line 183, in pytest_runtest_call\n    raise e\n  File \"/home/runner/work/pgbouncer-k8s-operator/pgbouncer-k8s-operator/.tox/integration/lib/python3.10/site-packages/_pytest/runner.py\", line 173, in pytest_runtest_call\n    item.runtest()\n  File \"/home/runner/work/pgbouncer-k8s-operator/pgbouncer-k8s-operator/.tox/integration/lib/python3.10/site-packages/_pytest/python.py\", line 1632, in runtest\n    self.ihook.pytest_pyfunc_call(pyfuncitem=self)\n  File \"/home/runner/work/pgbouncer-k8s-operator/pgbouncer-k8s-operator/.tox/integration/lib/python3.10/site-packages/pluggy/_hooks.py\", line 513, in __call__\n    return self._hookexec(self.name, self._hookimpls.copy(), kwargs, firstresult)\n  File \"/home/runner/work/pgbouncer-k8s-operator/pgbouncer-k8s-operator/.tox/integration/lib/python3.10/site-packages/pluggy/_manager.py\", line 120, in _hookexec\n    return self._inner_hookexec(hook_name, methods, kwargs, firstresult)\n  File \"/home/runner/work/pgbouncer-k8s-operator/pgbouncer-k8s-operator/.tox/integration/lib/python3.10/site-packages/pluggy/_callers.py\", line 182, in _multicall\n    return outcome.get_result()\n  File \"/home/runner/work/pgbouncer-k8s-operator/pgbouncer-k8s-operator/.tox/integration/lib/python3.10/site-packages/pluggy/_result.py\", line 100, in get_result\n    raise exc.with_traceback(exc.__traceback__)\n  File \"/home/runner/work/pgbouncer-k8s-operator/pgbouncer-k8s-operator/.tox/integration/lib/python3.10/site-packages/pluggy/_callers.py\", line 103, in _multicall\n    res = hook_impl.function(*args)\n  File \"/home/runner/work/pgbouncer-k8s-operator/pgbouncer-k8s-operator/.tox/integration/lib/python3.10/site-packages/_pytest/python.py\", line 162, in pytest_pyfunc_call\n    result = testfunction(**testargs)\n  File \"/home/runner/work/pgbouncer-k8s-operator/pgbouncer-k8s-operator/.tox/integration/lib/python3.10/site-packages/pytest_asyncio/plugin.py\", line 529, in inner\n    _loop.run_until_complete(task)\n  File \"/usr/lib/python3.10/asyncio/base_events.py\", line 649, in run_until_complete\n    return future.result()\n  File \"/home/runner/work/pgbouncer-k8s-operator/pgbouncer-k8s-operator/tests/integration/test_node_port.py\", line 126, in test_build_and_deploy\n    await ops_test.model.wait_for_idle(status=\"active\", timeout=1200)\n  File \"/home/runner/work/pgbouncer-k8s-operator/pgbouncer-k8s-operator/.tox/integration/lib/python3.10/site-packages/juju/model.py\", line 2969, in wait_for_idle\n    raise jasyncio.TimeoutError(\"Timed out waiting for model:\\n\" + busy)\nasyncio.exceptions.TimeoutError: Timed out waiting for model:\npostgresql-k8s/0 [executing] waiting: awaiting for member to start\n  postgresql-k8s/1 [idle] waiting: Awaiting restart operation\n  postgresql-k8s/2 [idle] active: Primary","flaky":false,"newFailed":false,"newBroken":true,"newPassed":false,"retriesCount":1,"retriesStatusChange":true,"beforeStages":[{"name":"event_loop","time":{"start":1720316206278,"stop":1720316206279,"duration":1},"status":"passed","steps":[],"attachments":[],"parameters":[],"stepsCount":0,"shouldDisplayMessage":false,"attachmentsCount":0,"hasContent":false,"attachmentStep":false},{"name":"tmp_path_factory","time":{"start":1720316206279,"stop":1720316206279,"duration":0},"status":"passed","steps":[],"attachments":[],"parameters":[],"stepsCount":0,"shouldDisplayMessage":false,"attachmentsCount":0,"hasContent":false,"attachmentStep":false},{"name":"ops_test","time":{"start":1720316206279,"stop":1720316206509,"duration":230},"status":"passed","steps":[],"attachments":[],"parameters":[],"stepsCount":0,"shouldDisplayMessage":false,"attachmentsCount":0,"hasContent":false,"attachmentStep":false},{"name":"pgb_charm","time":{"start":1720316206509,"stop":1720316206514,"duration":5},"status":"passed","steps":[],"attachments":[],"parameters":[],"stepsCount":0,"shouldDisplayMessage":false,"attachmentsCount":0,"hasContent":false,"attachmentStep":false},{"name":"abort_on_fail","time":{"start":1720316206514,"stop":1720316206514,"duration":0},"status":"passed","steps":[],"attachments":[],"parameters":[],"stepsCount":0,"shouldDisplayMessage":false,"attachmentsCount":0,"hasContent":false,"attachmentStep":false}],"testStage":{"description":"Test the deployment of the charm.","status":"broken","statusMessage":"asyncio.exceptions.TimeoutError: Timed out waiting for model:\npostgresql-k8s/0 [executing] waiting: awaiting for member to start\n  postgresql-k8s/1 [idle] waiting: Awaiting restart operation\n  postgresql-k8s/2 [idle] active: Primary","statusTrace":"Traceback (most recent call last):\n  File \"/home/runner/work/pgbouncer-k8s-operator/pgbouncer-k8s-operator/.tox/integration/lib/python3.10/site-packages/_pytest/runner.py\", line 341, in from_call\n    result: Optional[TResult] = func()\n  File \"/home/runner/work/pgbouncer-k8s-operator/pgbouncer-k8s-operator/.tox/integration/lib/python3.10/site-packages/_pytest/runner.py\", line 241, in <lambda>\n    lambda: runtest_hook(item=item, **kwds), when=when, reraise=reraise\n  File \"/home/runner/work/pgbouncer-k8s-operator/pgbouncer-k8s-operator/.tox/integration/lib/python3.10/site-packages/pluggy/_hooks.py\", line 513, in __call__\n    return self._hookexec(self.name, self._hookimpls.copy(), kwargs, firstresult)\n  File \"/home/runner/work/pgbouncer-k8s-operator/pgbouncer-k8s-operator/.tox/integration/lib/python3.10/site-packages/pluggy/_manager.py\", line 120, in _hookexec\n    return self._inner_hookexec(hook_name, methods, kwargs, firstresult)\n  File \"/home/runner/work/pgbouncer-k8s-operator/pgbouncer-k8s-operator/.tox/integration/lib/python3.10/site-packages/pluggy/_callers.py\", line 182, in _multicall\n    return outcome.get_result()\n  File \"/home/runner/work/pgbouncer-k8s-operator/pgbouncer-k8s-operator/.tox/integration/lib/python3.10/site-packages/pluggy/_result.py\", line 100, in get_result\n    raise exc.with_traceback(exc.__traceback__)\n  File \"/home/runner/work/pgbouncer-k8s-operator/pgbouncer-k8s-operator/.tox/integration/lib/python3.10/site-packages/pluggy/_callers.py\", line 167, in _multicall\n    teardown.throw(outcome._exception)\n  File \"/home/runner/work/pgbouncer-k8s-operator/pgbouncer-k8s-operator/.tox/integration/lib/python3.10/site-packages/_pytest/threadexception.py\", line 87, in pytest_runtest_call\n    yield from thread_exception_runtest_hook()\n  File \"/home/runner/work/pgbouncer-k8s-operator/pgbouncer-k8s-operator/.tox/integration/lib/python3.10/site-packages/_pytest/threadexception.py\", line 63, in thread_exception_runtest_hook\n    yield\n  File \"/home/runner/work/pgbouncer-k8s-operator/pgbouncer-k8s-operator/.tox/integration/lib/python3.10/site-packages/pluggy/_callers.py\", line 167, in _multicall\n    teardown.throw(outcome._exception)\n  File \"/home/runner/work/pgbouncer-k8s-operator/pgbouncer-k8s-operator/.tox/integration/lib/python3.10/site-packages/_pytest/unraisableexception.py\", line 90, in pytest_runtest_call\n    yield from unraisable_exception_runtest_hook()\n  File \"/home/runner/work/pgbouncer-k8s-operator/pgbouncer-k8s-operator/.tox/integration/lib/python3.10/site-packages/_pytest/unraisableexception.py\", line 65, in unraisable_exception_runtest_hook\n    yield\n  File \"/home/runner/work/pgbouncer-k8s-operator/pgbouncer-k8s-operator/.tox/integration/lib/python3.10/site-packages/pluggy/_callers.py\", line 167, in _multicall\n    teardown.throw(outcome._exception)\n  File \"/home/runner/work/pgbouncer-k8s-operator/pgbouncer-k8s-operator/.tox/integration/lib/python3.10/site-packages/_pytest/logging.py\", line 850, in pytest_runtest_call\n    yield from self._runtest_for(item, \"call\")\n  File \"/home/runner/work/pgbouncer-k8s-operator/pgbouncer-k8s-operator/.tox/integration/lib/python3.10/site-packages/_pytest/logging.py\", line 833, in _runtest_for\n    yield\n  File \"/home/runner/work/pgbouncer-k8s-operator/pgbouncer-k8s-operator/.tox/integration/lib/python3.10/site-packages/pluggy/_callers.py\", line 167, in _multicall\n    teardown.throw(outcome._exception)\n  File \"/home/runner/work/pgbouncer-k8s-operator/pgbouncer-k8s-operator/.tox/integration/lib/python3.10/site-packages/_pytest/capture.py\", line 878, in pytest_runtest_call\n    return (yield)\n  File \"/home/runner/work/pgbouncer-k8s-operator/pgbouncer-k8s-operator/.tox/integration/lib/python3.10/site-packages/pluggy/_callers.py\", line 167, in _multicall\n    teardown.throw(outcome._exception)\n  File \"/home/runner/work/pgbouncer-k8s-operator/pgbouncer-k8s-operator/.tox/integration/lib/python3.10/site-packages/_pytest/skipping.py\", line 257, in pytest_runtest_call\n    return (yield)\n  File \"/home/runner/work/pgbouncer-k8s-operator/pgbouncer-k8s-operator/.tox/integration/lib/python3.10/site-packages/pluggy/_callers.py\", line 103, in _multicall\n    res = hook_impl.function(*args)\n  File \"/home/runner/work/pgbouncer-k8s-operator/pgbouncer-k8s-operator/.tox/integration/lib/python3.10/site-packages/_pytest/runner.py\", line 183, in pytest_runtest_call\n    raise e\n  File \"/home/runner/work/pgbouncer-k8s-operator/pgbouncer-k8s-operator/.tox/integration/lib/python3.10/site-packages/_pytest/runner.py\", line 173, in pytest_runtest_call\n    item.runtest()\n  File \"/home/runner/work/pgbouncer-k8s-operator/pgbouncer-k8s-operator/.tox/integration/lib/python3.10/site-packages/_pytest/python.py\", line 1632, in runtest\n    self.ihook.pytest_pyfunc_call(pyfuncitem=self)\n  File \"/home/runner/work/pgbouncer-k8s-operator/pgbouncer-k8s-operator/.tox/integration/lib/python3.10/site-packages/pluggy/_hooks.py\", line 513, in __call__\n    return self._hookexec(self.name, self._hookimpls.copy(), kwargs, firstresult)\n  File \"/home/runner/work/pgbouncer-k8s-operator/pgbouncer-k8s-operator/.tox/integration/lib/python3.10/site-packages/pluggy/_manager.py\", line 120, in _hookexec\n    return self._inner_hookexec(hook_name, methods, kwargs, firstresult)\n  File \"/home/runner/work/pgbouncer-k8s-operator/pgbouncer-k8s-operator/.tox/integration/lib/python3.10/site-packages/pluggy/_callers.py\", line 182, in _multicall\n    return outcome.get_result()\n  File \"/home/runner/work/pgbouncer-k8s-operator/pgbouncer-k8s-operator/.tox/integration/lib/python3.10/site-packages/pluggy/_result.py\", line 100, in get_result\n    raise exc.with_traceback(exc.__traceback__)\n  File \"/home/runner/work/pgbouncer-k8s-operator/pgbouncer-k8s-operator/.tox/integration/lib/python3.10/site-packages/pluggy/_callers.py\", line 103, in _multicall\n    res = hook_impl.function(*args)\n  File \"/home/runner/work/pgbouncer-k8s-operator/pgbouncer-k8s-operator/.tox/integration/lib/python3.10/site-packages/_pytest/python.py\", line 162, in pytest_pyfunc_call\n    result = testfunction(**testargs)\n  File \"/home/runner/work/pgbouncer-k8s-operator/pgbouncer-k8s-operator/.tox/integration/lib/python3.10/site-packages/pytest_asyncio/plugin.py\", line 529, in inner\n    _loop.run_until_complete(task)\n  File \"/usr/lib/python3.10/asyncio/base_events.py\", line 649, in run_until_complete\n    return future.result()\n  File \"/home/runner/work/pgbouncer-k8s-operator/pgbouncer-k8s-operator/tests/integration/test_node_port.py\", line 126, in test_build_and_deploy\n    await ops_test.model.wait_for_idle(status=\"active\", timeout=1200)\n  File \"/home/runner/work/pgbouncer-k8s-operator/pgbouncer-k8s-operator/.tox/integration/lib/python3.10/site-packages/juju/model.py\", line 2969, in wait_for_idle\n    raise jasyncio.TimeoutError(\"Timed out waiting for model:\\n\" + busy)\nasyncio.exceptions.TimeoutError: Timed out waiting for model:\npostgresql-k8s/0 [executing] waiting: awaiting for member to start\n  postgresql-k8s/1 [idle] waiting: Awaiting restart operation\n  postgresql-k8s/2 [idle] active: Primary","steps":[],"attachments":[{"uid":"b3e8b52dcf8d4","name":"log","source":"b3e8b52dcf8d4.txt","type":"text/plain","size":12212}],"parameters":[],"stepsCount":0,"shouldDisplayMessage":true,"attachmentsCount":1,"hasContent":true,"attachmentStep":false},"afterStages":[{"name":"abort_on_fail::0","time":{"start":1720317421229,"stop":1720317421230,"duration":1},"status":"passed","steps":[],"attachments":[],"parameters":[],"stepsCount":0,"shouldDisplayMessage":false,"attachmentsCount":0,"hasContent":false,"attachmentStep":false},{"name":"ops_test::finalizer","time":{"start":1720317421235,"stop":1720317421569,"duration":334},"status":"passed","steps":[],"attachments":[],"parameters":[],"stepsCount":0,"shouldDisplayMessage":false,"attachmentsCount":0,"hasContent":false,"attachmentStep":false},{"name":"event_loop::2","time":{"start":1720317421569,"stop":1720317421569,"duration":0},"status":"passed","steps":[],"attachments":[],"parameters":[],"stepsCount":0,"shouldDisplayMessage":false,"attachmentsCount":0,"hasContent":false,"attachmentStep":false},{"name":"event_loop::_close_event_loop","time":{"start":1720317421569,"stop":1720317421569,"duration":0},"status":"passed","steps":[],"attachments":[],"parameters":[],"stepsCount":0,"shouldDisplayMessage":false,"attachmentsCount":0,"hasContent":false,"attachmentStep":false},{"name":"event_loop::_provide_clean_event_loop","time":{"start":1720317421569,"stop":1720317421570,"duration":1},"status":"passed","steps":[],"attachments":[],"parameters":[],"stepsCount":0,"shouldDisplayMessage":false,"attachmentsCount":0,"hasContent":false,"attachmentStep":false}],"labels":[{"name":"tag","value":"abort_on_fail"},{"name":"tag","value":"group(1)"},{"name":"tag","value":"asyncio"},{"name":"parentSuite","value":"tests.integration"},{"name":"suite","value":"test_node_port"},{"name":"host","value":"fv-az1429-708"},{"name":"thread","value":"12811-MainThread"},{"name":"framework","value":"pytest"},{"name":"language","value":"cpython3"},{"name":"package","value":"tests.integration.test_node_port"},{"name":"resultFormat","value":"allure2"}],"parameters":[],"links":[],"hidden":false,"retry":false,"extra":{"severity":"normal","retries":[{"uid":"6e23eca325e5e542","status":"unknown","time":{}}],"categories":[{"name":"Test defects","matchedStatuses":[],"flaky":false}],"history":{"statistic":{"failed":0,"broken":26,"skipped":0,"passed":49,"unknown":0,"total":75},"items":[{"uid":"af467250dc7792d3","reportUrl":"../1960//#testresult/af467250dc7792d3","status":"passed","time":{"start":1720229853068,"stop":1720230570232,"duration":717164}},{"uid":"a3939e974c589ebb","reportUrl":"../1958//#testresult/a3939e974c589ebb","status":"passed","time":{"start":1720143373675,"stop":1720143832370,"duration":458695}},{"uid":"fa154c91795885a0","reportUrl":"../1952//#testresult/fa154c91795885a0","status":"passed","time":{"start":1720056976209,"stop":1720057381321,"duration":405112}},{"uid":"ea0a21d53c3569e","reportUrl":"../1950//#testresult/ea0a21d53c3569e","status":"passed","time":{"start":1719970550563,"stop":1719971130885,"duration":580322}},{"uid":"5e693b887db0a947","reportUrl":"../1948//#testresult/5e693b887db0a947","status":"passed","time":{"start":1719883962674,"stop":1719884516385,"duration":553711}},{"uid":"5e773b90c2daba7","reportUrl":"../1944//#testresult/5e773b90c2daba7","status":"passed","time":{"start":1719797553852,"stop":1719797950076,"duration":396224}},{"uid":"beb4e846aef373e1","reportUrl":"../1943//#testresult/beb4e846aef373e1","status":"passed","time":{"start":1719711433035,"stop":1719712011731,"duration":578696}},{"uid":"bc35ddd2568d2794","reportUrl":"../1942//#testresult/bc35ddd2568d2794","status":"passed","time":{"start":1719624741332,"stop":1719625166983,"duration":425651}},{"uid":"c06303bc1c39b7e4","reportUrl":"../1940//#testresult/c06303bc1c39b7e4","status":"passed","time":{"start":1719538415037,"stop":1719539042098,"duration":627061}},{"uid":"134629c6d61ea9c7","reportUrl":"../1932//#testresult/134629c6d61ea9c7","status":"passed","time":{"start":1719451937685,"stop":1719452461827,"duration":524142}},{"uid":"c00a2ad53fd238f8","reportUrl":"../1923//#testresult/c00a2ad53fd238f8","status":"passed","time":{"start":1719365574885,"stop":1719366698424,"duration":1123539}},{"uid":"552102af4d3a3df9","reportUrl":"../1899//#testresult/552102af4d3a3df9","status":"passed","time":{"start":1719279050705,"stop":1719279434324,"duration":383619}},{"uid":"5b29637362f172f8","reportUrl":"../1893//#testresult/5b29637362f172f8","status":"passed","time":{"start":1719192764964,"stop":1719193349234,"duration":584270}},{"uid":"f6ce81d7587d242e","reportUrl":"../1892//#testresult/f6ce81d7587d242e","status":"passed","time":{"start":1719106333573,"stop":1719106711106,"duration":377533}},{"uid":"df48180fd05b36dc","reportUrl":"../1891//#testresult/df48180fd05b36dc","status":"broken","statusDetails":"juju.errors.JujuAppError: App in error: postgresql-k8s","time":{"start":1719019878024,"stop":1719019944586,"duration":66562}},{"uid":"c721a74207101ac6","reportUrl":"../1888//#testresult/c721a74207101ac6","status":"passed","time":{"start":1718933481795,"stop":1718933922492,"duration":440697}},{"uid":"6f474514bd6ee07c","reportUrl":"../1883//#testresult/6f474514bd6ee07c","status":"passed","time":{"start":1718847150768,"stop":1718847733642,"duration":582874}},{"uid":"46c80478cf4de49","reportUrl":"../1876//#testresult/46c80478cf4de49","status":"passed","time":{"start":1718760699915,"stop":1718761086218,"duration":386303}},{"uid":"45e9464aff17c4d2","reportUrl":"../1872//#testresult/45e9464aff17c4d2","status":"passed","time":{"start":1718674343976,"stop":1718674944849,"duration":600873}},{"uid":"d4461fce84c1f69c","reportUrl":"../1870//#testresult/d4461fce84c1f69c","status":"passed","time":{"start":1718587973146,"stop":1718588515340,"duration":542194}}]},"tags":["asyncio","abort_on_fail","group(1)"]},"source":"c9656ff509241fee.json","parameterValues":[]}