{"uid":"84acb71ac0f0395f","name":"test_build_and_deploy","fullName":"tests.integration.test_node_port#test_build_and_deploy","historyId":"8e5b0ff388919a946524d5696c2557e5","time":{"start":1714268066417,"stop":1714269277823,"duration":1211406},"description":"Test the deployment of the charm.","descriptionHtml":"<p>Test the deployment of the charm.</p>\n","status":"broken","statusMessage":"asyncio.exceptions.TimeoutError: Timed out waiting for model:\npostgresql-k8s/2 [executing] active:","statusTrace":"Traceback (most recent call last):\n  File \"/home/runner/work/pgbouncer-k8s-operator/pgbouncer-k8s-operator/.tox/integration/lib/python3.10/site-packages/_pytest/runner.py\", line 340, in from_call\n    result: Optional[TResult] = func()\n  File \"/home/runner/work/pgbouncer-k8s-operator/pgbouncer-k8s-operator/.tox/integration/lib/python3.10/site-packages/_pytest/runner.py\", line 240, in <lambda>\n    lambda: runtest_hook(item=item, **kwds), when=when, reraise=reraise\n  File \"/home/runner/work/pgbouncer-k8s-operator/pgbouncer-k8s-operator/.tox/integration/lib/python3.10/site-packages/pluggy/_hooks.py\", line 513, in __call__\n    return self._hookexec(self.name, self._hookimpls.copy(), kwargs, firstresult)\n  File \"/home/runner/work/pgbouncer-k8s-operator/pgbouncer-k8s-operator/.tox/integration/lib/python3.10/site-packages/pluggy/_manager.py\", line 120, in _hookexec\n    return self._inner_hookexec(hook_name, methods, kwargs, firstresult)\n  File \"/home/runner/work/pgbouncer-k8s-operator/pgbouncer-k8s-operator/.tox/integration/lib/python3.10/site-packages/pluggy/_callers.py\", line 182, in _multicall\n    return outcome.get_result()\n  File \"/home/runner/work/pgbouncer-k8s-operator/pgbouncer-k8s-operator/.tox/integration/lib/python3.10/site-packages/pluggy/_result.py\", line 100, in get_result\n    raise exc.with_traceback(exc.__traceback__)\n  File \"/home/runner/work/pgbouncer-k8s-operator/pgbouncer-k8s-operator/.tox/integration/lib/python3.10/site-packages/pluggy/_callers.py\", line 167, in _multicall\n    teardown.throw(outcome._exception)\n  File \"/home/runner/work/pgbouncer-k8s-operator/pgbouncer-k8s-operator/.tox/integration/lib/python3.10/site-packages/_pytest/threadexception.py\", line 87, in pytest_runtest_call\n    yield from thread_exception_runtest_hook()\n  File \"/home/runner/work/pgbouncer-k8s-operator/pgbouncer-k8s-operator/.tox/integration/lib/python3.10/site-packages/_pytest/threadexception.py\", line 63, in thread_exception_runtest_hook\n    yield\n  File \"/home/runner/work/pgbouncer-k8s-operator/pgbouncer-k8s-operator/.tox/integration/lib/python3.10/site-packages/pluggy/_callers.py\", line 167, in _multicall\n    teardown.throw(outcome._exception)\n  File \"/home/runner/work/pgbouncer-k8s-operator/pgbouncer-k8s-operator/.tox/integration/lib/python3.10/site-packages/_pytest/unraisableexception.py\", line 90, in pytest_runtest_call\n    yield from unraisable_exception_runtest_hook()\n  File \"/home/runner/work/pgbouncer-k8s-operator/pgbouncer-k8s-operator/.tox/integration/lib/python3.10/site-packages/_pytest/unraisableexception.py\", line 65, in unraisable_exception_runtest_hook\n    yield\n  File \"/home/runner/work/pgbouncer-k8s-operator/pgbouncer-k8s-operator/.tox/integration/lib/python3.10/site-packages/pluggy/_callers.py\", line 167, in _multicall\n    teardown.throw(outcome._exception)\n  File \"/home/runner/work/pgbouncer-k8s-operator/pgbouncer-k8s-operator/.tox/integration/lib/python3.10/site-packages/_pytest/logging.py\", line 849, in pytest_runtest_call\n    yield from self._runtest_for(item, \"call\")\n  File \"/home/runner/work/pgbouncer-k8s-operator/pgbouncer-k8s-operator/.tox/integration/lib/python3.10/site-packages/_pytest/logging.py\", line 832, in _runtest_for\n    yield\n  File \"/home/runner/work/pgbouncer-k8s-operator/pgbouncer-k8s-operator/.tox/integration/lib/python3.10/site-packages/pluggy/_callers.py\", line 167, in _multicall\n    teardown.throw(outcome._exception)\n  File \"/home/runner/work/pgbouncer-k8s-operator/pgbouncer-k8s-operator/.tox/integration/lib/python3.10/site-packages/_pytest/capture.py\", line 883, in pytest_runtest_call\n    return (yield)\n  File \"/home/runner/work/pgbouncer-k8s-operator/pgbouncer-k8s-operator/.tox/integration/lib/python3.10/site-packages/pluggy/_callers.py\", line 167, in _multicall\n    teardown.throw(outcome._exception)\n  File \"/home/runner/work/pgbouncer-k8s-operator/pgbouncer-k8s-operator/.tox/integration/lib/python3.10/site-packages/_pytest/skipping.py\", line 256, in pytest_runtest_call\n    return (yield)\n  File \"/home/runner/work/pgbouncer-k8s-operator/pgbouncer-k8s-operator/.tox/integration/lib/python3.10/site-packages/pluggy/_callers.py\", line 103, in _multicall\n    res = hook_impl.function(*args)\n  File \"/home/runner/work/pgbouncer-k8s-operator/pgbouncer-k8s-operator/.tox/integration/lib/python3.10/site-packages/_pytest/runner.py\", line 182, in pytest_runtest_call\n    raise e\n  File \"/home/runner/work/pgbouncer-k8s-operator/pgbouncer-k8s-operator/.tox/integration/lib/python3.10/site-packages/_pytest/runner.py\", line 172, in pytest_runtest_call\n    item.runtest()\n  File \"/home/runner/work/pgbouncer-k8s-operator/pgbouncer-k8s-operator/.tox/integration/lib/python3.10/site-packages/_pytest/python.py\", line 1772, in runtest\n    self.ihook.pytest_pyfunc_call(pyfuncitem=self)\n  File \"/home/runner/work/pgbouncer-k8s-operator/pgbouncer-k8s-operator/.tox/integration/lib/python3.10/site-packages/pluggy/_hooks.py\", line 513, in __call__\n    return self._hookexec(self.name, self._hookimpls.copy(), kwargs, firstresult)\n  File \"/home/runner/work/pgbouncer-k8s-operator/pgbouncer-k8s-operator/.tox/integration/lib/python3.10/site-packages/pluggy/_manager.py\", line 120, in _hookexec\n    return self._inner_hookexec(hook_name, methods, kwargs, firstresult)\n  File \"/home/runner/work/pgbouncer-k8s-operator/pgbouncer-k8s-operator/.tox/integration/lib/python3.10/site-packages/pluggy/_callers.py\", line 182, in _multicall\n    return outcome.get_result()\n  File \"/home/runner/work/pgbouncer-k8s-operator/pgbouncer-k8s-operator/.tox/integration/lib/python3.10/site-packages/pluggy/_result.py\", line 100, in get_result\n    raise exc.with_traceback(exc.__traceback__)\n  File \"/home/runner/work/pgbouncer-k8s-operator/pgbouncer-k8s-operator/.tox/integration/lib/python3.10/site-packages/pluggy/_callers.py\", line 103, in _multicall\n    res = hook_impl.function(*args)\n  File \"/home/runner/work/pgbouncer-k8s-operator/pgbouncer-k8s-operator/.tox/integration/lib/python3.10/site-packages/_pytest/python.py\", line 195, in pytest_pyfunc_call\n    result = testfunction(**testargs)\n  File \"/home/runner/work/pgbouncer-k8s-operator/pgbouncer-k8s-operator/.tox/integration/lib/python3.10/site-packages/pytest_asyncio/plugin.py\", line 532, in inner\n    _loop.run_until_complete(task)\n  File \"/usr/lib/python3.10/asyncio/base_events.py\", line 649, in run_until_complete\n    return future.result()\n  File \"/home/runner/work/pgbouncer-k8s-operator/pgbouncer-k8s-operator/tests/integration/test_node_port.py\", line 120, in test_build_and_deploy\n    await ops_test.model.wait_for_idle(status=\"active\", timeout=1200)\n  File \"/home/runner/work/pgbouncer-k8s-operator/pgbouncer-k8s-operator/.tox/integration/lib/python3.10/site-packages/juju/model.py\", line 2956, in wait_for_idle\n    raise jasyncio.TimeoutError(\"Timed out waiting for model:\\n\" + busy)\nasyncio.exceptions.TimeoutError: Timed out waiting for model:\npostgresql-k8s/2 [executing] active:","flaky":false,"newFailed":false,"newBroken":false,"newPassed":false,"retriesCount":0,"retriesStatusChange":false,"beforeStages":[{"name":"event_loop","time":{"start":1714268066189,"stop":1714268066189,"duration":0},"status":"passed","steps":[],"attachments":[],"parameters":[],"stepsCount":0,"shouldDisplayMessage":false,"attachmentsCount":0,"hasContent":false,"attachmentStep":false},{"name":"tmp_path_factory","time":{"start":1714268066189,"stop":1714268066189,"duration":0},"status":"passed","steps":[],"attachments":[],"parameters":[],"stepsCount":0,"shouldDisplayMessage":false,"attachmentsCount":0,"hasContent":false,"attachmentStep":false},{"name":"ops_test","time":{"start":1714268066189,"stop":1714268066413,"duration":224},"status":"passed","steps":[],"attachments":[],"parameters":[],"stepsCount":0,"shouldDisplayMessage":false,"attachmentsCount":0,"hasContent":false,"attachmentStep":false},{"name":"pgb_charm","time":{"start":1714268066414,"stop":1714268066416,"duration":2},"status":"passed","steps":[],"attachments":[],"parameters":[],"stepsCount":0,"shouldDisplayMessage":false,"attachmentsCount":0,"hasContent":false,"attachmentStep":false},{"name":"abort_on_fail","time":{"start":1714268066417,"stop":1714268066417,"duration":0},"status":"passed","steps":[],"attachments":[],"parameters":[],"stepsCount":0,"shouldDisplayMessage":false,"attachmentsCount":0,"hasContent":false,"attachmentStep":false}],"testStage":{"description":"Test the deployment of the charm.","status":"broken","statusMessage":"asyncio.exceptions.TimeoutError: Timed out waiting for model:\npostgresql-k8s/2 [executing] active:","statusTrace":"Traceback (most recent call last):\n  File \"/home/runner/work/pgbouncer-k8s-operator/pgbouncer-k8s-operator/.tox/integration/lib/python3.10/site-packages/_pytest/runner.py\", line 340, in from_call\n    result: Optional[TResult] = func()\n  File \"/home/runner/work/pgbouncer-k8s-operator/pgbouncer-k8s-operator/.tox/integration/lib/python3.10/site-packages/_pytest/runner.py\", line 240, in <lambda>\n    lambda: runtest_hook(item=item, **kwds), when=when, reraise=reraise\n  File \"/home/runner/work/pgbouncer-k8s-operator/pgbouncer-k8s-operator/.tox/integration/lib/python3.10/site-packages/pluggy/_hooks.py\", line 513, in __call__\n    return self._hookexec(self.name, self._hookimpls.copy(), kwargs, firstresult)\n  File \"/home/runner/work/pgbouncer-k8s-operator/pgbouncer-k8s-operator/.tox/integration/lib/python3.10/site-packages/pluggy/_manager.py\", line 120, in _hookexec\n    return self._inner_hookexec(hook_name, methods, kwargs, firstresult)\n  File \"/home/runner/work/pgbouncer-k8s-operator/pgbouncer-k8s-operator/.tox/integration/lib/python3.10/site-packages/pluggy/_callers.py\", line 182, in _multicall\n    return outcome.get_result()\n  File \"/home/runner/work/pgbouncer-k8s-operator/pgbouncer-k8s-operator/.tox/integration/lib/python3.10/site-packages/pluggy/_result.py\", line 100, in get_result\n    raise exc.with_traceback(exc.__traceback__)\n  File \"/home/runner/work/pgbouncer-k8s-operator/pgbouncer-k8s-operator/.tox/integration/lib/python3.10/site-packages/pluggy/_callers.py\", line 167, in _multicall\n    teardown.throw(outcome._exception)\n  File \"/home/runner/work/pgbouncer-k8s-operator/pgbouncer-k8s-operator/.tox/integration/lib/python3.10/site-packages/_pytest/threadexception.py\", line 87, in pytest_runtest_call\n    yield from thread_exception_runtest_hook()\n  File \"/home/runner/work/pgbouncer-k8s-operator/pgbouncer-k8s-operator/.tox/integration/lib/python3.10/site-packages/_pytest/threadexception.py\", line 63, in thread_exception_runtest_hook\n    yield\n  File \"/home/runner/work/pgbouncer-k8s-operator/pgbouncer-k8s-operator/.tox/integration/lib/python3.10/site-packages/pluggy/_callers.py\", line 167, in _multicall\n    teardown.throw(outcome._exception)\n  File \"/home/runner/work/pgbouncer-k8s-operator/pgbouncer-k8s-operator/.tox/integration/lib/python3.10/site-packages/_pytest/unraisableexception.py\", line 90, in pytest_runtest_call\n    yield from unraisable_exception_runtest_hook()\n  File \"/home/runner/work/pgbouncer-k8s-operator/pgbouncer-k8s-operator/.tox/integration/lib/python3.10/site-packages/_pytest/unraisableexception.py\", line 65, in unraisable_exception_runtest_hook\n    yield\n  File \"/home/runner/work/pgbouncer-k8s-operator/pgbouncer-k8s-operator/.tox/integration/lib/python3.10/site-packages/pluggy/_callers.py\", line 167, in _multicall\n    teardown.throw(outcome._exception)\n  File \"/home/runner/work/pgbouncer-k8s-operator/pgbouncer-k8s-operator/.tox/integration/lib/python3.10/site-packages/_pytest/logging.py\", line 849, in pytest_runtest_call\n    yield from self._runtest_for(item, \"call\")\n  File \"/home/runner/work/pgbouncer-k8s-operator/pgbouncer-k8s-operator/.tox/integration/lib/python3.10/site-packages/_pytest/logging.py\", line 832, in _runtest_for\n    yield\n  File \"/home/runner/work/pgbouncer-k8s-operator/pgbouncer-k8s-operator/.tox/integration/lib/python3.10/site-packages/pluggy/_callers.py\", line 167, in _multicall\n    teardown.throw(outcome._exception)\n  File \"/home/runner/work/pgbouncer-k8s-operator/pgbouncer-k8s-operator/.tox/integration/lib/python3.10/site-packages/_pytest/capture.py\", line 883, in pytest_runtest_call\n    return (yield)\n  File \"/home/runner/work/pgbouncer-k8s-operator/pgbouncer-k8s-operator/.tox/integration/lib/python3.10/site-packages/pluggy/_callers.py\", line 167, in _multicall\n    teardown.throw(outcome._exception)\n  File \"/home/runner/work/pgbouncer-k8s-operator/pgbouncer-k8s-operator/.tox/integration/lib/python3.10/site-packages/_pytest/skipping.py\", line 256, in pytest_runtest_call\n    return (yield)\n  File \"/home/runner/work/pgbouncer-k8s-operator/pgbouncer-k8s-operator/.tox/integration/lib/python3.10/site-packages/pluggy/_callers.py\", line 103, in _multicall\n    res = hook_impl.function(*args)\n  File \"/home/runner/work/pgbouncer-k8s-operator/pgbouncer-k8s-operator/.tox/integration/lib/python3.10/site-packages/_pytest/runner.py\", line 182, in pytest_runtest_call\n    raise e\n  File \"/home/runner/work/pgbouncer-k8s-operator/pgbouncer-k8s-operator/.tox/integration/lib/python3.10/site-packages/_pytest/runner.py\", line 172, in pytest_runtest_call\n    item.runtest()\n  File \"/home/runner/work/pgbouncer-k8s-operator/pgbouncer-k8s-operator/.tox/integration/lib/python3.10/site-packages/_pytest/python.py\", line 1772, in runtest\n    self.ihook.pytest_pyfunc_call(pyfuncitem=self)\n  File \"/home/runner/work/pgbouncer-k8s-operator/pgbouncer-k8s-operator/.tox/integration/lib/python3.10/site-packages/pluggy/_hooks.py\", line 513, in __call__\n    return self._hookexec(self.name, self._hookimpls.copy(), kwargs, firstresult)\n  File \"/home/runner/work/pgbouncer-k8s-operator/pgbouncer-k8s-operator/.tox/integration/lib/python3.10/site-packages/pluggy/_manager.py\", line 120, in _hookexec\n    return self._inner_hookexec(hook_name, methods, kwargs, firstresult)\n  File \"/home/runner/work/pgbouncer-k8s-operator/pgbouncer-k8s-operator/.tox/integration/lib/python3.10/site-packages/pluggy/_callers.py\", line 182, in _multicall\n    return outcome.get_result()\n  File \"/home/runner/work/pgbouncer-k8s-operator/pgbouncer-k8s-operator/.tox/integration/lib/python3.10/site-packages/pluggy/_result.py\", line 100, in get_result\n    raise exc.with_traceback(exc.__traceback__)\n  File \"/home/runner/work/pgbouncer-k8s-operator/pgbouncer-k8s-operator/.tox/integration/lib/python3.10/site-packages/pluggy/_callers.py\", line 103, in _multicall\n    res = hook_impl.function(*args)\n  File \"/home/runner/work/pgbouncer-k8s-operator/pgbouncer-k8s-operator/.tox/integration/lib/python3.10/site-packages/_pytest/python.py\", line 195, in pytest_pyfunc_call\n    result = testfunction(**testargs)\n  File \"/home/runner/work/pgbouncer-k8s-operator/pgbouncer-k8s-operator/.tox/integration/lib/python3.10/site-packages/pytest_asyncio/plugin.py\", line 532, in inner\n    _loop.run_until_complete(task)\n  File \"/usr/lib/python3.10/asyncio/base_events.py\", line 649, in run_until_complete\n    return future.result()\n  File \"/home/runner/work/pgbouncer-k8s-operator/pgbouncer-k8s-operator/tests/integration/test_node_port.py\", line 120, in test_build_and_deploy\n    await ops_test.model.wait_for_idle(status=\"active\", timeout=1200)\n  File \"/home/runner/work/pgbouncer-k8s-operator/pgbouncer-k8s-operator/.tox/integration/lib/python3.10/site-packages/juju/model.py\", line 2956, in wait_for_idle\n    raise jasyncio.TimeoutError(\"Timed out waiting for model:\\n\" + busy)\nasyncio.exceptions.TimeoutError: Timed out waiting for model:\npostgresql-k8s/2 [executing] active:","steps":[],"attachments":[{"uid":"8ff43d5a8ee7ee65","name":"log","source":"8ff43d5a8ee7ee65.txt","type":"text/plain","size":8886}],"parameters":[],"stepsCount":0,"shouldDisplayMessage":true,"attachmentsCount":1,"hasContent":true,"attachmentStep":false},"afterStages":[{"name":"abort_on_fail::0","time":{"start":1714269277826,"stop":1714269277826,"duration":0},"status":"passed","steps":[],"attachments":[],"parameters":[],"stepsCount":0,"shouldDisplayMessage":false,"attachmentsCount":0,"hasContent":false,"attachmentStep":false},{"name":"ops_test::finalizer","time":{"start":1714269277832,"stop":1714269278184,"duration":352},"status":"passed","steps":[],"attachments":[],"parameters":[],"stepsCount":0,"shouldDisplayMessage":false,"attachmentsCount":0,"hasContent":false,"attachmentStep":false},{"name":"event_loop::2","time":{"start":1714269278184,"stop":1714269278184,"duration":0},"status":"passed","steps":[],"attachments":[],"parameters":[],"stepsCount":0,"shouldDisplayMessage":false,"attachmentsCount":0,"hasContent":false,"attachmentStep":false},{"name":"event_loop::_close_event_loop","time":{"start":1714269278185,"stop":1714269278185,"duration":0},"status":"passed","steps":[],"attachments":[],"parameters":[],"stepsCount":0,"shouldDisplayMessage":false,"attachmentsCount":0,"hasContent":false,"attachmentStep":false},{"name":"event_loop::_provide_clean_event_loop","time":{"start":1714269278185,"stop":1714269278185,"duration":0},"status":"passed","steps":[],"attachments":[],"parameters":[],"stepsCount":0,"shouldDisplayMessage":false,"attachmentsCount":0,"hasContent":false,"attachmentStep":false}],"labels":[{"name":"tag","value":"abort_on_fail"},{"name":"tag","value":"group(1)"},{"name":"tag","value":"asyncio"},{"name":"parentSuite","value":"tests.integration"},{"name":"suite","value":"test_node_port"},{"name":"host","value":"fv-az736-586"},{"name":"thread","value":"12502-MainThread"},{"name":"framework","value":"pytest"},{"name":"language","value":"cpython3"},{"name":"package","value":"tests.integration.test_node_port"},{"name":"resultFormat","value":"allure2"}],"parameters":[],"links":[],"hidden":false,"retry":false,"extra":{"severity":"normal","retries":[],"categories":[{"name":"Test defects","matchedStatuses":[],"flaky":false}],"history":{"statistic":{"failed":0,"broken":8,"skipped":0,"passed":2,"unknown":0,"total":10},"items":[{"uid":"d67e36b93545aa96","reportUrl":"../1763//#testresult/d67e36b93545aa96","status":"broken","statusDetails":"asyncio.exceptions.TimeoutError: Timed out waiting for model:\npostgresql-k8s/2 [executing] active:","time":{"start":1714181505886,"stop":1714182719467,"duration":1213581}},{"uid":"a123d5df2097a682","reportUrl":"../1761//#testresult/a123d5df2097a682","status":"broken","statusDetails":"juju.errors.JujuUnitError: Unit in error: postgresql-k8s/1","time":{"start":1714095217870,"stop":1714095498362,"duration":280492}},{"uid":"46e5be457272dd4a","reportUrl":"../1754//#testresult/46e5be457272dd4a","status":"broken","statusDetails":"asyncio.exceptions.TimeoutError: Timed out waiting for model:\npostgresql-k8s/2 [idle] active:","time":{"start":1714008721474,"stop":1714009934883,"duration":1213409}},{"uid":"d9b9b9337a7a9546","reportUrl":"../1746//#testresult/d9b9b9337a7a9546","status":"passed","time":{"start":1713922436278,"stop":1713923571321,"duration":1135043}},{"uid":"2d817d6f479872d6","reportUrl":"../1744//#testresult/2d817d6f479872d6","status":"broken","statusDetails":"asyncio.exceptions.TimeoutError: Timed out waiting for model:\npostgresql-k8s/2 [idle] active:","time":{"start":1713835850743,"stop":1713837062378,"duration":1211635}},{"uid":"7f20b0cd779abef5","reportUrl":"../1741//#testresult/7f20b0cd779abef5","status":"broken","statusDetails":"asyncio.exceptions.TimeoutError: Timed out waiting for model:\npostgresql-k8s/2 [executing] active:","time":{"start":1713749508451,"stop":1713750722502,"duration":1214051}},{"uid":"8a7bbd9d70e62c00","reportUrl":"../1739//#testresult/8a7bbd9d70e62c00","status":"broken","statusDetails":"asyncio.exceptions.TimeoutError: Timed out waiting for model:\npostgresql-k8s/2 [idle] active:","time":{"start":1713663097023,"stop":1713664308712,"duration":1211689}},{"uid":"dfe71a3a91ca4f84","reportUrl":"../1736//#testresult/dfe71a3a91ca4f84","status":"broken","statusDetails":"juju.errors.JujuUnitError: Unit in error: postgresql-k8s/0","time":{"start":1713576632837,"stop":1713576975546,"duration":342709}},{"uid":"ae4fa8ed91c94ccc","reportUrl":"../1735//#testresult/ae4fa8ed91c94ccc","status":"passed","time":{"start":1713490255460,"stop":1713490692240,"duration":436780}}]},"tags":["asyncio","abort_on_fail","group(1)"]},"source":"84acb71ac0f0395f.json","parameterValues":[]}