{"uid":"a7563414312c70b2","name":"test_expose_external","fullName":"tests.integration.test_expose_external#test_expose_external","historyId":"7750323f37c67d2243b6ad910c6b49b1","time":{"start":1752630234411,"stop":1752631351881,"duration":1117470},"description":"Test the expose-external config option.","descriptionHtml":"<p>Test the expose-external config option.</p>\n","status":"broken","statusMessage":"psycopg2.OperationalError: connection to server at \"10.1.0.143\", port 32664 failed: FATAL:  no pg_hba.conf entry for host \"10.1.63.202\", user \"relation_id_7\", database \"testdatabase\", no encryption","statusTrace":"Traceback (most recent call last):\n  File \"/root/spread_project/.tox/integration/lib/python3.12/site-packages/_pytest/runner.py\", line 344, in from_call\n    result: TResult | None = func()\n                             ^^^^^^\n  File \"/root/spread_project/.tox/integration/lib/python3.12/site-packages/_pytest/runner.py\", line 246, in <lambda>\n    lambda: runtest_hook(item=item, **kwds), when=when, reraise=reraise\n            ^^^^^^^^^^^^^^^^^^^^^^^^^^^^^^^\n  File \"/root/spread_project/.tox/integration/lib/python3.12/site-packages/pluggy/_hooks.py\", line 512, in __call__\n    return self._hookexec(self.name, self._hookimpls.copy(), kwargs, firstresult)\n           ^^^^^^^^^^^^^^^^^^^^^^^^^^^^^^^^^^^^^^^^^^^^^^^^^^^^^^^^^^^^^^^^^^^^^^\n  File \"/root/spread_project/.tox/integration/lib/python3.12/site-packages/pluggy/_manager.py\", line 120, in _hookexec\n    return self._inner_hookexec(hook_name, methods, kwargs, firstresult)\n           ^^^^^^^^^^^^^^^^^^^^^^^^^^^^^^^^^^^^^^^^^^^^^^^^^^^^^^^^^^^^^\n  File \"/root/spread_project/.tox/integration/lib/python3.12/site-packages/pluggy/_callers.py\", line 167, in _multicall\n    raise exception\n  File \"/root/spread_project/.tox/integration/lib/python3.12/site-packages/pluggy/_callers.py\", line 139, in _multicall\n    teardown.throw(exception)\n  File \"/root/spread_project/.tox/integration/lib/python3.12/site-packages/_pytest/logging.py\", line 850, in pytest_runtest_call\n    yield\n  File \"/root/spread_project/.tox/integration/lib/python3.12/site-packages/pluggy/_callers.py\", line 139, in _multicall\n    teardown.throw(exception)\n  File \"/root/spread_project/.tox/integration/lib/python3.12/site-packages/pluggy/_callers.py\", line 53, in run_old_style_hookwrapper\n    return result.get_result()\n           ^^^^^^^^^^^^^^^^^^^\n  File \"/root/spread_project/.tox/integration/lib/python3.12/site-packages/pluggy/_result.py\", line 103, in get_result\n    raise exc.with_traceback(tb)\n  File \"/root/spread_project/.tox/integration/lib/python3.12/site-packages/pluggy/_callers.py\", line 38, in run_old_style_hookwrapper\n    res = yield\n          ^^^^^\n  File \"/root/spread_project/.tox/integration/lib/python3.12/site-packages/pluggy/_callers.py\", line 139, in _multicall\n    teardown.throw(exception)\n  File \"/root/spread_project/.tox/integration/lib/python3.12/site-packages/_pytest/capture.py\", line 900, in pytest_runtest_call\n    return (yield)\n            ^^^^^\n  File \"/root/spread_project/.tox/integration/lib/python3.12/site-packages/pluggy/_callers.py\", line 139, in _multicall\n    teardown.throw(exception)\n  File \"/root/spread_project/.tox/integration/lib/python3.12/site-packages/_pytest/skipping.py\", line 263, in pytest_runtest_call\n    return (yield)\n            ^^^^^\n  File \"/root/spread_project/.tox/integration/lib/python3.12/site-packages/pluggy/_callers.py\", line 121, in _multicall\n    res = hook_impl.function(*args)\n          ^^^^^^^^^^^^^^^^^^^^^^^^^\n  File \"/root/spread_project/.tox/integration/lib/python3.12/site-packages/_pytest/runner.py\", line 178, in pytest_runtest_call\n    item.runtest()\n  File \"/root/spread_project/.tox/integration/lib/python3.12/site-packages/_pytest/python.py\", line 1671, in runtest\n    self.ihook.pytest_pyfunc_call(pyfuncitem=self)\n  File \"/root/spread_project/.tox/integration/lib/python3.12/site-packages/pluggy/_hooks.py\", line 512, in __call__\n    return self._hookexec(self.name, self._hookimpls.copy(), kwargs, firstresult)\n           ^^^^^^^^^^^^^^^^^^^^^^^^^^^^^^^^^^^^^^^^^^^^^^^^^^^^^^^^^^^^^^^^^^^^^^\n  File \"/root/spread_project/.tox/integration/lib/python3.12/site-packages/pluggy/_manager.py\", line 120, in _hookexec\n    return self._inner_hookexec(hook_name, methods, kwargs, firstresult)\n           ^^^^^^^^^^^^^^^^^^^^^^^^^^^^^^^^^^^^^^^^^^^^^^^^^^^^^^^^^^^^^\n  File \"/root/spread_project/.tox/integration/lib/python3.12/site-packages/pluggy/_callers.py\", line 167, in _multicall\n    raise exception\n  File \"/root/spread_project/.tox/integration/lib/python3.12/site-packages/pluggy/_callers.py\", line 139, in _multicall\n    teardown.throw(exception)\n  File \"/root/spread_project/.tox/integration/lib/python3.12/site-packages/pluggy/_callers.py\", line 53, in run_old_style_hookwrapper\n    return result.get_result()\n           ^^^^^^^^^^^^^^^^^^^\n  File \"/root/spread_project/.tox/integration/lib/python3.12/site-packages/pluggy/_result.py\", line 103, in get_result\n    raise exc.with_traceback(tb)\n  File \"/root/spread_project/.tox/integration/lib/python3.12/site-packages/pluggy/_callers.py\", line 38, in run_old_style_hookwrapper\n    res = yield\n          ^^^^^\n  File \"/root/spread_project/.tox/integration/lib/python3.12/site-packages/pluggy/_callers.py\", line 121, in _multicall\n    res = hook_impl.function(*args)\n          ^^^^^^^^^^^^^^^^^^^^^^^^^\n  File \"/root/spread_project/.tox/integration/lib/python3.12/site-packages/_pytest/python.py\", line 157, in pytest_pyfunc_call\n    result = testfunction(**testargs)\n             ^^^^^^^^^^^^^^^^^^^^^^^^\n  File \"/root/spread_project/.tox/integration/lib/python3.12/site-packages/pytest_asyncio/plugin.py\", line 529, in inner\n    _loop.run_until_complete(task)\n  File \"/usr/lib/python3.12/asyncio/base_events.py\", line 687, in run_until_complete\n    return future.result()\n           ^^^^^^^^^^^^^^^\n  File \"/root/spread_project/tests/integration/test_expose_external.py\", line 155, in test_expose_external\n    nodeport_endpoints = await confirm_endpoint_connectivity(ops_test)\n                         ^^^^^^^^^^^^^^^^^^^^^^^^^^^^^^^^^^^^^^^^^^^^^\n  File \"/root/spread_project/tests/integration/test_expose_external.py\", line 65, in confirm_endpoint_connectivity\n    for attempt in tenacity.Retrying(\n  File \"/root/spread_project/.tox/integration/lib/python3.12/site-packages/tenacity/__init__.py\", line 445, in __iter__\n    do = self.iter(retry_state=retry_state)\n         ^^^^^^^^^^^^^^^^^^^^^^^^^^^^^^^^^^\n  File \"/root/spread_project/.tox/integration/lib/python3.12/site-packages/tenacity/__init__.py\", line 378, in iter\n    result = action(retry_state)\n             ^^^^^^^^^^^^^^^^^^^\n  File \"/root/spread_project/.tox/integration/lib/python3.12/site-packages/tenacity/__init__.py\", line 420, in exc_check\n    raise retry_exc.reraise()\n          ^^^^^^^^^^^^^^^^^^^\n  File \"/root/spread_project/.tox/integration/lib/python3.12/site-packages/tenacity/__init__.py\", line 187, in reraise\n    raise self.last_attempt.result()\n          ^^^^^^^^^^^^^^^^^^^^^^^^^^\n  File \"/usr/lib/python3.12/concurrent/futures/_base.py\", line 449, in result\n    return self.__get_result()\n           ^^^^^^^^^^^^^^^^^^^\n  File \"/usr/lib/python3.12/concurrent/futures/_base.py\", line 401, in __get_result\n    raise self._exception\n  File \"/root/spread_project/tests/integration/test_expose_external.py\", line 82, in confirm_endpoint_connectivity\n    psycopg2.connect(\n  File \"/root/spread_project/.tox/integration/lib/python3.12/site-packages/psycopg2/__init__.py\", line 122, in connect\n    conn = _connect(dsn, connection_factory=connection_factory, **kwasync)\n           ^^^^^^^^^^^^^^^^^^^^^^^^^^^^^^^^^^^^^^^^^^^^^^^^^^^^^^^^^^^^^^^\npsycopg2.OperationalError: connection to server at \"10.1.0.143\", port 32664 failed: FATAL:  no pg_hba.conf entry for host \"10.1.63.202\", user \"relation_id_7\", database \"testdatabase\", no encryption","flaky":false,"newFailed":false,"newBroken":false,"newPassed":false,"retriesCount":1,"retriesStatusChange":true,"beforeStages":[{"name":"ops_test","time":{"start":1752630234153,"stop":1752630234410,"duration":257},"status":"passed","steps":[],"attachments":[],"parameters":[],"shouldDisplayMessage":false,"stepsCount":0,"attachmentsCount":0,"hasContent":false,"attachmentStep":false},{"name":"charm","time":{"start":1752630234153,"stop":1752630234153,"duration":0},"status":"passed","steps":[],"attachments":[],"parameters":[],"shouldDisplayMessage":false,"stepsCount":0,"attachmentsCount":0,"hasContent":false,"attachmentStep":false},{"name":"tmp_path_factory","time":{"start":1752630234153,"stop":1752630234153,"duration":0},"status":"passed","steps":[],"attachments":[],"parameters":[],"shouldDisplayMessage":false,"stepsCount":0,"attachmentsCount":0,"hasContent":false,"attachmentStep":false},{"name":"event_loop","time":{"start":1752630234153,"stop":1752630234153,"duration":0},"status":"passed","steps":[],"attachments":[],"parameters":[],"shouldDisplayMessage":false,"stepsCount":0,"attachmentsCount":0,"hasContent":false,"attachmentStep":false},{"name":"abort_on_fail","time":{"start":1752630234411,"stop":1752630234411,"duration":0},"status":"passed","steps":[],"attachments":[],"parameters":[],"shouldDisplayMessage":false,"stepsCount":0,"attachmentsCount":0,"hasContent":false,"attachmentStep":false}],"testStage":{"description":"Test the expose-external config option.","status":"broken","statusMessage":"psycopg2.OperationalError: connection to server at \"10.1.0.143\", port 32664 failed: FATAL:  no pg_hba.conf entry for host \"10.1.63.202\", user \"relation_id_7\", database \"testdatabase\", no encryption","statusTrace":"Traceback (most recent call last):\n  File \"/root/spread_project/.tox/integration/lib/python3.12/site-packages/_pytest/runner.py\", line 344, in from_call\n    result: TResult | None = func()\n                             ^^^^^^\n  File \"/root/spread_project/.tox/integration/lib/python3.12/site-packages/_pytest/runner.py\", line 246, in <lambda>\n    lambda: runtest_hook(item=item, **kwds), when=when, reraise=reraise\n            ^^^^^^^^^^^^^^^^^^^^^^^^^^^^^^^\n  File \"/root/spread_project/.tox/integration/lib/python3.12/site-packages/pluggy/_hooks.py\", line 512, in __call__\n    return self._hookexec(self.name, self._hookimpls.copy(), kwargs, firstresult)\n           ^^^^^^^^^^^^^^^^^^^^^^^^^^^^^^^^^^^^^^^^^^^^^^^^^^^^^^^^^^^^^^^^^^^^^^\n  File \"/root/spread_project/.tox/integration/lib/python3.12/site-packages/pluggy/_manager.py\", line 120, in _hookexec\n    return self._inner_hookexec(hook_name, methods, kwargs, firstresult)\n           ^^^^^^^^^^^^^^^^^^^^^^^^^^^^^^^^^^^^^^^^^^^^^^^^^^^^^^^^^^^^^\n  File \"/root/spread_project/.tox/integration/lib/python3.12/site-packages/pluggy/_callers.py\", line 167, in _multicall\n    raise exception\n  File \"/root/spread_project/.tox/integration/lib/python3.12/site-packages/pluggy/_callers.py\", line 139, in _multicall\n    teardown.throw(exception)\n  File \"/root/spread_project/.tox/integration/lib/python3.12/site-packages/_pytest/logging.py\", line 850, in pytest_runtest_call\n    yield\n  File \"/root/spread_project/.tox/integration/lib/python3.12/site-packages/pluggy/_callers.py\", line 139, in _multicall\n    teardown.throw(exception)\n  File \"/root/spread_project/.tox/integration/lib/python3.12/site-packages/pluggy/_callers.py\", line 53, in run_old_style_hookwrapper\n    return result.get_result()\n           ^^^^^^^^^^^^^^^^^^^\n  File \"/root/spread_project/.tox/integration/lib/python3.12/site-packages/pluggy/_result.py\", line 103, in get_result\n    raise exc.with_traceback(tb)\n  File \"/root/spread_project/.tox/integration/lib/python3.12/site-packages/pluggy/_callers.py\", line 38, in run_old_style_hookwrapper\n    res = yield\n          ^^^^^\n  File \"/root/spread_project/.tox/integration/lib/python3.12/site-packages/pluggy/_callers.py\", line 139, in _multicall\n    teardown.throw(exception)\n  File \"/root/spread_project/.tox/integration/lib/python3.12/site-packages/_pytest/capture.py\", line 900, in pytest_runtest_call\n    return (yield)\n            ^^^^^\n  File \"/root/spread_project/.tox/integration/lib/python3.12/site-packages/pluggy/_callers.py\", line 139, in _multicall\n    teardown.throw(exception)\n  File \"/root/spread_project/.tox/integration/lib/python3.12/site-packages/_pytest/skipping.py\", line 263, in pytest_runtest_call\n    return (yield)\n            ^^^^^\n  File \"/root/spread_project/.tox/integration/lib/python3.12/site-packages/pluggy/_callers.py\", line 121, in _multicall\n    res = hook_impl.function(*args)\n          ^^^^^^^^^^^^^^^^^^^^^^^^^\n  File \"/root/spread_project/.tox/integration/lib/python3.12/site-packages/_pytest/runner.py\", line 178, in pytest_runtest_call\n    item.runtest()\n  File \"/root/spread_project/.tox/integration/lib/python3.12/site-packages/_pytest/python.py\", line 1671, in runtest\n    self.ihook.pytest_pyfunc_call(pyfuncitem=self)\n  File \"/root/spread_project/.tox/integration/lib/python3.12/site-packages/pluggy/_hooks.py\", line 512, in __call__\n    return self._hookexec(self.name, self._hookimpls.copy(), kwargs, firstresult)\n           ^^^^^^^^^^^^^^^^^^^^^^^^^^^^^^^^^^^^^^^^^^^^^^^^^^^^^^^^^^^^^^^^^^^^^^\n  File \"/root/spread_project/.tox/integration/lib/python3.12/site-packages/pluggy/_manager.py\", line 120, in _hookexec\n    return self._inner_hookexec(hook_name, methods, kwargs, firstresult)\n           ^^^^^^^^^^^^^^^^^^^^^^^^^^^^^^^^^^^^^^^^^^^^^^^^^^^^^^^^^^^^^\n  File \"/root/spread_project/.tox/integration/lib/python3.12/site-packages/pluggy/_callers.py\", line 167, in _multicall\n    raise exception\n  File \"/root/spread_project/.tox/integration/lib/python3.12/site-packages/pluggy/_callers.py\", line 139, in _multicall\n    teardown.throw(exception)\n  File \"/root/spread_project/.tox/integration/lib/python3.12/site-packages/pluggy/_callers.py\", line 53, in run_old_style_hookwrapper\n    return result.get_result()\n           ^^^^^^^^^^^^^^^^^^^\n  File \"/root/spread_project/.tox/integration/lib/python3.12/site-packages/pluggy/_result.py\", line 103, in get_result\n    raise exc.with_traceback(tb)\n  File \"/root/spread_project/.tox/integration/lib/python3.12/site-packages/pluggy/_callers.py\", line 38, in run_old_style_hookwrapper\n    res = yield\n          ^^^^^\n  File \"/root/spread_project/.tox/integration/lib/python3.12/site-packages/pluggy/_callers.py\", line 121, in _multicall\n    res = hook_impl.function(*args)\n          ^^^^^^^^^^^^^^^^^^^^^^^^^\n  File \"/root/spread_project/.tox/integration/lib/python3.12/site-packages/_pytest/python.py\", line 157, in pytest_pyfunc_call\n    result = testfunction(**testargs)\n             ^^^^^^^^^^^^^^^^^^^^^^^^\n  File \"/root/spread_project/.tox/integration/lib/python3.12/site-packages/pytest_asyncio/plugin.py\", line 529, in inner\n    _loop.run_until_complete(task)\n  File \"/usr/lib/python3.12/asyncio/base_events.py\", line 687, in run_until_complete\n    return future.result()\n           ^^^^^^^^^^^^^^^\n  File \"/root/spread_project/tests/integration/test_expose_external.py\", line 155, in test_expose_external\n    nodeport_endpoints = await confirm_endpoint_connectivity(ops_test)\n                         ^^^^^^^^^^^^^^^^^^^^^^^^^^^^^^^^^^^^^^^^^^^^^\n  File \"/root/spread_project/tests/integration/test_expose_external.py\", line 65, in confirm_endpoint_connectivity\n    for attempt in tenacity.Retrying(\n  File \"/root/spread_project/.tox/integration/lib/python3.12/site-packages/tenacity/__init__.py\", line 445, in __iter__\n    do = self.iter(retry_state=retry_state)\n         ^^^^^^^^^^^^^^^^^^^^^^^^^^^^^^^^^^\n  File \"/root/spread_project/.tox/integration/lib/python3.12/site-packages/tenacity/__init__.py\", line 378, in iter\n    result = action(retry_state)\n             ^^^^^^^^^^^^^^^^^^^\n  File \"/root/spread_project/.tox/integration/lib/python3.12/site-packages/tenacity/__init__.py\", line 420, in exc_check\n    raise retry_exc.reraise()\n          ^^^^^^^^^^^^^^^^^^^\n  File \"/root/spread_project/.tox/integration/lib/python3.12/site-packages/tenacity/__init__.py\", line 187, in reraise\n    raise self.last_attempt.result()\n          ^^^^^^^^^^^^^^^^^^^^^^^^^^\n  File \"/usr/lib/python3.12/concurrent/futures/_base.py\", line 449, in result\n    return self.__get_result()\n           ^^^^^^^^^^^^^^^^^^^\n  File \"/usr/lib/python3.12/concurrent/futures/_base.py\", line 401, in __get_result\n    raise self._exception\n  File \"/root/spread_project/tests/integration/test_expose_external.py\", line 82, in confirm_endpoint_connectivity\n    psycopg2.connect(\n  File \"/root/spread_project/.tox/integration/lib/python3.12/site-packages/psycopg2/__init__.py\", line 122, in connect\n    conn = _connect(dsn, connection_factory=connection_factory, **kwasync)\n           ^^^^^^^^^^^^^^^^^^^^^^^^^^^^^^^^^^^^^^^^^^^^^^^^^^^^^^^^^^^^^^^\npsycopg2.OperationalError: connection to server at \"10.1.0.143\", port 32664 failed: FATAL:  no pg_hba.conf entry for host \"10.1.63.202\", user \"relation_id_7\", database \"testdatabase\", no encryption","steps":[],"attachments":[{"uid":"2e94ab8e6be2f4d1","name":"log","source":"2e94ab8e6be2f4d1.txt","type":"text/plain","size":3586}],"parameters":[],"shouldDisplayMessage":true,"stepsCount":0,"attachmentsCount":1,"hasContent":true,"attachmentStep":false},"afterStages":[{"name":"abort_on_fail::0","time":{"start":1752631351911,"stop":1752631351911,"duration":0},"status":"passed","steps":[],"attachments":[],"parameters":[],"shouldDisplayMessage":false,"stepsCount":0,"attachmentsCount":0,"hasContent":false,"attachmentStep":false},{"name":"ops_test::finalizer","time":{"start":1752631351922,"stop":1752631352300,"duration":378},"status":"passed","steps":[],"attachments":[],"parameters":[],"shouldDisplayMessage":false,"stepsCount":0,"attachmentsCount":0,"hasContent":false,"attachmentStep":false},{"name":"event_loop::2","time":{"start":1752631352300,"stop":1752631352300,"duration":0},"status":"passed","steps":[],"attachments":[],"parameters":[],"shouldDisplayMessage":false,"stepsCount":0,"attachmentsCount":0,"hasContent":false,"attachmentStep":false},{"name":"event_loop::_close_event_loop","time":{"start":1752631352300,"stop":1752631352300,"duration":0},"status":"passed","steps":[],"attachments":[],"parameters":[],"shouldDisplayMessage":false,"stepsCount":0,"attachmentsCount":0,"hasContent":false,"attachmentStep":false},{"name":"event_loop::_provide_clean_event_loop","time":{"start":1752631352301,"stop":1752631352301,"duration":0},"status":"passed","steps":[],"attachments":[],"parameters":[],"shouldDisplayMessage":false,"stepsCount":0,"attachmentsCount":0,"hasContent":false,"attachmentStep":false}],"labels":[{"name":"tag","value":"abort_on_fail"},{"name":"tag","value":"asyncio"},{"name":"tag","value":"asyncio"},{"name":"parentSuite","value":"tests.integration"},{"name":"suite","value":"test_expose_external"},{"name":"host","value":"pkrvmq0rgcvqdmg"},{"name":"thread","value":"21942-MainThread"},{"name":"framework","value":"pytest"},{"name":"language","value":"cpython3"},{"name":"package","value":"tests.integration.test_expose_external"},{"name":"resultFormat","value":"allure2"}],"parameters":[],"links":[],"hidden":false,"retry":false,"extra":{"severity":"normal","retries":[{"uid":"aafadf86e2e5dd0d","status":"unknown","time":{}}],"categories":[{"name":"Test defects","matchedStatuses":[]}],"history":{"statistic":{"failed":0,"broken":18,"skipped":0,"passed":118,"unknown":15,"total":151},"items":[{"uid":"48758b8fb61fd2f3","reportUrl":"../2867//#testresult/48758b8fb61fd2f3","status":"broken","statusDetails":"psycopg2.OperationalError: connection to server at \"10.1.0.189\", port 31268 failed: FATAL:  no pg_hba.conf entry for host \"10.1.63.203\", user \"relation_id_7\", database \"testdatabase\", no encryption","time":{"start":1752543983462,"stop":1752545108492,"duration":1125030}},{"uid":"53ffb90a155f5d4b","reportUrl":"../2864//#testresult/53ffb90a155f5d4b","status":"broken","statusDetails":"psycopg2.OperationalError: connection to server at \"10.1.0.126\", port 32376 failed: FATAL:  no pg_hba.conf entry for host \"10.1.63.202\", user \"relation_id_7\", database \"testdatabase\", no encryption","time":{"start":1752456768220,"stop":1752457889577,"duration":1121357}},{"uid":"4657310d5ae163ff","reportUrl":"../2863//#testresult/4657310d5ae163ff","status":"broken","statusDetails":"psycopg2.OperationalError: connection to server at \"10.1.0.132\", port 30305 failed: FATAL:  no pg_hba.conf entry for host \"10.1.63.203\", user \"relation_id_7\", database \"testdatabase\", no encryption","time":{"start":1752370857870,"stop":1752371977663,"duration":1119793}},{"uid":"a2fe9a240d87159f","reportUrl":"../2862//#testresult/a2fe9a240d87159f","status":"broken","statusDetails":"psycopg2.OperationalError: connection to server at \"10.1.0.18\", port 30237 failed: FATAL:  no pg_hba.conf entry for host \"10.1.169.138\", user \"relation_id_7\", database \"testdatabase\", no encryption","time":{"start":1752284624029,"stop":1752285720132,"duration":1096103}},{"uid":"43aef7967daefdc1","reportUrl":"../2861//#testresult/43aef7967daefdc1","status":"passed","time":{"start":1752198233590,"stop":1752198475546,"duration":241956}},{"uid":"76d931c45e534910","reportUrl":"../2860//#testresult/76d931c45e534910","status":"broken","statusDetails":"psycopg2.OperationalError: connection to server at \"10.1.0.138\", port 32360 failed: FATAL:  no pg_hba.conf entry for host \"10.1.169.137\", user \"relation_id_7\", database \"testdatabase\", no encryption","time":{"start":1752111878903,"stop":1752112980136,"duration":1101233}},{"uid":"9acc12e0d76e033","reportUrl":"../2859//#testresult/9acc12e0d76e033","status":"passed","time":{"start":1752024995894,"stop":1752025238549,"duration":242655}},{"uid":"d9aff47e6c63a778","reportUrl":"../2855//#testresult/d9aff47e6c63a778","status":"passed","time":{"start":1751938948496,"stop":1751939166935,"duration":218439}},{"uid":"88fdc733562ca7af","reportUrl":"../2854//#testresult/88fdc733562ca7af","status":"broken","statusDetails":"psycopg2.OperationalError: connection to server at \"10.1.0.212\", port 31965 failed: FATAL:  no pg_hba.conf entry for host \"10.1.32.74\", user \"relation_id_7\", database \"testdatabase\", no encryption","time":{"start":1751851998100,"stop":1751853116072,"duration":1117972}},{"uid":"acda6c472a3722e0","reportUrl":"../2853//#testresult/acda6c472a3722e0","status":"broken","statusDetails":"psycopg2.OperationalError: connection to server at \"10.1.0.192\", port 30588 failed: FATAL:  no pg_hba.conf entry for host \"10.1.32.75\", user \"relation_id_7\", database \"testdatabase\", no encryption","time":{"start":1751765594014,"stop":1751766698063,"duration":1104049}},{"uid":"cf13331b0614d8d5","reportUrl":"../2852//#testresult/cf13331b0614d8d5","status":"broken","statusDetails":"psycopg2.OperationalError: connection to server at \"10.1.0.142\", port 31195 failed: FATAL:  no pg_hba.conf entry for host \"10.1.32.75\", user \"relation_id_7\", database \"testdatabase\", no encryption","time":{"start":1751679321536,"stop":1751680422333,"duration":1100797}},{"uid":"725fcab900333443","reportUrl":"../2851//#testresult/725fcab900333443","status":"passed","time":{"start":1751593031926,"stop":1751593292654,"duration":260728}},{"uid":"8410ccc650017237","reportUrl":"../2850//#testresult/8410ccc650017237","status":"broken","statusDetails":"psycopg2.OperationalError: connection to server at \"10.1.0.146\", port 32424 failed: FATAL:  no pg_hba.conf entry for host \"10.1.32.75\", user \"relation_id_7\", database \"testdatabase\", no encryption","time":{"start":1751506387132,"stop":1751507508223,"duration":1121091}},{"uid":"afcecddfd1f74820","reportUrl":"../2849//#testresult/afcecddfd1f74820","status":"passed","time":{"start":1751420020350,"stop":1751420438134,"duration":417784}},{"uid":"9cd76542589dfc2a","reportUrl":"../2846//#testresult/9cd76542589dfc2a","status":"broken","statusDetails":"psycopg2.OperationalError: connection to server at \"10.1.0.139\", port 31423 failed: FATAL:  no pg_hba.conf entry for host \"10.1.32.73\", user \"relation_id_7\", database \"testdatabase\", no encryption","time":{"start":1751333997902,"stop":1751335140291,"duration":1142389}},{"uid":"2edf677e04ec7385","reportUrl":"../2845//#testresult/2edf677e04ec7385","status":"passed","time":{"start":1751247198648,"stop":1751247414567,"duration":215919}},{"uid":"90f7ba6ff004e1bf","reportUrl":"../2844//#testresult/90f7ba6ff004e1bf","status":"passed","time":{"start":1751160924668,"stop":1751161150584,"duration":225916}},{"uid":"bd16c439f5a311f6","reportUrl":"../2843//#testresult/bd16c439f5a311f6","status":"broken","statusDetails":"psycopg2.OperationalError: connection to server at \"10.1.0.149\", port 32347 failed: FATAL:  no pg_hba.conf entry for host \"10.1.32.75\", user \"relation_id_7\", database \"testdatabase\", no encryption","time":{"start":1751074878856,"stop":1751076028997,"duration":1150141}},{"uid":"a94bbe6a7174c203","reportUrl":"../2842//#testresult/a94bbe6a7174c203","status":"broken","statusDetails":"psycopg2.OperationalError: connection to server at \"10.1.0.227\", port 30259 failed: FATAL:  no pg_hba.conf entry for host \"10.1.32.74\", user \"relation_id_7\", database \"testdatabase\", no encryption","time":{"start":1750988321526,"stop":1750989422046,"duration":1100520}},{"uid":"13f7b65e9a2a7617","reportUrl":"../2841//#testresult/13f7b65e9a2a7617","status":"passed","time":{"start":1750901585436,"stop":1750902123509,"duration":538073}}]},"tags":["asyncio","abort_on_fail"]},"source":"a7563414312c70b2.json","parameterValues":[]}