[32mINFO    [0m httpx:_client.py:1786 HTTP Request: DELETE https://10.1.0.21:16443/api/v1/namespaces/test/pods/pgbouncer-k8s-0 "HTTP/1.1 200 OK"
[32mINFO    [0m juju.model:__init__.py:3254 Waiting for model:
  postgresql-test-app/0 [idle] active: 
  postgresql-k8s/0 [idle] active: Primary
  postgresql-k8s/1 [idle] active: 
  pgbouncer-k8s/0 [executing] maintenance: stopping charm software
  pgbouncer-k8s/1 [idle] active: 
  secondary-application/0 [idle] active: received database credentials of the second database
  finos-waltz-k8s/0 [idle] active: 
  pgbouncer-k8s-secondary/0 [idle] active: 
  data-integrator/0 [idle] active: 
  indico/0 [idle] active: 
  redis-broker/0 [idle] active: 
  redis-cache/0 [idle] active: 
[32mINFO    [0m juju.model:__init__.py:3254 Waiting for model:
  pgbouncer-k8s/0 [idle] active: 
  pgbouncer-k8s/1 [idle] active:
[32mINFO    [0m pytest_operator.plugin:plugin.py:903 Model status:

Model  Controller          Cloud/Region        Version  SLA          Timestamp
test   microk8s-localhost  microk8s/localhost  3.6.1    unsupported  01:51:14Z

App                      Version               Status  Scale  Charm                Channel        Rev  Address         Exposed  Message
data-integrator                                active      1  data-integrator      latest/edge     80  10.152.183.136  no       
finos-waltz-k8s                                active      1  finos-waltz-k8s      latest/edge     33  10.152.183.103  no       
indico                   3.3.1                 active      1  indico               latest/stable  233  10.152.183.42   no       
pgbouncer-k8s            1.21.0                active      2  pgbouncer-k8s                         0  10.152.183.130  no       
pgbouncer-k8s-secondary  1.21.0                active      1  pgbouncer-k8s                         1  10.152.183.242  no       
postgresql-k8s           14.13                 active      2  postgresql-k8s       14/edge        482  10.152.183.147  no       
postgresql-test-app                            active      1  postgresql-test-app  latest/edge    314  10.152.183.174  no       
redis-broker             ubuntu/redis@691f315  active      1  redis-k8s            latest/stable    7                  no       
redis-cache              ubuntu/redis@691f315  active      1  redis-k8s            latest/stable    7                  no       
secondary-application                          active      1  postgresql-test-app  latest/edge    314  10.152.183.74   no       received database credentials of the second database

Unit                        Workload  Agent  Address     Ports     Message
data-integrator/0*          active    idle   10.1.26.20            
finos-waltz-k8s/0*          active    idle   10.1.26.17            
indico/0*                   active    idle   10.1.26.24            
pgbouncer-k8s-secondary/0*  active    idle   10.1.26.18            
pgbouncer-k8s/0*            active    idle   10.1.26.28            
pgbouncer-k8s/1             active    idle   10.1.26.19            
postgresql-k8s/0*           active    idle   10.1.26.13            Primary
postgresql-k8s/1            active    idle   10.1.26.14            
postgresql-test-app/0*      active    idle   10.1.26.8             
redis-broker/0*             active    idle   10.1.26.25  6379/TCP  
redis-cache/0*              active    idle   10.1.26.27  6379/TCP  
secondary-application/0*    active    idle   10.1.26.16            received database credentials of the second database

[32mINFO    [0m pytest_operator.plugin:plugin.py:909 Juju error logs:

unit-postgresql-k8s-1: 01:32:11 ERROR unit.postgresql-k8s/1.juju-log pgdata folder not found in /var/lib/postgresql/data/pgdata
unit-postgresql-test-app-0: 01:34:53 ERROR unit.postgresql-test-app/0.juju-log Uncaught exception while in charm code:
Traceback (most recent call last):
  File "/var/lib/juju/agents/unit-postgresql-test-app-0/charm/src/charm.py", line 566, in <module>
    main(ApplicationCharm)
  File "/var/lib/juju/agents/unit-postgresql-test-app-0/charm/venv/lib/python3.10/site-packages/ops/__init__.py", line 343, in __call__
    return _main.main(charm_class=charm_class, use_juju_for_storage=use_juju_for_storage)
  File "/var/lib/juju/agents/unit-postgresql-test-app-0/charm/venv/lib/python3.10/site-packages/ops/_main.py", line 543, in main
    manager.run()
  File "/var/lib/juju/agents/unit-postgresql-test-app-0/charm/venv/lib/python3.10/site-packages/ops/_main.py", line 529, in run
    self._emit()
  File "/var/lib/juju/agents/unit-postgresql-test-app-0/charm/venv/lib/python3.10/site-packages/ops/_main.py", line 518, in _emit
    _emit_charm_event(self.charm, self.dispatcher.event_name, self._juju_context)
  File "/var/lib/juju/agents/unit-postgresql-test-app-0/charm/venv/lib/python3.10/site-packages/ops/_main.py", line 134, in _emit_charm_event
    event_to_emit.emit(*args, **kwargs)
  File "/var/lib/juju/agents/unit-postgresql-test-app-0/charm/venv/lib/python3.10/site-packages/ops/framework.py", line 347, in emit
    framework._emit(event)
  File "/var/lib/juju/agents/unit-postgresql-test-app-0/charm/venv/lib/python3.10/site-packages/ops/framework.py", line 857, in _emit
    self._reemit(event_path)
  File "/var/lib/juju/agents/unit-postgresql-test-app-0/charm/venv/lib/python3.10/site-packages/ops/framework.py", line 947, in _reemit
    custom_handler(event)
  File "/var/lib/juju/agents/unit-postgresql-test-app-0/charm/src/charm.py", line 495, in _on_run_sql_action
    cursor.execute(query)
psycopg2.errors.ReadOnlySqlTransaction: cannot execute DROP TABLE in a read-only transaction

application-redis-cache: 01:47:25 ERROR unit.redis-cache/0.juju-log redis:20: Uncaught exception while in charm code:
Traceback (most recent call last):
  File "./src/charm.py", line 159, in <module>
    main(RedisCharm)
  File "/var/lib/juju/agents/unit-redis-cache-0/charm/venv/ops/main.py", line 402, in main
    _emit_charm_event(charm, dispatcher.event_name)
  File "/var/lib/juju/agents/unit-redis-cache-0/charm/venv/ops/main.py", line 140, in _emit_charm_event
    event_to_emit.emit(*args, **kwargs)
  File "/var/lib/juju/agents/unit-redis-cache-0/charm/venv/ops/framework.py", line 278, in emit
    framework._emit(event)
  File "/var/lib/juju/agents/unit-redis-cache-0/charm/venv/ops/framework.py", line 722, in _emit
    self._reemit(event_path)
  File "/var/lib/juju/agents/unit-redis-cache-0/charm/venv/ops/framework.py", line 767, in _reemit
    custom_handler(event)
  File "/var/lib/juju/agents/unit-redis-cache-0/charm/lib/charms/redis_k8s/v0/redis.py", line 91, in _on_relation_changed
    event.relation.data[self.model.unit]['hostname'] = str(self._bind_address(event))
  File "/var/lib/juju/agents/unit-redis-cache-0/charm/lib/charms/redis_k8s/v0/redis.py", line 103, in _bind_address
    return self.app.name
AttributeError: 'RedisProvides' object has no attribute 'app'
application-redis-cache: 01:47:25 ERROR juju.worker.caasoperator.uniter.redis-cache/0.operation hook "redis-relation-changed" (via hook dispatching script: dispatch) failed: exit status 1
unit-indico-0: 01:50:01 ERROR unit.indico/0.juju-log Uncaught exception while in charm code:
Traceback (most recent call last):
  File "./src/charm.py", line 987, in <module>
    main(IndicoOperatorCharm, use_juju_for_storage=True)
  File "/var/lib/juju/agents/unit-indico-0/charm/venv/ops/main.py", line 45, in main
    return _main.main(charm_class=charm_class, use_juju_for_storage=use_juju_for_storage)
  File "/var/lib/juju/agents/unit-indico-0/charm/venv/ops/_main.py", line 543, in main
    manager.run()
  File "/var/lib/juju/agents/unit-indico-0/charm/venv/ops/_main.py", line 529, in run
    self._emit()
  File "/var/lib/juju/agents/unit-indico-0/charm/venv/ops/_main.py", line 518, in _emit
    _emit_charm_event(self.charm, self.dispatcher.event_name, self._juju_context)
  File "/var/lib/juju/agents/unit-indico-0/charm/venv/ops/_main.py", line 134, in _emit_charm_event
    event_to_emit.emit(*args, **kwargs)
  File "/var/lib/juju/agents/unit-indico-0/charm/venv/ops/framework.py", line 347, in emit
    framework._emit(event)
  File "/var/lib/juju/agents/unit-indico-0/charm/venv/ops/framework.py", line 857, in _emit
    self._reemit(event_path)
  File "/var/lib/juju/agents/unit-indico-0/charm/venv/ops/framework.py", line 947, in _reemit
    custom_handler(event)
  File "./src/charm.py", line 218, in _on_pebble_ready
    self._config_pebble(event.workload)
  File "./src/charm.py", line 259, in _config_pebble
    container.pebble.replan_services()
  File "/var/lib/juju/agents/unit-indico-0/charm/venv/ops/pebble.py", line 2144, in replan_services
    return self._services_action('replan', [], timeout, delay)
  File "/var/lib/juju/agents/unit-indico-0/charm/venv/ops/pebble.py", line 2244, in _services_action
    raise ChangeError(change.err, change)
ops.pebble.ChangeError: cannot perform the following tasks:
- Start service "nginx-prometheus-exporter" (service start attempt: exited quickly with code 1, will restart)
----- Logs from task 1 -----
2025-01-16T01:50:00Z INFO Most recent service output:
    NGINX Prometheus Exporter version=0.11.0 commit=e4a6810d4f0b776f7fde37fea1d84e4c7284b72a date=2022-09-07T21:09:51Z, dirty=false, arch=linux/amd64, go=go1.19
    2025/01/16 01:50:00 Starting...
    2025/01/16 01:50:00 Could not create Nginx Client: failed to get http://localhost:9080/stub_status: Get "http://localhost:9080/stub_status": dial tcp [::1]:9080: connect: connection refused
2025-01-16T01:50:00Z ERROR service start attempt: exited quickly with code 1, will restart
-----
unit-indico-0: 01:50:01 ERROR juju.worker.uniter.operation hook "indico-nginx-pebble-ready" (via hook dispatching script: dispatch) failed: exit status 1
unit-indico-0: 01:50:01 ERROR juju.worker.uniter pebble poll failed for container "indico-nginx": failed to send pebble-ready event: hook failed
unit-pgbouncer-k8s-0: 01:50:35 ERROR unit.pgbouncer-k8s/0.juju-log Cluster upgrade failed, ensure pre-upgrade checks are ran first.
unit-pgbouncer-k8s-0: 01:50:36 ERROR unit.pgbouncer-k8s/0.juju-log pgbouncer not running
unit-pgbouncer-k8s-0: 01:50:38 ERROR unit.pgbouncer-k8s/0.juju-log pgbouncer not running
unit-pgbouncer-k8s-0: 01:50:40 ERROR unit.pgbouncer-k8s/0.juju-log pgbouncer not running
unit-pgbouncer-k8s-0: 01:50:41 ERROR unit.pgbouncer-k8s/0.juju-log Uncaught exception while in charm code:
Traceback (most recent call last):
  File "/var/lib/juju/agents/unit-pgbouncer-k8s-0/charm/src/charm.py", line 1072, in <module>
    main(PgBouncerK8sCharm)
  File "/var/lib/juju/agents/unit-pgbouncer-k8s-0/charm/venv/lib/python3.10/site-packages/ops/__init__.py", line 343, in __call__
    return _main.main(charm_class=charm_class, use_juju_for_storage=use_juju_for_storage)
  File "/var/lib/juju/agents/unit-pgbouncer-k8s-0/charm/venv/lib/python3.10/site-packages/ops/_main.py", line 543, in main
    manager.run()
  File "/var/lib/juju/agents/unit-pgbouncer-k8s-0/charm/venv/lib/python3.10/site-packages/ops/_main.py", line 529, in run
    self._emit()
  File "/var/lib/juju/agents/unit-pgbouncer-k8s-0/charm/venv/lib/python3.10/site-packages/ops/_main.py", line 518, in _emit
    _emit_charm_event(self.charm, self.dispatcher.event_name, self._juju_context)
  File "/var/lib/juju/agents/unit-pgbouncer-k8s-0/charm/venv/lib/python3.10/site-packages/ops/_main.py", line 134, in _emit_charm_event
    event_to_emit.emit(*args, **kwargs)
  File "/var/lib/juju/agents/unit-pgbouncer-k8s-0/charm/venv/lib/python3.10/site-packages/ops/framework.py", line 347, in emit
    framework._emit(event)
  File "/var/lib/juju/agents/unit-pgbouncer-k8s-0/charm/venv/lib/python3.10/site-packages/ops/framework.py", line 857, in _emit
    self._reemit(event_path)
  File "/var/lib/juju/agents/unit-pgbouncer-k8s-0/charm/venv/lib/python3.10/site-packages/ops/framework.py", line 947, in _reemit
    custom_handler(event)
  File "/var/lib/juju/agents/unit-pgbouncer-k8s-0/charm/lib/charms/tempo_coordinator_k8s/v0/charm_tracing.py", line 1064, in wrapped_function
    return callable(*args, **kwargs)  # type: ignore
  File "/var/lib/juju/agents/unit-pgbouncer-k8s-0/charm/src/charm.py", line 401, in _on_pgbouncer_pebble_ready
    container.replan()
  File "/var/lib/juju/agents/unit-pgbouncer-k8s-0/charm/venv/lib/python3.10/site-packages/ops/model.py", line 2380, in replan
    self._pebble.replan_services()
  File "/var/lib/juju/agents/unit-pgbouncer-k8s-0/charm/venv/lib/python3.10/site-packages/ops/pebble.py", line 2144, in replan_services
    return self._services_action('replan', [], timeout, delay)
  File "/var/lib/juju/agents/unit-pgbouncer-k8s-0/charm/venv/lib/python3.10/site-packages/ops/pebble.py", line 2244, in _services_action
    raise ChangeError(change.err, change)
ops.pebble.ChangeError: cannot perform the following tasks:
- Start service "metrics_server" (service start attempt: exited quickly with code 1, will restart)
----- Logs from task 5 -----
2025-01-16T01:50:40Z INFO Most recent service output:
    ts=2025-01-16T01:50:40.445Z caller=collector.go:138 level=error msg="error setting up DB connection" err="error pinging pgbouncer: dial tcp [::1]:6432: connect: connection refused"
2025-01-16T01:50:40Z ERROR service start attempt: exited quickly with code 1, will restart
-----
unit-pgbouncer-k8s-0: 01:50:41 ERROR juju.worker.uniter.operation hook "pgbouncer-pebble-ready" (via hook dispatching script: dispatch) failed: exit status 1
unit-pgbouncer-k8s-0: 01:50:41 ERROR juju.worker.uniter pebble poll failed for container "pgbouncer": failed to send pebble-ready event: hook failed

[32mINFO    [0m pytest_operator.plugin:plugin.py:991 Forgetting model main...