[32mINFO    [0m pytest_operator.plugin:plugin.py:834 Model status:

Model  Controller          Cloud/Region        Version  SLA          Timestamp
test   microk8s-localhost  microk8s/localhost  3.1.7    unsupported  01:33:29Z

App                       Version  Status   Scale  Charm                     Channel        Rev  Address         Exposed  Message
pgbouncer-k8s             1.21.0   active       2  pgbouncer-k8s                              0  10.152.183.60   no       
postgresql-k8s            14.11    waiting      3  postgresql-k8s            14/edge        211  10.152.183.227  no       installing agent
postgresql-test-app                active       1  postgresql-test-app       edge            75  10.152.183.254  no       received database credentials of the first database
self-signed-certificates           active       1  self-signed-certificates  latest/stable   72  10.152.183.185  no       

Unit                         Workload     Agent      Address      Ports  Message
pgbouncer-k8s/0*             active       idle       10.1.207.72         
pgbouncer-k8s/1              active       idle       10.1.207.73         
postgresql-k8s/0*            error        idle       10.1.207.79         hook failed: "secret-changed"
postgresql-k8s/1             waiting      executing  10.1.207.81         Awaiting restart operation
postgresql-k8s/2             maintenance  executing  10.1.207.80         reinitialising replica
postgresql-test-app/0*       active       idle       10.1.207.74         received database credentials of the first database
self-signed-certificates/0*  active       idle       10.1.207.78         

[32mINFO    [0m pytest_operator.plugin:plugin.py:840 Juju error logs:

unit-postgresql-k8s-0: 01:33:28 ERROR unit.postgresql-k8s/0.juju-log Uncaught exception while in charm code:
Traceback (most recent call last):
  File "/var/lib/juju/agents/unit-postgresql-k8s-0/charm/venv/urllib3/connectionpool.py", line 468, in _make_request
    self._validate_conn(conn)
  File "/var/lib/juju/agents/unit-postgresql-k8s-0/charm/venv/urllib3/connectionpool.py", line 1097, in _validate_conn
    conn.connect()
  File "/var/lib/juju/agents/unit-postgresql-k8s-0/charm/venv/urllib3/connection.py", line 642, in connect
    sock_and_verified = _ssl_wrap_socket_and_match_hostname(
  File "/var/lib/juju/agents/unit-postgresql-k8s-0/charm/venv/urllib3/connection.py", line 783, in _ssl_wrap_socket_and_match_hostname
    ssl_sock = ssl_wrap_socket(
  File "/var/lib/juju/agents/unit-postgresql-k8s-0/charm/venv/urllib3/util/ssl_.py", line 471, in ssl_wrap_socket
    ssl_sock = _ssl_wrap_socket_impl(sock, context, tls_in_tls, server_hostname)
  File "/var/lib/juju/agents/unit-postgresql-k8s-0/charm/venv/urllib3/util/ssl_.py", line 515, in _ssl_wrap_socket_impl
    return ssl_context.wrap_socket(sock, server_hostname=server_hostname)
  File "/usr/lib/python3.10/ssl.py", line 513, in wrap_socket
    return self.sslsocket_class._create(
  File "/usr/lib/python3.10/ssl.py", line 1100, in _create
    self.do_handshake()
  File "/usr/lib/python3.10/ssl.py", line 1371, in do_handshake
    self._sslobj.do_handshake()
ssl.SSLError: [SSL: WRONG_VERSION_NUMBER] wrong version number (_ssl.c:1007)

During handling of the above exception, another exception occurred:

Traceback (most recent call last):
  File "/var/lib/juju/agents/unit-postgresql-k8s-0/charm/venv/urllib3/connectionpool.py", line 791, in urlopen
    response = self._make_request(
  File "/var/lib/juju/agents/unit-postgresql-k8s-0/charm/venv/urllib3/connectionpool.py", line 492, in _make_request
    raise new_e
urllib3.exceptions.SSLError: [SSL: WRONG_VERSION_NUMBER] wrong version number (_ssl.c:1007)

The above exception was the direct cause of the following exception:

Traceback (most recent call last):
  File "/var/lib/juju/agents/unit-postgresql-k8s-0/charm/venv/requests/adapters.py", line 486, in send
    resp = conn.urlopen(
  File "/var/lib/juju/agents/unit-postgresql-k8s-0/charm/venv/urllib3/connectionpool.py", line 845, in urlopen
    retries = retries.increment(
  File "/var/lib/juju/agents/unit-postgresql-k8s-0/charm/venv/urllib3/util/retry.py", line 515, in increment
    raise MaxRetryError(_pool, url, reason) from reason  # type: ignore[arg-type]
urllib3.exceptions.MaxRetryError: HTTPSConnectionPool(host='postgresql-k8s-0.postgresql-k8s-endpoints', port=8008): Max retries exceeded with url: /cluster (Caused by SSLError(SSLError(1, '[SSL: WRONG_VERSION_NUMBER] wrong version number (_ssl.c:1007)')))

During handling of the above exception, another exception occurred:

Traceback (most recent call last):
  File "/var/lib/juju/agents/unit-postgresql-k8s-0/charm/venv/tenacity/__init__.py", line 382, in __call__
    result = fn(*args, **kwargs)
  File "/var/lib/juju/agents/unit-postgresql-k8s-0/charm/src/patroni.py", line 148, in cluster_members
    r = requests.get(f"{self._patroni_url}/cluster", verify=self._verify)
  File "/var/lib/juju/agents/unit-postgresql-k8s-0/charm/venv/requests/api.py", line 73, in get
    return request("get", url, params=params, **kwargs)
  File "/var/lib/juju/agents/unit-postgresql-k8s-0/charm/venv/requests/api.py", line 59, in request
    return session.request(method=method, url=url, **kwargs)
  File "/var/lib/juju/agents/unit-postgresql-k8s-0/charm/venv/requests/sessions.py", line 589, in request
    resp = self.send(prep, **send_kwargs)
  File "/var/lib/juju/agents/unit-postgresql-k8s-0/charm/venv/requests/sessions.py", line 703, in send
    r = adapter.send(request, **kwargs)
  File "/var/lib/juju/agents/unit-postgresql-k8s-0/charm/venv/requests/adapters.py", line 517, in send
    raise SSLError(e, request=request)
requests.exceptions.SSLError: HTTPSConnectionPool(host='postgresql-k8s-0.postgresql-k8s-endpoints', port=8008): Max retries exceeded with url: /cluster (Caused by SSLError(SSLError(1, '[SSL: WRONG_VERSION_NUMBER] wrong version number (_ssl.c:1007)')))

The above exception was the direct cause of the following exception:

Traceback (most recent call last):
  File "/var/lib/juju/agents/unit-postgresql-k8s-0/charm/./src/charm.py", line 1585, in <module>
    main(PostgresqlOperatorCharm, use_juju_for_storage=True)
  File "/var/lib/juju/agents/unit-postgresql-k8s-0/charm/venv/ops/main.py", line 456, in main
    _emit_charm_event(charm, dispatcher.event_name)
  File "/var/lib/juju/agents/unit-postgresql-k8s-0/charm/venv/ops/main.py", line 144, in _emit_charm_event
    event_to_emit.emit(*args, **kwargs)
  File "/var/lib/juju/agents/unit-postgresql-k8s-0/charm/venv/ops/framework.py", line 351, in emit
    framework._emit(event)
  File "/var/lib/juju/agents/unit-postgresql-k8s-0/charm/venv/ops/framework.py", line 853, in _emit
    self._reemit(event_path)
  File "/var/lib/juju/agents/unit-postgresql-k8s-0/charm/venv/ops/framework.py", line 943, in _reemit
    custom_handler(event)
  File "/var/lib/juju/agents/unit-postgresql-k8s-0/charm/./src/charm.py", line 369, in _on_peer_relation_changed
    self._add_members(event)
  File "/var/lib/juju/agents/unit-postgresql-k8s-0/charm/./src/charm.py", line 529, in _add_members
    if self._patroni.cluster_members == self._hosts:
  File "/var/lib/juju/agents/unit-postgresql-k8s-0/charm/venv/tenacity/__init__.py", line 289, in wrapped_f
    return self(f, *args, **kw)
  File "/var/lib/juju/agents/unit-postgresql-k8s-0/charm/venv/tenacity/__init__.py", line 379, in __call__
    do = self.iter(retry_state=retry_state)
  File "/var/lib/juju/agents/unit-postgresql-k8s-0/charm/venv/tenacity/__init__.py", line 326, in iter
    raise retry_exc from fut.exception()
tenacity.RetryError: RetryError[<Future at 0x7e4a2b659d80 state=finished raised SSLError>]
unit-postgresql-k8s-0: 01:33:28 ERROR juju.worker.uniter.operation hook "secret-changed" (via hook dispatching script: dispatch) failed: exit status 1

[32mINFO    [0m pytest_operator.plugin:plugin.py:904 Forgetting main...