[32mINFO    [0m pytest_operator.plugin:plugin.py:903 Model status:

Model  Controller          Cloud/Region        Version  SLA          Timestamp
test   microk8s-localhost  microk8s/localhost  3.4.5    unsupported  01:41:41Z

App                       Version  Status  Scale  Charm                     Channel        Rev  Address         Exposed  Message
data-integrator                    active      1  data-integrator           latest/edge     63  10.152.183.32   no       
pgbouncer-k8s             1.21.0   active      1  pgbouncer-k8s                              0  10.152.183.202  no       
postgresql-k8s            14.13    active      3  postgresql-k8s            14/edge        402  10.152.183.251  no       
postgresql-test-app                active      1  postgresql-test-app       latest/edge    250  10.152.183.97   no       received database credentials of the first database
postgresql-test-app2               active      1  postgresql-test-app       latest/edge    250  10.152.183.121  no       received database credentials of the first database
self-signed-certificates           active      1  self-signed-certificates  latest/stable  155  10.152.183.84   no       

Unit                         Workload  Agent  Address      Ports  Message
data-integrator/0*           active    idle   10.1.94.201         
pgbouncer-k8s/0*             active    idle   10.1.94.200         
postgresql-k8s/0             active    idle   10.1.94.208         
postgresql-k8s/1*            active    idle   10.1.94.209         
postgresql-k8s/2             active    idle   10.1.94.210         
postgresql-test-app2/0*      active    idle   10.1.94.203         received database credentials of the first database
postgresql-test-app/0*       active    idle   10.1.94.202         received database credentials of the first database
self-signed-certificates/0*  active    idle   10.1.94.207         

[32mINFO    [0m pytest_operator.plugin:plugin.py:909 Juju error logs:

unit-postgresql-k8s-2: 01:40:38 ERROR unit.postgresql-k8s/2.juju-log failed to change plugins: 
Traceback (most recent call last):
  File "/var/lib/juju/agents/unit-postgresql-k8s-2/charm/lib/charms/postgresql_k8s/v0/postgresql.py", line 326, in enable_disable_extensions
    with self._connect_to_database() as connection, connection.cursor() as cursor:
  File "/var/lib/juju/agents/unit-postgresql-k8s-2/charm/lib/charms/tempo_k8s/v1/charm_tracing.py", line 735, in wrapped_function
    return callable(*args, **kwargs)  # type: ignore
  File "/var/lib/juju/agents/unit-postgresql-k8s-2/charm/lib/charms/postgresql_k8s/v0/postgresql.py", line 150, in _connect_to_database
    connection = psycopg2.connect(
  File "/var/lib/juju/agents/unit-postgresql-k8s-2/charm/venv/psycopg2/__init__.py", line 122, in connect
    conn = _connect(dsn, connection_factory=connection_factory, **kwasync)
psycopg2.OperationalError: connection to server at "postgresql-k8s-primary.test.svc.cluster.local" (10.152.183.99), port 5432 failed: Connection refused
	Is the server running on that host and accepting TCP/IP connections?


During handling of the above exception, another exception occurred:

Traceback (most recent call last):
  File "/var/lib/juju/agents/unit-postgresql-k8s-2/charm/./src/charm.py", line 707, in _handle_enable_disable_extensions
    self.postgresql.enable_disable_extensions(extensions, database)
  File "/var/lib/juju/agents/unit-postgresql-k8s-2/charm/lib/charms/tempo_k8s/v1/charm_tracing.py", line 735, in wrapped_function
    return callable(*args, **kwargs)  # type: ignore
  File "/var/lib/juju/agents/unit-postgresql-k8s-2/charm/lib/charms/postgresql_k8s/v0/postgresql.py", line 353, in enable_disable_extensions
    raise PostgreSQLEnableDisableExtensionError()
charms.postgresql_k8s.v0.postgresql.PostgreSQLEnableDisableExtensionError

[32mINFO    [0m pytest_operator.plugin:plugin.py:991 Forgetting model main...