[32mINFO    [0m juju.model:__init__.py:3254 Waiting for model:
  pgbouncer-k8s/0 [executing] active: 
  pgbouncer-k8s/1 [executing] active: 
[32mINFO    [0m juju.model:__init__.py:3254 Waiting for model:
  pgbouncer-k8s/0 [idle] active: 
  pgbouncer-k8s/1 [idle] active: 
[32mINFO    [0m httpx:_client.py:1740 HTTP Request: DELETE https://10.1.0.17:16443/api/v1/namespaces/testing/pods/pgbouncer-k8s-0 "HTTP/1.1 200 OK"
[32mINFO    [0m juju.model:__init__.py:3254 Waiting for model:
  postgresql-test-app/0 [idle] active: 
  pgbouncer-k8s/0 [executing] maintenance: stopping charm software
  pgbouncer-k8s/1 [idle] active: 
  postgresql-k8s/0 [idle] active: 
  postgresql-k8s/1 [idle] active: Primary
  secondary-application/0 [idle] active: received database credentials of the second database
  finos-waltz-k8s/0 [idle] active: 
  pgbouncer-k8s-secondary/0 [idle] active: 
  data-integrator/0 [idle] active: 
  redis-broker/0 [idle] active: 
  redis-cache/0 [idle] active: 
[32mINFO    [0m juju.model:__init__.py:3254 Waiting for model:
  pgbouncer-k8s/0 [idle] active: 
  pgbouncer-k8s/1 [idle] active:
[32mINFO    [0m pytest_operator.plugin:plugin.py:936 Model status:

Model    Controller          Cloud/Region        Version  SLA          Timestamp
testing  concierge-microk8s  microk8s/localhost  3.6.3    unsupported  02:09:50Z

App                      Version               Status  Scale  Charm                Channel        Rev  Address         Exposed  Message
data-integrator                                active      1  data-integrator      latest/edge    107  10.152.183.132  no       
finos-waltz-k8s                                active      1  finos-waltz-k8s      latest/edge     33  10.152.183.195  no       
pgbouncer-k8s            1.21.0                active      2  pgbouncer-k8s                         0  10.152.183.125  no       
pgbouncer-k8s-secondary  1.21.0                active      1  pgbouncer-k8s                         1  10.152.183.243  no       
postgresql-k8s           14.15                 active      2  postgresql-k8s       14/edge        509  10.152.183.200  no       
postgresql-test-app                            active      1  postgresql-test-app  latest/edge    365  10.152.183.105  no       
redis-broker             ubuntu/redis@691f315  active      1  redis-k8s            latest/stable    7  10.64.140.43    no       
redis-cache              ubuntu/redis@691f315  active      1  redis-k8s            latest/stable    7  10.64.140.44    no       
secondary-application                          active      1  postgresql-test-app  latest/edge    365  10.152.183.72   no       received database credentials of the second database

Unit                        Workload  Agent  Address      Ports     Message
data-integrator/0*          active    idle   10.1.83.149            
finos-waltz-k8s/0*          active    idle   10.1.83.146            
pgbouncer-k8s-secondary/0*  active    idle   10.1.83.147            
pgbouncer-k8s/0*            active    idle   10.1.83.157            
pgbouncer-k8s/1             active    idle   10.1.83.148            
postgresql-k8s/0            active    idle   10.1.83.142            
postgresql-k8s/1*           active    idle   10.1.83.143            Primary
postgresql-test-app/0*      active    idle   10.1.83.139            
redis-broker/0*             active    idle   10.1.83.154  6379/TCP  
redis-cache/0*              active    idle   10.1.83.156  6379/TCP  
secondary-application/0*    active    idle   10.1.83.145            received database credentials of the second database

[32mINFO    [0m pytest_operator.plugin:plugin.py:942 Juju error logs:

unit-postgresql-test-app-0: 01:47:46 ERROR unit.postgresql-test-app/0.juju-log Uncaught exception while in charm code:
Traceback (most recent call last):
  File "/var/lib/juju/agents/unit-postgresql-test-app-0/charm/src/charm.py", line 560, in <module>
    main(ApplicationCharm)
  File "/var/lib/juju/agents/unit-postgresql-test-app-0/charm/venv/lib/python3.10/site-packages/ops/__init__.py", line 343, in __call__
    return _main.main(charm_class=charm_class, use_juju_for_storage=use_juju_for_storage)
  File "/var/lib/juju/agents/unit-postgresql-test-app-0/charm/venv/lib/python3.10/site-packages/ops/_main.py", line 558, in main
    manager.run()
  File "/var/lib/juju/agents/unit-postgresql-test-app-0/charm/venv/lib/python3.10/site-packages/ops/_main.py", line 543, in run
    self._emit()
  File "/var/lib/juju/agents/unit-postgresql-test-app-0/charm/venv/lib/python3.10/site-packages/ops/_main.py", line 502, in _emit
    self._emit_charm_event(self.dispatcher.event_name)
  File "/var/lib/juju/agents/unit-postgresql-test-app-0/charm/venv/lib/python3.10/site-packages/ops/_main.py", line 530, in _emit_charm_event
    event_to_emit.emit(*args, **kwargs)
  File "/var/lib/juju/agents/unit-postgresql-test-app-0/charm/venv/lib/python3.10/site-packages/ops/framework.py", line 347, in emit
    framework._emit(event)
  File "/var/lib/juju/agents/unit-postgresql-test-app-0/charm/venv/lib/python3.10/site-packages/ops/framework.py", line 906, in _emit
    self._reemit(event_path)
  File "/var/lib/juju/agents/unit-postgresql-test-app-0/charm/venv/lib/python3.10/site-packages/ops/framework.py", line 996, in _reemit
    custom_handler(event)
  File "/var/lib/juju/agents/unit-postgresql-test-app-0/charm/src/charm.py", line 489, in _on_run_sql_action
    cursor.execute(query)
psycopg2.errors.ReadOnlySqlTransaction: cannot execute DROP TABLE in a read-only transaction

unit-pgbouncer-k8s-0: 01:51:33 ERROR juju.worker.dependency "log-sender" manifold worker returned unexpected error: sending log message: websocket: close 1005 (no status): websocket: close sent
unit-postgresql-k8s-0: 01:51:33 ERROR juju.worker.dependency "log-sender" manifold worker returned unexpected error: sending log message: websocket: close 1005 (no status): websocket: close sent
unit-postgresql-k8s-1: 01:51:33 ERROR juju.worker.dependency "log-sender" manifold worker returned unexpected error: sending log message: websocket: close 1005 (no status): websocket: close sent
unit-postgresql-test-app-0: 01:51:34 ERROR juju.worker.dependency "log-sender" manifold worker returned unexpected error: sending log message: websocket: close 1005 (no status): websocket: close sent
unit-pgbouncer-k8s-0: 01:59:00 ERROR juju.worker.dependency "log-sender" manifold worker returned unexpected error: sending log message: websocket: close 1005 (no status): websocket: close sent
unit-finos-waltz-k8s-0: 01:59:01 ERROR juju.worker.dependency "log-sender" manifold worker returned unexpected error: sending log message: websocket: close 1005 (no status): websocket: close sent
unit-postgresql-test-app-0: 01:59:13 ERROR juju.worker.dependency "log-sender" manifold worker returned unexpected error: sending log message: websocket: close 1005 (no status): websocket: close sent
unit-postgresql-k8s-1: 01:59:14 ERROR juju.worker.dependency "log-sender" manifold worker returned unexpected error: sending log message: websocket: close 1005 (no status): websocket: close sent
unit-postgresql-k8s-0: 01:59:14 ERROR juju.worker.dependency "log-sender" manifold worker returned unexpected error: sending log message: websocket: close 1005 (no status): websocket: close sent
unit-pgbouncer-k8s-secondary-0: 01:59:15 ERROR juju.worker.dependency "log-sender" manifold worker returned unexpected error: sending log message: websocket: close 1005 (no status): websocket: close sent
unit-pgbouncer-k8s-0: 02:00:40 ERROR juju.worker.dependency "log-sender" manifold worker returned unexpected error: sending log message: websocket: close 1005 (no status): websocket: close sent
unit-finos-waltz-k8s-0: 02:00:40 ERROR juju.worker.dependency "log-sender" manifold worker returned unexpected error: sending log message: websocket: close 1005 (no status): websocket: close sent
unit-postgresql-k8s-0: 02:03:18 ERROR juju.worker.dependency "log-sender" manifold worker returned unexpected error: sending log message: websocket: close 1005 (no status): websocket: close sent
unit-postgresql-k8s-1: 02:03:18 ERROR juju.worker.dependency "log-sender" manifold worker returned unexpected error: sending log message: websocket: close 1005 (no status): websocket: close sent
unit-postgresql-test-app-0: 02:03:25 ERROR juju.worker.dependency "log-sender" manifold worker returned unexpected error: sending log message: websocket: close 1005 (no status): websocket: close sent
unit-data-integrator-0: 02:03:28 ERROR juju.worker.dependency "log-sender" manifold worker returned unexpected error: sending log message: websocket: close 1005 (no status): websocket: close sent
unit-pgbouncer-k8s-secondary-0: 02:03:29 ERROR juju.worker.dependency "log-sender" manifold worker returned unexpected error: sending log message: websocket: close 1005 (no status): websocket: close sent
application-redis-broker: 02:03:49 ERROR juju.worker.dependency "log-sender" manifold worker returned unexpected error: sending log message: websocket: close 1005 (no status): websocket: close sent
unit-pgbouncer-k8s-0: 02:05:23 ERROR juju.worker.dependency "log-sender" manifold worker returned unexpected error: sending log message: websocket: close 1005 (no status): websocket: close sent
unit-finos-waltz-k8s-0: 02:05:43 ERROR juju.worker.dependency "log-sender" manifold worker returned unexpected error: sending log message: websocket: close 1005 (no status): websocket: close sent
unit-indico-0: 02:05:55 ERROR juju.worker.dependency "log-sender" manifold worker returned unexpected error: sending log message: websocket: close 1005 (no status): websocket: close sent
application-redis-cache: 02:05:55 ERROR juju.worker.dependency "log-sender" manifold worker returned unexpected error: sending log message: websocket: close 1005 (no status): websocket: close sent
unit-pgbouncer-k8s-0: 02:07:55 ERROR juju.worker.dependency "log-sender" manifold worker returned unexpected error: sending log message: websocket: close 1005 (no status): websocket: close sent
unit-pgbouncer-k8s-0: 02:09:05 ERROR unit.pgbouncer-k8s/0.juju-log Cluster upgrade failed, ensure pre-upgrade checks are ran first.
unit-pgbouncer-k8s-0: 02:09:13 ERROR unit.pgbouncer-k8s/0.juju-log Uncaught exception while in charm code:
Traceback (most recent call last):
  File "/var/lib/juju/agents/unit-pgbouncer-k8s-0/charm/src/charm.py", line 1138, in <module>
    main(PgBouncerK8sCharm)
  File "/var/lib/juju/agents/unit-pgbouncer-k8s-0/charm/venv/lib/python3.10/site-packages/ops/__init__.py", line 343, in __call__
    return _main.main(charm_class=charm_class, use_juju_for_storage=use_juju_for_storage)
  File "/var/lib/juju/agents/unit-pgbouncer-k8s-0/charm/venv/lib/python3.10/site-packages/ops/_main.py", line 558, in main
    manager.run()
  File "/var/lib/juju/agents/unit-pgbouncer-k8s-0/charm/venv/lib/python3.10/site-packages/ops/_main.py", line 543, in run
    self._emit()
  File "/var/lib/juju/agents/unit-pgbouncer-k8s-0/charm/venv/lib/python3.10/site-packages/ops/_main.py", line 502, in _emit
    self._emit_charm_event(self.dispatcher.event_name)
  File "/var/lib/juju/agents/unit-pgbouncer-k8s-0/charm/venv/lib/python3.10/site-packages/ops/_main.py", line 530, in _emit_charm_event
    event_to_emit.emit(*args, **kwargs)
  File "/var/lib/juju/agents/unit-pgbouncer-k8s-0/charm/venv/lib/python3.10/site-packages/ops/framework.py", line 347, in emit
    framework._emit(event)
  File "/var/lib/juju/agents/unit-pgbouncer-k8s-0/charm/venv/lib/python3.10/site-packages/ops/framework.py", line 906, in _emit
    self._reemit(event_path)
  File "/var/lib/juju/agents/unit-pgbouncer-k8s-0/charm/venv/lib/python3.10/site-packages/ops/framework.py", line 996, in _reemit
    custom_handler(event)
  File "/var/lib/juju/agents/unit-pgbouncer-k8s-0/charm/lib/charms/tempo_coordinator_k8s/v0/charm_tracing.py", line 1106, in wrapped_function
    return callable(*args, **kwargs)  # type: ignore
  File "/var/lib/juju/agents/unit-pgbouncer-k8s-0/charm/src/charm.py", line 365, in _on_pgbouncer_pebble_ready
    container.replan()
  File "/var/lib/juju/agents/unit-pgbouncer-k8s-0/charm/venv/lib/python3.10/site-packages/ops/model.py", line 2381, in replan
    self._pebble.replan_services()
  File "/var/lib/juju/agents/unit-pgbouncer-k8s-0/charm/venv/lib/python3.10/site-packages/ops/pebble.py", line 2144, in replan_services
    return self._services_action('replan', [], timeout, delay)
  File "/var/lib/juju/agents/unit-pgbouncer-k8s-0/charm/venv/lib/python3.10/site-packages/ops/pebble.py", line 2244, in _services_action
    raise ChangeError(change.err, change)
ops.pebble.ChangeError: cannot perform the following tasks:
- Start service "metrics_server" (service start attempt: exited quickly with code 1, will restart)
----- Logs from task 5 -----
2025-03-01T02:09:12Z INFO Most recent service output:
    ts=2025-03-01T02:09:12.549Z caller=collector.go:138 level=error msg="error setting up DB connection" err="error pinging pgbouncer: dial tcp [::1]:6432: connect: connection refused"
2025-03-01T02:09:12Z ERROR service start attempt: exited quickly with code 1, will restart
-----
unit-pgbouncer-k8s-0: 02:09:13 ERROR juju.worker.uniter.operation hook "pgbouncer-pebble-ready" (via hook dispatching script: dispatch) failed: exit status 1
unit-pgbouncer-k8s-0: 02:09:13 ERROR juju.worker.uniter pebble poll failed for container "pgbouncer": failed to send pebble-ready event: hook failed

[32mINFO    [0m pytest_operator.plugin:plugin.py:1024 Forgetting model main...