{"uid":"7e919a78b166fc06","name":"test_build_and_deploy","fullName":"tests.integration.test_tls#test_build_and_deploy","historyId":"663d2a50a79cc88412d6bed2d2931671","time":{"start":1711589311256,"stop":1711589616881,"duration":305625},"description":"Build and deploy pgbouncer charm.","descriptionHtml":"<p>Build and deploy pgbouncer charm.</p>\n","status":"broken","statusMessage":"juju.errors.JujuUnitError: Unit in error: postgresql-k8s/0","statusTrace":"Traceback (most recent call last):\n  File \"/home/runner/work/pgbouncer-k8s-operator/pgbouncer-k8s-operator/.tox/integration/lib/python3.10/site-packages/_pytest/runner.py\", line 340, in from_call\n    result: Optional[TResult] = func()\n  File \"/home/runner/work/pgbouncer-k8s-operator/pgbouncer-k8s-operator/.tox/integration/lib/python3.10/site-packages/_pytest/runner.py\", line 240, in <lambda>\n    lambda: runtest_hook(item=item, **kwds), when=when, reraise=reraise\n  File \"/home/runner/work/pgbouncer-k8s-operator/pgbouncer-k8s-operator/.tox/integration/lib/python3.10/site-packages/pluggy/_hooks.py\", line 501, in __call__\n    return self._hookexec(self.name, self._hookimpls.copy(), kwargs, firstresult)\n  File \"/home/runner/work/pgbouncer-k8s-operator/pgbouncer-k8s-operator/.tox/integration/lib/python3.10/site-packages/pluggy/_manager.py\", line 119, in _hookexec\n    return self._inner_hookexec(hook_name, methods, kwargs, firstresult)\n  File \"/home/runner/work/pgbouncer-k8s-operator/pgbouncer-k8s-operator/.tox/integration/lib/python3.10/site-packages/pluggy/_callers.py\", line 181, in _multicall\n    return outcome.get_result()\n  File \"/home/runner/work/pgbouncer-k8s-operator/pgbouncer-k8s-operator/.tox/integration/lib/python3.10/site-packages/pluggy/_result.py\", line 99, in get_result\n    raise exc.with_traceback(exc.__traceback__)\n  File \"/home/runner/work/pgbouncer-k8s-operator/pgbouncer-k8s-operator/.tox/integration/lib/python3.10/site-packages/pluggy/_callers.py\", line 166, in _multicall\n    teardown.throw(outcome._exception)\n  File \"/home/runner/work/pgbouncer-k8s-operator/pgbouncer-k8s-operator/.tox/integration/lib/python3.10/site-packages/_pytest/threadexception.py\", line 87, in pytest_runtest_call\n    yield from thread_exception_runtest_hook()\n  File \"/home/runner/work/pgbouncer-k8s-operator/pgbouncer-k8s-operator/.tox/integration/lib/python3.10/site-packages/_pytest/threadexception.py\", line 63, in thread_exception_runtest_hook\n    yield\n  File \"/home/runner/work/pgbouncer-k8s-operator/pgbouncer-k8s-operator/.tox/integration/lib/python3.10/site-packages/pluggy/_callers.py\", line 166, in _multicall\n    teardown.throw(outcome._exception)\n  File \"/home/runner/work/pgbouncer-k8s-operator/pgbouncer-k8s-operator/.tox/integration/lib/python3.10/site-packages/_pytest/unraisableexception.py\", line 90, in pytest_runtest_call\n    yield from unraisable_exception_runtest_hook()\n  File \"/home/runner/work/pgbouncer-k8s-operator/pgbouncer-k8s-operator/.tox/integration/lib/python3.10/site-packages/_pytest/unraisableexception.py\", line 65, in unraisable_exception_runtest_hook\n    yield\n  File \"/home/runner/work/pgbouncer-k8s-operator/pgbouncer-k8s-operator/.tox/integration/lib/python3.10/site-packages/pluggy/_callers.py\", line 166, in _multicall\n    teardown.throw(outcome._exception)\n  File \"/home/runner/work/pgbouncer-k8s-operator/pgbouncer-k8s-operator/.tox/integration/lib/python3.10/site-packages/_pytest/logging.py\", line 849, in pytest_runtest_call\n    yield from self._runtest_for(item, \"call\")\n  File \"/home/runner/work/pgbouncer-k8s-operator/pgbouncer-k8s-operator/.tox/integration/lib/python3.10/site-packages/_pytest/logging.py\", line 832, in _runtest_for\n    yield\n  File \"/home/runner/work/pgbouncer-k8s-operator/pgbouncer-k8s-operator/.tox/integration/lib/python3.10/site-packages/pluggy/_callers.py\", line 166, in _multicall\n    teardown.throw(outcome._exception)\n  File \"/home/runner/work/pgbouncer-k8s-operator/pgbouncer-k8s-operator/.tox/integration/lib/python3.10/site-packages/_pytest/capture.py\", line 883, in pytest_runtest_call\n    return (yield)\n  File \"/home/runner/work/pgbouncer-k8s-operator/pgbouncer-k8s-operator/.tox/integration/lib/python3.10/site-packages/pluggy/_callers.py\", line 166, in _multicall\n    teardown.throw(outcome._exception)\n  File \"/home/runner/work/pgbouncer-k8s-operator/pgbouncer-k8s-operator/.tox/integration/lib/python3.10/site-packages/_pytest/skipping.py\", line 256, in pytest_runtest_call\n    return (yield)\n  File \"/home/runner/work/pgbouncer-k8s-operator/pgbouncer-k8s-operator/.tox/integration/lib/python3.10/site-packages/pluggy/_callers.py\", line 102, in _multicall\n    res = hook_impl.function(*args)\n  File \"/home/runner/work/pgbouncer-k8s-operator/pgbouncer-k8s-operator/.tox/integration/lib/python3.10/site-packages/_pytest/runner.py\", line 182, in pytest_runtest_call\n    raise e\n  File \"/home/runner/work/pgbouncer-k8s-operator/pgbouncer-k8s-operator/.tox/integration/lib/python3.10/site-packages/_pytest/runner.py\", line 172, in pytest_runtest_call\n    item.runtest()\n  File \"/home/runner/work/pgbouncer-k8s-operator/pgbouncer-k8s-operator/.tox/integration/lib/python3.10/site-packages/_pytest/python.py\", line 1772, in runtest\n    self.ihook.pytest_pyfunc_call(pyfuncitem=self)\n  File \"/home/runner/work/pgbouncer-k8s-operator/pgbouncer-k8s-operator/.tox/integration/lib/python3.10/site-packages/pluggy/_hooks.py\", line 501, in __call__\n    return self._hookexec(self.name, self._hookimpls.copy(), kwargs, firstresult)\n  File \"/home/runner/work/pgbouncer-k8s-operator/pgbouncer-k8s-operator/.tox/integration/lib/python3.10/site-packages/pluggy/_manager.py\", line 119, in _hookexec\n    return self._inner_hookexec(hook_name, methods, kwargs, firstresult)\n  File \"/home/runner/work/pgbouncer-k8s-operator/pgbouncer-k8s-operator/.tox/integration/lib/python3.10/site-packages/pluggy/_callers.py\", line 181, in _multicall\n    return outcome.get_result()\n  File \"/home/runner/work/pgbouncer-k8s-operator/pgbouncer-k8s-operator/.tox/integration/lib/python3.10/site-packages/pluggy/_result.py\", line 99, in get_result\n    raise exc.with_traceback(exc.__traceback__)\n  File \"/home/runner/work/pgbouncer-k8s-operator/pgbouncer-k8s-operator/.tox/integration/lib/python3.10/site-packages/pluggy/_callers.py\", line 102, in _multicall\n    res = hook_impl.function(*args)\n  File \"/home/runner/work/pgbouncer-k8s-operator/pgbouncer-k8s-operator/.tox/integration/lib/python3.10/site-packages/_pytest/python.py\", line 195, in pytest_pyfunc_call\n    result = testfunction(**testargs)\n  File \"/home/runner/work/pgbouncer-k8s-operator/pgbouncer-k8s-operator/.tox/integration/lib/python3.10/site-packages/pytest_asyncio/plugin.py\", line 532, in inner\n    _loop.run_until_complete(task)\n  File \"/usr/lib/python3.10/asyncio/base_events.py\", line 649, in run_until_complete\n    return future.result()\n  File \"/home/runner/work/pgbouncer-k8s-operator/pgbouncer-k8s-operator/tests/integration/test_tls.py\", line 104, in test_build_and_deploy\n    await ops_test.model.wait_for_idle(status=\"active\", timeout=1200)\n  File \"/home/runner/work/pgbouncer-k8s-operator/pgbouncer-k8s-operator/.tox/integration/lib/python3.10/site-packages/juju/model.py\", line 2949, in wait_for_idle\n    _raise_for_status(errors, \"error\")\n  File \"/home/runner/work/pgbouncer-k8s-operator/pgbouncer-k8s-operator/.tox/integration/lib/python3.10/site-packages/juju/model.py\", line 2855, in _raise_for_status\n    raise error_type(\"{}{} in {}: {}\".format(\njuju.errors.JujuUnitError: Unit in error: postgresql-k8s/0","flaky":false,"newFailed":false,"newBroken":true,"newPassed":false,"retriesCount":0,"retriesStatusChange":false,"beforeStages":[{"name":"event_loop","time":{"start":1711589310972,"stop":1711589310972,"duration":0},"status":"passed","steps":[],"attachments":[],"parameters":[],"stepsCount":0,"shouldDisplayMessage":false,"attachmentsCount":0,"hasContent":false,"attachmentStep":false},{"name":"tmp_path_factory","time":{"start":1711589310973,"stop":1711589310973,"duration":0},"status":"passed","steps":[],"attachments":[],"parameters":[],"stepsCount":0,"shouldDisplayMessage":false,"attachmentsCount":0,"hasContent":false,"attachmentStep":false},{"name":"ops_test","time":{"start":1711589310973,"stop":1711589311251,"duration":278},"status":"passed","steps":[],"attachments":[],"parameters":[],"stepsCount":0,"shouldDisplayMessage":false,"attachmentsCount":0,"hasContent":false,"attachmentStep":false},{"name":"pgb_charm","time":{"start":1711589311252,"stop":1711589311255,"duration":3},"status":"passed","steps":[],"attachments":[],"parameters":[],"stepsCount":0,"shouldDisplayMessage":false,"attachmentsCount":0,"hasContent":false,"attachmentStep":false},{"name":"abort_on_fail","time":{"start":1711589311255,"stop":1711589311255,"duration":0},"status":"passed","steps":[],"attachments":[],"parameters":[],"stepsCount":0,"shouldDisplayMessage":false,"attachmentsCount":0,"hasContent":false,"attachmentStep":false}],"testStage":{"description":"Build and deploy pgbouncer charm.","status":"broken","statusMessage":"juju.errors.JujuUnitError: Unit in error: postgresql-k8s/0","statusTrace":"Traceback (most recent call last):\n  File \"/home/runner/work/pgbouncer-k8s-operator/pgbouncer-k8s-operator/.tox/integration/lib/python3.10/site-packages/_pytest/runner.py\", line 340, in from_call\n    result: Optional[TResult] = func()\n  File \"/home/runner/work/pgbouncer-k8s-operator/pgbouncer-k8s-operator/.tox/integration/lib/python3.10/site-packages/_pytest/runner.py\", line 240, in <lambda>\n    lambda: runtest_hook(item=item, **kwds), when=when, reraise=reraise\n  File \"/home/runner/work/pgbouncer-k8s-operator/pgbouncer-k8s-operator/.tox/integration/lib/python3.10/site-packages/pluggy/_hooks.py\", line 501, in __call__\n    return self._hookexec(self.name, self._hookimpls.copy(), kwargs, firstresult)\n  File \"/home/runner/work/pgbouncer-k8s-operator/pgbouncer-k8s-operator/.tox/integration/lib/python3.10/site-packages/pluggy/_manager.py\", line 119, in _hookexec\n    return self._inner_hookexec(hook_name, methods, kwargs, firstresult)\n  File \"/home/runner/work/pgbouncer-k8s-operator/pgbouncer-k8s-operator/.tox/integration/lib/python3.10/site-packages/pluggy/_callers.py\", line 181, in _multicall\n    return outcome.get_result()\n  File \"/home/runner/work/pgbouncer-k8s-operator/pgbouncer-k8s-operator/.tox/integration/lib/python3.10/site-packages/pluggy/_result.py\", line 99, in get_result\n    raise exc.with_traceback(exc.__traceback__)\n  File \"/home/runner/work/pgbouncer-k8s-operator/pgbouncer-k8s-operator/.tox/integration/lib/python3.10/site-packages/pluggy/_callers.py\", line 166, in _multicall\n    teardown.throw(outcome._exception)\n  File \"/home/runner/work/pgbouncer-k8s-operator/pgbouncer-k8s-operator/.tox/integration/lib/python3.10/site-packages/_pytest/threadexception.py\", line 87, in pytest_runtest_call\n    yield from thread_exception_runtest_hook()\n  File \"/home/runner/work/pgbouncer-k8s-operator/pgbouncer-k8s-operator/.tox/integration/lib/python3.10/site-packages/_pytest/threadexception.py\", line 63, in thread_exception_runtest_hook\n    yield\n  File \"/home/runner/work/pgbouncer-k8s-operator/pgbouncer-k8s-operator/.tox/integration/lib/python3.10/site-packages/pluggy/_callers.py\", line 166, in _multicall\n    teardown.throw(outcome._exception)\n  File \"/home/runner/work/pgbouncer-k8s-operator/pgbouncer-k8s-operator/.tox/integration/lib/python3.10/site-packages/_pytest/unraisableexception.py\", line 90, in pytest_runtest_call\n    yield from unraisable_exception_runtest_hook()\n  File \"/home/runner/work/pgbouncer-k8s-operator/pgbouncer-k8s-operator/.tox/integration/lib/python3.10/site-packages/_pytest/unraisableexception.py\", line 65, in unraisable_exception_runtest_hook\n    yield\n  File \"/home/runner/work/pgbouncer-k8s-operator/pgbouncer-k8s-operator/.tox/integration/lib/python3.10/site-packages/pluggy/_callers.py\", line 166, in _multicall\n    teardown.throw(outcome._exception)\n  File \"/home/runner/work/pgbouncer-k8s-operator/pgbouncer-k8s-operator/.tox/integration/lib/python3.10/site-packages/_pytest/logging.py\", line 849, in pytest_runtest_call\n    yield from self._runtest_for(item, \"call\")\n  File \"/home/runner/work/pgbouncer-k8s-operator/pgbouncer-k8s-operator/.tox/integration/lib/python3.10/site-packages/_pytest/logging.py\", line 832, in _runtest_for\n    yield\n  File \"/home/runner/work/pgbouncer-k8s-operator/pgbouncer-k8s-operator/.tox/integration/lib/python3.10/site-packages/pluggy/_callers.py\", line 166, in _multicall\n    teardown.throw(outcome._exception)\n  File \"/home/runner/work/pgbouncer-k8s-operator/pgbouncer-k8s-operator/.tox/integration/lib/python3.10/site-packages/_pytest/capture.py\", line 883, in pytest_runtest_call\n    return (yield)\n  File \"/home/runner/work/pgbouncer-k8s-operator/pgbouncer-k8s-operator/.tox/integration/lib/python3.10/site-packages/pluggy/_callers.py\", line 166, in _multicall\n    teardown.throw(outcome._exception)\n  File \"/home/runner/work/pgbouncer-k8s-operator/pgbouncer-k8s-operator/.tox/integration/lib/python3.10/site-packages/_pytest/skipping.py\", line 256, in pytest_runtest_call\n    return (yield)\n  File \"/home/runner/work/pgbouncer-k8s-operator/pgbouncer-k8s-operator/.tox/integration/lib/python3.10/site-packages/pluggy/_callers.py\", line 102, in _multicall\n    res = hook_impl.function(*args)\n  File \"/home/runner/work/pgbouncer-k8s-operator/pgbouncer-k8s-operator/.tox/integration/lib/python3.10/site-packages/_pytest/runner.py\", line 182, in pytest_runtest_call\n    raise e\n  File \"/home/runner/work/pgbouncer-k8s-operator/pgbouncer-k8s-operator/.tox/integration/lib/python3.10/site-packages/_pytest/runner.py\", line 172, in pytest_runtest_call\n    item.runtest()\n  File \"/home/runner/work/pgbouncer-k8s-operator/pgbouncer-k8s-operator/.tox/integration/lib/python3.10/site-packages/_pytest/python.py\", line 1772, in runtest\n    self.ihook.pytest_pyfunc_call(pyfuncitem=self)\n  File \"/home/runner/work/pgbouncer-k8s-operator/pgbouncer-k8s-operator/.tox/integration/lib/python3.10/site-packages/pluggy/_hooks.py\", line 501, in __call__\n    return self._hookexec(self.name, self._hookimpls.copy(), kwargs, firstresult)\n  File \"/home/runner/work/pgbouncer-k8s-operator/pgbouncer-k8s-operator/.tox/integration/lib/python3.10/site-packages/pluggy/_manager.py\", line 119, in _hookexec\n    return self._inner_hookexec(hook_name, methods, kwargs, firstresult)\n  File \"/home/runner/work/pgbouncer-k8s-operator/pgbouncer-k8s-operator/.tox/integration/lib/python3.10/site-packages/pluggy/_callers.py\", line 181, in _multicall\n    return outcome.get_result()\n  File \"/home/runner/work/pgbouncer-k8s-operator/pgbouncer-k8s-operator/.tox/integration/lib/python3.10/site-packages/pluggy/_result.py\", line 99, in get_result\n    raise exc.with_traceback(exc.__traceback__)\n  File \"/home/runner/work/pgbouncer-k8s-operator/pgbouncer-k8s-operator/.tox/integration/lib/python3.10/site-packages/pluggy/_callers.py\", line 102, in _multicall\n    res = hook_impl.function(*args)\n  File \"/home/runner/work/pgbouncer-k8s-operator/pgbouncer-k8s-operator/.tox/integration/lib/python3.10/site-packages/_pytest/python.py\", line 195, in pytest_pyfunc_call\n    result = testfunction(**testargs)\n  File \"/home/runner/work/pgbouncer-k8s-operator/pgbouncer-k8s-operator/.tox/integration/lib/python3.10/site-packages/pytest_asyncio/plugin.py\", line 532, in inner\n    _loop.run_until_complete(task)\n  File \"/usr/lib/python3.10/asyncio/base_events.py\", line 649, in run_until_complete\n    return future.result()\n  File \"/home/runner/work/pgbouncer-k8s-operator/pgbouncer-k8s-operator/tests/integration/test_tls.py\", line 104, in test_build_and_deploy\n    await ops_test.model.wait_for_idle(status=\"active\", timeout=1200)\n  File \"/home/runner/work/pgbouncer-k8s-operator/pgbouncer-k8s-operator/.tox/integration/lib/python3.10/site-packages/juju/model.py\", line 2949, in wait_for_idle\n    _raise_for_status(errors, \"error\")\n  File \"/home/runner/work/pgbouncer-k8s-operator/pgbouncer-k8s-operator/.tox/integration/lib/python3.10/site-packages/juju/model.py\", line 2855, in _raise_for_status\n    raise error_type(\"{}{} in {}: {}\".format(\njuju.errors.JujuUnitError: Unit in error: postgresql-k8s/0","steps":[],"attachments":[{"uid":"187ca95117500627","name":"log","source":"187ca95117500627.txt","type":"text/plain","size":4846}],"parameters":[],"stepsCount":0,"shouldDisplayMessage":true,"attachmentsCount":1,"hasContent":true,"attachmentStep":false},"afterStages":[{"name":"abort_on_fail::0","time":{"start":1711589616911,"stop":1711589616911,"duration":0},"status":"passed","steps":[],"attachments":[],"parameters":[],"stepsCount":0,"shouldDisplayMessage":false,"attachmentsCount":0,"hasContent":false,"attachmentStep":false},{"name":"ops_test::finalizer","time":{"start":1711589616926,"stop":1711589617514,"duration":588},"status":"passed","steps":[],"attachments":[],"parameters":[],"stepsCount":0,"shouldDisplayMessage":false,"attachmentsCount":0,"hasContent":false,"attachmentStep":false},{"name":"event_loop::2","time":{"start":1711589617515,"stop":1711589617515,"duration":0},"status":"passed","steps":[],"attachments":[],"parameters":[],"stepsCount":0,"shouldDisplayMessage":false,"attachmentsCount":0,"hasContent":false,"attachmentStep":false},{"name":"event_loop::_close_event_loop","time":{"start":1711589617515,"stop":1711589617515,"duration":0},"status":"passed","steps":[],"attachments":[],"parameters":[],"stepsCount":0,"shouldDisplayMessage":false,"attachmentsCount":0,"hasContent":false,"attachmentStep":false},{"name":"event_loop::_provide_clean_event_loop","time":{"start":1711589617515,"stop":1711589617517,"duration":2},"status":"passed","steps":[],"attachments":[],"parameters":[],"stepsCount":0,"shouldDisplayMessage":false,"attachmentsCount":0,"hasContent":false,"attachmentStep":false}],"labels":[{"name":"tag","value":"abort_on_fail"},{"name":"tag","value":"group(1)"},{"name":"tag","value":"asyncio"},{"name":"parentSuite","value":"tests.integration"},{"name":"suite","value":"test_tls"},{"name":"host","value":"fv-az1380-557"},{"name":"thread","value":"12684-MainThread"},{"name":"framework","value":"pytest"},{"name":"language","value":"cpython3"},{"name":"package","value":"tests.integration.test_tls"},{"name":"resultFormat","value":"allure2"}],"parameters":[],"links":[],"hidden":false,"retry":false,"extra":{"severity":"normal","retries":[],"categories":[{"name":"Test defects","matchedStatuses":[],"flaky":false}],"history":{"statistic":{"failed":0,"broken":14,"skipped":0,"passed":36,"unknown":0,"total":50},"items":[{"uid":"e9dc80a975298a31","reportUrl":"../1679//#testresult/e9dc80a975298a31","status":"passed","time":{"start":1711502972653,"stop":1711504125544,"duration":1152891}},{"uid":"28ff8065d84ecee8","reportUrl":"../1677//#testresult/28ff8065d84ecee8","status":"passed","time":{"start":1711416552782,"stop":1711417687964,"duration":1135182}},{"uid":"fb2c770ed947fc88","reportUrl":"../1673//#testresult/fb2c770ed947fc88","status":"passed","time":{"start":1711330230296,"stop":1711331125797,"duration":895501}},{"uid":"9130a4b526bd5325","reportUrl":"../1672//#testresult/9130a4b526bd5325","status":"passed","time":{"start":1711243945731,"stop":1711244886150,"duration":940419}},{"uid":"765d1abaab288acc","reportUrl":"../1670//#testresult/765d1abaab288acc","status":"passed","time":{"start":1711157212130,"stop":1711157617353,"duration":405223}},{"uid":"4c82d58ead70eae7","reportUrl":"../1668//#testresult/4c82d58ead70eae7","status":"passed","time":{"start":1711070859768,"stop":1711071713166,"duration":853398}},{"uid":"71669ed556c5986b","reportUrl":"../1663//#testresult/71669ed556c5986b","status":"passed","time":{"start":1710984597271,"stop":1710985698486,"duration":1101215}},{"uid":"6eb7ca38959e7c42","reportUrl":"../1658//#testresult/6eb7ca38959e7c42","status":"passed","time":{"start":1710898098230,"stop":1710899278251,"duration":1180021}},{"uid":"dbd1b45fa1284cce","reportUrl":"../1655//#testresult/dbd1b45fa1284cce","status":"passed","time":{"start":1710811673508,"stop":1710812056771,"duration":383263}},{"uid":"b580654399832e2f","reportUrl":"../1653//#testresult/b580654399832e2f","status":"passed","time":{"start":1710725261693,"stop":1710726319299,"duration":1057606}},{"uid":"f22314b95eb0cd06","reportUrl":"../1652//#testresult/f22314b95eb0cd06","status":"broken","statusDetails":"juju.errors.JujuUnitError: Unit in error: postgresql-k8s/0","time":{"start":1710638989625,"stop":1710639314886,"duration":325261}},{"uid":"67eee400078ab2cc","reportUrl":"../1649//#testresult/67eee400078ab2cc","status":"passed","time":{"start":1710552375876,"stop":1710553320722,"duration":944846}},{"uid":"a6ad3651428dbca9","reportUrl":"../1644//#testresult/a6ad3651428dbca9","status":"broken","statusDetails":"asyncio.exceptions.TimeoutError: Timed out waiting for model:\npostgresql-k8s/2 [idle] active:","time":{"start":1710466057981,"stop":1710467268614,"duration":1210633}},{"uid":"7c941cd9206ff6b1","reportUrl":"../1642//#testresult/7c941cd9206ff6b1","status":"passed","time":{"start":1710379649640,"stop":1710380010732,"duration":361092}},{"uid":"8b93c2a44131b4d","reportUrl":"../1639//#testresult/8b93c2a44131b4d","status":"broken","statusDetails":"juju.errors.JujuUnitError: Unit in error: postgresql-k8s/0","time":{"start":1710293295151,"stop":1710293608987,"duration":313836}},{"uid":"779a9beb0df9f1b0","reportUrl":"../1631//#testresult/779a9beb0df9f1b0","status":"broken","statusDetails":"asyncio.exceptions.TimeoutError: Timed out waiting for model:\npgbouncer-k8s/0 [idle] active: \n  pgbouncer-k8s/1 [idle] active: \n  postgresql-k8s/2 [executing] active:","time":{"start":1710206840857,"stop":1710208054009,"duration":1213152}},{"uid":"dd1e2cd636cf70f8","reportUrl":"../1624//#testresult/dd1e2cd636cf70f8","status":"passed","time":{"start":1710120428768,"stop":1710121527859,"duration":1099091}},{"uid":"2424ee9d44f715d6","reportUrl":"../1623//#testresult/2424ee9d44f715d6","status":"passed","time":{"start":1710034158677,"stop":1710035003330,"duration":844653}},{"uid":"9ff740622bdf7acf","reportUrl":"../1622//#testresult/9ff740622bdf7acf","status":"passed","time":{"start":1709947564749,"stop":1709948706326,"duration":1141577}},{"uid":"29c843f752b56c9d","reportUrl":"../1621//#testresult/29c843f752b56c9d","status":"passed","time":{"start":1709861232304,"stop":1709861587894,"duration":355590}}]},"tags":["asyncio","abort_on_fail","group(1)"]},"source":"7e919a78b166fc06.json","parameterValues":[]}