{"uid":"3704416af40df875","name":"test_database_relation_with_charm_libraries","fullName":"tests.integration.relations.pgbouncer_provider.test_pgbouncer_provider#test_database_relation_with_charm_libraries","historyId":"8c0c38f286b69dfda1c15500b4509159","time":{"start":1751506389293,"stop":1751506716819,"duration":327526},"description":"Test basic functionality of database relation interface.","descriptionHtml":"<p>Test basic functionality of database relation interface.</p>\n","status":"failed","statusMessage":"AssertionError: smoke check failed. Query output: {'return-code': 1, 'stderr': 'Uncaught OperationalError in charm code: connection to server at \"pgbouncer-k8s-service.testing.svc.cluster.local\" (10.152.183.37), port 6432 failed: FATAL:  no pg_hba.conf entry for host \"10.1.32.77\", user \"relation_id_7\", database \"postgresql_test_app_database\", no encryption\\n\\nUse `juju debug-log` to see the full traceback.\\n'}","statusTrace":"Traceback (most recent call last):\n  File \"/root/spread_project/.tox/integration/lib/python3.12/site-packages/_pytest/runner.py\", line 344, in from_call\n    result: TResult | None = func()\n                             ^^^^^^\n  File \"/root/spread_project/.tox/integration/lib/python3.12/site-packages/_pytest/runner.py\", line 246, in <lambda>\n    lambda: runtest_hook(item=item, **kwds), when=when, reraise=reraise\n            ^^^^^^^^^^^^^^^^^^^^^^^^^^^^^^^\n  File \"/root/spread_project/.tox/integration/lib/python3.12/site-packages/pluggy/_hooks.py\", line 512, in __call__\n    return self._hookexec(self.name, self._hookimpls.copy(), kwargs, firstresult)\n           ^^^^^^^^^^^^^^^^^^^^^^^^^^^^^^^^^^^^^^^^^^^^^^^^^^^^^^^^^^^^^^^^^^^^^^\n  File \"/root/spread_project/.tox/integration/lib/python3.12/site-packages/pluggy/_manager.py\", line 120, in _hookexec\n    return self._inner_hookexec(hook_name, methods, kwargs, firstresult)\n           ^^^^^^^^^^^^^^^^^^^^^^^^^^^^^^^^^^^^^^^^^^^^^^^^^^^^^^^^^^^^^\n  File \"/root/spread_project/.tox/integration/lib/python3.12/site-packages/pluggy/_callers.py\", line 167, in _multicall\n    raise exception\n  File \"/root/spread_project/.tox/integration/lib/python3.12/site-packages/pluggy/_callers.py\", line 139, in _multicall\n    teardown.throw(exception)\n  File \"/root/spread_project/.tox/integration/lib/python3.12/site-packages/_pytest/logging.py\", line 850, in pytest_runtest_call\n    yield\n  File \"/root/spread_project/.tox/integration/lib/python3.12/site-packages/pluggy/_callers.py\", line 139, in _multicall\n    teardown.throw(exception)\n  File \"/root/spread_project/.tox/integration/lib/python3.12/site-packages/pluggy/_callers.py\", line 53, in run_old_style_hookwrapper\n    return result.get_result()\n           ^^^^^^^^^^^^^^^^^^^\n  File \"/root/spread_project/.tox/integration/lib/python3.12/site-packages/pluggy/_result.py\", line 103, in get_result\n    raise exc.with_traceback(tb)\n  File \"/root/spread_project/.tox/integration/lib/python3.12/site-packages/pluggy/_callers.py\", line 38, in run_old_style_hookwrapper\n    res = yield\n          ^^^^^\n  File \"/root/spread_project/.tox/integration/lib/python3.12/site-packages/pluggy/_callers.py\", line 139, in _multicall\n    teardown.throw(exception)\n  File \"/root/spread_project/.tox/integration/lib/python3.12/site-packages/_pytest/capture.py\", line 900, in pytest_runtest_call\n    return (yield)\n            ^^^^^\n  File \"/root/spread_project/.tox/integration/lib/python3.12/site-packages/pluggy/_callers.py\", line 139, in _multicall\n    teardown.throw(exception)\n  File \"/root/spread_project/.tox/integration/lib/python3.12/site-packages/_pytest/skipping.py\", line 263, in pytest_runtest_call\n    return (yield)\n            ^^^^^\n  File \"/root/spread_project/.tox/integration/lib/python3.12/site-packages/pluggy/_callers.py\", line 121, in _multicall\n    res = hook_impl.function(*args)\n          ^^^^^^^^^^^^^^^^^^^^^^^^^\n  File \"/root/spread_project/.tox/integration/lib/python3.12/site-packages/_pytest/runner.py\", line 178, in pytest_runtest_call\n    item.runtest()\n  File \"/root/spread_project/.tox/integration/lib/python3.12/site-packages/_pytest/python.py\", line 1671, in runtest\n    self.ihook.pytest_pyfunc_call(pyfuncitem=self)\n  File \"/root/spread_project/.tox/integration/lib/python3.12/site-packages/pluggy/_hooks.py\", line 512, in __call__\n    return self._hookexec(self.name, self._hookimpls.copy(), kwargs, firstresult)\n           ^^^^^^^^^^^^^^^^^^^^^^^^^^^^^^^^^^^^^^^^^^^^^^^^^^^^^^^^^^^^^^^^^^^^^^\n  File \"/root/spread_project/.tox/integration/lib/python3.12/site-packages/pluggy/_manager.py\", line 120, in _hookexec\n    return self._inner_hookexec(hook_name, methods, kwargs, firstresult)\n           ^^^^^^^^^^^^^^^^^^^^^^^^^^^^^^^^^^^^^^^^^^^^^^^^^^^^^^^^^^^^^\n  File \"/root/spread_project/.tox/integration/lib/python3.12/site-packages/pluggy/_callers.py\", line 167, in _multicall\n    raise exception\n  File \"/root/spread_project/.tox/integration/lib/python3.12/site-packages/pluggy/_callers.py\", line 139, in _multicall\n    teardown.throw(exception)\n  File \"/root/spread_project/.tox/integration/lib/python3.12/site-packages/pluggy/_callers.py\", line 53, in run_old_style_hookwrapper\n    return result.get_result()\n           ^^^^^^^^^^^^^^^^^^^\n  File \"/root/spread_project/.tox/integration/lib/python3.12/site-packages/pluggy/_result.py\", line 103, in get_result\n    raise exc.with_traceback(tb)\n  File \"/root/spread_project/.tox/integration/lib/python3.12/site-packages/pluggy/_callers.py\", line 38, in run_old_style_hookwrapper\n    res = yield\n          ^^^^^\n  File \"/root/spread_project/.tox/integration/lib/python3.12/site-packages/pluggy/_callers.py\", line 121, in _multicall\n    res = hook_impl.function(*args)\n          ^^^^^^^^^^^^^^^^^^^^^^^^^\n  File \"/root/spread_project/.tox/integration/lib/python3.12/site-packages/_pytest/python.py\", line 157, in pytest_pyfunc_call\n    result = testfunction(**testargs)\n             ^^^^^^^^^^^^^^^^^^^^^^^^\n  File \"/root/spread_project/.tox/integration/lib/python3.12/site-packages/pytest_asyncio/plugin.py\", line 529, in inner\n    _loop.run_until_complete(task)\n  File \"/usr/lib/python3.12/asyncio/base_events.py\", line 687, in run_until_complete\n    return future.result()\n           ^^^^^^^^^^^^^^^\n  File \"/root/spread_project/tests/integration/relations/pgbouncer_provider/test_pgbouncer_provider.py\", line 130, in test_database_relation_with_charm_libraries\n    await check_new_relation(\n  File \"/root/spread_project/tests/integration/relations/pgbouncer_provider/helpers.py\", line 230, in check_new_relation\n    assert len(query_results) > 0 and test_data in query_results[0], (\n           ^^^^^^^^^^^^^^^^^^^^^^^^^^^^^^^^^^^^^^^^^^^^^^^^^^^^^^^^\nAssertionError: smoke check failed. Query output: {'return-code': 1, 'stderr': 'Uncaught OperationalError in charm code: connection to server at \"pgbouncer-k8s-service.testing.svc.cluster.local\" (10.152.183.37), port 6432 failed: FATAL:  no pg_hba.conf entry for host \"10.1.32.77\", user \"relation_id_7\", database \"postgresql_test_app_database\", no encryption\\n\\nUse `juju debug-log` to see the full traceback.\\n'}","flaky":false,"newFailed":true,"newBroken":false,"newPassed":false,"retriesCount":1,"retriesStatusChange":true,"beforeStages":[{"name":"event_loop","time":{"start":1751506389071,"stop":1751506389072,"duration":1},"status":"passed","steps":[],"attachments":[],"parameters":[],"shouldDisplayMessage":false,"stepsCount":0,"attachmentsCount":0,"hasContent":false,"attachmentStep":false},{"name":"ops_test","time":{"start":1751506389072,"stop":1751506389292,"duration":220},"status":"passed","steps":[],"attachments":[],"parameters":[],"shouldDisplayMessage":false,"stepsCount":0,"attachmentsCount":0,"hasContent":false,"attachmentStep":false},{"name":"charm","time":{"start":1751506389072,"stop":1751506389072,"duration":0},"status":"passed","steps":[],"attachments":[],"parameters":[],"shouldDisplayMessage":false,"stepsCount":0,"attachmentsCount":0,"hasContent":false,"attachmentStep":false},{"name":"tmp_path_factory","time":{"start":1751506389072,"stop":1751506389072,"duration":0},"status":"passed","steps":[],"attachments":[],"parameters":[],"shouldDisplayMessage":false,"stepsCount":0,"attachmentsCount":0,"hasContent":false,"attachmentStep":false},{"name":"abort_on_fail","time":{"start":1751506389292,"stop":1751506389292,"duration":0},"status":"passed","steps":[],"attachments":[],"parameters":[],"shouldDisplayMessage":false,"stepsCount":0,"attachmentsCount":0,"hasContent":false,"attachmentStep":false}],"testStage":{"description":"Test basic functionality of database relation interface.","status":"failed","statusMessage":"AssertionError: smoke check failed. Query output: {'return-code': 1, 'stderr': 'Uncaught OperationalError in charm code: connection to server at \"pgbouncer-k8s-service.testing.svc.cluster.local\" (10.152.183.37), port 6432 failed: FATAL:  no pg_hba.conf entry for host \"10.1.32.77\", user \"relation_id_7\", database \"postgresql_test_app_database\", no encryption\\n\\nUse `juju debug-log` to see the full traceback.\\n'}","statusTrace":"Traceback (most recent call last):\n  File \"/root/spread_project/.tox/integration/lib/python3.12/site-packages/_pytest/runner.py\", line 344, in from_call\n    result: TResult | None = func()\n                             ^^^^^^\n  File \"/root/spread_project/.tox/integration/lib/python3.12/site-packages/_pytest/runner.py\", line 246, in <lambda>\n    lambda: runtest_hook(item=item, **kwds), when=when, reraise=reraise\n            ^^^^^^^^^^^^^^^^^^^^^^^^^^^^^^^\n  File \"/root/spread_project/.tox/integration/lib/python3.12/site-packages/pluggy/_hooks.py\", line 512, in __call__\n    return self._hookexec(self.name, self._hookimpls.copy(), kwargs, firstresult)\n           ^^^^^^^^^^^^^^^^^^^^^^^^^^^^^^^^^^^^^^^^^^^^^^^^^^^^^^^^^^^^^^^^^^^^^^\n  File \"/root/spread_project/.tox/integration/lib/python3.12/site-packages/pluggy/_manager.py\", line 120, in _hookexec\n    return self._inner_hookexec(hook_name, methods, kwargs, firstresult)\n           ^^^^^^^^^^^^^^^^^^^^^^^^^^^^^^^^^^^^^^^^^^^^^^^^^^^^^^^^^^^^^\n  File \"/root/spread_project/.tox/integration/lib/python3.12/site-packages/pluggy/_callers.py\", line 167, in _multicall\n    raise exception\n  File \"/root/spread_project/.tox/integration/lib/python3.12/site-packages/pluggy/_callers.py\", line 139, in _multicall\n    teardown.throw(exception)\n  File \"/root/spread_project/.tox/integration/lib/python3.12/site-packages/_pytest/logging.py\", line 850, in pytest_runtest_call\n    yield\n  File \"/root/spread_project/.tox/integration/lib/python3.12/site-packages/pluggy/_callers.py\", line 139, in _multicall\n    teardown.throw(exception)\n  File \"/root/spread_project/.tox/integration/lib/python3.12/site-packages/pluggy/_callers.py\", line 53, in run_old_style_hookwrapper\n    return result.get_result()\n           ^^^^^^^^^^^^^^^^^^^\n  File \"/root/spread_project/.tox/integration/lib/python3.12/site-packages/pluggy/_result.py\", line 103, in get_result\n    raise exc.with_traceback(tb)\n  File \"/root/spread_project/.tox/integration/lib/python3.12/site-packages/pluggy/_callers.py\", line 38, in run_old_style_hookwrapper\n    res = yield\n          ^^^^^\n  File \"/root/spread_project/.tox/integration/lib/python3.12/site-packages/pluggy/_callers.py\", line 139, in _multicall\n    teardown.throw(exception)\n  File \"/root/spread_project/.tox/integration/lib/python3.12/site-packages/_pytest/capture.py\", line 900, in pytest_runtest_call\n    return (yield)\n            ^^^^^\n  File \"/root/spread_project/.tox/integration/lib/python3.12/site-packages/pluggy/_callers.py\", line 139, in _multicall\n    teardown.throw(exception)\n  File \"/root/spread_project/.tox/integration/lib/python3.12/site-packages/_pytest/skipping.py\", line 263, in pytest_runtest_call\n    return (yield)\n            ^^^^^\n  File \"/root/spread_project/.tox/integration/lib/python3.12/site-packages/pluggy/_callers.py\", line 121, in _multicall\n    res = hook_impl.function(*args)\n          ^^^^^^^^^^^^^^^^^^^^^^^^^\n  File \"/root/spread_project/.tox/integration/lib/python3.12/site-packages/_pytest/runner.py\", line 178, in pytest_runtest_call\n    item.runtest()\n  File \"/root/spread_project/.tox/integration/lib/python3.12/site-packages/_pytest/python.py\", line 1671, in runtest\n    self.ihook.pytest_pyfunc_call(pyfuncitem=self)\n  File \"/root/spread_project/.tox/integration/lib/python3.12/site-packages/pluggy/_hooks.py\", line 512, in __call__\n    return self._hookexec(self.name, self._hookimpls.copy(), kwargs, firstresult)\n           ^^^^^^^^^^^^^^^^^^^^^^^^^^^^^^^^^^^^^^^^^^^^^^^^^^^^^^^^^^^^^^^^^^^^^^\n  File \"/root/spread_project/.tox/integration/lib/python3.12/site-packages/pluggy/_manager.py\", line 120, in _hookexec\n    return self._inner_hookexec(hook_name, methods, kwargs, firstresult)\n           ^^^^^^^^^^^^^^^^^^^^^^^^^^^^^^^^^^^^^^^^^^^^^^^^^^^^^^^^^^^^^\n  File \"/root/spread_project/.tox/integration/lib/python3.12/site-packages/pluggy/_callers.py\", line 167, in _multicall\n    raise exception\n  File \"/root/spread_project/.tox/integration/lib/python3.12/site-packages/pluggy/_callers.py\", line 139, in _multicall\n    teardown.throw(exception)\n  File \"/root/spread_project/.tox/integration/lib/python3.12/site-packages/pluggy/_callers.py\", line 53, in run_old_style_hookwrapper\n    return result.get_result()\n           ^^^^^^^^^^^^^^^^^^^\n  File \"/root/spread_project/.tox/integration/lib/python3.12/site-packages/pluggy/_result.py\", line 103, in get_result\n    raise exc.with_traceback(tb)\n  File \"/root/spread_project/.tox/integration/lib/python3.12/site-packages/pluggy/_callers.py\", line 38, in run_old_style_hookwrapper\n    res = yield\n          ^^^^^\n  File \"/root/spread_project/.tox/integration/lib/python3.12/site-packages/pluggy/_callers.py\", line 121, in _multicall\n    res = hook_impl.function(*args)\n          ^^^^^^^^^^^^^^^^^^^^^^^^^\n  File \"/root/spread_project/.tox/integration/lib/python3.12/site-packages/_pytest/python.py\", line 157, in pytest_pyfunc_call\n    result = testfunction(**testargs)\n             ^^^^^^^^^^^^^^^^^^^^^^^^\n  File \"/root/spread_project/.tox/integration/lib/python3.12/site-packages/pytest_asyncio/plugin.py\", line 529, in inner\n    _loop.run_until_complete(task)\n  File \"/usr/lib/python3.12/asyncio/base_events.py\", line 687, in run_until_complete\n    return future.result()\n           ^^^^^^^^^^^^^^^\n  File \"/root/spread_project/tests/integration/relations/pgbouncer_provider/test_pgbouncer_provider.py\", line 130, in test_database_relation_with_charm_libraries\n    await check_new_relation(\n  File \"/root/spread_project/tests/integration/relations/pgbouncer_provider/helpers.py\", line 230, in check_new_relation\n    assert len(query_results) > 0 and test_data in query_results[0], (\n           ^^^^^^^^^^^^^^^^^^^^^^^^^^^^^^^^^^^^^^^^^^^^^^^^^^^^^^^^\nAssertionError: smoke check failed. Query output: {'return-code': 1, 'stderr': 'Uncaught OperationalError in charm code: connection to server at \"pgbouncer-k8s-service.testing.svc.cluster.local\" (10.152.183.37), port 6432 failed: FATAL:  no pg_hba.conf entry for host \"10.1.32.77\", user \"relation_id_7\", database \"postgresql_test_app_database\", no encryption\\n\\nUse `juju debug-log` to see the full traceback.\\n'}","steps":[],"attachments":[{"uid":"54cd1bb0f1b853d7","name":"log","source":"54cd1bb0f1b853d7.txt","type":"text/plain","size":5137}],"parameters":[],"shouldDisplayMessage":true,"stepsCount":0,"attachmentsCount":1,"hasContent":true,"attachmentStep":false},"afterStages":[{"name":"abort_on_fail::0","time":{"start":1751506716851,"stop":1751506716851,"duration":0},"status":"passed","steps":[],"attachments":[],"parameters":[],"shouldDisplayMessage":false,"stepsCount":0,"attachmentsCount":0,"hasContent":false,"attachmentStep":false},{"name":"ops_test::finalizer","time":{"start":1751506716907,"stop":1751506717250,"duration":343},"status":"passed","steps":[],"attachments":[],"parameters":[],"shouldDisplayMessage":false,"stepsCount":0,"attachmentsCount":0,"hasContent":false,"attachmentStep":false},{"name":"event_loop::2","time":{"start":1751506717250,"stop":1751506717251,"duration":1},"status":"passed","steps":[],"attachments":[],"parameters":[],"shouldDisplayMessage":false,"stepsCount":0,"attachmentsCount":0,"hasContent":false,"attachmentStep":false},{"name":"event_loop::_close_event_loop","time":{"start":1751506717251,"stop":1751506717251,"duration":0},"status":"passed","steps":[],"attachments":[],"parameters":[],"shouldDisplayMessage":false,"stepsCount":0,"attachmentsCount":0,"hasContent":false,"attachmentStep":false},{"name":"event_loop::_provide_clean_event_loop","time":{"start":1751506717251,"stop":1751506717251,"duration":0},"status":"passed","steps":[],"attachments":[],"parameters":[],"shouldDisplayMessage":false,"stepsCount":0,"attachmentsCount":0,"hasContent":false,"attachmentStep":false}],"labels":[{"name":"tag","value":"abort_on_fail"},{"name":"tag","value":"asyncio"},{"name":"tag","value":"asyncio"},{"name":"parentSuite","value":"tests.integration.relations.pgbouncer_provider"},{"name":"suite","value":"test_pgbouncer_provider"},{"name":"host","value":"pkrvmbietmlfzoi"},{"name":"thread","value":"20948-MainThread"},{"name":"framework","value":"pytest"},{"name":"language","value":"cpython3"},{"name":"package","value":"tests.integration.relations.pgbouncer_provider.test_pgbouncer_provider"},{"name":"resultFormat","value":"allure2"}],"parameters":[],"links":[],"hidden":false,"retry":false,"extra":{"severity":"normal","retries":[{"uid":"13968d079e3244e","status":"unknown","time":{}}],"categories":[{"name":"Product defects","matchedStatuses":[]}],"history":{"statistic":{"failed":1,"broken":6,"skipped":0,"passed":458,"unknown":19,"total":484},"items":[{"uid":"50ff3a46dcc1c399","reportUrl":"../2849//#testresult/50ff3a46dcc1c399","status":"passed","time":{"start":1751420040556,"stop":1751420534599,"duration":494043}},{"uid":"da2cedfa300a5138","reportUrl":"../2846//#testresult/da2cedfa300a5138","status":"passed","time":{"start":1751334353837,"stop":1751334699987,"duration":346150}},{"uid":"61e72cb82b559f27","reportUrl":"../2845//#testresult/61e72cb82b559f27","status":"passed","time":{"start":1751247168163,"stop":1751247525753,"duration":357590}},{"uid":"1c6bfa2df6413511","reportUrl":"../2844//#testresult/1c6bfa2df6413511","status":"passed","time":{"start":1751161198495,"stop":1751161533970,"duration":335475}},{"uid":"f2550bb522ee6272","reportUrl":"../2843//#testresult/f2550bb522ee6272","status":"passed","time":{"start":1751074935719,"stop":1751075282348,"duration":346629}},{"uid":"89e695d0dd9aeae0","reportUrl":"../2842//#testresult/89e695d0dd9aeae0","status":"passed","time":{"start":1750988132078,"stop":1750988417196,"duration":285118}},{"uid":"7b0d49e7b7cfa03","reportUrl":"../2841//#testresult/7b0d49e7b7cfa03","status":"passed","time":{"start":1750901578176,"stop":1750902190060,"duration":611884}},{"uid":"2ef6a804ac8f0acc","reportUrl":"../2840//#testresult/2ef6a804ac8f0acc","status":"passed","time":{"start":1750815204549,"stop":1750815606898,"duration":402349}},{"uid":"3e4d0ecfc4023f64","reportUrl":"../2837//#testresult/3e4d0ecfc4023f64","status":"passed","time":{"start":1750729333587,"stop":1750729694407,"duration":360820}},{"uid":"5eb6a8f8121c93c0","reportUrl":"../2836//#testresult/5eb6a8f8121c93c0","status":"passed","time":{"start":1750642431197,"stop":1750642787680,"duration":356483}},{"uid":"f6265b8b9f37bd7d","reportUrl":"../2835//#testresult/f6265b8b9f37bd7d","status":"passed","time":{"start":1750556205611,"stop":1750556577480,"duration":371869}},{"uid":"6296c569f03dfa37","reportUrl":"../2833//#testresult/6296c569f03dfa37","status":"passed","time":{"start":1750469939208,"stop":1750470274154,"duration":334946}},{"uid":"d44fad8662fe5475","reportUrl":"../2831//#testresult/d44fad8662fe5475","status":"passed","time":{"start":1750383422291,"stop":1750383717242,"duration":294951}},{"uid":"23747327d8c83b95","reportUrl":"../2830//#testresult/23747327d8c83b95","status":"passed","time":{"start":1750297152786,"stop":1750297559883,"duration":407097}},{"uid":"97f633837ef4a774","reportUrl":"../2829//#testresult/97f633837ef4a774","status":"passed","time":{"start":1750210637335,"stop":1750211017143,"duration":379808}},{"uid":"b22ae49e19dc574b","reportUrl":"../2825//#testresult/b22ae49e19dc574b","status":"passed","time":{"start":1750124219594,"stop":1750124644187,"duration":424593}},{"uid":"7635b44ee5fd3fab","reportUrl":"../2824//#testresult/7635b44ee5fd3fab","status":"passed","time":{"start":1750038098929,"stop":1750038545009,"duration":446080}},{"uid":"a30e48a4b8161de6","reportUrl":"../2823//#testresult/a30e48a4b8161de6","status":"passed","time":{"start":1749951615627,"stop":1749951992361,"duration":376734}},{"uid":"cf15272a98f35262","reportUrl":"../2822//#testresult/cf15272a98f35262","status":"passed","time":{"start":1749864897353,"stop":1749865321865,"duration":424512}},{"uid":"62f6ac247938b0ba","reportUrl":"../2821//#testresult/62f6ac247938b0ba","status":"passed","time":{"start":1749778791069,"stop":1749779219403,"duration":428334}}]},"tags":["asyncio","abort_on_fail"]},"source":"3704416af40df875.json","parameterValues":[]}