[32mINFO    [0m integration.test_upgrade:test_upgrade.py:159 starting continuous writes to the database
[32mINFO    [0m integration.test_upgrade:test_upgrade.py:163 checking whether writes are increasing
[32mINFO    [0m httpx:_client.py:1026 HTTP Request: GET https://10.1.0.38:16443/api/v1/namespaces/test/pods/postgresql-k8s-0 "HTTP/1.1 200 OK"
[32mINFO    [0m httpx:_client.py:1026 HTTP Request: GET https://10.1.0.38:16443/api/v1/namespaces/test/pods/postgresql-k8s-1 "HTTP/1.1 200 OK"
[32mINFO    [0m httpx:_client.py:1026 HTTP Request: GET https://10.1.0.38:16443/api/v1/namespaces/test/pods/postgresql-k8s-0 "HTTP/1.1 200 OK"
[32mINFO    [0m httpx:_client.py:1026 HTTP Request: GET https://10.1.0.38:16443/api/v1/namespaces/test/pods/postgresql-k8s-1 "HTTP/1.1 200 OK"
[32mINFO    [0m httpx:_client.py:1026 HTTP Request: GET https://10.1.0.38:16443/api/v1/namespaces/test/pods/postgresql-k8s-0 "HTTP/1.1 200 OK"
[32mINFO    [0m httpx:_client.py:1026 HTTP Request: GET https://10.1.0.38:16443/api/v1/namespaces/test/pods/postgresql-k8s-1 "HTTP/1.1 200 OK"
[32mINFO    [0m integration.test_upgrade:test_upgrade.py:166 Get leader unit
[32mINFO    [0m integration.test_upgrade:test_upgrade.py:172 Run pre-upgrade-check action
[32mINFO    [0m integration.test_upgrade:test_upgrade.py:183 Inject dependency fault
[32mINFO    [0m integration.test_upgrade:test_upgrade.py:188 Refresh the charm
[32mINFO    [0m integration.test_upgrade:test_upgrade.py:191 Get first upgrading unit
[32mINFO    [0m integration.test_upgrade:test_upgrade.py:195 Wait for upgrade to fail on first upgrading unit
[32mINFO    [0m integration.test_upgrade:test_upgrade.py:202 Ensure continuous_writes while in failure state on remaining units
[32mINFO    [0m httpx:_client.py:1026 HTTP Request: GET https://10.1.0.38:16443/api/v1/namespaces/test/pods/postgresql-k8s-0 "HTTP/1.1 200 OK"
[32mINFO    [0m httpx:_client.py:1026 HTTP Request: GET https://10.1.0.38:16443/api/v1/namespaces/test/pods/postgresql-k8s-1 "HTTP/1.1 200 OK"
[32mINFO    [0m httpx:_client.py:1026 HTTP Request: GET https://10.1.0.38:16443/api/v1/namespaces/test/pods/postgresql-k8s-0 "HTTP/1.1 200 OK"
[32mINFO    [0m httpx:_client.py:1026 HTTP Request: GET https://10.1.0.38:16443/api/v1/namespaces/test/pods/postgresql-k8s-1 "HTTP/1.1 200 OK"
[32mINFO    [0m httpx:_client.py:1026 HTTP Request: GET https://10.1.0.38:16443/api/v1/namespaces/test/pods/postgresql-k8s-0 "HTTP/1.1 200 OK"
[32mINFO    [0m httpx:_client.py:1026 HTTP Request: GET https://10.1.0.38:16443/api/v1/namespaces/test/pods/postgresql-k8s-1 "HTTP/1.1 200 OK"
[32mINFO    [0m httpx:_client.py:1026 HTTP Request: GET https://10.1.0.38:16443/api/v1/namespaces/test/pods/postgresql-k8s-0 "HTTP/1.1 200 OK"
[32mINFO    [0m httpx:_client.py:1026 HTTP Request: GET https://10.1.0.38:16443/api/v1/namespaces/test/pods/postgresql-k8s-1 "HTTP/1.1 200 OK"
[32mINFO    [0m integration.test_upgrade:test_upgrade.py:205 Re-run pre-upgrade-check action
[32mINFO    [0m integration.test_upgrade:test_upgrade.py:209 Re-refresh the charm
[32mINFO    [0m juju.model:model.py:2972 Waiting for model:
  pgbouncer-k8s/0 [idle] waiting: other units upgrading first...
  pgbouncer-k8s/1 [idle] waiting: other units upgrading first...
  pgbouncer-k8s/2 [executing] active: 
[32mINFO    [0m juju.model:model.py:2972 Waiting for model:
  pgbouncer-k8s/0 [idle] waiting: other units upgrading first...
  pgbouncer-k8s/1 [idle] waiting: other units upgrading first...
  pgbouncer-k8s/2 [idle] active: 
[32mINFO    [0m integration.test_upgrade:test_upgrade.py:216 Resume upgrade
[32mINFO    [0m integration.test_upgrade:test_upgrade.py:220 Wait for application to recover
[32mINFO    [0m juju.model:model.py:2972 Waiting for model:
  pgbouncer-k8s/0 [idle] waiting: other units upgrading first...
  pgbouncer-k8s/1 [executing] maintenance: stopping charm software
  pgbouncer-k8s/2 [idle] active: 
[32mINFO    [0m juju.model:model.py:2972 Waiting for model:
  pgbouncer-k8s/0 [idle] waiting: other units upgrading first...
  pgbouncer-k8s/1 [idle] active: 
  pgbouncer-k8s/2 [idle] active: 
[32mINFO    [0m juju.model:model.py:2972 Waiting for model:
  pgbouncer-k8s/0 [executing] maintenance: upgrading unit
  pgbouncer-k8s/1 [idle] active: 
  pgbouncer-k8s/2 [idle] active: 
[32mINFO    [0m juju.model:model.py:2972 Waiting for model:
  pgbouncer-k8s/0 [idle] active: 
  pgbouncer-k8s/1 [idle] active: 
  pgbouncer-k8s/2 [idle] active: 
[32mINFO    [0m integration.test_upgrade:test_upgrade.py:224 Ensure continuous_writes after rollback procedure
[32mINFO    [0m httpx:_client.py:1026 HTTP Request: GET https://10.1.0.38:16443/api/v1/namespaces/test/pods/postgresql-k8s-0 "HTTP/1.1 200 OK"
[32mINFO    [0m httpx:_client.py:1026 HTTP Request: GET https://10.1.0.38:16443/api/v1/namespaces/test/pods/postgresql-k8s-1 "HTTP/1.1 200 OK"
[32mINFO    [0m httpx:_client.py:1026 HTTP Request: GET https://10.1.0.38:16443/api/v1/namespaces/test/pods/postgresql-k8s-0 "HTTP/1.1 200 OK"
[32mINFO    [0m httpx:_client.py:1026 HTTP Request: GET https://10.1.0.38:16443/api/v1/namespaces/test/pods/postgresql-k8s-1 "HTTP/1.1 200 OK"
[32mINFO    [0m httpx:_client.py:1026 HTTP Request: GET https://10.1.0.38:16443/api/v1/namespaces/test/pods/postgresql-k8s-0 "HTTP/1.1 200 OK"
[32mINFO    [0m httpx:_client.py:1026 HTTP Request: GET https://10.1.0.38:16443/api/v1/namespaces/test/pods/postgresql-k8s-1 "HTTP/1.1 200 OK"
[32mINFO    [0m integration.test_upgrade:test_upgrade.py:229 Checking whether no writes were lost
[32mINFO    [0m httpx:_client.py:1026 HTTP Request: GET https://10.1.0.38:16443/api/v1/namespaces/test/pods/postgresql-k8s-0 "HTTP/1.1 200 OK"
[32mINFO    [0m httpx:_client.py:1026 HTTP Request: GET https://10.1.0.38:16443/api/v1/namespaces/test/pods/postgresql-k8s-1 "HTTP/1.1 200 OK"
[32mINFO    [0m pytest_operator.plugin:plugin.py:903 Model status:

Model  Controller          Cloud/Region        Version  SLA          Timestamp
test   microk8s-localhost  microk8s/localhost  3.4.5    unsupported  01:44:22Z

App                  Version  Status  Scale  Charm                Channel      Rev  Address         Exposed  Message
pgbouncer-k8s        1.21.0   active      3  pgbouncer-k8s                       2  10.152.183.58   no       
postgresql-k8s       14.12    active      3  postgresql-k8s       14/edge      360  10.152.183.166  no       
postgresql-test-app           active      1  postgresql-test-app  latest/edge  229  10.152.183.105  no       received database credentials of the first database

Unit                    Workload  Agent  Address      Ports  Message
pgbouncer-k8s/0         active    idle   10.1.229.24         
pgbouncer-k8s/1         active    idle   10.1.229.23         
pgbouncer-k8s/2*        active    idle   10.1.229.22         
postgresql-k8s/0*       active    idle   10.1.229.12         Primary
postgresql-k8s/1        active    idle   10.1.229.14         
postgresql-k8s/2        active    idle   10.1.229.13         
postgresql-test-app/0*  active    idle   10.1.229.8          received database credentials of the first database

[32mINFO    [0m pytest_operator.plugin:plugin.py:909 Juju error logs:

unit-postgresql-k8s-2: 01:33:31 ERROR unit.postgresql-k8s/2.juju-log Uncaught exception while in charm code:
Traceback (most recent call last):
  File "/var/lib/juju/agents/unit-postgresql-k8s-2/charm/venv/websocket/_socket.py", line 118, in recv
    bytes_ = _recv()
  File "/var/lib/juju/agents/unit-postgresql-k8s-2/charm/venv/websocket/_socket.py", line 97, in _recv
    return sock.recv(bufsize)
TimeoutError: timed out

During handling of the above exception, another exception occurred:

Traceback (most recent call last):
  File "/var/lib/juju/agents/unit-postgresql-k8s-2/charm/venv/ops/pebble.py", line 2890, in exec
    control_ws = self._connect_websocket(task_id, 'control')
  File "/var/lib/juju/agents/unit-postgresql-k8s-2/charm/venv/ops/pebble.py", line 2978, in _connect_websocket
    ws.connect(url, socket=sock)
  File "/var/lib/juju/agents/unit-postgresql-k8s-2/charm/venv/websocket/_core.py", line 261, in connect
    self.handshake_response = handshake(self.sock, url, *addrs, **options)
  File "/var/lib/juju/agents/unit-postgresql-k8s-2/charm/venv/websocket/_handshake.py", line 65, in handshake
    status, resp = _get_resp_headers(sock)
  File "/var/lib/juju/agents/unit-postgresql-k8s-2/charm/venv/websocket/_handshake.py", line 141, in _get_resp_headers
    status, resp_headers, status_message = read_headers(sock)
  File "/var/lib/juju/agents/unit-postgresql-k8s-2/charm/venv/websocket/_http.py", line 351, in read_headers
    line = recv_line(sock)
  File "/var/lib/juju/agents/unit-postgresql-k8s-2/charm/venv/websocket/_socket.py", line 140, in recv_line
    c = recv(sock, 1)
  File "/var/lib/juju/agents/unit-postgresql-k8s-2/charm/venv/websocket/_socket.py", line 120, in recv
    raise WebSocketTimeoutException("Connection timed out")
websocket._exceptions.WebSocketTimeoutException: Connection timed out

The above exception was the direct cause of the following exception:

Traceback (most recent call last):
  File "/var/lib/juju/agents/unit-postgresql-k8s-2/charm/./src/charm.py", line 2085, in <module>
    main(PostgresqlOperatorCharm, use_juju_for_storage=True)
  File "/var/lib/juju/agents/unit-postgresql-k8s-2/charm/venv/ops/main.py", line 551, in main
    manager.run()
  File "/var/lib/juju/agents/unit-postgresql-k8s-2/charm/venv/ops/main.py", line 530, in run
    self._emit()
  File "/var/lib/juju/agents/unit-postgresql-k8s-2/charm/venv/ops/main.py", line 519, in _emit
    _emit_charm_event(self.charm, self.dispatcher.event_name)
  File "/var/lib/juju/agents/unit-postgresql-k8s-2/charm/venv/ops/main.py", line 147, in _emit_charm_event
    event_to_emit.emit(*args, **kwargs)
  File "/var/lib/juju/agents/unit-postgresql-k8s-2/charm/venv/ops/framework.py", line 348, in emit
    framework._emit(event)
  File "/var/lib/juju/agents/unit-postgresql-k8s-2/charm/venv/ops/framework.py", line 860, in _emit
    self._reemit(event_path)
  File "/var/lib/juju/agents/unit-postgresql-k8s-2/charm/venv/ops/framework.py", line 950, in _reemit
    custom_handler(event)
  File "/var/lib/juju/agents/unit-postgresql-k8s-2/charm/lib/charms/tempo_k8s/v1/charm_tracing.py", line 735, in wrapped_function
    return callable(*args, **kwargs)  # type: ignore
  File "/var/lib/juju/agents/unit-postgresql-k8s-2/charm/./src/charm.py", line 880, in _on_postgresql_pebble_ready
    self._create_pgdata(container)
  File "/var/lib/juju/agents/unit-postgresql-k8s-2/charm/lib/charms/tempo_k8s/v1/charm_tracing.py", line 735, in wrapped_function
    return callable(*args, **kwargs)  # type: ignore
  File "/var/lib/juju/agents/unit-postgresql-k8s-2/charm/./src/charm.py", line 859, in _create_pgdata
    container.exec([
  File "/var/lib/juju/agents/unit-postgresql-k8s-2/charm/venv/ops/model.py", line 2872, in exec
    return self._pebble.exec(
  File "/var/lib/juju/agents/unit-postgresql-k8s-2/charm/venv/ops/pebble.py", line 2899, in exec
    raise ChangeError(change.err, change) from e
ops.pebble.ChangeError: cannot perform the following tasks:
- exec command "chown" (exec 1: timeout waiting for websocket connections: context deadline exceeded)
----- Logs from task 0 -----
2024-08-22T01:33:31Z ERROR exec 1: timeout waiting for websocket connections: context deadline exceeded
-----
unit-postgresql-k8s-2: 01:33:32 ERROR juju.worker.uniter.operation hook "postgresql-pebble-ready" (via hook dispatching script: dispatch) failed: exit status 1
unit-postgresql-k8s-2: 01:33:32 ERROR juju.worker.uniter pebble poll failed for container "postgresql": failed to send pebble-ready event: hook failed
unit-pgbouncer-k8s-2: 01:41:15 ERROR unit.pgbouncer-k8s/2.juju-log charms.data_platform_libs.v0.upgrade.VersionError - {'message': 'Versions incompatible, charm 1 can not be upgraded to 15.0', 'cause': 'Upgrades only supported for specific versions, charm versions satisfying requirement ^15', 'resolution': ''}

[32mINFO    [0m pytest_operator.plugin:plugin.py:991 Forgetting model main...