{"uid":"a06e123c974355de","name":"test_mattermost_db","fullName":"tests.integration.test_tls#test_mattermost_db","historyId":"cdae414860de0e7068bea24175d8d4b0","time":{"start":1722995275010,"stop":1722995383935,"duration":108925},"description":"Deploy Mattermost to test the 'db' relation.\n\n    Mattermost needs TLS enabled on PgBouncer to correctly connect to it.\n\n    Args:\n        ops_test: The ops test framework\n    ","descriptionHtml":"<p>Deploy Mattermost to test the 'db' relation.</p>\n<pre><code>Mattermost needs TLS enabled on PgBouncer to correctly connect to it.\n\nArgs:\n    ops_test: The ops test framework\n</code></pre>\n","status":"broken","statusMessage":"juju.errors.JujuUnitError: Unit in error: mattermost-k8s/0","statusTrace":"Traceback (most recent call last):\n  File \"/home/runner/work/pgbouncer-k8s-operator/pgbouncer-k8s-operator/.tox/integration/lib/python3.10/site-packages/_pytest/runner.py\", line 341, in from_call\n    result: TResult | None = func()\n  File \"/home/runner/work/pgbouncer-k8s-operator/pgbouncer-k8s-operator/.tox/integration/lib/python3.10/site-packages/_pytest/runner.py\", line 242, in <lambda>\n    lambda: runtest_hook(item=item, **kwds), when=when, reraise=reraise\n  File \"/home/runner/work/pgbouncer-k8s-operator/pgbouncer-k8s-operator/.tox/integration/lib/python3.10/site-packages/pluggy/_hooks.py\", line 513, in __call__\n    return self._hookexec(self.name, self._hookimpls.copy(), kwargs, firstresult)\n  File \"/home/runner/work/pgbouncer-k8s-operator/pgbouncer-k8s-operator/.tox/integration/lib/python3.10/site-packages/pluggy/_manager.py\", line 120, in _hookexec\n    return self._inner_hookexec(hook_name, methods, kwargs, firstresult)\n  File \"/home/runner/work/pgbouncer-k8s-operator/pgbouncer-k8s-operator/.tox/integration/lib/python3.10/site-packages/pluggy/_callers.py\", line 182, in _multicall\n    return outcome.get_result()\n  File \"/home/runner/work/pgbouncer-k8s-operator/pgbouncer-k8s-operator/.tox/integration/lib/python3.10/site-packages/pluggy/_result.py\", line 100, in get_result\n    raise exc.with_traceback(exc.__traceback__)\n  File \"/home/runner/work/pgbouncer-k8s-operator/pgbouncer-k8s-operator/.tox/integration/lib/python3.10/site-packages/pluggy/_callers.py\", line 167, in _multicall\n    teardown.throw(outcome._exception)\n  File \"/home/runner/work/pgbouncer-k8s-operator/pgbouncer-k8s-operator/.tox/integration/lib/python3.10/site-packages/_pytest/threadexception.py\", line 92, in pytest_runtest_call\n    yield from thread_exception_runtest_hook()\n  File \"/home/runner/work/pgbouncer-k8s-operator/pgbouncer-k8s-operator/.tox/integration/lib/python3.10/site-packages/_pytest/threadexception.py\", line 68, in thread_exception_runtest_hook\n    yield\n  File \"/home/runner/work/pgbouncer-k8s-operator/pgbouncer-k8s-operator/.tox/integration/lib/python3.10/site-packages/pluggy/_callers.py\", line 167, in _multicall\n    teardown.throw(outcome._exception)\n  File \"/home/runner/work/pgbouncer-k8s-operator/pgbouncer-k8s-operator/.tox/integration/lib/python3.10/site-packages/_pytest/unraisableexception.py\", line 95, in pytest_runtest_call\n    yield from unraisable_exception_runtest_hook()\n  File \"/home/runner/work/pgbouncer-k8s-operator/pgbouncer-k8s-operator/.tox/integration/lib/python3.10/site-packages/_pytest/unraisableexception.py\", line 70, in unraisable_exception_runtest_hook\n    yield\n  File \"/home/runner/work/pgbouncer-k8s-operator/pgbouncer-k8s-operator/.tox/integration/lib/python3.10/site-packages/pluggy/_callers.py\", line 167, in _multicall\n    teardown.throw(outcome._exception)\n  File \"/home/runner/work/pgbouncer-k8s-operator/pgbouncer-k8s-operator/.tox/integration/lib/python3.10/site-packages/_pytest/logging.py\", line 848, in pytest_runtest_call\n    yield from self._runtest_for(item, \"call\")\n  File \"/home/runner/work/pgbouncer-k8s-operator/pgbouncer-k8s-operator/.tox/integration/lib/python3.10/site-packages/_pytest/logging.py\", line 831, in _runtest_for\n    yield\n  File \"/home/runner/work/pgbouncer-k8s-operator/pgbouncer-k8s-operator/.tox/integration/lib/python3.10/site-packages/pluggy/_callers.py\", line 167, in _multicall\n    teardown.throw(outcome._exception)\n  File \"/home/runner/work/pgbouncer-k8s-operator/pgbouncer-k8s-operator/.tox/integration/lib/python3.10/site-packages/_pytest/capture.py\", line 879, in pytest_runtest_call\n    return (yield)\n  File \"/home/runner/work/pgbouncer-k8s-operator/pgbouncer-k8s-operator/.tox/integration/lib/python3.10/site-packages/pluggy/_callers.py\", line 167, in _multicall\n    teardown.throw(outcome._exception)\n  File \"/home/runner/work/pgbouncer-k8s-operator/pgbouncer-k8s-operator/.tox/integration/lib/python3.10/site-packages/_pytest/skipping.py\", line 257, in pytest_runtest_call\n    return (yield)\n  File \"/home/runner/work/pgbouncer-k8s-operator/pgbouncer-k8s-operator/.tox/integration/lib/python3.10/site-packages/pluggy/_callers.py\", line 103, in _multicall\n    res = hook_impl.function(*args)\n  File \"/home/runner/work/pgbouncer-k8s-operator/pgbouncer-k8s-operator/.tox/integration/lib/python3.10/site-packages/_pytest/runner.py\", line 174, in pytest_runtest_call\n    item.runtest()\n  File \"/home/runner/work/pgbouncer-k8s-operator/pgbouncer-k8s-operator/.tox/integration/lib/python3.10/site-packages/_pytest/python.py\", line 1627, in runtest\n    self.ihook.pytest_pyfunc_call(pyfuncitem=self)\n  File \"/home/runner/work/pgbouncer-k8s-operator/pgbouncer-k8s-operator/.tox/integration/lib/python3.10/site-packages/pluggy/_hooks.py\", line 513, in __call__\n    return self._hookexec(self.name, self._hookimpls.copy(), kwargs, firstresult)\n  File \"/home/runner/work/pgbouncer-k8s-operator/pgbouncer-k8s-operator/.tox/integration/lib/python3.10/site-packages/pluggy/_manager.py\", line 120, in _hookexec\n    return self._inner_hookexec(hook_name, methods, kwargs, firstresult)\n  File \"/home/runner/work/pgbouncer-k8s-operator/pgbouncer-k8s-operator/.tox/integration/lib/python3.10/site-packages/pluggy/_callers.py\", line 182, in _multicall\n    return outcome.get_result()\n  File \"/home/runner/work/pgbouncer-k8s-operator/pgbouncer-k8s-operator/.tox/integration/lib/python3.10/site-packages/pluggy/_result.py\", line 100, in get_result\n    raise exc.with_traceback(exc.__traceback__)\n  File \"/home/runner/work/pgbouncer-k8s-operator/pgbouncer-k8s-operator/.tox/integration/lib/python3.10/site-packages/pluggy/_callers.py\", line 103, in _multicall\n    res = hook_impl.function(*args)\n  File \"/home/runner/work/pgbouncer-k8s-operator/pgbouncer-k8s-operator/.tox/integration/lib/python3.10/site-packages/_pytest/python.py\", line 159, in pytest_pyfunc_call\n    result = testfunction(**testargs)\n  File \"/home/runner/work/pgbouncer-k8s-operator/pgbouncer-k8s-operator/.tox/integration/lib/python3.10/site-packages/pytest_asyncio/plugin.py\", line 529, in inner\n    _loop.run_until_complete(task)\n  File \"/usr/lib/python3.10/asyncio/base_events.py\", line 649, in run_until_complete\n    return future.result()\n  File \"/home/runner/work/pgbouncer-k8s-operator/pgbouncer-k8s-operator/tests/integration/test_tls.py\", line 170, in test_mattermost_db\n    await deploy_and_relate_application_with_pgbouncer(\n  File \"/home/runner/work/pgbouncer-k8s-operator/pgbouncer-k8s-operator/tests/integration/helpers/helpers.py\", line 307, in deploy_and_relate_application_with_pgbouncer\n    await ops_test.model.wait_for_idle(\n  File \"/home/runner/work/pgbouncer-k8s-operator/pgbouncer-k8s-operator/.tox/integration/lib/python3.10/site-packages/juju/model.py\", line 2964, in wait_for_idle\n    _raise_for_status(errors, \"error\")\n  File \"/home/runner/work/pgbouncer-k8s-operator/pgbouncer-k8s-operator/.tox/integration/lib/python3.10/site-packages/juju/model.py\", line 2870, in _raise_for_status\n    raise error_type(\"{}{} in {}: {}\".format(\njuju.errors.JujuUnitError: Unit in error: mattermost-k8s/0","flaky":false,"newFailed":false,"newBroken":true,"newPassed":false,"retriesCount":1,"retriesStatusChange":true,"beforeStages":[{"name":"event_loop","time":{"start":1722994434567,"stop":1722994434567,"duration":0},"status":"passed","steps":[],"attachments":[],"parameters":[],"stepsCount":0,"shouldDisplayMessage":false,"attachmentsCount":0,"hasContent":false,"attachmentStep":false},{"name":"ops_test","time":{"start":1722994434568,"stop":1722994434839,"duration":271},"status":"passed","steps":[],"attachments":[],"parameters":[],"stepsCount":0,"shouldDisplayMessage":false,"attachmentsCount":0,"hasContent":false,"attachmentStep":false},{"name":"tmp_path_factory","time":{"start":1722994434568,"stop":1722994434568,"duration":0},"status":"passed","steps":[],"attachments":[],"parameters":[],"stepsCount":0,"shouldDisplayMessage":false,"attachmentsCount":0,"hasContent":false,"attachmentStep":false},{"name":"abort_on_fail","time":{"start":1722995275009,"stop":1722995275010,"duration":1},"status":"passed","steps":[],"attachments":[],"parameters":[],"stepsCount":0,"shouldDisplayMessage":false,"attachmentsCount":0,"hasContent":false,"attachmentStep":false}],"testStage":{"description":"Deploy Mattermost to test the 'db' relation.\n\n    Mattermost needs TLS enabled on PgBouncer to correctly connect to it.\n\n    Args:\n        ops_test: The ops test framework\n    ","status":"broken","statusMessage":"juju.errors.JujuUnitError: Unit in error: mattermost-k8s/0","statusTrace":"Traceback (most recent call last):\n  File \"/home/runner/work/pgbouncer-k8s-operator/pgbouncer-k8s-operator/.tox/integration/lib/python3.10/site-packages/_pytest/runner.py\", line 341, in from_call\n    result: TResult | None = func()\n  File \"/home/runner/work/pgbouncer-k8s-operator/pgbouncer-k8s-operator/.tox/integration/lib/python3.10/site-packages/_pytest/runner.py\", line 242, in <lambda>\n    lambda: runtest_hook(item=item, **kwds), when=when, reraise=reraise\n  File \"/home/runner/work/pgbouncer-k8s-operator/pgbouncer-k8s-operator/.tox/integration/lib/python3.10/site-packages/pluggy/_hooks.py\", line 513, in __call__\n    return self._hookexec(self.name, self._hookimpls.copy(), kwargs, firstresult)\n  File \"/home/runner/work/pgbouncer-k8s-operator/pgbouncer-k8s-operator/.tox/integration/lib/python3.10/site-packages/pluggy/_manager.py\", line 120, in _hookexec\n    return self._inner_hookexec(hook_name, methods, kwargs, firstresult)\n  File \"/home/runner/work/pgbouncer-k8s-operator/pgbouncer-k8s-operator/.tox/integration/lib/python3.10/site-packages/pluggy/_callers.py\", line 182, in _multicall\n    return outcome.get_result()\n  File \"/home/runner/work/pgbouncer-k8s-operator/pgbouncer-k8s-operator/.tox/integration/lib/python3.10/site-packages/pluggy/_result.py\", line 100, in get_result\n    raise exc.with_traceback(exc.__traceback__)\n  File \"/home/runner/work/pgbouncer-k8s-operator/pgbouncer-k8s-operator/.tox/integration/lib/python3.10/site-packages/pluggy/_callers.py\", line 167, in _multicall\n    teardown.throw(outcome._exception)\n  File \"/home/runner/work/pgbouncer-k8s-operator/pgbouncer-k8s-operator/.tox/integration/lib/python3.10/site-packages/_pytest/threadexception.py\", line 92, in pytest_runtest_call\n    yield from thread_exception_runtest_hook()\n  File \"/home/runner/work/pgbouncer-k8s-operator/pgbouncer-k8s-operator/.tox/integration/lib/python3.10/site-packages/_pytest/threadexception.py\", line 68, in thread_exception_runtest_hook\n    yield\n  File \"/home/runner/work/pgbouncer-k8s-operator/pgbouncer-k8s-operator/.tox/integration/lib/python3.10/site-packages/pluggy/_callers.py\", line 167, in _multicall\n    teardown.throw(outcome._exception)\n  File \"/home/runner/work/pgbouncer-k8s-operator/pgbouncer-k8s-operator/.tox/integration/lib/python3.10/site-packages/_pytest/unraisableexception.py\", line 95, in pytest_runtest_call\n    yield from unraisable_exception_runtest_hook()\n  File \"/home/runner/work/pgbouncer-k8s-operator/pgbouncer-k8s-operator/.tox/integration/lib/python3.10/site-packages/_pytest/unraisableexception.py\", line 70, in unraisable_exception_runtest_hook\n    yield\n  File \"/home/runner/work/pgbouncer-k8s-operator/pgbouncer-k8s-operator/.tox/integration/lib/python3.10/site-packages/pluggy/_callers.py\", line 167, in _multicall\n    teardown.throw(outcome._exception)\n  File \"/home/runner/work/pgbouncer-k8s-operator/pgbouncer-k8s-operator/.tox/integration/lib/python3.10/site-packages/_pytest/logging.py\", line 848, in pytest_runtest_call\n    yield from self._runtest_for(item, \"call\")\n  File \"/home/runner/work/pgbouncer-k8s-operator/pgbouncer-k8s-operator/.tox/integration/lib/python3.10/site-packages/_pytest/logging.py\", line 831, in _runtest_for\n    yield\n  File \"/home/runner/work/pgbouncer-k8s-operator/pgbouncer-k8s-operator/.tox/integration/lib/python3.10/site-packages/pluggy/_callers.py\", line 167, in _multicall\n    teardown.throw(outcome._exception)\n  File \"/home/runner/work/pgbouncer-k8s-operator/pgbouncer-k8s-operator/.tox/integration/lib/python3.10/site-packages/_pytest/capture.py\", line 879, in pytest_runtest_call\n    return (yield)\n  File \"/home/runner/work/pgbouncer-k8s-operator/pgbouncer-k8s-operator/.tox/integration/lib/python3.10/site-packages/pluggy/_callers.py\", line 167, in _multicall\n    teardown.throw(outcome._exception)\n  File \"/home/runner/work/pgbouncer-k8s-operator/pgbouncer-k8s-operator/.tox/integration/lib/python3.10/site-packages/_pytest/skipping.py\", line 257, in pytest_runtest_call\n    return (yield)\n  File \"/home/runner/work/pgbouncer-k8s-operator/pgbouncer-k8s-operator/.tox/integration/lib/python3.10/site-packages/pluggy/_callers.py\", line 103, in _multicall\n    res = hook_impl.function(*args)\n  File \"/home/runner/work/pgbouncer-k8s-operator/pgbouncer-k8s-operator/.tox/integration/lib/python3.10/site-packages/_pytest/runner.py\", line 174, in pytest_runtest_call\n    item.runtest()\n  File \"/home/runner/work/pgbouncer-k8s-operator/pgbouncer-k8s-operator/.tox/integration/lib/python3.10/site-packages/_pytest/python.py\", line 1627, in runtest\n    self.ihook.pytest_pyfunc_call(pyfuncitem=self)\n  File \"/home/runner/work/pgbouncer-k8s-operator/pgbouncer-k8s-operator/.tox/integration/lib/python3.10/site-packages/pluggy/_hooks.py\", line 513, in __call__\n    return self._hookexec(self.name, self._hookimpls.copy(), kwargs, firstresult)\n  File \"/home/runner/work/pgbouncer-k8s-operator/pgbouncer-k8s-operator/.tox/integration/lib/python3.10/site-packages/pluggy/_manager.py\", line 120, in _hookexec\n    return self._inner_hookexec(hook_name, methods, kwargs, firstresult)\n  File \"/home/runner/work/pgbouncer-k8s-operator/pgbouncer-k8s-operator/.tox/integration/lib/python3.10/site-packages/pluggy/_callers.py\", line 182, in _multicall\n    return outcome.get_result()\n  File \"/home/runner/work/pgbouncer-k8s-operator/pgbouncer-k8s-operator/.tox/integration/lib/python3.10/site-packages/pluggy/_result.py\", line 100, in get_result\n    raise exc.with_traceback(exc.__traceback__)\n  File \"/home/runner/work/pgbouncer-k8s-operator/pgbouncer-k8s-operator/.tox/integration/lib/python3.10/site-packages/pluggy/_callers.py\", line 103, in _multicall\n    res = hook_impl.function(*args)\n  File \"/home/runner/work/pgbouncer-k8s-operator/pgbouncer-k8s-operator/.tox/integration/lib/python3.10/site-packages/_pytest/python.py\", line 159, in pytest_pyfunc_call\n    result = testfunction(**testargs)\n  File \"/home/runner/work/pgbouncer-k8s-operator/pgbouncer-k8s-operator/.tox/integration/lib/python3.10/site-packages/pytest_asyncio/plugin.py\", line 529, in inner\n    _loop.run_until_complete(task)\n  File \"/usr/lib/python3.10/asyncio/base_events.py\", line 649, in run_until_complete\n    return future.result()\n  File \"/home/runner/work/pgbouncer-k8s-operator/pgbouncer-k8s-operator/tests/integration/test_tls.py\", line 170, in test_mattermost_db\n    await deploy_and_relate_application_with_pgbouncer(\n  File \"/home/runner/work/pgbouncer-k8s-operator/pgbouncer-k8s-operator/tests/integration/helpers/helpers.py\", line 307, in deploy_and_relate_application_with_pgbouncer\n    await ops_test.model.wait_for_idle(\n  File \"/home/runner/work/pgbouncer-k8s-operator/pgbouncer-k8s-operator/.tox/integration/lib/python3.10/site-packages/juju/model.py\", line 2964, in wait_for_idle\n    _raise_for_status(errors, \"error\")\n  File \"/home/runner/work/pgbouncer-k8s-operator/pgbouncer-k8s-operator/.tox/integration/lib/python3.10/site-packages/juju/model.py\", line 2870, in _raise_for_status\n    raise error_type(\"{}{} in {}: {}\".format(\njuju.errors.JujuUnitError: Unit in error: mattermost-k8s/0","steps":[],"attachments":[{"uid":"81ee9666839adf94","name":"log","source":"81ee9666839adf94.txt","type":"text/plain","size":26724}],"parameters":[],"stepsCount":0,"shouldDisplayMessage":true,"attachmentsCount":1,"hasContent":true,"attachmentStep":false},"afterStages":[{"name":"abort_on_fail::0","time":{"start":1722995383962,"stop":1722995383962,"duration":0},"status":"passed","steps":[],"attachments":[],"parameters":[],"stepsCount":0,"shouldDisplayMessage":false,"attachmentsCount":0,"hasContent":false,"attachmentStep":false},{"name":"ops_test::finalizer","time":{"start":1722995383963,"stop":1722995384945,"duration":982},"status":"passed","steps":[],"attachments":[],"parameters":[],"stepsCount":0,"shouldDisplayMessage":false,"attachmentsCount":0,"hasContent":false,"attachmentStep":false},{"name":"event_loop::2","time":{"start":1722995384945,"stop":1722995384945,"duration":0},"status":"passed","steps":[],"attachments":[],"parameters":[],"stepsCount":0,"shouldDisplayMessage":false,"attachmentsCount":0,"hasContent":false,"attachmentStep":false},{"name":"event_loop::_close_event_loop","time":{"start":1722995384945,"stop":1722995384946,"duration":1},"status":"passed","steps":[],"attachments":[],"parameters":[],"stepsCount":0,"shouldDisplayMessage":false,"attachmentsCount":0,"hasContent":false,"attachmentStep":false},{"name":"event_loop::_provide_clean_event_loop","time":{"start":1722995384946,"stop":1722995384946,"duration":0},"status":"passed","steps":[],"attachments":[],"parameters":[],"stepsCount":0,"shouldDisplayMessage":false,"attachmentsCount":0,"hasContent":false,"attachmentStep":false}],"labels":[{"name":"tag","value":"@pytest.mark.skipif(False, reason='Requires amd64 architecture')"},{"name":"tag","value":"group(1)"},{"name":"tag","value":"asyncio"},{"name":"parentSuite","value":"tests.integration"},{"name":"suite","value":"test_tls"},{"name":"host","value":"fv-az1501-27"},{"name":"thread","value":"13064-MainThread"},{"name":"framework","value":"pytest"},{"name":"language","value":"cpython3"},{"name":"package","value":"tests.integration.test_tls"},{"name":"resultFormat","value":"allure2"}],"parameters":[],"links":[],"hidden":false,"retry":false,"extra":{"severity":"normal","retries":[{"uid":"708514bf5932da38","status":"unknown","time":{}}],"categories":[{"name":"Test defects","matchedStatuses":[],"flaky":false}],"history":{"statistic":{"failed":0,"broken":39,"skipped":42,"passed":93,"unknown":3,"total":177},"items":[{"uid":"4a05930eb13c4809","reportUrl":"../2056//#testresult/4a05930eb13c4809","status":"passed","time":{"start":1722908731172,"stop":1722908895685,"duration":164513}},{"uid":"efcba58aeeb3b65","reportUrl":"../2054//#testresult/efcba58aeeb3b65","status":"passed","time":{"start":1722822441510,"stop":1722822607611,"duration":166101}},{"uid":"fbaa9a749ed94ac3","reportUrl":"../2053//#testresult/fbaa9a749ed94ac3","status":"passed","time":{"start":1722736163419,"stop":1722736328899,"duration":165480}},{"uid":"304eee4517ca75e4","reportUrl":"../2052//#testresult/304eee4517ca75e4","status":"passed","time":{"start":1722649441642,"stop":1722649613914,"duration":172272}},{"uid":"93a0fa8a0b552474","reportUrl":"../2050//#testresult/93a0fa8a0b552474","status":"passed","time":{"start":1722563546019,"stop":1722563714033,"duration":168014}},{"uid":"fc215f97d215f614","reportUrl":"../2049//#testresult/fc215f97d215f614","status":"passed","time":{"start":1722476747650,"stop":1722476923710,"duration":176060}},{"uid":"ce2a39e978b7c749","reportUrl":"../2047//#testresult/ce2a39e978b7c749","status":"passed","time":{"start":1722390021230,"stop":1722390188410,"duration":167180}},{"uid":"3a9f4f79bc8abbee","reportUrl":"../2043//#testresult/3a9f4f79bc8abbee","status":"passed","time":{"start":1722304193294,"stop":1722304360760,"duration":167466}},{"uid":"e20ea7de01ac7ef3","reportUrl":"../2030//#testresult/e20ea7de01ac7ef3","status":"passed","time":{"start":1722217799801,"stop":1722217971364,"duration":171563}},{"uid":"8bf6b36a75febb08","reportUrl":"../2029//#testresult/8bf6b36a75febb08","status":"passed","time":{"start":1722131164932,"stop":1722131330855,"duration":165923}},{"uid":"679189f7ee77d09c","reportUrl":"../2028//#testresult/679189f7ee77d09c","status":"broken","statusDetails":"juju.errors.JujuUnitError: Unit in error: mattermost-k8s/1","time":{"start":1722044893050,"stop":1722044996049,"duration":102999}},{"uid":"3fb035e5d612579a","reportUrl":"../2024//#testresult/3fb035e5d612579a","status":"passed","time":{"start":1721958342497,"stop":1721958511768,"duration":169271}},{"uid":"201b678070f0ddf0","reportUrl":"../2020//#testresult/201b678070f0ddf0","status":"unknown","time":{}},{"uid":"eb656f07cc055804","reportUrl":"../2018//#testresult/eb656f07cc055804","status":"passed","time":{"start":1721785457971,"stop":1721785632526,"duration":174555}},{"uid":"472b8884d93b4656","reportUrl":"../2014//#testresult/472b8884d93b4656","status":"passed","time":{"start":1721699144458,"stop":1721699313765,"duration":169307}},{"uid":"7ef444bd8579930e","reportUrl":"../2008//#testresult/7ef444bd8579930e","status":"passed","time":{"start":1721613202012,"stop":1721613371476,"duration":169464}},{"uid":"5b232e31b5ee7e0","reportUrl":"../2007//#testresult/5b232e31b5ee7e0","status":"broken","statusDetails":"juju.errors.JujuUnitError: Unit in error: mattermost-k8s/0","time":{"start":1721527025352,"stop":1721527130674,"duration":105322}},{"uid":"e4c4ed4135dcd76f","reportUrl":"../2006//#testresult/e4c4ed4135dcd76f","status":"passed","time":{"start":1721440259059,"stop":1721440441320,"duration":182261}},{"uid":"277eb41366fa94e5","reportUrl":"../2003//#testresult/277eb41366fa94e5","status":"unknown","time":{}},{"uid":"a99f0415c0e8dee8","reportUrl":"../2000//#testresult/a99f0415c0e8dee8","status":"passed","time":{"start":1721267342304,"stop":1721267509019,"duration":166715}}]},"tags":["asyncio","@pytest.mark.skipif(False, reason='Requires amd64 architecture')","group(1)"]},"source":"a06e123c974355de.json","parameterValues":[]}