[32mINFO    [0m juju.model:__init__.py:3254 Waiting for model:
  pgbouncer-k8s/0 [executing] active: 
  pgbouncer-k8s/1 [idle] active: 
[32mINFO    [0m juju.model:__init__.py:3254 Waiting for model:
  pgbouncer-k8s/0 [idle] active: 
  pgbouncer-k8s/1 [idle] active: 
[32mINFO    [0m httpx:_client.py:1740 HTTP Request: DELETE https://10.1.0.172:16443/api/v1/namespaces/testing/pods/pgbouncer-k8s-0 "HTTP/1.1 200 OK"
[32mINFO    [0m juju.model:__init__.py:3254 Waiting for model:
  postgresql-test-app/0 [idle] active: received database credentials of the second database
  pgbouncer-k8s/0 [executing] maintenance: stopping charm software
  pgbouncer-k8s/1 [idle] active: 
  postgresql-k8s/0 [idle] active: 
  postgresql-k8s/1 [idle] active: Primary
  secondary-application/0 [idle] active: received database credentials of the second database
  finos-waltz-k8s/0 [idle] active: 
  pgbouncer-k8s-secondary/0 [idle] active: 
  data-integrator/0 [idle] active: 
  redis-broker/0 [idle] active: 
  redis-cache/0 [idle] active: 
[32mINFO    [0m juju.model:__init__.py:3254 Waiting for model:
  pgbouncer-k8s/0 [idle] active: 
  pgbouncer-k8s/1 [executing] active:
[32mINFO    [0m pytest_operator.plugin:plugin.py:951 Model status:

Model    Controller          Cloud/Region        Version  SLA          Timestamp
testing  concierge-microk8s  microk8s/localhost  3.6.13   unsupported  02:10:26Z

App                      Version  Status  Scale  Charm                Channel      Rev  Address         Exposed  Message
data-integrator                   active      1  data-integrator      latest/edge  331  10.152.183.25   no       
finos-waltz-k8s                   active      1  finos-waltz-k8s      latest/edge   33  10.152.183.101  no       
pgbouncer-k8s            1.21.0   active      2  pgbouncer-k8s                       0  10.152.183.164  no       
pgbouncer-k8s-secondary  1.21.0   active      1  pgbouncer-k8s                       1  10.152.183.96   no       
postgresql-k8s           14.20    active      2  postgresql-k8s       14/edge      717  10.152.183.100  no       
postgresql-test-app               active      1  postgresql-test-app  latest/edge  432  10.152.183.161  no       received database credentials of the second database
redis-broker             7.2.5    active      1  redis-k8s            latest/edge   42  10.152.183.200  no       
redis-cache              7.2.5    active      1  redis-k8s            latest/edge   42  10.152.183.187  no       
secondary-application             active      1  postgresql-test-app  latest/edge  432  10.152.183.21   no       received database credentials of the second database

Unit                        Workload  Agent  Address     Ports  Message
data-integrator/0*          active    idle   10.1.60.21         
finos-waltz-k8s/0*          active    idle   10.1.60.18         
pgbouncer-k8s-secondary/0*  active    idle   10.1.60.19         
pgbouncer-k8s/0*            active    idle   10.1.60.28         
pgbouncer-k8s/1             active    idle   10.1.60.20         
postgresql-k8s/0            active    idle   10.1.60.14         
postgresql-k8s/1*           active    idle   10.1.60.15         Primary
postgresql-test-app/0*      active    idle   10.1.60.11         received database credentials of the second database
redis-broker/0*             active    idle   10.1.60.24         
redis-cache/0*              active    idle   10.1.60.27         
secondary-application/0*    active    idle   10.1.60.17         received database credentials of the second database

[32mINFO    [0m pytest_operator.plugin:plugin.py:957 Juju error logs:

unit-postgresql-test-app-0: 01:48:35 ERROR unit.postgresql-test-app/0.juju-log Uncaught exception while in charm code:
Traceback (most recent call last):
  File "/var/lib/juju/agents/unit-postgresql-test-app-0/charm/src/charm.py", line 579, in <module>
    main(ApplicationCharm)
  File "/var/lib/juju/agents/unit-postgresql-test-app-0/charm/venv/lib/python3.10/site-packages/ops/__init__.py", line 360, in __call__
    return _main.main(charm_class=charm_class, use_juju_for_storage=use_juju_for_storage)
  File "/var/lib/juju/agents/unit-postgresql-test-app-0/charm/venv/lib/python3.10/site-packages/ops/_main.py", line 507, in main
    manager.run()
  File "/var/lib/juju/agents/unit-postgresql-test-app-0/charm/venv/lib/python3.10/site-packages/ops/_main.py", line 491, in run
    self._emit()
  File "/var/lib/juju/agents/unit-postgresql-test-app-0/charm/venv/lib/python3.10/site-packages/ops/_main.py", line 426, in _emit
    self._emit_charm_event(self.dispatcher.event_name)
  File "/var/lib/juju/agents/unit-postgresql-test-app-0/charm/venv/lib/python3.10/site-packages/ops/_main.py", line 470, in _emit_charm_event
    event_to_emit.emit(*args, **kwargs)
  File "/var/lib/juju/agents/unit-postgresql-test-app-0/charm/venv/lib/python3.10/site-packages/ops/framework.py", line 337, in emit
    framework._emit(event)
  File "/var/lib/juju/agents/unit-postgresql-test-app-0/charm/venv/lib/python3.10/site-packages/ops/framework.py", line 910, in _emit
    self._reemit(event_path)
  File "/var/lib/juju/agents/unit-postgresql-test-app-0/charm/venv/lib/python3.10/site-packages/ops/framework.py", line 1028, in _reemit
    custom_handler(event)
  File "/var/lib/juju/agents/unit-postgresql-test-app-0/charm/src/charm.py", line 508, in _on_run_sql_action
    cursor.execute(query)
psycopg2.errors.ReadOnlySqlTransaction: cannot execute DROP TABLE in a read-only transaction

unit-pgbouncer-k8s-0: 01:50:23 ERROR juju.worker.dependency "log-sender" manifold worker returned unexpected error: sending log message: websocket: close 1005 (no status): websocket: close sent
unit-postgresql-k8s-0: 01:50:40 ERROR juju.worker.dependency "log-sender" manifold worker returned unexpected error: sending log message: websocket: close 1005 (no status): websocket: close sent
unit-postgresql-k8s-1: 01:50:40 ERROR juju.worker.dependency "log-sender" manifold worker returned unexpected error: sending log message: websocket: close 1005 (no status): websocket: close sent
unit-postgresql-test-app-0: 01:51:28 ERROR juju.worker.dependency "log-sender" manifold worker returned unexpected error: sending log message: websocket: close 1005 (no status): websocket: close sent
unit-pgbouncer-k8s-0: 01:54:01 ERROR juju.worker.dependency "log-sender" manifold worker returned unexpected error: sending log message: websocket: close 1005 (no status): websocket: close sent
unit-postgresql-k8s-1: 01:57:29 ERROR juju.worker.dependency "log-sender" manifold worker returned unexpected error: sending log message: websocket: close 1005 (no status): websocket: close sent
unit-postgresql-k8s-0: 01:57:33 ERROR juju.worker.dependency "log-sender" manifold worker returned unexpected error: sending log message: websocket: close 1005 (no status): websocket: close sent
unit-pgbouncer-k8s-0: 01:58:11 ERROR juju.worker.dependency "log-sender" manifold worker returned unexpected error: sending log message: websocket: close 1005 (no status): websocket: close sent
unit-finos-waltz-k8s-0: 01:58:18 ERROR juju.worker.dependency "log-sender" manifold worker returned unexpected error: sending log message: websocket: close 1005 (no status): websocket: close sent
unit-pgbouncer-k8s-secondary-0: 01:58:32 ERROR juju.worker.dependency "log-sender" manifold worker returned unexpected error: sending log message: websocket: close 1005 (no status): websocket: close sent
unit-pgbouncer-k8s-0: 01:59:01 ERROR juju.worker.dependency "log-sender" manifold worker returned unexpected error: sending log message: websocket: close 1005 (no status): websocket: close sent
unit-pgbouncer-k8s-1: 01:59:10 ERROR juju.worker.dependency "log-sender" manifold worker returned unexpected error: sending log message: websocket: close 1005 (no status): websocket: close sent
unit-pgbouncer-k8s-0: 02:01:34 ERROR juju.worker.dependency "log-sender" manifold worker returned unexpected error: sending log message: websocket: close 1005 (no status): websocket: close sent
unit-secondary-application-0: 02:01:43 ERROR juju.worker.dependency "log-sender" manifold worker returned unexpected error: sending log message: websocket: close 1005 (no status): websocket: close sent
unit-postgresql-test-app-0: 02:01:49 ERROR juju.worker.dependency "log-sender" manifold worker returned unexpected error: sending log message: websocket: close 1005 (no status): websocket: close sent
unit-pgbouncer-k8s-0: 02:02:44 ERROR juju.worker.dependency "log-sender" manifold worker returned unexpected error: sending log message: websocket: close 1005 (no status): websocket: close sent
unit-pgbouncer-k8s-secondary-0: 02:03:28 ERROR juju.worker.dependency "log-sender" manifold worker returned unexpected error: sending log message: websocket: close 1005 (no status): websocket: close sent
unit-pgbouncer-k8s-0: 02:04:08 ERROR juju.worker.dependency "log-sender" manifold worker returned unexpected error: sending log message: websocket: close 1005 (no status): websocket: close sent
unit-redis-broker-0: 02:04:53 ERROR unit.redis-broker/0.juju-log redis-peers:19: Error when connecting to sentinel: Error 111 connecting to 0.0.0.0:26379. Connection refused.
unit-redis-broker-0: 02:04:53 ERROR unit.redis-broker/0.juju-log redis-peers:19: Unit redis-broker/0 doesn't agree on tracked master
unit-redis-broker-0: 02:04:53 ERROR unit.redis-broker/0.juju-log redis-peers:19: Error when connecting to sentinel: Error 111 connecting to localhost:26379. Connection refused.
unit-indico-0: 02:07:21 ERROR unit.indico/0.juju-log Uncaught exception while in charm code:
Traceback (most recent call last):
  File "./src/charm.py", line 987, in <module>
    main(IndicoOperatorCharm, use_juju_for_storage=True)
  File "/var/lib/juju/agents/unit-indico-0/charm/venv/ops/main.py", line 45, in main
    return _main.main(charm_class=charm_class, use_juju_for_storage=use_juju_for_storage)
  File "/var/lib/juju/agents/unit-indico-0/charm/venv/ops/_main.py", line 543, in main
    manager.run()
  File "/var/lib/juju/agents/unit-indico-0/charm/venv/ops/_main.py", line 529, in run
    self._emit()
  File "/var/lib/juju/agents/unit-indico-0/charm/venv/ops/_main.py", line 518, in _emit
    _emit_charm_event(self.charm, self.dispatcher.event_name, self._juju_context)
  File "/var/lib/juju/agents/unit-indico-0/charm/venv/ops/_main.py", line 134, in _emit_charm_event
    event_to_emit.emit(*args, **kwargs)
  File "/var/lib/juju/agents/unit-indico-0/charm/venv/ops/framework.py", line 347, in emit
    framework._emit(event)
  File "/var/lib/juju/agents/unit-indico-0/charm/venv/ops/framework.py", line 857, in _emit
    self._reemit(event_path)
  File "/var/lib/juju/agents/unit-indico-0/charm/venv/ops/framework.py", line 947, in _reemit
    custom_handler(event)
  File "./src/charm.py", line 218, in _on_pebble_ready
    self._config_pebble(event.workload)
  File "./src/charm.py", line 259, in _config_pebble
    container.pebble.replan_services()
  File "/var/lib/juju/agents/unit-indico-0/charm/venv/ops/pebble.py", line 2144, in replan_services
    return self._services_action('replan', [], timeout, delay)
  File "/var/lib/juju/agents/unit-indico-0/charm/venv/ops/pebble.py", line 2244, in _services_action
    raise ChangeError(change.err, change)
ops.pebble.ChangeError: cannot perform the following tasks:
- Start service "nginx-prometheus-exporter" (service start attempt: exited quickly with code 1, will restart)
----- Logs from task 1 -----
2026-01-21T02:07:20Z INFO Most recent service output:
    NGINX Prometheus Exporter version=0.11.0 commit=e4a6810d4f0b776f7fde37fea1d84e4c7284b72a date=2022-09-07T21:09:51Z, dirty=false, arch=linux/amd64, go=go1.19
    2026/01/21 02:07:20 Starting...
    2026/01/21 02:07:20 Could not create Nginx Client: failed to get http://localhost:9080/stub_status: Get "http://localhost:9080/stub_status": dial tcp [::1]:9080: connect: connection refused
2026-01-21T02:07:20Z ERROR service start attempt: exited quickly with code 1, will restart
-----
unit-indico-0: 02:07:22 ERROR juju.worker.uniter.operation hook "indico-nginx-pebble-ready" (via hook dispatching script: dispatch) failed: exit status 1
unit-indico-0: 02:07:22 ERROR juju.worker.uniter pebble poll failed for container "indico-nginx": failed to send pebble-ready event: hook failed
unit-pgbouncer-k8s-0: 02:08:33 ERROR juju.worker.dependency "log-sender" manifold worker returned unexpected error: sending log message: websocket: close 1005 (no status): websocket: close sent
unit-pgbouncer-k8s-0: 02:09:41 ERROR unit.pgbouncer-k8s/0.juju-log Cluster upgrade failed, ensure pre-upgrade checks are ran first.

[32mINFO    [0m pytest_operator.plugin:plugin.py:1039 Forgetting model main...