[32mINFO    [0m juju.model:__init__.py:2301 Deploying ch:amd64/focal/mattermost-k8s-27
[32mINFO    [0m juju.model:__init__.py:3254 Waiting for model:
  mattermost-k8s/0 [allocating] waiting: installing agent
[32mINFO    [0m juju.model:__init__.py:3254 Waiting for model:
  mattermost-k8s/0 [idle] waiting: Waiting for database relation
[33mWARNING [0m juju.model:__init__.py:1683 relate is deprecated and will be removed. Use integrate instead.
[32mINFO    [0m juju.model:__init__.py:3254 Waiting for model:
  mattermost-k8s/0 [idle] waiting: Waiting for database relation
[32mINFO    [0m juju.model:__init__.py:3254 Waiting for model:
  mattermost-k8s/0 [idle] waiting: Waiting for database relation
[32mINFO    [0m juju.model:__init__.py:3254 Waiting for model:
  mattermost-k8s/0 [executing] active: 
[32mINFO    [0m juju.model:__init__.py:3254 Waiting for model:
  mattermost-k8s/0 [idle] active: 
[32mINFO    [0m juju.model:__init__.py:3254 Waiting for model:
  mattermost-k8s/0 [idle] active:
[32mINFO    [0m pytest_operator.plugin:plugin.py:951 Model status:

Model    Controller          Cloud/Region        Version  SLA          Timestamp
testing  concierge-microk8s  microk8s/localhost  3.6.9    unsupported  01:52:03Z

App                       Version  Status  Scale  Charm                     Channel        Rev  Address         Exposed  Message
pgbouncer-k8s             1.21.0   active      2  pgbouncer-k8s                              0  10.152.183.100  no       
postgresql-k8s            14.18    active      3  postgresql-k8s            14/edge        647  10.152.183.142  no       
postgresql-test-app                active      1  postgresql-test-app       latest/edge    402  10.152.183.248  no       received database credentials of the first database
self-signed-certificates           active      1  self-signed-certificates  latest/stable  264  10.152.183.200  no       

Unit                         Workload  Agent  Address    Ports  Message
pgbouncer-k8s/0*             active    idle   10.1.7.9          
pgbouncer-k8s/1              active    idle   10.1.7.10         
postgresql-k8s/0             active    idle   10.1.7.16         
postgresql-k8s/1*            active    idle   10.1.7.17         Primary
postgresql-k8s/2             active    idle   10.1.7.18         
postgresql-test-app/0*       active    idle   10.1.7.11         received database credentials of the first database
self-signed-certificates/0*  active    idle   10.1.7.15         

[32mINFO    [0m pytest_operator.plugin:plugin.py:957 Juju error logs:

unit-postgresql-k8s-2: 01:33:49 ERROR unit.postgresql-k8s/2.juju-log certificates:9: Cannot push TLS certificates: <ops.pebble.ConnectionError ("Could not connect to Pebble: socket not found at '/charm/containers/postgresql/pebble.socket' (container restarted?)",)>
unit-postgresql-k8s-0: 01:33:50 ERROR unit.postgresql-k8s/0.juju-log certificates:9: Cannot push TLS certificates: <ops.pebble.ConnectionError ("Could not connect to Pebble: socket not found at '/charm/containers/postgresql/pebble.socket' (container restarted?)",)>
unit-postgresql-k8s-2: 01:33:52 ERROR unit.postgresql-k8s/2.juju-log Cannot push TLS certificates: <ops.pebble.ConnectionError ("Could not connect to Pebble: socket not found at '/charm/containers/postgresql/pebble.socket' (container restarted?)",)>
unit-postgresql-k8s-0: 01:33:53 ERROR unit.postgresql-k8s/0.juju-log Cannot push TLS certificates: <ops.pebble.ConnectionError ("Could not connect to Pebble: socket not found at '/charm/containers/postgresql/pebble.socket' (container restarted?)",)>
unit-postgresql-k8s-2: 01:33:54 ERROR unit.postgresql-k8s/2.juju-log Cannot push TLS certificates: <ops.pebble.ConnectionError ("Could not connect to Pebble: socket not found at '/charm/containers/postgresql/pebble.socket' (container restarted?)",)>
unit-postgresql-k8s-0: 01:33:55 ERROR unit.postgresql-k8s/0.juju-log certificates:9: Cannot push TLS certificates: <ops.pebble.ConnectionError ("Could not connect to Pebble: socket not found at '/charm/containers/postgresql/pebble.socket' (container restarted?)",)>
unit-postgresql-k8s-2: 01:33:56 ERROR unit.postgresql-k8s/2.juju-log certificates:9: Cannot push TLS certificates: <ops.pebble.ConnectionError ("Could not connect to Pebble: socket not found at '/charm/containers/postgresql/pebble.socket' (container restarted?)",)>
unit-postgresql-k8s-0: 01:33:57 ERROR unit.postgresql-k8s/0.juju-log Cannot push TLS certificates: <ops.pebble.ConnectionError ("Could not connect to Pebble: socket not found at '/charm/containers/postgresql/pebble.socket' (container restarted?)",)>
unit-postgresql-k8s-2: 01:33:58 ERROR unit.postgresql-k8s/2.juju-log certificates:9: Cannot push TLS certificates: <ops.pebble.ConnectionError ("Could not connect to Pebble: socket not found at '/charm/containers/postgresql/pebble.socket' (container restarted?)",)>
unit-postgresql-k8s-1: 01:33:59 ERROR unit.postgresql-k8s/1.juju-log certificates:9: Cannot push TLS certificates: <ops.pebble.ConnectionError ("Could not connect to Pebble: socket not found at '/charm/containers/postgresql/pebble.socket' (container restarted?)",)>
unit-postgresql-k8s-0: 01:33:59 ERROR unit.postgresql-k8s/0.juju-log database:7: Cannot push TLS certificates: <ops.pebble.ConnectionError ("Could not connect to Pebble: socket not found at '/charm/containers/postgresql/pebble.socket' (container restarted?)",)>
unit-postgresql-k8s-2: 01:34:01 ERROR unit.postgresql-k8s/2.juju-log database:7: Cannot push TLS certificates: <ops.pebble.ConnectionError ("Could not connect to Pebble: socket not found at '/charm/containers/postgresql/pebble.socket' (container restarted?)",)>
unit-postgresql-k8s-0: 01:34:01 ERROR unit.postgresql-k8s/0.juju-log database:7: Cannot push TLS certificates: <ops.pebble.ConnectionError ("Could not connect to Pebble: socket not found at '/charm/containers/postgresql/pebble.socket' (container restarted?)",)>
unit-postgresql-k8s-1: 01:34:01 ERROR unit.postgresql-k8s/1.juju-log Cannot push TLS certificates: <ops.pebble.ConnectionError ("Could not connect to Pebble: socket not found at '/charm/containers/postgresql/pebble.socket' (container restarted?)",)>
unit-postgresql-k8s-2: 01:34:02 ERROR unit.postgresql-k8s/2.juju-log database:7: Cannot push TLS certificates: <ops.pebble.ConnectionError ("Could not connect to Pebble: socket not found at '/charm/containers/postgresql/pebble.socket' (container restarted?)",)>
unit-postgresql-k8s-0: 01:34:03 ERROR unit.postgresql-k8s/0.juju-log certificates:9: Cannot push TLS certificates: <ops.pebble.ConnectionError ("Could not connect to Pebble: socket not found at '/charm/containers/postgresql/pebble.socket' (container restarted?)",)>
unit-postgresql-k8s-2: 01:34:04 ERROR unit.postgresql-k8s/2.juju-log database:7: Cannot push TLS certificates: <ops.pebble.ConnectionError ("Could not connect to Pebble: socket not found at '/charm/containers/postgresql/pebble.socket' (container restarted?)",)>
unit-postgresql-k8s-0: 01:34:04 ERROR unit.postgresql-k8s/0.juju-log database:7: Cannot push TLS certificates: <ops.pebble.ConnectionError ("Could not connect to Pebble: socket not found at '/charm/containers/postgresql/pebble.socket' (container restarted?)",)>
unit-postgresql-k8s-2: 01:34:05 ERROR unit.postgresql-k8s/2.juju-log database:7: Cannot push TLS certificates: <ops.pebble.ConnectionError ("Could not connect to Pebble: socket not found at '/charm/containers/postgresql/pebble.socket' (container restarted?)",)>
unit-postgresql-k8s-0: 01:34:06 ERROR unit.postgresql-k8s/0.juju-log database:7: Cannot push TLS certificates: <ops.pebble.ConnectionError ("Could not connect to Pebble: socket not found at '/charm/containers/postgresql/pebble.socket' (container restarted?)",)>
unit-postgresql-k8s-2: 01:34:07 ERROR unit.postgresql-k8s/2.juju-log database:7: Cannot push TLS certificates: <ops.pebble.ConnectionError ("Could not connect to Pebble: socket not found at '/charm/containers/postgresql/pebble.socket' (container restarted?)",)>
unit-postgresql-k8s-0: 01:34:07 ERROR unit.postgresql-k8s/0.juju-log database:7: Cannot push TLS certificates: <ops.pebble.ConnectionError ("Could not connect to Pebble: socket not found at '/charm/containers/postgresql/pebble.socket' (container restarted?)",)>
unit-postgresql-k8s-2: 01:34:09 ERROR unit.postgresql-k8s/2.juju-log database-peers:4: Cannot push TLS certificates: <ops.pebble.ConnectionError ("Could not connect to Pebble: socket not found at '/charm/containers/postgresql/pebble.socket' (container restarted?)",)>
unit-postgresql-k8s-0: 01:34:09 ERROR unit.postgresql-k8s/0.juju-log database-peers:4: Cannot push TLS certificates: <ops.pebble.ConnectionError ("Could not connect to Pebble: socket not found at '/charm/containers/postgresql/pebble.socket' (container restarted?)",)>
unit-postgresql-k8s-2: 01:34:10 ERROR unit.postgresql-k8s/2.juju-log database-peers:4: Cannot push TLS certificates: <ops.pebble.ConnectionError ("Could not connect to Pebble: socket not found at '/charm/containers/postgresql/pebble.socket' (container restarted?)",)>
unit-postgresql-k8s-0: 01:34:10 ERROR unit.postgresql-k8s/0.juju-log database-peers:4: Cannot push TLS certificates: <ops.pebble.ConnectionError ("Could not connect to Pebble: socket not found at '/charm/containers/postgresql/pebble.socket' (container restarted?)",)>
unit-postgresql-k8s-2: 01:34:12 ERROR unit.postgresql-k8s/2.juju-log database-peers:4: Cannot push TLS certificates: <ops.pebble.ConnectionError ("Could not connect to Pebble: socket not found at '/charm/containers/postgresql/pebble.socket' (container restarted?)",)>
unit-postgresql-k8s-0: 01:34:12 ERROR unit.postgresql-k8s/0.juju-log restart:5: Cannot push TLS certificates: <ops.pebble.ConnectionError ("Could not connect to Pebble: socket not found at '/charm/containers/postgresql/pebble.socket' (container restarted?)",)>
unit-postgresql-k8s-1: 01:34:13 ERROR unit.postgresql-k8s/1.juju-log Cannot push TLS certificates: <ops.pebble.ConnectionError ("Could not connect to Pebble: socket not found at '/charm/containers/postgresql/pebble.socket' (container restarted?)",)>
unit-postgresql-k8s-2: 01:34:13 ERROR unit.postgresql-k8s/2.juju-log database-peers:4: Cannot push TLS certificates: <ops.pebble.ConnectionError ("Could not connect to Pebble: socket not found at '/charm/containers/postgresql/pebble.socket' (container restarted?)",)>
unit-postgresql-k8s-0: 01:34:14 ERROR unit.postgresql-k8s/0.juju-log database-peers:4: Cannot push TLS certificates: <ops.pebble.ConnectionError ("Could not connect to Pebble: socket not found at '/charm/containers/postgresql/pebble.socket' (container restarted?)",)>
unit-postgresql-k8s-2: 01:34:15 ERROR unit.postgresql-k8s/2.juju-log upgrade:6: Cannot push TLS certificates: <ops.pebble.ConnectionError ("Could not connect to Pebble: socket not found at '/charm/containers/postgresql/pebble.socket' (container restarted?)",)>
unit-postgresql-k8s-0: 01:34:15 ERROR unit.postgresql-k8s/0.juju-log database-peers:4: Cannot push TLS certificates: <ops.pebble.ConnectionError ("Could not connect to Pebble: socket not found at '/charm/containers/postgresql/pebble.socket' (container restarted?)",)>
unit-postgresql-k8s-0: 01:34:16 ERROR unit.postgresql-k8s/0.juju-log database-peers:4: Cannot push TLS certificates: <ops.pebble.ConnectionError ("Could not connect to Pebble: socket not found at '/charm/containers/postgresql/pebble.socket' (container restarted?)",)>
unit-postgresql-k8s-0: 01:34:18 ERROR unit.postgresql-k8s/0.juju-log restart:5: Cannot push TLS certificates: <ops.pebble.ConnectionError ("Could not connect to Pebble: socket not found at '/charm/containers/postgresql/pebble.socket' (container restarted?)",)>
unit-postgresql-k8s-0: 01:34:19 ERROR unit.postgresql-k8s/0.juju-log upgrade:6: Cannot push TLS certificates: <ops.pebble.ConnectionError ("Could not connect to Pebble: socket not found at '/charm/containers/postgresql/pebble.socket' (container restarted?)",)>
unit-postgresql-k8s-1: 01:34:25 ERROR unit.postgresql-k8s/1.juju-log database:7: Cannot push TLS certificates: <ops.pebble.ConnectionError ("Could not connect to Pebble: socket not found at '/charm/containers/postgresql/pebble.socket' (container restarted?)",)>
unit-postgresql-k8s-2: 01:34:27 ERROR unit.postgresql-k8s/2.juju-log database-peers:4: Cannot push TLS certificates: <ops.pebble.ConnectionError ("Could not connect to Pebble: socket not found at '/charm/containers/postgresql/pebble.socket' (container restarted?)",)>
unit-postgresql-k8s-2: 01:34:28 ERROR unit.postgresql-k8s/2.juju-log upgrade:6: Cannot push TLS certificates: <ops.pebble.ConnectionError ("Could not connect to Pebble: socket not found at '/charm/containers/postgresql/pebble.socket' (container restarted?)",)>
unit-postgresql-k8s-2: 01:34:29 ERROR unit.postgresql-k8s/2.juju-log upgrade:6: Cannot push TLS certificates: <ops.pebble.ConnectionError ("Could not connect to Pebble: socket not found at '/charm/containers/postgresql/pebble.socket' (container restarted?)",)>
unit-postgresql-k8s-0: 01:34:31 ERROR unit.postgresql-k8s/0.juju-log restart:5: Cannot push TLS certificates: <ops.pebble.ConnectionError ("Could not connect to Pebble: socket not found at '/charm/containers/postgresql/pebble.socket' (container restarted?)",)>
unit-postgresql-k8s-0: 01:34:32 ERROR unit.postgresql-k8s/0.juju-log restart:5: Cannot push TLS certificates: <ops.pebble.ConnectionError ("Could not connect to Pebble: socket not found at '/charm/containers/postgresql/pebble.socket' (container restarted?)",)>
unit-postgresql-k8s-0: 01:34:33 ERROR unit.postgresql-k8s/0.juju-log upgrade:6: Cannot push TLS certificates: <ops.pebble.ConnectionError ("Could not connect to Pebble: socket not found at '/charm/containers/postgresql/pebble.socket' (container restarted?)",)>
unit-postgresql-k8s-0: 01:34:35 ERROR unit.postgresql-k8s/0.juju-log upgrade:6: Cannot push TLS certificates: <ops.pebble.ConnectionError ("Could not connect to Pebble: socket not found at '/charm/containers/postgresql/pebble.socket' (container restarted?)",)>
unit-postgresql-k8s-1: 01:34:37 ERROR unit.postgresql-k8s/1.juju-log database:7: Cannot push TLS certificates: <ops.pebble.ConnectionError ("Could not connect to Pebble: socket not found at '/charm/containers/postgresql/pebble.socket' (container restarted?)",)>
unit-postgresql-k8s-2: 01:34:41 ERROR unit.postgresql-k8s/2.juju-log restart:5: Cannot push TLS certificates: <ops.pebble.ConnectionError ("Could not connect to Pebble: socket not found at '/charm/containers/postgresql/pebble.socket' (container restarted?)",)>
unit-postgresql-k8s-2: 01:34:42 ERROR unit.postgresql-k8s/2.juju-log upgrade:6: Cannot push TLS certificates: <ops.pebble.ConnectionError ("Could not connect to Pebble: socket not found at '/charm/containers/postgresql/pebble.socket' (container restarted?)",)>
unit-postgresql-k8s-2: 01:34:43 ERROR unit.postgresql-k8s/2.juju-log restart:5: Cannot push TLS certificates: <ops.pebble.ConnectionError ("Could not connect to Pebble: socket not found at '/charm/containers/postgresql/pebble.socket' (container restarted?)",)>
unit-postgresql-k8s-2: 01:34:45 ERROR unit.postgresql-k8s/2.juju-log restart:5: Cannot push TLS certificates: <ops.pebble.ConnectionError ("Could not connect to Pebble: socket not found at '/charm/containers/postgresql/pebble.socket' (container restarted?)",)>
unit-postgresql-k8s-2: 01:34:46 ERROR unit.postgresql-k8s/2.juju-log upgrade:6: Cannot push TLS certificates: <ops.pebble.ConnectionError ("Could not connect to Pebble: socket not found at '/charm/containers/postgresql/pebble.socket' (container restarted?)",)>
unit-postgresql-k8s-0: 01:34:46 ERROR unit.postgresql-k8s/0.juju-log upgrade:6: Cannot push TLS certificates: <ops.pebble.ConnectionError ("Could not connect to Pebble: socket not found at '/charm/containers/postgresql/pebble.socket' (container restarted?)",)>
unit-postgresql-k8s-0: 01:34:48 ERROR unit.postgresql-k8s/0.juju-log upgrade:6: Cannot push TLS certificates: <ops.pebble.ConnectionError ("Could not connect to Pebble: socket not found at '/charm/containers/postgresql/pebble.socket' (container restarted?)",)>
unit-postgresql-k8s-1: 01:34:48 ERROR unit.postgresql-k8s/1.juju-log database:7: Cannot push TLS certificates: <ops.pebble.ConnectionError ("Could not connect to Pebble: socket not found at '/charm/containers/postgresql/pebble.socket' (container restarted?)",)>
unit-postgresql-k8s-2: 01:34:58 ERROR unit.postgresql-k8s/2.juju-log restart:5: Cannot push TLS certificates: <ops.pebble.ConnectionError ("Could not connect to Pebble: socket not found at '/charm/containers/postgresql/pebble.socket' (container restarted?)",)>
unit-postgresql-k8s-0: 01:34:59 ERROR unit.postgresql-k8s/0.juju-log Cannot push TLS certificates: <ops.pebble.ConnectionError ("Could not connect to Pebble: socket not found at '/charm/containers/postgresql/pebble.socket' (container restarted?)",)>
unit-postgresql-k8s-1: 01:35:00 ERROR unit.postgresql-k8s/1.juju-log database-peers:4: Cannot push TLS certificates: <ops.pebble.ConnectionError ("Could not connect to Pebble: socket not found at '/charm/containers/postgresql/pebble.socket' (container restarted?)",)>
unit-postgresql-k8s-2: 01:35:07 ERROR unit.postgresql-k8s/2.juju-log Cannot push TLS certificates: <ops.pebble.ConnectionError ("Could not connect to Pebble: socket not found at '/charm/containers/postgresql/pebble.socket' (container restarted?)",)>
unit-postgresql-k8s-0: 01:35:09 ERROR unit.postgresql-k8s/0.juju-log Cannot push TLS certificates: <ops.pebble.ConnectionError ("Could not connect to Pebble: socket not found at '/charm/containers/postgresql/pebble.socket' (container restarted?)",)>
controller-0: 01:35:12 ERROR juju.worker.caasapplicationprovisioner.runner exited "postgresql-k8s": finding filesystem info for postgresql-k8s-pgdata-b4d69a96: unable to get persistent volume: rpc error: code = Unavailable desc = error reading from server: read unix @->/var/snap/microk8s/8155/var/kubernetes/backend/kine.sock:12379: read: connection reset by peer
unit-postgresql-k8s-2: 01:35:12 ERROR unit.postgresql-k8s/2.juju-log Uncaught exception while in charm code:
Traceback (most recent call last):
  File "/var/lib/juju/agents/unit-postgresql-k8s-2/charm/venv/lib/python3.10/site-packages/ops/model.py", line 3637, in _run
    result = subprocess.run(args, **kwargs)  # type: ignore
  File "/usr/lib/python3.10/subprocess.py", line 526, in run
    raise CalledProcessError(retcode, process.args,
subprocess.CalledProcessError: Command '('/var/lib/juju/tools/unit-postgresql-k8s-2/secret-get', '--label', 'database-peers.postgresql-k8s.unit', '--refresh', '--format=json')' returned non-zero exit status 1.

The above exception was the direct cause of the following exception:

Traceback (most recent call last):
  File "/var/lib/juju/agents/unit-postgresql-k8s-2/charm/src/charm.py", line 2561, in <module>
    main(PostgresqlOperatorCharm, use_juju_for_storage=True)
  File "/var/lib/juju/agents/unit-postgresql-k8s-2/charm/venv/lib/python3.10/site-packages/ops/__init__.py", line 356, in __call__
    return _main.main(charm_class=charm_class, use_juju_for_storage=use_juju_for_storage)
  File "/var/lib/juju/agents/unit-postgresql-k8s-2/charm/venv/lib/python3.10/site-packages/ops/_main.py", line 500, in main
    manager = _Manager(charm_class, use_juju_for_storage=use_juju_for_storage)
  File "/var/lib/juju/agents/unit-postgresql-k8s-2/charm/venv/lib/python3.10/site-packages/ops/_main.py", line 313, in __init__
    self.charm = self._charm_class(self.framework)
  File "/var/lib/juju/agents/unit-postgresql-k8s-2/charm/lib/charms/tempo_coordinator_k8s/v0/charm_tracing.py", line 739, in wrap_init
    original_init(self, framework, *args, **kwargs)
  File "/var/lib/juju/agents/unit-postgresql-k8s-2/charm/src/charm.py", line 267, in __init__
    jobs=self._generate_metrics_jobs(self.is_tls_enabled),
  File "/var/lib/juju/agents/unit-postgresql-k8s-2/charm/src/charm.py", line 1715, in is_tls_enabled
    return all(self.tls.get_tls_files())
  File "/var/lib/juju/agents/unit-postgresql-k8s-2/charm/lib/charms/tempo_coordinator_k8s/v0/charm_tracing.py", line 1116, in wrapped_function
    return callable(*args, **kwargs)  # type: ignore
  File "/var/lib/juju/agents/unit-postgresql-k8s-2/charm/lib/charms/postgresql_k8s/v0/postgresql_tls.py", line 291, in get_tls_files
    ca = self.charm.get_secret(SCOPE, "ca")
  File "/var/lib/juju/agents/unit-postgresql-k8s-2/charm/lib/charms/tempo_coordinator_k8s/v0/charm_tracing.py", line 1116, in wrapped_function
    return callable(*args, **kwargs)  # type: ignore
  File "/var/lib/juju/agents/unit-postgresql-k8s-2/charm/src/charm.py", line 381, in get_secret
    if result := self.peer_relation_data(scope).fetch_my_relation_field(peers.id, key):
  File "/var/lib/juju/agents/unit-postgresql-k8s-2/charm/lib/charms/data_platform_libs/v0/data_interfaces.py", line 1610, in fetch_my_relation_field
    if relation_data := self.fetch_my_relation_data([relation_id], [field], relation_name):
  File "/var/lib/juju/agents/unit-postgresql-k8s-2/charm/lib/charms/data_platform_libs/v0/data_interfaces.py", line 1599, in fetch_my_relation_data
    data[relation.id] = self._fetch_my_specific_relation_data(relation, fields)
  File "/var/lib/juju/agents/unit-postgresql-k8s-2/charm/lib/charms/data_platform_libs/v0/data_interfaces.py", line 537, in wrapper
    return f(self, *args, **kwargs)
  File "/var/lib/juju/agents/unit-postgresql-k8s-2/charm/lib/charms/data_platform_libs/v0/data_interfaces.py", line 2367, in _fetch_my_specific_relation_data
    self.component, self.local_secret_fields, relation, fields
  File "/var/lib/juju/agents/unit-postgresql-k8s-2/charm/lib/charms/data_platform_libs/v0/data_interfaces.py", line 1990, in local_secret_fields
    self.static_secret_fields if self.static_secret_fields else self.current_secret_fields
  File "/var/lib/juju/agents/unit-postgresql-k8s-2/charm/lib/charms/data_platform_libs/v0/data_interfaces.py", line 2013, in current_secret_fields
    if content := self._get_group_secret_contents(relation, group):
  File "/var/lib/juju/agents/unit-postgresql-k8s-2/charm/lib/charms/data_platform_libs/v0/data_interfaces.py", line 2354, in _get_group_secret_contents
    result = super()._get_group_secret_contents(relation, group, secret_fields)
  File "/var/lib/juju/agents/unit-postgresql-k8s-2/charm/lib/charms/data_platform_libs/v0/data_interfaces.py", line 1331, in _get_group_secret_contents
    secret_data := secret.get_content()
  File "/var/lib/juju/agents/unit-postgresql-k8s-2/charm/lib/charms/data_platform_libs/v0/data_interfaces.py", line 752, in get_content
    self._secret_content = self.meta.get_content(refresh=True)
  File "/var/lib/juju/agents/unit-postgresql-k8s-2/charm/venv/lib/python3.10/site-packages/ops/model.py", line 1487, in get_content
    self._content = self._backend.secret_get(id=self.id, label=self.label, refresh=refresh)
  File "/var/lib/juju/agents/unit-postgresql-k8s-2/charm/venv/lib/python3.10/site-packages/ops/model.py", line 4023, in secret_get
    result = self._run('secret-get', *args, return_output=True, use_json=True)
  File "/var/lib/juju/agents/unit-postgresql-k8s-2/charm/venv/lib/python3.10/site-packages/ops/model.py", line 3639, in _run
    raise ModelError(e.stderr) from e
ops.model.ModelError: ERROR rpc error: code = Unavailable desc = error reading from server: read unix @->/var/snap/microk8s/8155/var/kubernetes/backend/kine.sock:12379: read: connection reset by peer

unit-postgresql-k8s-2: 01:35:12 ERROR juju.worker.uniter.operation hook "postgresql-pebble-ready" (via hook dispatching script: dispatch) failed: exit status 1
unit-postgresql-k8s-2: 01:35:12 ERROR juju.worker.uniter pebble poll failed for container "postgresql": failed to send pebble-ready event: hook failed
unit-pgbouncer-k8s-0: 01:36:39 ERROR unit.pgbouncer-k8s/0.juju-log backend-database:7: deferring database-created hook - postgres database not ready
unit-pgbouncer-k8s-0: 01:36:43 ERROR unit.pgbouncer-k8s/0.juju-log deferring database-created hook - postgres database not ready
unit-pgbouncer-k8s-0: 01:36:55 ERROR unit.pgbouncer-k8s/0.juju-log deferring database-created hook - postgres database not ready
unit-pgbouncer-k8s-0: 01:37:06 ERROR unit.pgbouncer-k8s/0.juju-log deferring database-created hook - postgres database not ready
unit-pgbouncer-k8s-0: 01:37:17 ERROR unit.pgbouncer-k8s/0.juju-log deferring database-created hook - postgres database not ready
unit-pgbouncer-k8s-0: 01:37:28 ERROR unit.pgbouncer-k8s/0.juju-log deferring database-created hook - postgres database not ready
unit-pgbouncer-k8s-0: 01:37:39 ERROR unit.pgbouncer-k8s/0.juju-log deferring database-created hook - postgres database not ready
unit-pgbouncer-k8s-0: 01:37:50 ERROR unit.pgbouncer-k8s/0.juju-log deferring database-created hook - postgres database not ready
unit-postgresql-k8s-2: 01:37:57 ERROR unit.postgresql-k8s/2.juju-log pgdata folder not found in /var/lib/postgresql/data/pgdata
unit-pgbouncer-k8s-0: 01:38:01 ERROR unit.pgbouncer-k8s/0.juju-log deferring database-created hook - postgres database not ready
unit-pgbouncer-k8s-0: 01:38:12 ERROR unit.pgbouncer-k8s/0.juju-log deferring database-created hook - postgres database not ready
unit-pgbouncer-k8s-0: 01:38:22 ERROR unit.pgbouncer-k8s/0.juju-log deferring database-created hook - postgres database not ready
unit-pgbouncer-k8s-0: 01:38:31 ERROR unit.pgbouncer-k8s/0.juju-log deferring database-created hook - postgres database not ready
unit-pgbouncer-k8s-0: 01:38:42 ERROR unit.pgbouncer-k8s/0.juju-log deferring database-created hook - postgres database not ready
unit-postgresql-k8s-2: 01:38:48 ERROR unit.postgresql-k8s/2.juju-log pgdata folder not found in /var/lib/postgresql/data/pgdata
unit-pgbouncer-k8s-0: 01:38:53 ERROR unit.pgbouncer-k8s/0.juju-log deferring database-created hook - postgres database not ready
unit-pgbouncer-k8s-0: 01:39:06 ERROR unit.pgbouncer-k8s/0.juju-log deferring database-created hook - postgres database not ready
unit-pgbouncer-k8s-0: 01:39:16 ERROR unit.pgbouncer-k8s/0.juju-log deferring database-created hook - postgres database not ready
unit-postgresql-k8s-2: 01:39:17 ERROR unit.postgresql-k8s/2.juju-log pgdata folder not found in /var/lib/postgresql/data/pgdata
unit-pgbouncer-k8s-0: 01:39:28 ERROR unit.pgbouncer-k8s/0.juju-log deferring database-created hook - postgres database not ready
unit-pgbouncer-k8s-0: 01:39:37 ERROR unit.pgbouncer-k8s/0.juju-log deferring database-created hook - postgres database not ready
unit-pgbouncer-k8s-0: 01:39:46 ERROR unit.pgbouncer-k8s/0.juju-log deferring database-created hook - postgres database not ready
unit-pgbouncer-k8s-0: 01:39:55 ERROR unit.pgbouncer-k8s/0.juju-log deferring database-created hook - postgres database not ready
unit-pgbouncer-k8s-0: 01:40:04 ERROR unit.pgbouncer-k8s/0.juju-log deferring database-created hook - postgres database not ready
unit-pgbouncer-k8s-0: 01:40:13 ERROR unit.pgbouncer-k8s/0.juju-log deferring database-created hook - postgres database not ready
unit-postgresql-k8s-2: 01:40:14 ERROR unit.postgresql-k8s/2.juju-log failed to change plugins: 
Traceback (most recent call last):
  File "/var/lib/juju/agents/unit-postgresql-k8s-2/charm/lib/charms/postgresql_k8s/v0/postgresql.py", line 452, in enable_disable_extensions
    with self._connect_to_database(
  File "/var/lib/juju/agents/unit-postgresql-k8s-2/charm/lib/charms/tempo_coordinator_k8s/v0/charm_tracing.py", line 1116, in wrapped_function
    return callable(*args, **kwargs)  # type: ignore
  File "/var/lib/juju/agents/unit-postgresql-k8s-2/charm/lib/charms/postgresql_k8s/v0/postgresql.py", line 184, in _connect_to_database
    connection = psycopg2.connect(
  File "/var/lib/juju/agents/unit-postgresql-k8s-2/charm/venv/lib/python3.10/site-packages/psycopg2/__init__.py", line 122, in connect
    conn = _connect(dsn, connection_factory=connection_factory, **kwasync)
psycopg2.OperationalError: connection to server at "postgresql-k8s-primary.testing.svc.cluster.local" (10.152.183.230), port 5432 failed: FATAL:  no pg_hba.conf entry for host "10.1.7.18", user "operator", database "postgres", no encryption


The above exception was the direct cause of the following exception:

Traceback (most recent call last):
  File "/var/lib/juju/agents/unit-postgresql-k8s-2/charm/src/charm.py", line 792, in _handle_enable_disable_extensions
    self.postgresql.enable_disable_extensions(extensions, database)
  File "/var/lib/juju/agents/unit-postgresql-k8s-2/charm/lib/charms/tempo_coordinator_k8s/v0/charm_tracing.py", line 1116, in wrapped_function
    return callable(*args, **kwargs)  # type: ignore
  File "/var/lib/juju/agents/unit-postgresql-k8s-2/charm/lib/charms/postgresql_k8s/v0/postgresql.py", line 467, in enable_disable_extensions
    raise PostgreSQLEnableDisableExtensionError() from e
charms.postgresql_k8s.v0.postgresql.PostgreSQLEnableDisableExtensionError
unit-pgbouncer-k8s-0: 01:40:24 ERROR unit.pgbouncer-k8s/0.juju-log deferring database-created hook - postgres database not ready
unit-pgbouncer-k8s-0: 01:40:32 ERROR unit.pgbouncer-k8s/0.juju-log deferring database-created hook - postgres database not ready
unit-pgbouncer-k8s-0: 01:40:43 ERROR unit.pgbouncer-k8s/0.juju-log deferring database-created hook - postgres database not ready
unit-pgbouncer-k8s-0: 01:40:52 ERROR unit.pgbouncer-k8s/0.juju-log deferring database-created hook - postgres database not ready
unit-pgbouncer-k8s-0: 01:41:01 ERROR unit.pgbouncer-k8s/0.juju-log deferring database-created hook - postgres database not ready
unit-pgbouncer-k8s-0: 01:41:11 ERROR unit.pgbouncer-k8s/0.juju-log deferring database-created hook - postgres database not ready
unit-pgbouncer-k8s-0: 01:41:19 ERROR unit.pgbouncer-k8s/0.juju-log deferring database-created hook - postgres database not ready
unit-pgbouncer-k8s-0: 01:41:27 ERROR unit.pgbouncer-k8s/0.juju-log deferring database-created hook - postgres database not ready
unit-pgbouncer-k8s-0: 01:41:36 ERROR unit.pgbouncer-k8s/0.juju-log deferring database-created hook - postgres database not ready
unit-pgbouncer-k8s-0: 01:41:45 ERROR unit.pgbouncer-k8s/0.juju-log deferring database-created hook - postgres database not ready
unit-pgbouncer-k8s-0: 01:41:55 ERROR unit.pgbouncer-k8s/0.juju-log deferring database-created hook - postgres database not ready
unit-pgbouncer-k8s-0: 01:42:04 ERROR unit.pgbouncer-k8s/0.juju-log deferring database-created hook - postgres database not ready
unit-pgbouncer-k8s-0: 01:42:16 ERROR unit.pgbouncer-k8s/0.juju-log deferring database-created hook - postgres database not ready
unit-pgbouncer-k8s-0: 01:42:25 ERROR unit.pgbouncer-k8s/0.juju-log deferring database-created hook - postgres database not ready
unit-pgbouncer-k8s-0: 01:48:01 ERROR juju.worker.dependency "log-sender" manifold worker returned unexpected error: sending log message: websocket: close 1005 (no status): websocket: close sent
unit-postgresql-test-app-0: 01:48:18 ERROR juju.worker.dependency "log-sender" manifold worker returned unexpected error: sending log message: websocket: close 1005 (no status): websocket: close sent
unit-self-signed-certificates-0: 01:48:20 ERROR juju.worker.dependency "log-sender" manifold worker returned unexpected error: sending log message: websocket: close 1005 (no status): websocket: close sent
unit-pgbouncer-k8s-1: 01:48:20 ERROR juju.worker.dependency "log-sender" manifold worker returned unexpected error: sending log message: websocket: close 1005 (no status): websocket: close sent
unit-postgresql-k8s-1: 01:49:02 ERROR juju.worker.dependency "log-sender" manifold worker returned unexpected error: sending log message: websocket: close 1005 (no status): websocket: close sent
unit-postgresql-k8s-0: 01:49:02 ERROR juju.worker.dependency "log-sender" manifold worker returned unexpected error: sending log message: websocket: close 1005 (no status): websocket: close sent
unit-postgresql-k8s-2: 01:49:04 ERROR juju.worker.dependency "log-sender" manifold worker returned unexpected error: sending log message: websocket: close 1005 (no status): websocket: close sent
unit-pgbouncer-k8s-0: 01:50:27 ERROR juju.worker.dependency "log-sender" manifold worker returned unexpected error: sending log message: websocket: close 1005 (no status): websocket: close sent

[32mINFO    [0m pytest_operator.plugin:plugin.py:1039 Forgetting model main...