[32mINFO    [0m juju.model:__init__.py:2301 Deploying ch:amd64/focal/mattermost-k8s-27
[32mINFO    [0m juju.model:__init__.py:3254 Waiting for model:
  mattermost-k8s/0 [allocating] waiting: installing agent
[32mINFO    [0m juju.model:__init__.py:3254 Waiting for model:
  mattermost-k8s/0 [idle] waiting: Waiting for database relation
[33mWARNING [0m juju.model:__init__.py:1683 relate is deprecated and will be removed. Use integrate instead.
[32mINFO    [0m juju.model:__init__.py:3254 Waiting for model:
  mattermost-k8s/0 [idle] waiting: Waiting for database relation
[32mINFO    [0m juju.model:__init__.py:3254 Waiting for model:
  mattermost-k8s/0 [executing] active: 
[32mINFO    [0m juju.model:__init__.py:3254 Waiting for model:
  mattermost-k8s/0 [idle] active:
[32mINFO    [0m pytest_operator.plugin:plugin.py:937 Model status:

Model    Controller          Cloud/Region        Version  SLA          Timestamp
testing  concierge-microk8s  microk8s/localhost  3.6.5    unsupported  01:58:14Z

App                       Version  Status  Scale  Charm                     Channel        Rev  Address         Exposed  Message
pgbouncer-k8s             1.21.0   active      2  pgbouncer-k8s                              0  10.152.183.60   no       
postgresql-k8s            14.17    active      3  postgresql-k8s            14/edge        557  10.152.183.31   no       
postgresql-test-app                active      1  postgresql-test-app       latest/edge    375  10.152.183.175  no       received database credentials of the first database
self-signed-certificates           active      1  self-signed-certificates  latest/stable  264  10.152.183.179  no       

Unit                         Workload  Agent      Address      Ports  Message
pgbouncer-k8s/0              active    executing  10.1.75.137         
pgbouncer-k8s/1*             active    executing  10.1.75.138         
postgresql-k8s/0*            active    idle       10.1.75.144         Primary
postgresql-k8s/1             active    idle       10.1.75.145         
postgresql-k8s/2             active    idle       10.1.75.146         
postgresql-test-app/0*       active    idle       10.1.75.139         received database credentials of the first database
self-signed-certificates/0*  active    idle       10.1.75.143         

[32mINFO    [0m pytest_operator.plugin:plugin.py:943 Juju error logs:

unit-postgresql-k8s-1: 01:44:42 ERROR unit.postgresql-k8s/1.juju-log Uncaught exception while in charm code:
Traceback (most recent call last):
  File "/var/lib/juju/agents/unit-postgresql-k8s-1/charm/venv/lib/python3.10/site-packages/ops/model.py", line 3320, in _run
    result = subprocess.run(args, **kwargs)  # type: ignore
  File "/usr/lib/python3.10/subprocess.py", line 526, in run
    raise CalledProcessError(retcode, process.args,
subprocess.CalledProcessError: Command '('/var/lib/juju/tools/unit-postgresql-k8s-1/secret-get', '--label', 'database-peers.postgresql-k8s.app', '--format=json')' returned non-zero exit status 1.

The above exception was the direct cause of the following exception:

Traceback (most recent call last):
  File "/var/lib/juju/agents/unit-postgresql-k8s-1/charm/src/charm.py", line 2474, in <module>
    main(PostgresqlOperatorCharm, use_juju_for_storage=True)
  File "/var/lib/juju/agents/unit-postgresql-k8s-1/charm/venv/lib/python3.10/site-packages/ops/__init__.py", line 343, in __call__
    return _main.main(charm_class=charm_class, use_juju_for_storage=use_juju_for_storage)
  File "/var/lib/juju/agents/unit-postgresql-k8s-1/charm/venv/lib/python3.10/site-packages/ops/_main.py", line 558, in main
    manager.run()
  File "/var/lib/juju/agents/unit-postgresql-k8s-1/charm/venv/lib/python3.10/site-packages/ops/_main.py", line 543, in run
    self._emit()
  File "/var/lib/juju/agents/unit-postgresql-k8s-1/charm/venv/lib/python3.10/site-packages/ops/_main.py", line 502, in _emit
    self._emit_charm_event(self.dispatcher.event_name)
  File "/var/lib/juju/agents/unit-postgresql-k8s-1/charm/venv/lib/python3.10/site-packages/ops/_main.py", line 530, in _emit_charm_event
    event_to_emit.emit(*args, **kwargs)
  File "/var/lib/juju/agents/unit-postgresql-k8s-1/charm/venv/lib/python3.10/site-packages/ops/framework.py", line 347, in emit
    framework._emit(event)
  File "/var/lib/juju/agents/unit-postgresql-k8s-1/charm/venv/lib/python3.10/site-packages/ops/framework.py", line 906, in _emit
    self._reemit(event_path)
  File "/var/lib/juju/agents/unit-postgresql-k8s-1/charm/venv/lib/python3.10/site-packages/ops/framework.py", line 996, in _reemit
    custom_handler(event)
  File "/var/lib/juju/agents/unit-postgresql-k8s-1/charm/lib/charms/tempo_coordinator_k8s/v0/charm_tracing.py", line 1109, in wrapped_function
    return callable(*args, **kwargs)  # type: ignore
  File "/var/lib/juju/agents/unit-postgresql-k8s-1/charm/src/charm.py", line 986, in _on_postgresql_pebble_ready
    self.unit.set_workload_version(self._patroni.rock_postgresql_version)
  File "/var/lib/juju/agents/unit-postgresql-k8s-1/charm/src/charm.py", line 1658, in _patroni
    self.get_secret(APP_SCOPE, USER_PASSWORD_KEY),
  File "/var/lib/juju/agents/unit-postgresql-k8s-1/charm/lib/charms/tempo_coordinator_k8s/v0/charm_tracing.py", line 1109, in wrapped_function
    return callable(*args, **kwargs)  # type: ignore
  File "/var/lib/juju/agents/unit-postgresql-k8s-1/charm/src/charm.py", line 368, in get_secret
    return self.peer_relation_data(scope).get_secret(peers.id, secret_key)
  File "/var/lib/juju/agents/unit-postgresql-k8s-1/charm/lib/charms/data_platform_libs/v0/data_interfaces.py", line 521, in wrapper
    return f(self, *args, **kwargs)
  File "/var/lib/juju/agents/unit-postgresql-k8s-1/charm/lib/charms/data_platform_libs/v0/data_interfaces.py", line 2044, in get_secret
    and full_field not in self.current_secret_fields
  File "/var/lib/juju/agents/unit-postgresql-k8s-1/charm/lib/charms/data_platform_libs/v0/data_interfaces.py", line 2001, in current_secret_fields
    if content := self._get_group_secret_contents(relation, group):
  File "/var/lib/juju/agents/unit-postgresql-k8s-1/charm/lib/charms/data_platform_libs/v0/data_interfaces.py", line 2332, in _get_group_secret_contents
    result = super()._get_group_secret_contents(relation, group, secret_fields)
  File "/var/lib/juju/agents/unit-postgresql-k8s-1/charm/lib/charms/data_platform_libs/v0/data_interfaces.py", line 1124, in _get_group_secret_contents
    if (secret := self._get_relation_secret(relation.id, group)) and (
  File "/var/lib/juju/agents/unit-postgresql-k8s-1/charm/lib/charms/data_platform_libs/v0/data_interfaces.py", line 508, in wrapper
    return f(self, *args, **kwargs)
  File "/var/lib/juju/agents/unit-postgresql-k8s-1/charm/lib/charms/data_platform_libs/v0/data_interfaces.py", line 2319, in _get_relation_secret
    return self.secrets.get(
  File "/var/lib/juju/agents/unit-postgresql-k8s-1/charm/lib/charms/data_platform_libs/v0/data_interfaces.py", line 812, in get
    if secret.meta:
  File "/var/lib/juju/agents/unit-postgresql-k8s-1/charm/lib/charms/data_platform_libs/v0/data_interfaces.py", line 642, in meta
    self._secret_meta = self._model.get_secret(label=self.label)
  File "/var/lib/juju/agents/unit-postgresql-k8s-1/charm/venv/lib/python3.10/site-packages/ops/model.py", line 308, in get_secret
    content = self._backend.secret_get(id=id, label=label)
  File "/var/lib/juju/agents/unit-postgresql-k8s-1/charm/venv/lib/python3.10/site-packages/ops/model.py", line 3692, in secret_get
    result = self._run('secret-get', *args, return_output=True, use_json=True)
  File "/var/lib/juju/agents/unit-postgresql-k8s-1/charm/venv/lib/python3.10/site-packages/ops/model.py", line 3322, in _run
    raise ModelError(e.stderr) from e
ops.model.ModelError: ERROR permission denied

unit-postgresql-k8s-1: 01:44:42 ERROR juju.worker.uniter.operation hook "postgresql-pebble-ready" (via hook dispatching script: dispatch) failed: exit status 1
unit-postgresql-k8s-1: 01:44:42 ERROR juju.worker.uniter pebble poll failed for container "postgresql": failed to send pebble-ready event: hook failed
unit-postgresql-k8s-1: 01:45:07 ERROR unit.postgresql-k8s/1.juju-log certificates:9: Uncaught exception while in charm code:
Traceback (most recent call last):
  File "/var/lib/juju/agents/unit-postgresql-k8s-1/charm/venv/lib/python3.10/site-packages/websocket/_socket.py", line 118, in recv
    bytes_ = _recv()
  File "/var/lib/juju/agents/unit-postgresql-k8s-1/charm/venv/lib/python3.10/site-packages/websocket/_socket.py", line 97, in _recv
    return sock.recv(bufsize)
TimeoutError: timed out

During handling of the above exception, another exception occurred:

Traceback (most recent call last):
  File "/var/lib/juju/agents/unit-postgresql-k8s-1/charm/venv/lib/python3.10/site-packages/ops/pebble.py", line 2906, in exec
    control_ws = self._connect_websocket(task_id, 'control')
  File "/var/lib/juju/agents/unit-postgresql-k8s-1/charm/venv/lib/python3.10/site-packages/ops/pebble.py", line 2994, in _connect_websocket
    ws.connect(url, socket=sock)
  File "/var/lib/juju/agents/unit-postgresql-k8s-1/charm/venv/lib/python3.10/site-packages/websocket/_core.py", line 261, in connect
    self.handshake_response = handshake(self.sock, url, *addrs, **options)
  File "/var/lib/juju/agents/unit-postgresql-k8s-1/charm/venv/lib/python3.10/site-packages/websocket/_handshake.py", line 65, in handshake
    status, resp = _get_resp_headers(sock)
  File "/var/lib/juju/agents/unit-postgresql-k8s-1/charm/venv/lib/python3.10/site-packages/websocket/_handshake.py", line 141, in _get_resp_headers
    status, resp_headers, status_message = read_headers(sock)
  File "/var/lib/juju/agents/unit-postgresql-k8s-1/charm/venv/lib/python3.10/site-packages/websocket/_http.py", line 351, in read_headers
    line = recv_line(sock)
  File "/var/lib/juju/agents/unit-postgresql-k8s-1/charm/venv/lib/python3.10/site-packages/websocket/_socket.py", line 140, in recv_line
    c = recv(sock, 1)
  File "/var/lib/juju/agents/unit-postgresql-k8s-1/charm/venv/lib/python3.10/site-packages/websocket/_socket.py", line 120, in recv
    raise WebSocketTimeoutException("Connection timed out")
websocket._exceptions.WebSocketTimeoutException: Connection timed out

The above exception was the direct cause of the following exception:

Traceback (most recent call last):
  File "/var/lib/juju/agents/unit-postgresql-k8s-1/charm/src/charm.py", line 2474, in <module>
    main(PostgresqlOperatorCharm, use_juju_for_storage=True)
  File "/var/lib/juju/agents/unit-postgresql-k8s-1/charm/venv/lib/python3.10/site-packages/ops/__init__.py", line 343, in __call__
    return _main.main(charm_class=charm_class, use_juju_for_storage=use_juju_for_storage)
  File "/var/lib/juju/agents/unit-postgresql-k8s-1/charm/venv/lib/python3.10/site-packages/ops/_main.py", line 558, in main
    manager.run()
  File "/var/lib/juju/agents/unit-postgresql-k8s-1/charm/venv/lib/python3.10/site-packages/ops/_main.py", line 543, in run
    self._emit()
  File "/var/lib/juju/agents/unit-postgresql-k8s-1/charm/venv/lib/python3.10/site-packages/ops/_main.py", line 499, in _emit
    self.framework.reemit()
  File "/var/lib/juju/agents/unit-postgresql-k8s-1/charm/venv/lib/python3.10/site-packages/ops/framework.py", line 916, in reemit
    self._reemit()
  File "/var/lib/juju/agents/unit-postgresql-k8s-1/charm/venv/lib/python3.10/site-packages/ops/framework.py", line 996, in _reemit
    custom_handler(event)
  File "/var/lib/juju/agents/unit-postgresql-k8s-1/charm/lib/charms/tempo_coordinator_k8s/v0/charm_tracing.py", line 1109, in wrapped_function
    return callable(*args, **kwargs)  # type: ignore
  File "/var/lib/juju/agents/unit-postgresql-k8s-1/charm/src/charm.py", line 984, in _on_postgresql_pebble_ready
    self._create_pgdata(container)
  File "/var/lib/juju/agents/unit-postgresql-k8s-1/charm/lib/charms/tempo_coordinator_k8s/v0/charm_tracing.py", line 1109, in wrapped_function
    return callable(*args, **kwargs)  # type: ignore
  File "/var/lib/juju/agents/unit-postgresql-k8s-1/charm/src/charm.py", line 960, in _create_pgdata
    container.exec([
  File "/var/lib/juju/agents/unit-postgresql-k8s-1/charm/venv/lib/python3.10/site-packages/ops/model.py", line 2997, in exec
    return self._pebble.exec(
  File "/var/lib/juju/agents/unit-postgresql-k8s-1/charm/venv/lib/python3.10/site-packages/ops/pebble.py", line 2915, in exec
    raise ChangeError(change.err, change) from e
ops.pebble.ChangeError: cannot perform the following tasks:
- Execute command "chown" (exec 7: timeout waiting for websocket connections: context deadline exceeded)
----- Logs from task 0 -----
2025-04-15T01:45:07Z ERROR exec 7: timeout waiting for websocket connections: context deadline exceeded
-----
unit-postgresql-k8s-1: 01:45:07 ERROR juju.worker.uniter.operation hook "certificates-relation-changed" (via hook dispatching script: dispatch) failed: exit status 1
unit-pgbouncer-k8s-1: 01:47:18 ERROR unit.pgbouncer-k8s/1.juju-log backend-database:7: deferring database-created hook - postgres database not ready
unit-postgresql-k8s-2: 01:47:21 ERROR unit.postgresql-k8s/2.juju-log pgdata folder not found in /var/lib/postgresql/data/pgdata
unit-postgresql-k8s-1: 01:47:21 ERROR unit.postgresql-k8s/1.juju-log pgdata folder not found in /var/lib/postgresql/data/pgdata
unit-pgbouncer-k8s-1: 01:47:21 ERROR unit.pgbouncer-k8s/1.juju-log deferring database-created hook - postgres database not ready
unit-pgbouncer-k8s-1: 01:47:32 ERROR unit.pgbouncer-k8s/1.juju-log deferring database-created hook - postgres database not ready
unit-postgresql-k8s-2: 01:48:46 ERROR unit.postgresql-k8s/2.juju-log pgdata folder not found in /var/lib/postgresql/data/pgdata
unit-postgresql-k8s-2: 01:49:10 ERROR unit.postgresql-k8s/2.juju-log pgdata folder not found in /var/lib/postgresql/data/pgdata
unit-pgbouncer-k8s-1: 01:54:51 ERROR juju.worker.dependency "log-sender" manifold worker returned unexpected error: sending log message: websocket: close 1005 (no status): websocket: close sent
unit-postgresql-test-app-0: 01:55:08 ERROR juju.worker.dependency "log-sender" manifold worker returned unexpected error: sending log message: websocket: close 1005 (no status): websocket: close sent
unit-self-signed-certificates-0: 01:55:10 ERROR juju.worker.dependency "log-sender" manifold worker returned unexpected error: sending log message: websocket: close 1005 (no status): websocket: close sent
unit-pgbouncer-k8s-0: 01:55:10 ERROR juju.worker.dependency "log-sender" manifold worker returned unexpected error: sending log message: websocket: close 1005 (no status): websocket: close sent
unit-postgresql-k8s-0: 01:55:55 ERROR juju.worker.dependency "log-sender" manifold worker returned unexpected error: sending log message: websocket: close 1005 (no status): websocket: close sent
unit-postgresql-k8s-1: 01:55:55 ERROR juju.worker.dependency "log-sender" manifold worker returned unexpected error: sending log message: websocket: close 1005 (no status): websocket: close sent
unit-postgresql-k8s-2: 01:55:55 ERROR juju.worker.dependency "log-sender" manifold worker returned unexpected error: sending log message: websocket: close 1005 (no status): websocket: close sent
unit-pgbouncer-k8s-1: 01:56:47 ERROR juju.worker.dependency "log-sender" manifold worker returned unexpected error: sending log message: websocket: close 1005 (no status): websocket: close sent

[32mINFO    [0m pytest_operator.plugin:plugin.py:1025 Forgetting model main...