[32mINFO    [0m pytest_operator.plugin:plugin.py:951 Model status:

Model    Controller          Cloud/Region        Version  SLA          Timestamp
testing  concierge-microk8s  microk8s/localhost  3.6.12   unsupported  01:39:24Z

App              Version  Status   Scale  Charm            Channel      Rev  Address         Exposed  Message
data-integrator           blocked      2  data-integrator  latest/edge  307  10.152.183.199  no       Please relate the data-integrator with the desired product
pgbouncer-k8s    1.21.0   error        2  pgbouncer-k8s    1/stable     408  10.152.183.174  no       hook failed: "backend-database-relation-changed"
postgresql-k8s   14.19    active       3  postgresql-k8s   14/edge      701  10.152.183.254  no       

Unit                Workload  Agent      Address      Ports  Message
data-integrator/0*  blocked   idle       10.1.16.139         Please relate the data-integrator with the desired product
data-integrator/1   blocked   idle       10.1.16.140         Please relate the data-integrator with the desired product
pgbouncer-k8s/0*    error     idle       10.1.16.137         hook failed: "backend-database-relation-changed"
pgbouncer-k8s/1     blocked   idle       10.1.16.138         waiting for backend database relation to initialise
postgresql-k8s/0*   active    idle       10.1.16.147         Primary
postgresql-k8s/1    active    executing  10.1.16.146         
postgresql-k8s/2    active    executing  10.1.16.145         

[32mINFO    [0m pytest_operator.plugin:plugin.py:957 Juju error logs:

unit-pgbouncer-k8s-0: 01:39:23 ERROR unit.pgbouncer-k8s/0.juju-log backend-database:6: Uncaught exception while in charm code:
Traceback (most recent call last):
  File "/var/lib/juju/agents/unit-pgbouncer-k8s-0/charm/venv/lib/python3.10/site-packages/ops/model.py", line 3320, in _run
    result = subprocess.run(args, **kwargs)  # type: ignore
  File "/usr/lib/python3.10/subprocess.py", line 526, in run
    raise CalledProcessError(retcode, process.args,
subprocess.CalledProcessError: Command '('/var/lib/juju/tools/unit-pgbouncer-k8s-0/secret-get', 'secret://1fb4d13a-4c5b-41fd-80b3-0d61a0712b0a/d4tn4htfg1fc7bl898lg', '--label', 'backend-database.6.user.secret', '--format=json')' returned non-zero exit status 1.

The above exception was the direct cause of the following exception:

Traceback (most recent call last):
  File "/var/lib/juju/agents/unit-pgbouncer-k8s-0/charm/src/charm.py", line 1138, in <module>
    main(PgBouncerK8sCharm)
  File "/var/lib/juju/agents/unit-pgbouncer-k8s-0/charm/venv/lib/python3.10/site-packages/ops/__init__.py", line 343, in __call__
    return _main.main(charm_class=charm_class, use_juju_for_storage=use_juju_for_storage)
  File "/var/lib/juju/agents/unit-pgbouncer-k8s-0/charm/venv/lib/python3.10/site-packages/ops/_main.py", line 558, in main
    manager.run()
  File "/var/lib/juju/agents/unit-pgbouncer-k8s-0/charm/venv/lib/python3.10/site-packages/ops/_main.py", line 543, in run
    self._emit()
  File "/var/lib/juju/agents/unit-pgbouncer-k8s-0/charm/venv/lib/python3.10/site-packages/ops/_main.py", line 502, in _emit
    self._emit_charm_event(self.dispatcher.event_name)
  File "/var/lib/juju/agents/unit-pgbouncer-k8s-0/charm/venv/lib/python3.10/site-packages/ops/_main.py", line 530, in _emit_charm_event
    event_to_emit.emit(*args, **kwargs)
  File "/var/lib/juju/agents/unit-pgbouncer-k8s-0/charm/venv/lib/python3.10/site-packages/ops/framework.py", line 347, in emit
    framework._emit(event)
  File "/var/lib/juju/agents/unit-pgbouncer-k8s-0/charm/venv/lib/python3.10/site-packages/ops/framework.py", line 906, in _emit
    self._reemit(event_path)
  File "/var/lib/juju/agents/unit-pgbouncer-k8s-0/charm/venv/lib/python3.10/site-packages/ops/framework.py", line 996, in _reemit
    custom_handler(event)
  File "/var/lib/juju/agents/unit-pgbouncer-k8s-0/charm/lib/charms/data_platform_libs/v0/data_interfaces.py", line 3131, in _on_relation_changed_event
    self.relation_data._register_secrets_to_relation(event.relation, diff.added)
  File "/var/lib/juju/agents/unit-pgbouncer-k8s-0/charm/lib/charms/data_platform_libs/v0/data_interfaces.py", line 1759, in _register_secrets_to_relation
    self._register_secret_to_relation(relation.name, relation.id, secret_uri, group)
  File "/var/lib/juju/agents/unit-pgbouncer-k8s-0/charm/lib/charms/data_platform_libs/v0/data_interfaces.py", line 1744, in _register_secret_to_relation
    CachedSecret(self._model, self.component, label, secret_id).meta
  File "/var/lib/juju/agents/unit-pgbouncer-k8s-0/charm/lib/charms/data_platform_libs/v0/data_interfaces.py", line 649, in meta
    self._secret_meta = self._model.get_secret(id=self._secret_uri, label=self.label)
  File "/var/lib/juju/agents/unit-pgbouncer-k8s-0/charm/venv/lib/python3.10/site-packages/ops/model.py", line 308, in get_secret
    content = self._backend.secret_get(id=id, label=label)
  File "/var/lib/juju/agents/unit-pgbouncer-k8s-0/charm/venv/lib/python3.10/site-packages/ops/model.py", line 3692, in secret_get
    result = self._run('secret-get', *args, return_output=True, use_json=True)
  File "/var/lib/juju/agents/unit-pgbouncer-k8s-0/charm/venv/lib/python3.10/site-packages/ops/model.py", line 3322, in _run
    raise ModelError(e.stderr) from e
ops.model.ModelError: ERROR secrets "d4tn4htfg1fc7bl898lg-1" is forbidden: User "system:serviceaccount:testing:unit-pgbouncer-k8s-0" cannot get resource "secrets" in API group "" in the namespace "testing"


[32mINFO    [0m pytest_operator.plugin:plugin.py:1039 Forgetting model main...