[32mINFO    [0m integration.test_upgrade_data_integrator:test_upgrade_data_integrator.py:108 Refresh the charm
[32mINFO    [0m integration.test_upgrade_data_integrator:test_upgrade_data_integrator.py:111 Wait for upgrade to start
[32mINFO    [0m integration.test_upgrade_data_integrator:test_upgrade_data_integrator.py:120 Wait for upgrade to complete on first upgrading unit
[32mINFO    [0m juju.model:__init__.py:3254 Waiting for model:
  pgbouncer-k8s/0 [executing] waiting: other units upgrading first...
  pgbouncer-k8s/1 [idle] active: 
[32mINFO    [0m juju.model:__init__.py:3254 Waiting for model:
  pgbouncer-k8s/0 [idle] waiting: other units upgrading first...
  pgbouncer-k8s/1 [idle] active: 
[32mINFO    [0m integration.test_upgrade_data_integrator:test_upgrade_data_integrator.py:128 Resume upgrade
[32mINFO    [0m integration.test_upgrade_data_integrator:test_upgrade_data_integrator.py:133 Wait for upgrade to complete
[32mINFO    [0m juju.model:__init__.py:3254 Waiting for model:
  pgbouncer-k8s/0 [executing] maintenance: stopping charm software
  pgbouncer-k8s/1 [idle] active: 
[32mINFO    [0m juju.model:__init__.py:3254 Waiting for model:
  pgbouncer-k8s/0 [executing] active: 
  pgbouncer-k8s/1 [executing] active: 
[32mINFO    [0m juju.model:__init__.py:3254 Waiting for model:
  pgbouncer-k8s/0 [idle] active: 
  pgbouncer-k8s/1 [idle] active: 
[32mINFO    [0m juju.model:__init__.py:3254 Waiting for model:
  pgbouncer-k8s/0 [idle] active: 
  pgbouncer-k8s/1 [idle] active:
[32mINFO    [0m pytest_operator.plugin:plugin.py:951 Model status:

Model    Controller          Cloud/Region        Version  SLA          Timestamp
testing  concierge-microk8s  microk8s/localhost  3.6.14   unsupported  01:44:01Z

App              Version  Status  Scale  Charm            Channel      Rev  Address         Exposed  Message
data-integrator           active      2  data-integrator  latest/edge  373  10.152.183.230  no       
pgbouncer-k8s    1.21.0   active      2  pgbouncer-k8s                   0  10.152.183.198  no       
postgresql-k8s   14.20    active      3  postgresql-k8s   14/edge      754  10.152.183.60   no       

Unit                Workload  Agent  Address      Ports  Message
data-integrator/0   active    idle   10.1.76.140         
data-integrator/1*  active    idle   10.1.76.141         
pgbouncer-k8s/0*    active    idle   10.1.76.149         
pgbouncer-k8s/1     active    idle   10.1.76.148         
postgresql-k8s/0    active    idle   10.1.76.145         
postgresql-k8s/1    active    idle   10.1.76.147         
postgresql-k8s/2*   active    idle   10.1.76.146         Primary

[32mINFO    [0m pytest_operator.plugin:plugin.py:957 Juju error logs:

unit-postgresql-k8s-0: 01:38:54 ERROR unit.postgresql-k8s/0.juju-log database:6: failed to change plugins: 
Traceback (most recent call last):
  File "/var/lib/juju/agents/unit-postgresql-k8s-0/charm/lib/charms/postgresql_k8s/v0/postgresql.py", line 442, in enable_disable_extensions
    with self._connect_to_database() as connection, connection.cursor() as cursor:
  File "/var/lib/juju/agents/unit-postgresql-k8s-0/charm/lib/charms/tempo_coordinator_k8s/v0/charm_tracing.py", line 946, in wrapped_function
    return callable(*args, **kwargs)  # type: ignore
  File "/var/lib/juju/agents/unit-postgresql-k8s-0/charm/lib/charms/postgresql_k8s/v0/postgresql.py", line 184, in _connect_to_database
    connection = psycopg2.connect(
  File "/var/lib/juju/agents/unit-postgresql-k8s-0/charm/venv/lib/python3.10/site-packages/psycopg2/__init__.py", line 122, in connect
    conn = _connect(dsn, connection_factory=connection_factory, **kwasync)
psycopg2.OperationalError: connection to server at "postgresql-k8s-primary.testing.svc.cluster.local" (10.152.183.149), port 5432 failed: Connection refused
	Is the server running on that host and accepting TCP/IP connections?


The above exception was the direct cause of the following exception:

Traceback (most recent call last):
  File "/var/lib/juju/agents/unit-postgresql-k8s-0/charm/src/charm.py", line 783, in _handle_enable_disable_extensions
    self.postgresql.enable_disable_extensions(extensions, database)
  File "/var/lib/juju/agents/unit-postgresql-k8s-0/charm/lib/charms/tempo_coordinator_k8s/v0/charm_tracing.py", line 946, in wrapped_function
    return callable(*args, **kwargs)  # type: ignore
  File "/var/lib/juju/agents/unit-postgresql-k8s-0/charm/lib/charms/postgresql_k8s/v0/postgresql.py", line 471, in enable_disable_extensions
    raise PostgreSQLEnableDisableExtensionError() from e
charms.postgresql_k8s.v0.postgresql.PostgreSQLEnableDisableExtensionError
unit-pgbouncer-k8s-1: 01:41:19 ERROR unit.pgbouncer-k8s/1.juju-log pgbouncer not running
unit-pgbouncer-k8s-0: 01:42:23 ERROR unit.pgbouncer-k8s/0.juju-log pgbouncer not running

[32mINFO    [0m pytest_operator.plugin:plugin.py:1039 Forgetting model main...