[32mINFO    [0m pytest_operator.plugin:plugin.py:951 Model status:

Model    Controller          Cloud/Region        Version  SLA          Timestamp
testing  concierge-microk8s  microk8s/localhost  3.6.9    unsupported  01:36:12Z

App                       Version  Status   Scale  Charm                     Channel        Rev  Address         Exposed  Message
pgbouncer-k8s             1.21.0   blocked      2  pgbouncer-k8s                              0  10.152.183.135  no       waiting for backend database relation to initialise
postgresql-k8s            14.19    error        3  postgresql-k8s            14/edge        674  10.152.183.123  no       hook failed: "secret-remove"
postgresql-test-app                blocked      1  postgresql-test-app       latest/edge    410  10.152.183.87   no       No database integration available
self-signed-certificates           active       1  self-signed-certificates  latest/stable  264  10.152.183.17   no       

Unit                         Workload  Agent      Address       Ports  Message
pgbouncer-k8s/0              blocked   idle       10.1.113.137         waiting for backend database relation to initialise
pgbouncer-k8s/1*             blocked   idle       10.1.113.138         waiting for backend database relation to initialise
postgresql-k8s/0*            error     idle       10.1.113.144         hook failed: "secret-remove"
postgresql-k8s/1             waiting   executing  10.1.113.145         awaiting for cluster to start
postgresql-k8s/2             waiting   idle       10.1.113.146         awaiting for cluster to start
postgresql-test-app/0*       blocked   idle       10.1.113.139         No database integration available
self-signed-certificates/0*  active    idle       10.1.113.143         

[32mINFO    [0m pytest_operator.plugin:plugin.py:957 Juju error logs:

unit-postgresql-k8s-1: 01:35:31 ERROR unit.postgresql-k8s/1.juju-log certificates:9: Cannot push TLS certificates: <ops.pebble.ConnectionError ("Could not connect to Pebble: socket not found at '/charm/containers/postgresql/pebble.socket' (container restarted?)",)>
unit-postgresql-k8s-2: 01:35:35 ERROR unit.postgresql-k8s/2.juju-log certificates:9: Cannot push TLS certificates: <ops.pebble.ConnectionError ("Could not connect to Pebble: socket not found at '/charm/containers/postgresql/pebble.socket' (container restarted?)",)>
unit-postgresql-k8s-1: 01:35:35 ERROR unit.postgresql-k8s/1.juju-log Cannot push TLS certificates: <ops.pebble.ConnectionError ("Could not connect to Pebble: socket not found at '/charm/containers/postgresql/pebble.socket' (container restarted?)",)>
unit-postgresql-k8s-0: 01:36:11 ERROR unit.postgresql-k8s/0.juju-log Uncaught exception while in charm code:
Traceback (most recent call last):
  File "/var/lib/juju/agents/unit-postgresql-k8s-0/charm/lib/charms/postgresql_k8s/v0/postgresql.py", line 452, in enable_disable_extensions
    with self._connect_to_database(
  File "/var/lib/juju/agents/unit-postgresql-k8s-0/charm/lib/charms/tempo_coordinator_k8s/v0/charm_tracing.py", line 1153, in wrapped_function
    return callable(*args, **kwargs)  # type: ignore
  File "/var/lib/juju/agents/unit-postgresql-k8s-0/charm/lib/charms/postgresql_k8s/v0/postgresql.py", line 184, in _connect_to_database
    connection = psycopg2.connect(
  File "/var/lib/juju/agents/unit-postgresql-k8s-0/charm/venv/lib/python3.10/site-packages/psycopg2/__init__.py", line 122, in connect
    conn = _connect(dsn, connection_factory=connection_factory, **kwasync)
psycopg2.OperationalError: connection to server at "postgresql-k8s-primary.testing.svc.cluster.local" (10.152.183.57), port 5432 failed: FATAL:  no pg_hba.conf entry for host "10.1.0.133", user "operator", database "pgbouncer", no encryption


The above exception was the direct cause of the following exception:

Traceback (most recent call last):
  File "/var/lib/juju/agents/unit-postgresql-k8s-0/charm/src/charm.py", line 2516, in <module>
    main(PostgresqlOperatorCharm, use_juju_for_storage=True)
  File "/var/lib/juju/agents/unit-postgresql-k8s-0/charm/venv/lib/python3.10/site-packages/ops/__init__.py", line 356, in __call__
    return _main.main(charm_class=charm_class, use_juju_for_storage=use_juju_for_storage)
  File "/var/lib/juju/agents/unit-postgresql-k8s-0/charm/venv/lib/python3.10/site-packages/ops/_main.py", line 502, in main
    manager.run()
  File "/var/lib/juju/agents/unit-postgresql-k8s-0/charm/venv/lib/python3.10/site-packages/ops/_main.py", line 486, in run
    self._emit()
  File "/var/lib/juju/agents/unit-postgresql-k8s-0/charm/venv/lib/python3.10/site-packages/ops/_main.py", line 418, in _emit
    self.framework.reemit()
  File "/var/lib/juju/agents/unit-postgresql-k8s-0/charm/venv/lib/python3.10/site-packages/ops/framework.py", line 934, in reemit
    self._reemit()
  File "/var/lib/juju/agents/unit-postgresql-k8s-0/charm/venv/lib/python3.10/site-packages/ops/framework.py", line 1030, in _reemit
    custom_handler(event)
  File "/var/lib/juju/agents/unit-postgresql-k8s-0/charm/lib/charms/tempo_coordinator_k8s/v0/charm_tracing.py", line 1153, in wrapped_function
    return callable(*args, **kwargs)  # type: ignore
  File "/var/lib/juju/agents/unit-postgresql-k8s-0/charm/src/relations/postgresql_provider.py", line 118, in _on_database_requested
    self.charm.postgresql.create_database(
  File "/var/lib/juju/agents/unit-postgresql-k8s-0/charm/lib/charms/tempo_coordinator_k8s/v0/charm_tracing.py", line 1153, in wrapped_function
    return callable(*args, **kwargs)  # type: ignore
  File "/var/lib/juju/agents/unit-postgresql-k8s-0/charm/lib/charms/postgresql_k8s/v0/postgresql.py", line 271, in create_database
    self.enable_disable_extensions(dict.fromkeys(plugins, True), database)
  File "/var/lib/juju/agents/unit-postgresql-k8s-0/charm/lib/charms/tempo_coordinator_k8s/v0/charm_tracing.py", line 1153, in wrapped_function
    return callable(*args, **kwargs)  # type: ignore
  File "/var/lib/juju/agents/unit-postgresql-k8s-0/charm/lib/charms/postgresql_k8s/v0/postgresql.py", line 467, in enable_disable_extensions
    raise PostgreSQLEnableDisableExtensionError() from e
charms.postgresql_k8s.v0.postgresql.PostgreSQLEnableDisableExtensionError
unit-postgresql-k8s-0: 01:36:11 ERROR juju.worker.uniter.operation hook "secret-remove" (via hook dispatching script: dispatch) failed: exit status 1

[32mINFO    [0m pytest_operator.plugin:plugin.py:1039 Forgetting model main...