[32mINFO    [0m juju.model:model.py:2972 Waiting for model:
  pgbouncer-k8s (waiting for exactly 3 units, current : 1)
[32mINFO    [0m juju.model:model.py:2972 Waiting for model:
  pgbouncer-k8s/0 [executing] active: 
  pgbouncer-k8s/2 [executing] maintenance: installing charm software
  pgbouncer-k8s/1 [executing] maintenance: installing charm software
[32mINFO    [0m juju.model:model.py:2972 Waiting for model:
  pgbouncer-k8s/0 [executing] active: 
  pgbouncer-k8s/2 [executing] active: 
  pgbouncer-k8s/1 [executing] active: 
[32mINFO    [0m juju.model:model.py:2972 Waiting for model:
  pgbouncer-k8s/2 [idle] active: 
  pgbouncer-k8s/1 [idle] active: 
[32mINFO    [0m juju.model:model.py:2972 Waiting for model:
  pgbouncer-k8s/0 [idle] active: 
  pgbouncer-k8s/2 [idle] active: 
  pgbouncer-k8s/1 [idle] active: 
[32mINFO    [0m juju.model:model.py:2972 Waiting for model:
  postgresql-k8s/0 [idle] active: Primary
  postgresql-k8s/1 [idle] active: 
  postgresql-k8s/2 [idle] active: 
[32mINFO    [0m juju.model:model.py:2972 Waiting for model:
  pgbouncer-k8s (waiting for exactly 1 units, current : 3)
[32mINFO    [0m pytest_operator.plugin:plugin.py:903 Model status:

Model  Controller          Cloud/Region        Version  SLA          Timestamp
test   microk8s-localhost  microk8s/localhost  3.4.5    unsupported  01:43:31Z

App                       Version  Status   Scale  Charm                     Channel        Rev  Address         Exposed  Message
finos-waltz                        active       1  finos-waltz-k8s           latest/edge     33  10.152.183.173  no       
pgbouncer-k8s             1.21.0   waiting    3/1  pgbouncer-k8s                              0  10.152.183.64   no       installing agent
postgresql-k8s            14.12    active       3  postgresql-k8s            14/edge        364  10.152.183.117  no       
self-signed-certificates           active       1  self-signed-certificates  latest/stable  155  10.152.183.208  no       

Unit                         Workload  Agent      Address       Ports  Message
finos-waltz/0*               active    executing  10.1.143.144         
pgbouncer-k8s/0*             active    executing  10.1.143.142         
pgbouncer-k8s/1              active    executing  10.1.143.145         
pgbouncer-k8s/2              error     idle       10.1.143.146         hook failed: "update-status"
postgresql-k8s/0*            active    idle       10.1.143.139         Primary
postgresql-k8s/1             active    idle       10.1.143.141         
postgresql-k8s/2             active    idle       10.1.143.140         
self-signed-certificates/0*  active    idle       10.1.143.143         

[32mINFO    [0m pytest_operator.plugin:plugin.py:909 Juju error logs:

unit-pgbouncer-k8s-2: 01:43:30 ERROR unit.pgbouncer-k8s/2.juju-log Uncaught exception while in charm code:
Traceback (most recent call last):
  File "/var/lib/juju/agents/unit-pgbouncer-k8s-2/charm/venv/ops/model.py", line 3187, in _run
    result = subprocess.run(args, **kwargs)  # type: ignore
  File "/usr/lib/python3.10/subprocess.py", line 526, in run
    raise CalledProcessError(retcode, process.args,
subprocess.CalledProcessError: Command '('/var/lib/juju/tools/unit-pgbouncer-k8s-2/secret-get', '--label', 'backend-database.6.user.secret', '--refresh', '--format=json')' returned non-zero exit status 1.

The above exception was the direct cause of the following exception:

Traceback (most recent call last):
  File "/var/lib/juju/agents/unit-pgbouncer-k8s-2/charm/venv/ops/model.py", line 3552, in secret_get
    result = self._run('secret-get', *args, return_output=True, use_json=True)
  File "/var/lib/juju/agents/unit-pgbouncer-k8s-2/charm/venv/ops/model.py", line 3189, in _run
    raise ModelError(e.stderr) from e
ops.model.ModelError: ERROR consumer label "backend-database.6.user.secret" not found


The above exception was the direct cause of the following exception:

Traceback (most recent call last):
  File "/var/lib/juju/agents/unit-pgbouncer-k8s-2/charm/./src/charm.py", line 1045, in <module>
    main(PgBouncerK8sCharm)
  File "/var/lib/juju/agents/unit-pgbouncer-k8s-2/charm/venv/ops/main.py", line 551, in main
    manager.run()
  File "/var/lib/juju/agents/unit-pgbouncer-k8s-2/charm/venv/ops/main.py", line 530, in run
    self._emit()
  File "/var/lib/juju/agents/unit-pgbouncer-k8s-2/charm/venv/ops/main.py", line 516, in _emit
    self.framework.reemit()
  File "/var/lib/juju/agents/unit-pgbouncer-k8s-2/charm/venv/ops/framework.py", line 870, in reemit
    self._reemit()
  File "/var/lib/juju/agents/unit-pgbouncer-k8s-2/charm/venv/ops/framework.py", line 950, in _reemit
    custom_handler(event)
  File "/var/lib/juju/agents/unit-pgbouncer-k8s-2/charm/lib/charms/tempo_k8s/v1/charm_tracing.py", line 735, in wrapped_function
    return callable(*args, **kwargs)  # type: ignore
  File "/var/lib/juju/agents/unit-pgbouncer-k8s-2/charm/src/relations/db.py", line 289, in _on_relation_changed
    if not self.charm.backend.check_backend():
  File "/var/lib/juju/agents/unit-pgbouncer-k8s-2/charm/lib/charms/tempo_k8s/v1/charm_tracing.py", line 735, in wrapped_function
    return callable(*args, **kwargs)  # type: ignore
  File "/var/lib/juju/agents/unit-pgbouncer-k8s-2/charm/src/relations/backend_database.py", line 459, in check_backend
    if not self.ready:
  File "/var/lib/juju/agents/unit-pgbouncer-k8s-2/charm/src/relations/backend_database.py", line 197, in ready
    if not self.postgres:
  File "/var/lib/juju/agents/unit-pgbouncer-k8s-2/charm/src/relations/backend_database.py", line 134, in postgres
    user = self.database.fetch_relation_field(self.relation.id, "username")
  File "/var/lib/juju/agents/unit-pgbouncer-k8s-2/charm/lib/charms/data_platform_libs/v0/data_interfaces.py", line 1350, in fetch_relation_field
    self.fetch_relation_data([relation_id], [field], relation_name)
  File "/var/lib/juju/agents/unit-pgbouncer-k8s-2/charm/lib/charms/data_platform_libs/v0/data_interfaces.py", line 1342, in fetch_relation_data
    data[relation.id] = self._fetch_specific_relation_data(relation, fields)
  File "/var/lib/juju/agents/unit-pgbouncer-k8s-2/charm/lib/charms/data_platform_libs/v0/data_interfaces.py", line 1818, in _fetch_specific_relation_data
    return self._fetch_relation_data_with_secrets(
  File "/var/lib/juju/agents/unit-pgbouncer-k8s-2/charm/lib/charms/data_platform_libs/v0/data_interfaces.py", line 1242, in _fetch_relation_data_with_secrets
    result, normal_fields = self._process_secret_fields(
  File "/var/lib/juju/agents/unit-pgbouncer-k8s-2/charm/lib/charms/data_platform_libs/v0/data_interfaces.py", line 1186, in _process_secret_fields
    if group_result := operation(relation, group, secret_fields, *args, **kwargs):
  File "/var/lib/juju/agents/unit-pgbouncer-k8s-2/charm/lib/charms/data_platform_libs/v0/data_interfaces.py", line 1120, in _get_group_secret_contents
    secret_data := secret.get_content()
  File "/var/lib/juju/agents/unit-pgbouncer-k8s-2/charm/lib/charms/data_platform_libs/v0/data_interfaces.py", line 746, in get_content
    self._secret_content = self.meta.get_content(refresh=True)
  File "/var/lib/juju/agents/unit-pgbouncer-k8s-2/charm/venv/ops/model.py", line 1392, in get_content
    self._content = self._backend.secret_get(id=self.id, label=self.label, refresh=refresh)
  File "/var/lib/juju/agents/unit-pgbouncer-k8s-2/charm/venv/ops/model.py", line 3555, in secret_get
    raise SecretNotFoundError() from e
ops.model.SecretNotFoundError
unit-pgbouncer-k8s-2: 01:43:31 ERROR juju.worker.uniter.operation hook "update-status" (via hook dispatching script: dispatch) failed: exit status 1

[32mINFO    [0m pytest_operator.plugin:plugin.py:991 Forgetting model main...