[32mINFO    [0m pytest_operator.plugin:plugin.py:951 Model status:

Model    Controller          Cloud/Region        Version  SLA          Timestamp
testing  concierge-microk8s  microk8s/localhost  3.6.12   unsupported  01:39:58Z

App                  Version  Status   Scale  Charm                Channel      Rev  Address         Exposed  Message
pgbouncer-k8s        1.21.0   error        3  pgbouncer-k8s        1/edge       500  10.152.183.110  no       hook failed: "update-status"
postgresql-k8s       14.20    active       3  postgresql-k8s       14/edge      711  10.152.183.53   no       
postgresql-test-app           blocked      1  postgresql-test-app  latest/edge  424  10.152.183.237  no       No database integration available

Unit                    Workload  Agent      Address      Ports  Message
pgbouncer-k8s/0*        active    executing  10.1.206.75         
pgbouncer-k8s/1         error     idle       10.1.206.77         hook failed: "update-status"
pgbouncer-k8s/2         blocked   executing  10.1.206.76         backend database relation not ready
postgresql-k8s/0*       active    executing  10.1.206.83         Primary
postgresql-k8s/1        active    executing  10.1.206.82         
postgresql-k8s/2        active    executing  10.1.206.81         
postgresql-test-app/0*  blocked   idle       10.1.206.74         No database integration available

[32mINFO    [0m pytest_operator.plugin:plugin.py:957 Juju error logs:

unit-pgbouncer-k8s-1: 01:39:56 ERROR unit.pgbouncer-k8s/1.juju-log Uncaught exception while in charm code:
Traceback (most recent call last):
  File "/var/lib/juju/agents/unit-pgbouncer-k8s-1/charm/venv/lib/python3.10/site-packages/ops/model.py", line 3637, in _run
    result = subprocess.run(args, **kwargs)  # type: ignore
  File "/usr/lib/python3.10/subprocess.py", line 526, in run
    raise CalledProcessError(retcode, process.args,
subprocess.CalledProcessError: Command '('/var/lib/juju/tools/unit-pgbouncer-k8s-1/secret-get', '--label', 'pgb-peers.pgbouncer-k8s.app', '--format=json')' returned non-zero exit status 1.

The above exception was the direct cause of the following exception:

Traceback (most recent call last):
  File "/var/lib/juju/agents/unit-pgbouncer-k8s-1/charm/src/charm.py", line 1163, in <module>
    main(PgBouncerK8sCharm)
  File "/var/lib/juju/agents/unit-pgbouncer-k8s-1/charm/venv/lib/python3.10/site-packages/ops/__init__.py", line 356, in __call__
    return _main.main(charm_class=charm_class, use_juju_for_storage=use_juju_for_storage)
  File "/var/lib/juju/agents/unit-pgbouncer-k8s-1/charm/venv/lib/python3.10/site-packages/ops/_main.py", line 502, in main
    manager.run()
  File "/var/lib/juju/agents/unit-pgbouncer-k8s-1/charm/venv/lib/python3.10/site-packages/ops/_main.py", line 486, in run
    self._emit()
  File "/var/lib/juju/agents/unit-pgbouncer-k8s-1/charm/venv/lib/python3.10/site-packages/ops/_main.py", line 421, in _emit
    self._emit_charm_event(self.dispatcher.event_name)
  File "/var/lib/juju/agents/unit-pgbouncer-k8s-1/charm/venv/lib/python3.10/site-packages/ops/_main.py", line 465, in _emit_charm_event
    event_to_emit.emit(*args, **kwargs)
  File "/var/lib/juju/agents/unit-pgbouncer-k8s-1/charm/venv/lib/python3.10/site-packages/ops/framework.py", line 351, in emit
    framework._emit(event)
  File "/var/lib/juju/agents/unit-pgbouncer-k8s-1/charm/venv/lib/python3.10/site-packages/ops/framework.py", line 924, in _emit
    self._reemit(event_path)
  File "/var/lib/juju/agents/unit-pgbouncer-k8s-1/charm/venv/lib/python3.10/site-packages/ops/framework.py", line 1030, in _reemit
    custom_handler(event)
  File "/var/lib/juju/agents/unit-pgbouncer-k8s-1/charm/lib/charms/tempo_coordinator_k8s/v0/charm_tracing.py", line 1146, in wrapped_function
    return callable(*args, **kwargs)  # type: ignore
  File "/var/lib/juju/agents/unit-pgbouncer-k8s-1/charm/src/charm.py", line 534, in _on_update_status
    self.update_status()
  File "/var/lib/juju/agents/unit-pgbouncer-k8s-1/charm/lib/charms/tempo_coordinator_k8s/v0/charm_tracing.py", line 1146, in wrapped_function
    return callable(*args, **kwargs)  # type: ignore
  File "/var/lib/juju/agents/unit-pgbouncer-k8s-1/charm/src/charm.py", line 664, in update_status
    if not self.backend.ready:
  File "/var/lib/juju/agents/unit-pgbouncer-k8s-1/charm/src/relations/backend_database.py", line 213, in ready
    if not self.charm.get_secret(APP_SCOPE, AUTH_FILE_DATABAG_KEY):
  File "/var/lib/juju/agents/unit-pgbouncer-k8s-1/charm/lib/charms/tempo_coordinator_k8s/v0/charm_tracing.py", line 1146, in wrapped_function
    return callable(*args, **kwargs)  # type: ignore
  File "/var/lib/juju/agents/unit-pgbouncer-k8s-1/charm/src/charm.py", line 796, in get_secret
    return self.peer_relation_data(scope).get_secret(peers.id, secret_key)
  File "/var/lib/juju/agents/unit-pgbouncer-k8s-1/charm/lib/charms/data_platform_libs/v0/data_interfaces.py", line 641, in wrapper
    return f(self, *args, **kwargs)
  File "/var/lib/juju/agents/unit-pgbouncer-k8s-1/charm/lib/charms/data_platform_libs/v0/data_interfaces.py", line 2302, in get_secret
    and full_field not in self.current_secret_fields
  File "/var/lib/juju/agents/unit-pgbouncer-k8s-1/charm/lib/charms/data_platform_libs/v0/data_interfaces.py", line 2259, in current_secret_fields
    if content := self._get_group_secret_contents(relation, group):
  File "/var/lib/juju/agents/unit-pgbouncer-k8s-1/charm/lib/charms/data_platform_libs/v0/data_interfaces.py", line 2600, in _get_group_secret_contents
    result = super()._get_group_secret_contents(relation, group, secret_fields)
  File "/var/lib/juju/agents/unit-pgbouncer-k8s-1/charm/lib/charms/data_platform_libs/v0/data_interfaces.py", line 1452, in _get_group_secret_contents
    if (secret := self._get_relation_secret(relation.id, group)) and (
  File "/var/lib/juju/agents/unit-pgbouncer-k8s-1/charm/lib/charms/data_platform_libs/v0/data_interfaces.py", line 628, in wrapper
    return f(self, *args, **kwargs)
  File "/var/lib/juju/agents/unit-pgbouncer-k8s-1/charm/lib/charms/data_platform_libs/v0/data_interfaces.py", line 2587, in _get_relation_secret
    return self.secrets.get(
  File "/var/lib/juju/agents/unit-pgbouncer-k8s-1/charm/lib/charms/data_platform_libs/v0/data_interfaces.py", line 934, in get
    if secret.meta:
  File "/var/lib/juju/agents/unit-pgbouncer-k8s-1/charm/lib/charms/data_platform_libs/v0/data_interfaces.py", line 764, in meta
    self._secret_meta = self._model.get_secret(label=self.label)
  File "/var/lib/juju/agents/unit-pgbouncer-k8s-1/charm/venv/lib/python3.10/site-packages/ops/model.py", line 325, in get_secret
    content = self._backend.secret_get(id=id, label=label)
  File "/var/lib/juju/agents/unit-pgbouncer-k8s-1/charm/venv/lib/python3.10/site-packages/ops/model.py", line 4023, in secret_get
    result = self._run('secret-get', *args, return_output=True, use_json=True)
  File "/var/lib/juju/agents/unit-pgbouncer-k8s-1/charm/venv/lib/python3.10/site-packages/ops/model.py", line 3639, in _run
    raise ModelError(e.stderr) from e
ops.model.ModelError: ERROR permission denied


[32mINFO    [0m pytest_operator.plugin:plugin.py:1039 Forgetting model main...