[32mINFO    [0m integration.test_upgrade:test_upgrade.py:162 starting continuous writes to the database
[32mINFO    [0m integration.test_upgrade:test_upgrade.py:166 checking whether writes are increasing
[32mINFO    [0m httpx:_client.py:1025 HTTP Request: GET https://10.1.0.48:16443/api/v1/namespaces/test/pods/postgresql-k8s-0 "HTTP/1.1 200 OK"
[32mINFO    [0m httpx:_client.py:1025 HTTP Request: GET https://10.1.0.48:16443/api/v1/namespaces/test/pods/postgresql-k8s-2 "HTTP/1.1 200 OK"
[32mINFO    [0m httpx:_client.py:1025 HTTP Request: GET https://10.1.0.48:16443/api/v1/namespaces/test/pods/postgresql-k8s-0 "HTTP/1.1 200 OK"
[32mINFO    [0m httpx:_client.py:1025 HTTP Request: GET https://10.1.0.48:16443/api/v1/namespaces/test/pods/postgresql-k8s-2 "HTTP/1.1 200 OK"
[32mINFO    [0m httpx:_client.py:1025 HTTP Request: GET https://10.1.0.48:16443/api/v1/namespaces/test/pods/postgresql-k8s-0 "HTTP/1.1 200 OK"
[32mINFO    [0m httpx:_client.py:1025 HTTP Request: GET https://10.1.0.48:16443/api/v1/namespaces/test/pods/postgresql-k8s-2 "HTTP/1.1 200 OK"
[32mINFO    [0m integration.test_upgrade:test_upgrade.py:169 Get leader unit
[32mINFO    [0m integration.test_upgrade:test_upgrade.py:175 Run pre-upgrade-check action
[32mINFO    [0m integration.test_upgrade:test_upgrade.py:183 Inject dependency fault
[32mINFO    [0m integration.test_upgrade:test_upgrade.py:188 Refresh the charm
[32mINFO    [0m integration.test_upgrade:test_upgrade.py:191 Get first upgrading unit
[32mINFO    [0m integration.test_upgrade:test_upgrade.py:195 Wait for upgrade to fail on first upgrading unit
[32mINFO    [0m integration.test_upgrade:test_upgrade.py:202 Ensure continuous_writes while in failure state on remaining units
[32mINFO    [0m httpx:_client.py:1025 HTTP Request: GET https://10.1.0.48:16443/api/v1/namespaces/test/pods/postgresql-k8s-0 "HTTP/1.1 200 OK"
[32mINFO    [0m httpx:_client.py:1025 HTTP Request: GET https://10.1.0.48:16443/api/v1/namespaces/test/pods/postgresql-k8s-2 "HTTP/1.1 200 OK"
[32mINFO    [0m httpx:_client.py:1025 HTTP Request: GET https://10.1.0.48:16443/api/v1/namespaces/test/pods/postgresql-k8s-0 "HTTP/1.1 200 OK"
[32mINFO    [0m httpx:_client.py:1025 HTTP Request: GET https://10.1.0.48:16443/api/v1/namespaces/test/pods/postgresql-k8s-2 "HTTP/1.1 200 OK"
[32mINFO    [0m httpx:_client.py:1025 HTTP Request: GET https://10.1.0.48:16443/api/v1/namespaces/test/pods/postgresql-k8s-0 "HTTP/1.1 200 OK"
[32mINFO    [0m httpx:_client.py:1025 HTTP Request: GET https://10.1.0.48:16443/api/v1/namespaces/test/pods/postgresql-k8s-2 "HTTP/1.1 200 OK"
[32mINFO    [0m integration.test_upgrade:test_upgrade.py:205 Re-run pre-upgrade-check action
[32mINFO    [0m integration.test_upgrade:test_upgrade.py:209 Re-refresh the charm
[32mINFO    [0m juju.model:__init__.py:3254 Waiting for model:
  pgbouncer-k8s/0 [idle] active: 
  pgbouncer-k8s/1 [idle] blocked: ready to rollback application
  pgbouncer-k8s/2 [idle] active: 
[32mINFO    [0m juju.model:__init__.py:3254 Waiting for model:
  pgbouncer-k8s/0 [idle] waiting: other units upgrading first...
  pgbouncer-k8s/1 [idle] blocked: ready to rollback application
  pgbouncer-k8s/2 [idle] active: 
[32mINFO    [0m integration.test_upgrade:test_upgrade.py:216 Resume upgrade
[32mINFO    [0m integration.test_upgrade:test_upgrade.py:220 Wait for application to recover
[32mINFO    [0m juju.model:__init__.py:3254 Waiting for model:
  pgbouncer-k8s/0 [idle] active: 
  pgbouncer-k8s/1 [executing] maintenance: stopping charm software
  pgbouncer-k8s/2 [idle] active: 
[32mINFO    [0m juju.model:__init__.py:3254 Waiting for model:
  pgbouncer-k8s/0 [executing] maintenance: 
  pgbouncer-k8s/1 [idle] active: 
  pgbouncer-k8s/2 [idle] active: 
[32mINFO    [0m juju.model:__init__.py:3254 Waiting for model:
  pgbouncer-k8s/0 [idle] active: 
  pgbouncer-k8s/1 [idle] active: 
  pgbouncer-k8s/2 [executing] active: 
[32mINFO    [0m integration.test_upgrade:test_upgrade.py:224 Ensure continuous_writes after rollback procedure
[32mINFO    [0m httpx:_client.py:1025 HTTP Request: GET https://10.1.0.48:16443/api/v1/namespaces/test/pods/postgresql-k8s-0 "HTTP/1.1 200 OK"
[32mINFO    [0m httpx:_client.py:1025 HTTP Request: GET https://10.1.0.48:16443/api/v1/namespaces/test/pods/postgresql-k8s-2 "HTTP/1.1 200 OK"
[32mINFO    [0m httpx:_client.py:1025 HTTP Request: GET https://10.1.0.48:16443/api/v1/namespaces/test/pods/postgresql-k8s-0 "HTTP/1.1 200 OK"
[32mINFO    [0m httpx:_client.py:1025 HTTP Request: GET https://10.1.0.48:16443/api/v1/namespaces/test/pods/postgresql-k8s-2 "HTTP/1.1 200 OK"
[32mINFO    [0m httpx:_client.py:1025 HTTP Request: GET https://10.1.0.48:16443/api/v1/namespaces/test/pods/postgresql-k8s-0 "HTTP/1.1 200 OK"
[32mINFO    [0m httpx:_client.py:1025 HTTP Request: GET https://10.1.0.48:16443/api/v1/namespaces/test/pods/postgresql-k8s-2 "HTTP/1.1 200 OK"
[32mINFO    [0m integration.test_upgrade:test_upgrade.py:229 Checking whether no writes were lost
[32mINFO    [0m httpx:_client.py:1025 HTTP Request: GET https://10.1.0.48:16443/api/v1/namespaces/test/pods/postgresql-k8s-0 "HTTP/1.1 200 OK"
[32mINFO    [0m httpx:_client.py:1025 HTTP Request: GET https://10.1.0.48:16443/api/v1/namespaces/test/pods/postgresql-k8s-2 "HTTP/1.1 200 OK"
[32mINFO    [0m pytest_operator.plugin:plugin.py:929 Model status:

Model  Controller          Cloud/Region        Version  SLA          Timestamp
test   microk8s-localhost  microk8s/localhost  3.6.2    unsupported  01:44:10Z

App                  Version  Status  Scale  Charm                Channel      Rev  Address         Exposed  Message
pgbouncer-k8s        1.21.0   active      3  pgbouncer-k8s                       2  10.152.183.226  no       
postgresql-k8s       14.15    active      3  postgresql-k8s       14/edge      491  10.152.183.213  no       
postgresql-test-app           active      1  postgresql-test-app  latest/edge  338  10.152.183.39   no       received database credentials of the first database

Unit                    Workload  Agent  Address       Ports  Message
pgbouncer-k8s/0         active    idle   10.1.147.216         
pgbouncer-k8s/1*        active    idle   10.1.147.215         
pgbouncer-k8s/2         active    idle   10.1.147.214         
postgresql-k8s/0        active    idle   10.1.147.207         
postgresql-k8s/1        active    idle   10.1.147.209         
postgresql-k8s/2*       active    idle   10.1.147.208         Primary
postgresql-test-app/0*  active    idle   10.1.147.200         received database credentials of the first database

[32mINFO    [0m pytest_operator.plugin:plugin.py:935 Juju error logs:

unit-postgresql-test-app-0: 01:35:48 ERROR unit.postgresql-test-app/0.juju-log Unable to create table
Traceback (most recent call last):
  File "/var/lib/juju/agents/unit-postgresql-test-app-0/charm/src/charm.py", line 352, in _on_start_continuous_writes_action
    psycopg2.connect(self._connection_string) as connection,
  File "/var/lib/juju/agents/unit-postgresql-test-app-0/charm/venv/lib/python3.10/site-packages/psycopg2/__init__.py", line 122, in connect
    conn = _connect(dsn, connection_factory=connection_factory, **kwasync)
psycopg2.OperationalError: connection to server at "pgbouncer-k8s-1.pgbouncer-k8s-endpoints.test.svc.cluster.local" (10.1.147.202), port 6432 failed: FATAL:  server login has been failing, try again later (server_login_retry)

unit-postgresql-test-app-0: 01:35:48 ERROR unit.postgresql-test-app/0.juju-log Uncaught exception while in charm code:
Traceback (most recent call last):
  File "/var/lib/juju/agents/unit-postgresql-test-app-0/charm/src/charm.py", line 566, in <module>
    main(ApplicationCharm)
  File "/var/lib/juju/agents/unit-postgresql-test-app-0/charm/venv/lib/python3.10/site-packages/ops/__init__.py", line 343, in __call__
    return _main.main(charm_class=charm_class, use_juju_for_storage=use_juju_for_storage)
  File "/var/lib/juju/agents/unit-postgresql-test-app-0/charm/venv/lib/python3.10/site-packages/ops/_main.py", line 543, in main
    manager.run()
  File "/var/lib/juju/agents/unit-postgresql-test-app-0/charm/venv/lib/python3.10/site-packages/ops/_main.py", line 529, in run
    self._emit()
  File "/var/lib/juju/agents/unit-postgresql-test-app-0/charm/venv/lib/python3.10/site-packages/ops/_main.py", line 518, in _emit
    _emit_charm_event(self.charm, self.dispatcher.event_name, self._juju_context)
  File "/var/lib/juju/agents/unit-postgresql-test-app-0/charm/venv/lib/python3.10/site-packages/ops/_main.py", line 134, in _emit_charm_event
    event_to_emit.emit(*args, **kwargs)
  File "/var/lib/juju/agents/unit-postgresql-test-app-0/charm/venv/lib/python3.10/site-packages/ops/framework.py", line 347, in emit
    framework._emit(event)
  File "/var/lib/juju/agents/unit-postgresql-test-app-0/charm/venv/lib/python3.10/site-packages/ops/framework.py", line 857, in _emit
    self._reemit(event_path)
  File "/var/lib/juju/agents/unit-postgresql-test-app-0/charm/venv/lib/python3.10/site-packages/ops/framework.py", line 947, in _reemit
    custom_handler(event)
  File "/var/lib/juju/agents/unit-postgresql-test-app-0/charm/src/charm.py", line 365, in _on_start_continuous_writes_action
    connection.close()
UnboundLocalError: local variable 'connection' referenced before assignment
unit-postgresql-test-app-0: 01:36:52 ERROR unit.postgresql-test-app/0.juju-log Unable to read result
Traceback (most recent call last):
  File "/var/lib/juju/agents/unit-postgresql-test-app-0/charm/src/charm.py", line 435, in _stop_continuous_writes
    with attempt, open(LAST_WRITTEN_FILE) as fd:
FileNotFoundError: [Errno 2] No such file or directory: '/tmp/last_written_value'

The above exception was the direct cause of the following exception:

Traceback (most recent call last):
  File "/var/lib/juju/agents/unit-postgresql-test-app-0/charm/src/charm.py", line 434, in _stop_continuous_writes
    for attempt in Retrying(stop=stop_after_delay(60), wait=wait_fixed(5)):
  File "/var/lib/juju/agents/unit-postgresql-test-app-0/charm/venv/lib/python3.10/site-packages/tenacity/__init__.py", line 443, in __iter__
    do = self.iter(retry_state=retry_state)
  File "/var/lib/juju/agents/unit-postgresql-test-app-0/charm/venv/lib/python3.10/site-packages/tenacity/__init__.py", line 376, in iter
    result = action(retry_state)
  File "/var/lib/juju/agents/unit-postgresql-test-app-0/charm/venv/lib/python3.10/site-packages/tenacity/__init__.py", line 419, in exc_check
    raise retry_exc from fut.exception()
tenacity.RetryError: RetryError[<Future at 0x7f536d318be0 state=finished raised FileNotFoundError>]
unit-pgbouncer-k8s-2: 01:37:39 ERROR unit.pgbouncer-k8s/2.juju-log pgbouncer not running
unit-pgbouncer-k8s-2: 01:37:42 ERROR unit.pgbouncer-k8s/2.juju-log pgbouncer not running
unit-pgbouncer-k8s-2: 01:37:43 ERROR unit.pgbouncer-k8s/2.juju-log pgbouncer not running
unit-pgbouncer-k8s-2: 01:37:45 ERROR unit.pgbouncer-k8s/2.juju-log pgbouncer not running
unit-pgbouncer-k8s-1: 01:38:51 ERROR unit.pgbouncer-k8s/1.juju-log pgbouncer not running
unit-pgbouncer-k8s-1: 01:38:52 ERROR unit.pgbouncer-k8s/1.juju-log pgbouncer not running
unit-pgbouncer-k8s-1: 01:38:54 ERROR unit.pgbouncer-k8s/1.juju-log pgbouncer not running
unit-pgbouncer-k8s-1: 01:38:55 ERROR unit.pgbouncer-k8s/1.juju-log Uncaught exception while in charm code:
Traceback (most recent call last):
  File "/var/lib/juju/agents/unit-pgbouncer-k8s-1/charm/src/charm.py", line 1071, in <module>
    main(PgBouncerK8sCharm)
  File "/var/lib/juju/agents/unit-pgbouncer-k8s-1/charm/venv/lib/python3.10/site-packages/ops/__init__.py", line 343, in __call__
    return _main.main(charm_class=charm_class, use_juju_for_storage=use_juju_for_storage)
  File "/var/lib/juju/agents/unit-pgbouncer-k8s-1/charm/venv/lib/python3.10/site-packages/ops/_main.py", line 543, in main
    manager.run()
  File "/var/lib/juju/agents/unit-pgbouncer-k8s-1/charm/venv/lib/python3.10/site-packages/ops/_main.py", line 529, in run
    self._emit()
  File "/var/lib/juju/agents/unit-pgbouncer-k8s-1/charm/venv/lib/python3.10/site-packages/ops/_main.py", line 518, in _emit
    _emit_charm_event(self.charm, self.dispatcher.event_name, self._juju_context)
  File "/var/lib/juju/agents/unit-pgbouncer-k8s-1/charm/venv/lib/python3.10/site-packages/ops/_main.py", line 134, in _emit_charm_event
    event_to_emit.emit(*args, **kwargs)
  File "/var/lib/juju/agents/unit-pgbouncer-k8s-1/charm/venv/lib/python3.10/site-packages/ops/framework.py", line 347, in emit
    framework._emit(event)
  File "/var/lib/juju/agents/unit-pgbouncer-k8s-1/charm/venv/lib/python3.10/site-packages/ops/framework.py", line 857, in _emit
    self._reemit(event_path)
  File "/var/lib/juju/agents/unit-pgbouncer-k8s-1/charm/venv/lib/python3.10/site-packages/ops/framework.py", line 947, in _reemit
    custom_handler(event)
  File "/var/lib/juju/agents/unit-pgbouncer-k8s-1/charm/lib/charms/tempo_coordinator_k8s/v0/charm_tracing.py", line 1064, in wrapped_function
    return callable(*args, **kwargs)  # type: ignore
  File "/var/lib/juju/agents/unit-pgbouncer-k8s-1/charm/src/charm.py", line 400, in _on_pgbouncer_pebble_ready
    container.replan()
  File "/var/lib/juju/agents/unit-pgbouncer-k8s-1/charm/venv/lib/python3.10/site-packages/ops/model.py", line 2381, in replan
    self._pebble.replan_services()
  File "/var/lib/juju/agents/unit-pgbouncer-k8s-1/charm/venv/lib/python3.10/site-packages/ops/pebble.py", line 2144, in replan_services
    return self._services_action('replan', [], timeout, delay)
  File "/var/lib/juju/agents/unit-pgbouncer-k8s-1/charm/venv/lib/python3.10/site-packages/ops/pebble.py", line 2244, in _services_action
    raise ChangeError(change.err, change)
ops.pebble.ChangeError: cannot perform the following tasks:
- Start service "metrics_server" (service start attempt: exited quickly with code 1, will restart)
----- Logs from task 5 -----
2025-01-27T01:38:54Z INFO Most recent service output:
    ts=2025-01-27T01:38:54.597Z caller=collector.go:138 level=error msg="error setting up DB connection" err="error pinging pgbouncer: dial tcp [::1]:6432: connect: connection refused"
2025-01-27T01:38:54Z ERROR service start attempt: exited quickly with code 1, will restart
-----
unit-pgbouncer-k8s-1: 01:38:55 ERROR juju.worker.uniter.operation hook "pgbouncer-pebble-ready" (via hook dispatching script: dispatch) failed: exit status 1
unit-pgbouncer-k8s-1: 01:38:55 ERROR juju.worker.uniter pebble poll failed for container "pgbouncer": failed to send pebble-ready event: hook failed
unit-pgbouncer-k8s-0: 01:39:16 ERROR unit.pgbouncer-k8s/0.juju-log pgbouncer not running
unit-pgbouncer-k8s-0: 01:39:18 ERROR unit.pgbouncer-k8s/0.juju-log pgbouncer not running
unit-pgbouncer-k8s-0: 01:39:20 ERROR unit.pgbouncer-k8s/0.juju-log pgbouncer not running
unit-pgbouncer-k8s-0: 01:39:21 ERROR unit.pgbouncer-k8s/0.juju-log pgbouncer not running
unit-pgbouncer-k8s-2: 01:41:26 ERROR unit.pgbouncer-k8s/2.juju-log charms.data_platform_libs.v0.upgrade.VersionError - {'message': 'Versions incompatible, charm 1 can not be upgraded to 15.0', 'cause': 'Upgrades only supported for specific versions, charm versions satisfying requirement ^15', 'resolution': ''}
unit-pgbouncer-k8s-2: 01:41:28 ERROR unit.pgbouncer-k8s/2.juju-log pgbouncer not running
unit-pgbouncer-k8s-2: 01:41:31 ERROR unit.pgbouncer-k8s/2.juju-log pgbouncer not running
unit-pgbouncer-k8s-2: 01:41:32 ERROR unit.pgbouncer-k8s/2.juju-log pgbouncer not running
unit-pgbouncer-k8s-2: 01:41:34 ERROR unit.pgbouncer-k8s/2.juju-log pgbouncer not running
unit-pgbouncer-k8s-2: 01:42:00 ERROR unit.pgbouncer-k8s/2.juju-log pgbouncer not running
unit-pgbouncer-k8s-2: 01:42:01 ERROR unit.pgbouncer-k8s/2.juju-log pgbouncer not running
unit-pgbouncer-k8s-2: 01:42:03 ERROR unit.pgbouncer-k8s/2.juju-log pgbouncer not running
unit-pgbouncer-k8s-2: 01:42:04 ERROR unit.pgbouncer-k8s/2.juju-log pgbouncer not running
unit-pgbouncer-k8s-1: 01:42:59 ERROR unit.pgbouncer-k8s/1.juju-log pgbouncer not running
unit-pgbouncer-k8s-1: 01:43:01 ERROR unit.pgbouncer-k8s/1.juju-log pgbouncer not running
unit-pgbouncer-k8s-1: 01:43:02 ERROR unit.pgbouncer-k8s/1.juju-log pgbouncer not running
unit-pgbouncer-k8s-0: 01:43:22 ERROR unit.pgbouncer-k8s/0.juju-log pgbouncer not running
unit-pgbouncer-k8s-0: 01:43:24 ERROR unit.pgbouncer-k8s/0.juju-log pgbouncer not running
unit-pgbouncer-k8s-0: 01:43:26 ERROR unit.pgbouncer-k8s/0.juju-log pgbouncer not running
unit-pgbouncer-k8s-0: 01:43:27 ERROR unit.pgbouncer-k8s/0.juju-log pgbouncer not running

[32mINFO    [0m pytest_operator.plugin:plugin.py:1017 Forgetting model main...