[32mINFO    [0m integration.test_upgrade:test_upgrade.py:162 starting continuous writes to the database
[32mINFO    [0m integration.test_upgrade:test_upgrade.py:166 checking whether writes are increasing
[32mINFO    [0m httpx:_client.py:1038 HTTP Request: GET https://10.1.0.41:16443/api/v1/namespaces/test/pods/postgresql-k8s-0 "HTTP/1.1 200 OK"
[32mINFO    [0m httpx:_client.py:1038 HTTP Request: GET https://10.1.0.41:16443/api/v1/namespaces/test/pods/postgresql-k8s-1 "HTTP/1.1 200 OK"
[32mINFO    [0m httpx:_client.py:1038 HTTP Request: GET https://10.1.0.41:16443/api/v1/namespaces/test/pods/postgresql-k8s-0 "HTTP/1.1 200 OK"
[32mINFO    [0m httpx:_client.py:1038 HTTP Request: GET https://10.1.0.41:16443/api/v1/namespaces/test/pods/postgresql-k8s-1 "HTTP/1.1 200 OK"
[32mINFO    [0m httpx:_client.py:1038 HTTP Request: GET https://10.1.0.41:16443/api/v1/namespaces/test/pods/postgresql-k8s-0 "HTTP/1.1 200 OK"
[32mINFO    [0m httpx:_client.py:1038 HTTP Request: GET https://10.1.0.41:16443/api/v1/namespaces/test/pods/postgresql-k8s-1 "HTTP/1.1 200 OK"
[32mINFO    [0m integration.test_upgrade:test_upgrade.py:169 Get leader unit
[32mINFO    [0m integration.test_upgrade:test_upgrade.py:175 Run pre-upgrade-check action
[32mINFO    [0m integration.test_upgrade:test_upgrade.py:183 Inject dependency fault
[32mINFO    [0m integration.test_upgrade:test_upgrade.py:188 Refresh the charm
[32mINFO    [0m integration.test_upgrade:test_upgrade.py:191 Get first upgrading unit
[32mINFO    [0m integration.test_upgrade:test_upgrade.py:195 Wait for upgrade to fail on first upgrading unit
[32mINFO    [0m integration.test_upgrade:test_upgrade.py:202 Ensure continuous_writes while in failure state on remaining units
[32mINFO    [0m httpx:_client.py:1038 HTTP Request: GET https://10.1.0.41:16443/api/v1/namespaces/test/pods/postgresql-k8s-0 "HTTP/1.1 200 OK"
[32mINFO    [0m httpx:_client.py:1038 HTTP Request: GET https://10.1.0.41:16443/api/v1/namespaces/test/pods/postgresql-k8s-1 "HTTP/1.1 200 OK"
[32mINFO    [0m httpx:_client.py:1038 HTTP Request: GET https://10.1.0.41:16443/api/v1/namespaces/test/pods/postgresql-k8s-0 "HTTP/1.1 200 OK"
[32mINFO    [0m httpx:_client.py:1038 HTTP Request: GET https://10.1.0.41:16443/api/v1/namespaces/test/pods/postgresql-k8s-1 "HTTP/1.1 200 OK"
[32mINFO    [0m httpx:_client.py:1038 HTTP Request: GET https://10.1.0.41:16443/api/v1/namespaces/test/pods/postgresql-k8s-0 "HTTP/1.1 200 OK"
[32mINFO    [0m httpx:_client.py:1038 HTTP Request: GET https://10.1.0.41:16443/api/v1/namespaces/test/pods/postgresql-k8s-1 "HTTP/1.1 200 OK"
[32mINFO    [0m integration.test_upgrade:test_upgrade.py:205 Re-run pre-upgrade-check action
[32mINFO    [0m integration.test_upgrade:test_upgrade.py:209 Re-refresh the charm
[32mINFO    [0m juju.model:__init__.py:3254 Waiting for model:
  pgbouncer-k8s/0 [idle] active: 
  pgbouncer-k8s/1 [idle] blocked: ready to rollback application
  pgbouncer-k8s/2 [idle] active: 
[32mINFO    [0m juju.model:__init__.py:3254 Waiting for model:
  pgbouncer-k8s/0 [idle] waiting: other units upgrading first...
  pgbouncer-k8s/1 [idle] blocked: ready to rollback application
  pgbouncer-k8s/2 [idle] active: 
[32mINFO    [0m juju.model:__init__.py:3254 Waiting for model:
  pgbouncer-k8s/0 [executing] waiting: other units upgrading first...
  pgbouncer-k8s/1 [executing] active: 
  pgbouncer-k8s/2 [executing] active: 
[32mINFO    [0m juju.model:__init__.py:3254 Waiting for model:
  pgbouncer-k8s/0 [idle] active: 
  pgbouncer-k8s/1 [idle] active: 
  pgbouncer-k8s/2 [idle] active: 
[32mINFO    [0m integration.test_upgrade:test_upgrade.py:216 Resume upgrade
[32mINFO    [0m integration.test_upgrade:test_upgrade.py:220 Wait for application to recover
[32mINFO    [0m juju.model:__init__.py:3254 Waiting for model:
  pgbouncer-k8s/0 [idle] active: 
  pgbouncer-k8s/1 [executing] maintenance: 
  pgbouncer-k8s/2 [idle] active:
[32mINFO    [0m pytest_operator.plugin:plugin.py:903 Model status:

Model  Controller          Cloud/Region        Version  SLA          Timestamp
test   microk8s-localhost  microk8s/localhost  3.6.1    unsupported  01:44:21Z

App                  Version  Status       Scale  Charm                Channel      Rev  Address         Exposed  Message
pgbouncer-k8s        1.21.0   maintenance      3  pgbouncer-k8s                       2  10.152.183.252  no       
postgresql-k8s       14.13    active           3  postgresql-k8s       14/edge      482  10.152.183.29   no       
postgresql-test-app           active           1  postgresql-test-app  latest/edge  312  10.152.183.220  no       received database credentials of the first database

Unit                    Workload     Agent      Address      Ports  Message
pgbouncer-k8s/0         maintenance  executing  10.1.34.152         (upgrade-charm) 
pgbouncer-k8s/1*        active       idle       10.1.34.151         
pgbouncer-k8s/2         active       idle       10.1.34.150         
postgresql-k8s/0*       active       idle       10.1.34.143         Primary
postgresql-k8s/1        active       idle       10.1.34.145         
postgresql-k8s/2        active       idle       10.1.34.144         
postgresql-test-app/0*  active       idle       10.1.34.136         received database credentials of the first database

[32mINFO    [0m pytest_operator.plugin:plugin.py:909 Juju error logs:

unit-postgresql-k8s-1: 01:35:08 ERROR unit.postgresql-k8s/1.juju-log pgdata folder not found in /var/lib/postgresql/data/pgdata
unit-pgbouncer-k8s-2: 01:37:53 ERROR unit.pgbouncer-k8s/2.juju-log pgbouncer not running
unit-pgbouncer-k8s-2: 01:37:56 ERROR unit.pgbouncer-k8s/2.juju-log pgbouncer not running
unit-pgbouncer-k8s-2: 01:37:57 ERROR unit.pgbouncer-k8s/2.juju-log pgbouncer not running
unit-pgbouncer-k8s-2: 01:37:59 ERROR unit.pgbouncer-k8s/2.juju-log pgbouncer not running
unit-pgbouncer-k8s-1: 01:39:29 ERROR unit.pgbouncer-k8s/1.juju-log pgbouncer not running
unit-pgbouncer-k8s-1: 01:39:31 ERROR unit.pgbouncer-k8s/1.juju-log pgbouncer not running
unit-pgbouncer-k8s-1: 01:39:32 ERROR unit.pgbouncer-k8s/1.juju-log pgbouncer not running
unit-pgbouncer-k8s-0: 01:39:52 ERROR unit.pgbouncer-k8s/0.juju-log pgbouncer not running
unit-pgbouncer-k8s-0: 01:39:54 ERROR unit.pgbouncer-k8s/0.juju-log pgbouncer not running
unit-pgbouncer-k8s-0: 01:39:55 ERROR unit.pgbouncer-k8s/0.juju-log pgbouncer not running
unit-pgbouncer-k8s-0: 01:39:57 ERROR unit.pgbouncer-k8s/0.juju-log pgbouncer not running
unit-pgbouncer-k8s-2: 01:41:51 ERROR unit.pgbouncer-k8s/2.juju-log charms.data_platform_libs.v0.upgrade.VersionError - {'message': 'Versions incompatible, charm 1 can not be upgraded to 15.0', 'cause': 'Upgrades only supported for specific versions, charm versions satisfying requirement ^15', 'resolution': ''}
unit-pgbouncer-k8s-2: 01:41:54 ERROR unit.pgbouncer-k8s/2.juju-log pgbouncer not running
unit-pgbouncer-k8s-2: 01:41:56 ERROR unit.pgbouncer-k8s/2.juju-log pgbouncer not running
unit-pgbouncer-k8s-2: 01:41:58 ERROR unit.pgbouncer-k8s/2.juju-log pgbouncer not running
unit-pgbouncer-k8s-2: 01:42:00 ERROR unit.pgbouncer-k8s/2.juju-log pgbouncer not running
unit-pgbouncer-k8s-2: 01:42:26 ERROR unit.pgbouncer-k8s/2.juju-log pgbouncer not running
unit-pgbouncer-k8s-2: 01:42:27 ERROR unit.pgbouncer-k8s/2.juju-log pgbouncer not running
unit-pgbouncer-k8s-2: 01:42:29 ERROR unit.pgbouncer-k8s/2.juju-log pgbouncer not running
unit-pgbouncer-k8s-2: 01:42:30 ERROR unit.pgbouncer-k8s/2.juju-log pgbouncer not running
unit-pgbouncer-k8s-1: 01:43:57 ERROR unit.pgbouncer-k8s/1.juju-log pgbouncer not running
unit-pgbouncer-k8s-1: 01:43:59 ERROR unit.pgbouncer-k8s/1.juju-log pgbouncer not running
unit-pgbouncer-k8s-1: 01:44:00 ERROR unit.pgbouncer-k8s/1.juju-log pgbouncer not running
unit-pgbouncer-k8s-1: 01:44:04 ERROR unit.pgbouncer-k8s/1.juju-log pgb-peers:4: Uncaught exception while in charm code:
Traceback (most recent call last):
  File "/var/lib/juju/agents/unit-pgbouncer-k8s-1/charm/venv/lib/python3.10/site-packages/ops/model.py", line 3319, in _run
    result = subprocess.run(args, **kwargs)  # type: ignore
  File "/usr/lib/python3.10/subprocess.py", line 526, in run
    raise CalledProcessError(retcode, process.args,
subprocess.CalledProcessError: Command '('/var/lib/juju/tools/unit-pgbouncer-k8s-1/secret-get', '--label', 'backend-database.7.user.secret', '--format=json')' returned non-zero exit status 1.

The above exception was the direct cause of the following exception:

Traceback (most recent call last):
  File "/var/lib/juju/agents/unit-pgbouncer-k8s-1/charm/src/charm.py", line 1072, in <module>
    main(PgBouncerK8sCharm)
  File "/var/lib/juju/agents/unit-pgbouncer-k8s-1/charm/venv/lib/python3.10/site-packages/ops/__init__.py", line 343, in __call__
    return _main.main(charm_class=charm_class, use_juju_for_storage=use_juju_for_storage)
  File "/var/lib/juju/agents/unit-pgbouncer-k8s-1/charm/venv/lib/python3.10/site-packages/ops/_main.py", line 543, in main
    manager.run()
  File "/var/lib/juju/agents/unit-pgbouncer-k8s-1/charm/venv/lib/python3.10/site-packages/ops/_main.py", line 529, in run
    self._emit()
  File "/var/lib/juju/agents/unit-pgbouncer-k8s-1/charm/venv/lib/python3.10/site-packages/ops/_main.py", line 515, in _emit
    self.framework.reemit()
  File "/var/lib/juju/agents/unit-pgbouncer-k8s-1/charm/venv/lib/python3.10/site-packages/ops/framework.py", line 867, in reemit
    self._reemit()
  File "/var/lib/juju/agents/unit-pgbouncer-k8s-1/charm/venv/lib/python3.10/site-packages/ops/framework.py", line 947, in _reemit
    custom_handler(event)
  File "/var/lib/juju/agents/unit-pgbouncer-k8s-1/charm/lib/charms/tempo_coordinator_k8s/v0/charm_tracing.py", line 1064, in wrapped_function
    return callable(*args, **kwargs)  # type: ignore
  File "/var/lib/juju/agents/unit-pgbouncer-k8s-1/charm/src/charm.py", line 440, in _on_config_changed
    self.render_pgb_config()
  File "/var/lib/juju/agents/unit-pgbouncer-k8s-1/charm/lib/charms/tempo_coordinator_k8s/v0/charm_tracing.py", line 1064, in wrapped_function
    return callable(*args, **kwargs)  # type: ignore
  File "/var/lib/juju/agents/unit-pgbouncer-k8s-1/charm/src/charm.py", line 973, in render_pgb_config
    databases = self._get_relation_config()
  File "/var/lib/juju/agents/unit-pgbouncer-k8s-1/charm/lib/charms/tempo_coordinator_k8s/v0/charm_tracing.py", line 1064, in wrapped_function
    return callable(*args, **kwargs)  # type: ignore
  File "/var/lib/juju/agents/unit-pgbouncer-k8s-1/charm/src/charm.py", line 918, in _get_relation_config
    "auth_user": self.backend.auth_user,
  File "/var/lib/juju/agents/unit-pgbouncer-k8s-1/charm/src/relations/backend_database.py", line 157, in auth_user
    username = self.database.fetch_relation_field(self.relation.id, "username")
  File "/var/lib/juju/agents/unit-pgbouncer-k8s-1/charm/lib/charms/data_platform_libs/v0/data_interfaces.py", line 1354, in fetch_relation_field
    self.fetch_relation_data([relation_id], [field], relation_name)
  File "/var/lib/juju/agents/unit-pgbouncer-k8s-1/charm/lib/charms/data_platform_libs/v0/data_interfaces.py", line 1346, in fetch_relation_data
    data[relation.id] = self._fetch_specific_relation_data(relation, fields)
  File "/var/lib/juju/agents/unit-pgbouncer-k8s-1/charm/lib/charms/data_platform_libs/v0/data_interfaces.py", line 1833, in _fetch_specific_relation_data
    return self._fetch_relation_data_with_secrets(
  File "/var/lib/juju/agents/unit-pgbouncer-k8s-1/charm/lib/charms/data_platform_libs/v0/data_interfaces.py", line 1246, in _fetch_relation_data_with_secrets
    result, normal_fields = self._process_secret_fields(
  File "/var/lib/juju/agents/unit-pgbouncer-k8s-1/charm/lib/charms/data_platform_libs/v0/data_interfaces.py", line 1190, in _process_secret_fields
    if group_result := operation(relation, group, secret_fields, *args, **kwargs):
  File "/var/lib/juju/agents/unit-pgbouncer-k8s-1/charm/lib/charms/data_platform_libs/v0/data_interfaces.py", line 1123, in _get_group_secret_contents
    if (secret := self._get_relation_secret(relation.id, group)) and (
  File "/var/lib/juju/agents/unit-pgbouncer-k8s-1/charm/lib/charms/data_platform_libs/v0/data_interfaces.py", line 508, in wrapper
    return f(self, *args, **kwargs)
  File "/var/lib/juju/agents/unit-pgbouncer-k8s-1/charm/lib/charms/data_platform_libs/v0/data_interfaces.py", line 1825, in _get_relation_secret
    return self.secrets.get(label)
  File "/var/lib/juju/agents/unit-pgbouncer-k8s-1/charm/lib/charms/data_platform_libs/v0/data_interfaces.py", line 812, in get
    if secret.meta:
  File "/var/lib/juju/agents/unit-pgbouncer-k8s-1/charm/lib/charms/data_platform_libs/v0/data_interfaces.py", line 642, in meta
    self._secret_meta = self._model.get_secret(label=self.label)
  File "/var/lib/juju/agents/unit-pgbouncer-k8s-1/charm/venv/lib/python3.10/site-packages/ops/model.py", line 307, in get_secret
    content = self._backend.secret_get(id=id, label=label)
  File "/var/lib/juju/agents/unit-pgbouncer-k8s-1/charm/venv/lib/python3.10/site-packages/ops/model.py", line 3691, in secret_get
    result = self._run('secret-get', *args, return_output=True, use_json=True)
  File "/var/lib/juju/agents/unit-pgbouncer-k8s-1/charm/venv/lib/python3.10/site-packages/ops/model.py", line 3321, in _run
    raise ModelError(e.stderr) from e
ops.model.ModelError: ERROR unable to determine legacy status for namespace "test": rpc error: code = Unavailable desc = error reading from server: read unix @->/var/snap/microk8s/7549/var/kubernetes/backend/kine.sock:12379: read: connection reset by peer

unit-pgbouncer-k8s-2: 01:44:04 ERROR unit.pgbouncer-k8s/2.juju-log upgrade:5: Uncaught exception while in charm code:
Traceback (most recent call last):
  File "/var/lib/juju/agents/unit-pgbouncer-k8s-2/charm/venv/lib/python3.10/site-packages/ops/model.py", line 3319, in _run
    result = subprocess.run(args, **kwargs)  # type: ignore
  File "/usr/lib/python3.10/subprocess.py", line 526, in run
    raise CalledProcessError(retcode, process.args,
subprocess.CalledProcessError: Command '('/var/lib/juju/tools/unit-pgbouncer-k8s-2/secret-get', '--label', 'backend-database.7.user.secret', '--format=json')' returned non-zero exit status 1.

The above exception was the direct cause of the following exception:

Traceback (most recent call last):
  File "/var/lib/juju/agents/unit-pgbouncer-k8s-2/charm/src/charm.py", line 1072, in <module>
    main(PgBouncerK8sCharm)
  File "/var/lib/juju/agents/unit-pgbouncer-k8s-2/charm/venv/lib/python3.10/site-packages/ops/__init__.py", line 343, in __call__
    return _main.main(charm_class=charm_class, use_juju_for_storage=use_juju_for_storage)
  File "/var/lib/juju/agents/unit-pgbouncer-k8s-2/charm/venv/lib/python3.10/site-packages/ops/_main.py", line 543, in main
    manager.run()
  File "/var/lib/juju/agents/unit-pgbouncer-k8s-2/charm/venv/lib/python3.10/site-packages/ops/_main.py", line 529, in run
    self._emit()
  File "/var/lib/juju/agents/unit-pgbouncer-k8s-2/charm/venv/lib/python3.10/site-packages/ops/_main.py", line 518, in _emit
    _emit_charm_event(self.charm, self.dispatcher.event_name, self._juju_context)
  File "/var/lib/juju/agents/unit-pgbouncer-k8s-2/charm/venv/lib/python3.10/site-packages/ops/_main.py", line 134, in _emit_charm_event
    event_to_emit.emit(*args, **kwargs)
  File "/var/lib/juju/agents/unit-pgbouncer-k8s-2/charm/venv/lib/python3.10/site-packages/ops/framework.py", line 347, in emit
    framework._emit(event)
  File "/var/lib/juju/agents/unit-pgbouncer-k8s-2/charm/venv/lib/python3.10/site-packages/ops/framework.py", line 857, in _emit
    self._reemit(event_path)
  File "/var/lib/juju/agents/unit-pgbouncer-k8s-2/charm/venv/lib/python3.10/site-packages/ops/framework.py", line 947, in _reemit
    custom_handler(event)
  File "/var/lib/juju/agents/unit-pgbouncer-k8s-2/charm/lib/charms/tempo_coordinator_k8s/v0/charm_tracing.py", line 1064, in wrapped_function
    return callable(*args, **kwargs)  # type: ignore
  File "/var/lib/juju/agents/unit-pgbouncer-k8s-2/charm/src/upgrade.py", line 114, in _on_upgrade_changed
    if not self.peer_relation or not self.charm.check_pgb_running():
  File "/var/lib/juju/agents/unit-pgbouncer-k8s-2/charm/lib/charms/tempo_coordinator_k8s/v0/charm_tracing.py", line 1064, in wrapped_function
    return callable(*args, **kwargs)  # type: ignore
  File "/var/lib/juju/agents/unit-pgbouncer-k8s-2/charm/src/charm.py", line 660, in check_pgb_running
    if self.backend.ready:
  File "/var/lib/juju/agents/unit-pgbouncer-k8s-2/charm/src/relations/backend_database.py", line 200, in ready
    if not self.postgres:
  File "/var/lib/juju/agents/unit-pgbouncer-k8s-2/charm/src/relations/backend_database.py", line 136, in postgres
    user = self.database.fetch_relation_field(self.relation.id, "username")
  File "/var/lib/juju/agents/unit-pgbouncer-k8s-2/charm/lib/charms/data_platform_libs/v0/data_interfaces.py", line 1354, in fetch_relation_field
    self.fetch_relation_data([relation_id], [field], relation_name)
  File "/var/lib/juju/agents/unit-pgbouncer-k8s-2/charm/lib/charms/data_platform_libs/v0/data_interfaces.py", line 1346, in fetch_relation_data
    data[relation.id] = self._fetch_specific_relation_data(relation, fields)
  File "/var/lib/juju/agents/unit-pgbouncer-k8s-2/charm/lib/charms/data_platform_libs/v0/data_interfaces.py", line 1833, in _fetch_specific_relation_data
    return self._fetch_relation_data_with_secrets(
  File "/var/lib/juju/agents/unit-pgbouncer-k8s-2/charm/lib/charms/data_platform_libs/v0/data_interfaces.py", line 1246, in _fetch_relation_data_with_secrets
    result, normal_fields = self._process_secret_fields(
  File "/var/lib/juju/agents/unit-pgbouncer-k8s-2/charm/lib/charms/data_platform_libs/v0/data_interfaces.py", line 1190, in _process_secret_fields
    if group_result := operation(relation, group, secret_fields, *args, **kwargs):
  File "/var/lib/juju/agents/unit-pgbouncer-k8s-2/charm/lib/charms/data_platform_libs/v0/data_interfaces.py", line 1123, in _get_group_secret_contents
    if (secret := self._get_relation_secret(relation.id, group)) and (
  File "/var/lib/juju/agents/unit-pgbouncer-k8s-2/charm/lib/charms/data_platform_libs/v0/data_interfaces.py", line 508, in wrapper
    return f(self, *args, **kwargs)
  File "/var/lib/juju/agents/unit-pgbouncer-k8s-2/charm/lib/charms/data_platform_libs/v0/data_interfaces.py", line 1825, in _get_relation_secret
    return self.secrets.get(label)
  File "/var/lib/juju/agents/unit-pgbouncer-k8s-2/charm/lib/charms/data_platform_libs/v0/data_interfaces.py", line 812, in get
    if secret.meta:
  File "/var/lib/juju/agents/unit-pgbouncer-k8s-2/charm/lib/charms/data_platform_libs/v0/data_interfaces.py", line 642, in meta
    self._secret_meta = self._model.get_secret(label=self.label)
  File "/var/lib/juju/agents/unit-pgbouncer-k8s-2/charm/venv/lib/python3.10/site-packages/ops/model.py", line 307, in get_secret
    content = self._backend.secret_get(id=id, label=label)
  File "/var/lib/juju/agents/unit-pgbouncer-k8s-2/charm/venv/lib/python3.10/site-packages/ops/model.py", line 3691, in secret_get
    result = self._run('secret-get', *args, return_output=True, use_json=True)
  File "/var/lib/juju/agents/unit-pgbouncer-k8s-2/charm/venv/lib/python3.10/site-packages/ops/model.py", line 3321, in _run
    raise ModelError(e.stderr) from e
ops.model.ModelError: ERROR getting namespace "test": rpc error: code = Unavailable desc = error reading from server: read unix @->/var/snap/microk8s/7549/var/kubernetes/backend/kine.sock:12379: read: connection reset by peer

unit-pgbouncer-k8s-1: 01:44:04 ERROR juju.worker.uniter.operation hook "pgb-peers-relation-changed" (via hook dispatching script: dispatch) failed: exit status 1
unit-pgbouncer-k8s-2: 01:44:04 ERROR juju.worker.uniter.operation hook "upgrade-relation-changed" (via hook dispatching script: dispatch) failed: exit status 1

[32mINFO    [0m pytest_operator.plugin:plugin.py:991 Forgetting model main...