[32mINFO    [0m httpx:_client.py:1773 HTTP Request: DELETE https://10.1.0.25:16443/api/v1/namespaces/test/pods/pgbouncer-k8s-0 "HTTP/1.1 200 OK"
[32mINFO    [0m juju.model:model.py:2957 Waiting for model:
  postgresql-test-app/0 [idle] active: received database credentials of the second database
  postgresql-k8s/0 [idle] active: 
  postgresql-k8s/1 [idle] active: Primary
  pgbouncer-k8s/0 [executing] maintenance: stopping charm software
  pgbouncer-k8s/1 [idle] active: 
  secondary-application/0 [idle] active: received database credentials of the second database
  finos-waltz-k8s/0 [idle] active: 
  pgbouncer-k8s-secondary/0 [idle] active: 
  data-integrator/0 [idle] active: 
  indico/0 [idle] active: 
  redis-broker/0 [idle] active: 
  redis-cache/0 [idle] active: 
[32mINFO    [0m juju.model:model.py:2957 Waiting for model:
  pgbouncer-k8s/0 [idle] active: 
  pgbouncer-k8s/1 [idle] active: 
[32mINFO    [0m httpx:_client.py:1773 HTTP Request: GET https://10.1.0.25:16443/api/v1/namespaces/test/pods/pgbouncer-k8s-0 "HTTP/1.1 200 OK"
[32mINFO    [0m pytest_operator.plugin:plugin.py:834 Model status:

Model  Controller          Cloud/Region        Version  SLA          Timestamp
test   microk8s-localhost  microk8s/localhost  3.1.7    unsupported  01:51:14Z

App                      Version               Status  Scale  Charm                Channel  Rev  Address         Exposed  Message
data-integrator                                active      1  data-integrator      edge      21  10.152.183.155  no       
finos-waltz-k8s                                active      1  finos-waltz-k8s      edge      33  10.152.183.196  no       
indico                   3.2.8                 active      1  indico               stable   175  10.152.183.87   no       
pgbouncer-k8s            1.21.0                active      2  pgbouncer-k8s                   0  10.152.183.168  no       
pgbouncer-k8s-secondary  1.21.0                active      1  pgbouncer-k8s                   1  10.152.183.118  no       
postgresql-k8s           14.11                 active      2  postgresql-k8s       14/edge  223  10.152.183.230  no       
postgresql-test-app                            active      1  postgresql-test-app  edge      79  10.152.183.167  no       received database credentials of the second database
redis-broker             ubuntu/redis@691f315  active      1  redis-k8s            stable     7                  no       
redis-cache              ubuntu/redis@691f315  active      1  redis-k8s            stable     7                  no       
secondary-application                          active      1  postgresql-test-app  edge      79  10.152.183.48   no       received database credentials of the second database

Unit                        Workload  Agent  Address       Ports     Message
data-integrator/0*          active    idle   10.1.149.148            
finos-waltz-k8s/0*          active    idle   10.1.149.145            
indico/0*                   active    idle   10.1.149.152            
pgbouncer-k8s-secondary/0*  active    idle   10.1.149.146            
pgbouncer-k8s/0*            active    idle   10.1.149.156            
pgbouncer-k8s/1             active    idle   10.1.149.147            
postgresql-k8s/0            active    idle   10.1.149.141            
postgresql-k8s/1*           active    idle   10.1.149.142            Primary
postgresql-test-app/0*      active    idle   10.1.149.136            received database credentials of the second database
redis-broker/0*             active    idle   10.1.149.153  6379/TCP  
redis-cache/0*              active    idle   10.1.149.155  6379/TCP  
secondary-application/0*    active    idle   10.1.149.144            received database credentials of the second database

[32mINFO    [0m pytest_operator.plugin:plugin.py:840 Juju error logs:

unit-postgresql-test-app-0: 01:33:08 ERROR unit.postgresql-test-app/0.juju-log Uncaught exception while in charm code:
Traceback (most recent call last):
  File "/var/lib/juju/agents/unit-postgresql-test-app-0/charm/./src/charm.py", line 504, in <module>
    main(ApplicationCharm)
  File "/var/lib/juju/agents/unit-postgresql-test-app-0/charm/venv/ops/main.py", line 456, in main
    _emit_charm_event(charm, dispatcher.event_name)
  File "/var/lib/juju/agents/unit-postgresql-test-app-0/charm/venv/ops/main.py", line 144, in _emit_charm_event
    event_to_emit.emit(*args, **kwargs)
  File "/var/lib/juju/agents/unit-postgresql-test-app-0/charm/venv/ops/framework.py", line 352, in emit
    framework._emit(event)
  File "/var/lib/juju/agents/unit-postgresql-test-app-0/charm/venv/ops/framework.py", line 865, in _emit
    self._reemit(event_path)
  File "/var/lib/juju/agents/unit-postgresql-test-app-0/charm/venv/ops/framework.py", line 955, in _reemit
    custom_handler(event)
  File "/var/lib/juju/agents/unit-postgresql-test-app-0/charm/./src/charm.py", line 432, in _on_run_sql_action
    cursor.execute(query)
psycopg2.errors.ReadOnlySqlTransaction: cannot execute DROP TABLE in a read-only transaction

application-redis-cache: 01:48:23 ERROR unit.redis-cache/0.juju-log redis:19: Uncaught exception while in charm code:
Traceback (most recent call last):
  File "./src/charm.py", line 159, in <module>
    main(RedisCharm)
  File "/var/lib/juju/agents/unit-redis-cache-0/charm/venv/ops/main.py", line 402, in main
    _emit_charm_event(charm, dispatcher.event_name)
  File "/var/lib/juju/agents/unit-redis-cache-0/charm/venv/ops/main.py", line 140, in _emit_charm_event
    event_to_emit.emit(*args, **kwargs)
  File "/var/lib/juju/agents/unit-redis-cache-0/charm/venv/ops/framework.py", line 278, in emit
    framework._emit(event)
  File "/var/lib/juju/agents/unit-redis-cache-0/charm/venv/ops/framework.py", line 722, in _emit
    self._reemit(event_path)
  File "/var/lib/juju/agents/unit-redis-cache-0/charm/venv/ops/framework.py", line 767, in _reemit
    custom_handler(event)
  File "/var/lib/juju/agents/unit-redis-cache-0/charm/lib/charms/redis_k8s/v0/redis.py", line 91, in _on_relation_changed
    event.relation.data[self.model.unit]['hostname'] = str(self._bind_address(event))
  File "/var/lib/juju/agents/unit-redis-cache-0/charm/lib/charms/redis_k8s/v0/redis.py", line 103, in _bind_address
    return self.app.name
AttributeError: 'RedisProvides' object has no attribute 'app'
application-redis-cache: 01:48:23 ERROR juju.worker.caasoperator.uniter.redis-cache/0.operation hook "redis-relation-changed" (via hook dispatching script: dispatch) failed: exit status 1
unit-pgbouncer-k8s-0: 01:50:41 ERROR unit.pgbouncer-k8s/0.juju-log Cluster upgrade failed, ensure pre-upgrade checks are ran first.

[32mINFO    [0m pytest_operator.plugin:plugin.py:904 Forgetting main...